#
# There is insufficient memory for the Java Runtime Environment to continue.
# Native memory allocation (malloc) failed to allocate 75696 bytes for Chunk::new
# Possible reasons:
#   The system is out of physical RAM or swap space
#   The process is running with CompressedOops enabled, and the Java Heap may be blocking the growth of the native heap
# Possible solutions:
#   Reduce memory load on the system
#   Increase physical memory or swap space
#   Check if swap backing store is full
#   Decrease Java heap size (-Xmx/-Xms)
#   Decrease number of Java threads
#   Decrease Java thread stack sizes (-Xss)
#   Set larger code cache with -XX:ReservedCodeCacheSize=
#   JVM is running with Unscaled Compressed Oops mode in which the Java heap is
#     placed in the first 4GB address space. The Java Heap base address is the
#     maximum limit for the native heap growth. Please use -XX:HeapBaseMinAddress
#     to set the Java Heap base and to place the Java Heap above 4GB virtual address.
# This output file may be truncated or incomplete.
#
#  Out of Memory Error (./src/hotspot/share/memory/arena.cpp:197), pid=14652, tid=7560
#
# JRE version: OpenJDK Runtime Environment Temurin-11.0.12+7 (11.0.12+7) (build 11.0.12+7)
# Java VM: OpenJDK 64-Bit Server VM Temurin-11.0.12+7 (11.0.12+7, mixed mode, tiered, compressed oops, g1 gc, windows-amd64)
# No core dump will be written. Minidumps are not enabled by default on client versions of Windows
#

---------------  S U M M A R Y ------------

Command Line: -Dorg.gradle.internal.worker.tmpdir=C:\PageObjects\build\tmp\test\work -Dorg.gradle.native=false -Dselenide.headless --add-opens=java.base/java.util=ALL-UNNAMED --add-opens=java.base/java.lang=ALL-UNNAMED -Xmx512m -Dfile.encoding=windows-1251 -Duser.country=RU -Duser.language=ru -Duser.variant -ea worker.org.gradle.process.internal.worker.GradleWorkerMain 'Gradle Test Executor 1'

Host: Intel(R) Celeron(R) CPU J3455 @ 1.50GHz, 4 cores, 3G,  Windows 10 , 64 bit Build 19041 (10.0.19041.1348)
Time: Thu Jan  6 15:16:59 2022 RTZ 2 (чшьр) elapsed time: 6.844691 seconds (0d 0h 0m 6s)

---------------  T H R E A D  ---------------

Current thread (0x00000221dc0a7000):  JavaThread "C2 CompilerThread0" daemon [_thread_in_native, id=7560, stack(0x000000d4b3a00000,0x000000d4b3b00000)]


Current CompileTask:
C2:   6844 1469  s!   4       jdk.internal.loader.URLClassPath::getLoader (194 bytes)

Stack: [0x000000d4b3a00000,0x000000d4b3b00000]
Native frames: (J=compiled Java code, j=interpreted, Vv=VM code, C=native code)
V  [jvm.dll+0x601d0a]
V  [jvm.dll+0x78ab6e]
V  [jvm.dll+0x78c23f]
V  [jvm.dll+0x78c903]
V  [jvm.dll+0x24be68]
V  [jvm.dll+0xc219c]
V  [jvm.dll+0xc275c]
V  [jvm.dll+0x11b631]
V  [jvm.dll+0x11abfe]
V  [jvm.dll+0x60725b]
V  [jvm.dll+0x205872]
V  [jvm.dll+0x2046fd]
V  [jvm.dll+0x1898fc]
V  [jvm.dll+0x213d67]
V  [jvm.dll+0x211f2b]
V  [jvm.dll+0x74ec19]
V  [jvm.dll+0x747c84]
V  [jvm.dll+0x600ba6]
C  [ucrtbase.dll+0x21bb2]
C  [KERNEL32.DLL+0x17034]
C  [ntdll.dll+0x52651]


---------------  P R O C E S S  ---------------

Threads class SMR info:
_java_thread_list=0x00000221dcd3b2c0, length=13, elements={
0x00000221bea05000, 0x00000221dc038800, 0x00000221dc042000, 0x00000221dc094000,
0x00000221dc095000, 0x00000221dc096800, 0x00000221dc0a7000, 0x00000221dc0b0800,
0x00000221dc222800, 0x00000221dc368800, 0x00000221dcc93000, 0x00000221dcd7f000,
0x00000221dcbc9800
}

Java Threads: ( => current thread )
  0x00000221bea05000 JavaThread "main" [_thread_blocked, id=13296, stack(0x000000d4b2e00000,0x000000d4b2f00000)]
  0x00000221dc038800 JavaThread "Reference Handler" daemon [_thread_blocked, id=14896, stack(0x000000d4b3500000,0x000000d4b3600000)]
  0x00000221dc042000 JavaThread "Finalizer" daemon [_thread_blocked, id=11284, stack(0x000000d4b3600000,0x000000d4b3700000)]
  0x00000221dc094000 JavaThread "Signal Dispatcher" daemon [_thread_blocked, id=12092, stack(0x000000d4b3700000,0x000000d4b3800000)]
  0x00000221dc095000 JavaThread "Attach Listener" daemon [_thread_blocked, id=14344, stack(0x000000d4b3800000,0x000000d4b3900000)]
  0x00000221dc096800 JavaThread "Service Thread" daemon [_thread_blocked, id=556, stack(0x000000d4b3900000,0x000000d4b3a00000)]
=>0x00000221dc0a7000 JavaThread "C2 CompilerThread0" daemon [_thread_in_native, id=7560, stack(0x000000d4b3a00000,0x000000d4b3b00000)]
  0x00000221dc0b0800 JavaThread "C1 CompilerThread0" daemon [_thread_blocked, id=6136, stack(0x000000d4b3b00000,0x000000d4b3c00000)]
  0x00000221dc222800 JavaThread "Sweeper thread" daemon [_thread_blocked, id=776, stack(0x000000d4b3c00000,0x000000d4b3d00000)]
  0x00000221dc368800 JavaThread "Common-Cleaner" daemon [_thread_blocked, id=13740, stack(0x000000d4b3d00000,0x000000d4b3e00000)]
  0x00000221dcc93000 JavaThread "Test worker" [_thread_in_vm, id=6540, stack(0x000000d4b4100000,0x000000d4b4200000)]
  0x00000221dcd7f000 JavaThread "/127.0.0.1:65359 to /127.0.0.1:65356 workers Thread 2" [_thread_blocked, id=6084, stack(0x000000d4b4400000,0x000000d4b4500000)]
  0x00000221dcbc9800 JavaThread "/127.0.0.1:65359 to /127.0.0.1:65356 workers Thread 3" [_thread_in_native, id=10620, stack(0x000000d4b4500000,0x000000d4b4600000)]

Other Threads:
  0x00000221dc011000 VMThread "VM Thread" [stack: 0x000000d4b3400000,0x000000d4b3500000] [id=12300]
  0x00000221dc36a000 WatcherThread [stack: 0x000000d4b3e00000,0x000000d4b3f00000] [id=14140]
  0x00000221bea20800 GCTaskThread "GC Thread#0" [stack: 0x000000d4b2f00000,0x000000d4b3000000] [id=7176]
  0x00000221dcbe5800 GCTaskThread "GC Thread#1" [stack: 0x000000d4b3f00000,0x000000d4b4000000] [id=12336]
  0x00000221dcd55800 GCTaskThread "GC Thread#2" [stack: 0x000000d4b4200000,0x000000d4b4300000] [id=10008]
  0x00000221dcd56000 GCTaskThread "GC Thread#3" [stack: 0x000000d4b4300000,0x000000d4b4400000] [id=5756]
  0x00000221bea31000 ConcurrentGCThread "G1 Main Marker" [stack: 0x000000d4b3000000,0x000000d4b3100000] [id=5928]
  0x00000221bea33800 ConcurrentGCThread "G1 Conc#0" [stack: 0x000000d4b3100000,0x000000d4b3200000] [id=11548]
  0x00000221bea8a000 ConcurrentGCThread "G1 Refine#0" [stack: 0x000000d4b3200000,0x000000d4b3300000] [id=13928]
  0x00000221bea8b000 ConcurrentGCThread "G1 Young RemSet Sampling" [stack: 0x000000d4b3300000,0x000000d4b3400000] [id=12972]

Threads with active compile tasks:
C2 CompilerThread0   6934 1469  s!   4       jdk.internal.loader.URLClassPath::getLoader (194 bytes)

VM state:not at safepoint (normal execution)

VM Mutex/Monitor currently owned by a thread: None

Heap address: 0x00000000e0000000, size: 512 MB, Compressed Oops mode: 32-bit
Narrow klass base: 0x0000000000000000, Narrow klass shift: 3
Compressed class space size: 1073741824 Address: 0x0000000100000000

Heap:
 garbage-first heap   total 63488K, used 10596K [0x00000000e0000000, 0x0000000100000000)
  region size 1024K, 6 young (6144K), 2 survivors (2048K)
 Metaspace       used 16582K, capacity 17260K, committed 17536K, reserved 1064960K
  class space    used 1908K, capacity 2152K, committed 2176K, reserved 1048576K
Heap Regions: E=young(eden), S=young(survivor), O=old, HS=humongous(starts), HC=humongous(continues), CS=collection set, F=free, A=archive, TAMS=top-at-mark-start (previous, next)
|   0|0x00000000e0000000, 0x00000000e0100000, 0x00000000e0100000|100%| O|  |TAMS 0x00000000e0000000, 0x00000000e0000000| Untracked 
|   1|0x00000000e0100000, 0x00000000e0200000, 0x00000000e0200000|100%| O|  |TAMS 0x00000000e0100000, 0x00000000e0100000| Untracked 
|   2|0x00000000e0200000, 0x00000000e0300000, 0x00000000e0300000|100%| O|  |TAMS 0x00000000e0200000, 0x00000000e0200000| Untracked 
|   3|0x00000000e0300000, 0x00000000e0400000, 0x00000000e0400000|100%| O|  |TAMS 0x00000000e0300000, 0x00000000e0300000| Untracked 
|   4|0x00000000e0400000, 0x00000000e0500000, 0x00000000e0500000|100%| O|  |TAMS 0x00000000e0400000, 0x00000000e0400000| Untracked 
|   5|0x00000000e0500000, 0x00000000e0574400, 0x00000000e0600000| 45%| O|  |TAMS 0x00000000e0500000, 0x00000000e0500000| Untracked 
|   6|0x00000000e0600000, 0x00000000e0600000, 0x00000000e0700000|  0%| F|  |TAMS 0x00000000e0600000, 0x00000000e0600000| Untracked 
|   7|0x00000000e0700000, 0x00000000e0700000, 0x00000000e0800000|  0%| F|  |TAMS 0x00000000e0700000, 0x00000000e0700000| Untracked 
|   8|0x00000000e0800000, 0x00000000e0800000, 0x00000000e0900000|  0%| F|  |TAMS 0x00000000e0800000, 0x00000000e0800000| Untracked 
|   9|0x00000000e0900000, 0x00000000e0900000, 0x00000000e0a00000|  0%| F|  |TAMS 0x00000000e0900000, 0x00000000e0900000| Untracked 
|  10|0x00000000e0a00000, 0x00000000e0a00000, 0x00000000e0b00000|  0%| F|  |TAMS 0x00000000e0a00000, 0x00000000e0a00000| Untracked 
|  11|0x00000000e0b00000, 0x00000000e0b00000, 0x00000000e0c00000|  0%| F|  |TAMS 0x00000000e0b00000, 0x00000000e0b00000| Untracked 
|  12|0x00000000e0c00000, 0x00000000e0c00000, 0x00000000e0d00000|  0%| F|  |TAMS 0x00000000e0c00000, 0x00000000e0c00000| Untracked 
|  13|0x00000000e0d00000, 0x00000000e0d00000, 0x00000000e0e00000|  0%| F|  |TAMS 0x00000000e0d00000, 0x00000000e0d00000| Untracked 
|  14|0x00000000e0e00000, 0x00000000e0e00000, 0x00000000e0f00000|  0%| F|  |TAMS 0x00000000e0e00000, 0x00000000e0e00000| Untracked 
|  15|0x00000000e0f00000, 0x00000000e0f00000, 0x00000000e1000000|  0%| F|  |TAMS 0x00000000e0f00000, 0x00000000e0f00000| Untracked 
|  16|0x00000000e1000000, 0x00000000e1000000, 0x00000000e1100000|  0%| F|  |TAMS 0x00000000e1000000, 0x00000000e1000000| Untracked 
|  17|0x00000000e1100000, 0x00000000e1100000, 0x00000000e1200000|  0%| F|  |TAMS 0x00000000e1100000, 0x00000000e1100000| Untracked 
|  18|0x00000000e1200000, 0x00000000e1200000, 0x00000000e1300000|  0%| F|  |TAMS 0x00000000e1200000, 0x00000000e1200000| Untracked 
|  19|0x00000000e1300000, 0x00000000e1300000, 0x00000000e1400000|  0%| F|  |TAMS 0x00000000e1300000, 0x00000000e1300000| Untracked 
|  20|0x00000000e1400000, 0x00000000e1400000, 0x00000000e1500000|  0%| F|  |TAMS 0x00000000e1400000, 0x00000000e1400000| Untracked 
|  21|0x00000000e1500000, 0x00000000e1500000, 0x00000000e1600000|  0%| F|  |TAMS 0x00000000e1500000, 0x00000000e1500000| Untracked 
|  22|0x00000000e1600000, 0x00000000e1600000, 0x00000000e1700000|  0%| F|  |TAMS 0x00000000e1600000, 0x00000000e1600000| Untracked 
|  23|0x00000000e1700000, 0x00000000e1700000, 0x00000000e1800000|  0%| F|  |TAMS 0x00000000e1700000, 0x00000000e1700000| Untracked 
|  24|0x00000000e1800000, 0x00000000e1800000, 0x00000000e1900000|  0%| F|  |TAMS 0x00000000e1800000, 0x00000000e1800000| Untracked 
|  25|0x00000000e1900000, 0x00000000e1900000, 0x00000000e1a00000|  0%| F|  |TAMS 0x00000000e1900000, 0x00000000e1900000| Untracked 
|  26|0x00000000e1a00000, 0x00000000e1a00000, 0x00000000e1b00000|  0%| F|  |TAMS 0x00000000e1a00000, 0x00000000e1a00000| Untracked 
|  27|0x00000000e1b00000, 0x00000000e1b00000, 0x00000000e1c00000|  0%| F|  |TAMS 0x00000000e1b00000, 0x00000000e1b00000| Untracked 
|  28|0x00000000e1c00000, 0x00000000e1c00000, 0x00000000e1d00000|  0%| F|  |TAMS 0x00000000e1c00000, 0x00000000e1c00000| Untracked 
|  29|0x00000000e1d00000, 0x00000000e1d00000, 0x00000000e1e00000|  0%| F|  |TAMS 0x00000000e1d00000, 0x00000000e1d00000| Untracked 
|  30|0x00000000e1e00000, 0x00000000e1e00000, 0x00000000e1f00000|  0%| F|  |TAMS 0x00000000e1e00000, 0x00000000e1e00000| Untracked 
|  31|0x00000000e1f00000, 0x00000000e1f00000, 0x00000000e2000000|  0%| F|  |TAMS 0x00000000e1f00000, 0x00000000e1f00000| Untracked 
|  32|0x00000000e2000000, 0x00000000e2000000, 0x00000000e2100000|  0%| F|  |TAMS 0x00000000e2000000, 0x00000000e2000000| Untracked 
|  33|0x00000000e2100000, 0x00000000e2100000, 0x00000000e2200000|  0%| F|  |TAMS 0x00000000e2100000, 0x00000000e2100000| Untracked 
|  34|0x00000000e2200000, 0x00000000e2200000, 0x00000000e2300000|  0%| F|  |TAMS 0x00000000e2200000, 0x00000000e2200000| Untracked 
|  35|0x00000000e2300000, 0x00000000e2300000, 0x00000000e2400000|  0%| F|  |TAMS 0x00000000e2300000, 0x00000000e2300000| Untracked 
|  36|0x00000000e2400000, 0x00000000e2400000, 0x00000000e2500000|  0%| F|  |TAMS 0x00000000e2400000, 0x00000000e2400000| Untracked 
|  37|0x00000000e2500000, 0x00000000e2500000, 0x00000000e2600000|  0%| F|  |TAMS 0x00000000e2500000, 0x00000000e2500000| Untracked 
|  38|0x00000000e2600000, 0x00000000e2600000, 0x00000000e2700000|  0%| F|  |TAMS 0x00000000e2600000, 0x00000000e2600000| Untracked 
|  39|0x00000000e2700000, 0x00000000e2700000, 0x00000000e2800000|  0%| F|  |TAMS 0x00000000e2700000, 0x00000000e2700000| Untracked 
|  40|0x00000000e2800000, 0x00000000e2800000, 0x00000000e2900000|  0%| F|  |TAMS 0x00000000e2800000, 0x00000000e2800000| Untracked 
|  41|0x00000000e2900000, 0x00000000e29e4f70, 0x00000000e2a00000| 89%| S|CS|TAMS 0x00000000e2900000, 0x00000000e2900000| Complete 
|  42|0x00000000e2a00000, 0x00000000e2b00000, 0x00000000e2b00000|100%| S|CS|TAMS 0x00000000e2a00000, 0x00000000e2a00000| Complete 
|  43|0x00000000e2b00000, 0x00000000e2b00000, 0x00000000e2c00000|  0%| F|  |TAMS 0x00000000e2b00000, 0x00000000e2b00000| Untracked 
|  44|0x00000000e2c00000, 0x00000000e2c00000, 0x00000000e2d00000|  0%| F|  |TAMS 0x00000000e2c00000, 0x00000000e2c00000| Untracked 
|  45|0x00000000e2d00000, 0x00000000e2d00000, 0x00000000e2e00000|  0%| F|  |TAMS 0x00000000e2d00000, 0x00000000e2d00000| Untracked 
|  46|0x00000000e2e00000, 0x00000000e2e00000, 0x00000000e2f00000|  0%| F|  |TAMS 0x00000000e2e00000, 0x00000000e2e00000| Untracked 
|  47|0x00000000e2f00000, 0x00000000e2f00000, 0x00000000e3000000|  0%| F|  |TAMS 0x00000000e2f00000, 0x00000000e2f00000| Untracked 
|  48|0x00000000e3000000, 0x00000000e3000000, 0x00000000e3100000|  0%| F|  |TAMS 0x00000000e3000000, 0x00000000e3000000| Untracked 
|  49|0x00000000e3100000, 0x00000000e3100000, 0x00000000e3200000|  0%| F|  |TAMS 0x00000000e3100000, 0x00000000e3100000| Untracked 
|  50|0x00000000e3200000, 0x00000000e3200000, 0x00000000e3300000|  0%| F|  |TAMS 0x00000000e3200000, 0x00000000e3200000| Untracked 
|  51|0x00000000e3300000, 0x00000000e3300000, 0x00000000e3400000|  0%| F|  |TAMS 0x00000000e3300000, 0x00000000e3300000| Untracked 
|  52|0x00000000e3400000, 0x00000000e3400000, 0x00000000e3500000|  0%| F|  |TAMS 0x00000000e3400000, 0x00000000e3400000| Untracked 
|  53|0x00000000e3500000, 0x00000000e3500000, 0x00000000e3600000|  0%| F|  |TAMS 0x00000000e3500000, 0x00000000e3500000| Untracked 
|  54|0x00000000e3600000, 0x00000000e3600000, 0x00000000e3700000|  0%| F|  |TAMS 0x00000000e3600000, 0x00000000e3600000| Untracked 
|  55|0x00000000e3700000, 0x00000000e3700000, 0x00000000e3800000|  0%| F|  |TAMS 0x00000000e3700000, 0x00000000e3700000| Untracked 
|  56|0x00000000e3800000, 0x00000000e3800000, 0x00000000e3900000|  0%| F|  |TAMS 0x00000000e3800000, 0x00000000e3800000| Untracked 
|  57|0x00000000e3900000, 0x00000000e3900000, 0x00000000e3a00000|  0%| F|  |TAMS 0x00000000e3900000, 0x00000000e3900000| Untracked 
|  58|0x00000000e3a00000, 0x00000000e3ac55b8, 0x00000000e3b00000| 77%| E|  |TAMS 0x00000000e3a00000, 0x00000000e3a00000| Complete 
|  59|0x00000000e3b00000, 0x00000000e3c00000, 0x00000000e3c00000|100%| E|CS|TAMS 0x00000000e3b00000, 0x00000000e3b00000| Complete 
|  60|0x00000000e3c00000, 0x00000000e3d00000, 0x00000000e3d00000|100%| E|CS|TAMS 0x00000000e3c00000, 0x00000000e3c00000| Complete 
|  61|0x00000000e3d00000, 0x00000000e3e00000, 0x00000000e3e00000|100%| E|CS|TAMS 0x00000000e3d00000, 0x00000000e3d00000| Complete 

Card table byte_map: [0x00000221d8070000,0x00000221d8170000] _byte_map_base: 0x00000221d7970000

Marking Bits (Prev, Next): (CMBitMap*) 0x00000221bea2dee8, (CMBitMap*) 0x00000221bea2df20
 Prev Bits: [0x00000221d8270000, 0x00000221d8a70000)
 Next Bits: [0x00000221d8a70000, 0x00000221d9270000)

Polling page: 0x00000221be850000

Metaspace:

Usage:
  Non-class:     14.76 MB capacity,    14.34 MB ( 97%) used,   366.20 KB (  2%) free+waste,    58.81 KB ( <1%) overhead. 
      Class:      2.10 MB capacity,     1.87 MB ( 89%) used,   212.52 KB ( 10%) free+waste,    30.44 KB (  1%) overhead. 
       Both:     16.86 MB capacity,    16.21 MB ( 96%) used,   578.72 KB (  3%) free+waste,    89.25 KB ( <1%) overhead. 

Virtual space:
  Non-class space:       16.00 MB reserved,      15.00 MB ( 94%) committed 
      Class space:        1.00 GB reserved,       2.13 MB ( <1%) committed 
             Both:        1.02 GB reserved,      17.13 MB (  2%) committed 

Chunk freelists:
   Non-Class:  0 bytes
       Class:  0 bytes
        Both:  0 bytes

MaxMetaspaceSize: 17179869184.00 GB
CompressedClassSpaceSize: 1.00 GB
Initial GC threshold: 20.80 MB
Current GC threshold: 20.80 MB
CDS: off

CodeHeap 'non-profiled nmethods': size=120064Kb used=560Kb max_used=560Kb free=119503Kb
 bounds [0x00000221d0410000, 0x00000221d0680000, 0x00000221d7950000]
CodeHeap 'profiled nmethods': size=120000Kb used=3068Kb max_used=3068Kb free=116931Kb
 bounds [0x00000221c8ee0000, 0x00000221c91e0000, 0x00000221d0410000]
CodeHeap 'non-nmethods': size=5696Kb used=1179Kb max_used=1179Kb free=4516Kb
 bounds [0x00000221c8950000, 0x00000221c8bc0000, 0x00000221c8ee0000]
 total_blobs=1879 nmethods=1474 adapters=317
 compilation: enabled
              stopped_count=0, restarted_count=0
 full_count=0

Compilation events (20 events):
Event: 6.318 Thread 0x00000221dc0b0800 1460       1       java.lang.ClassLoader::getUnnamedModule (5 bytes)
Event: 6.318 Thread 0x00000221dc0b0800 nmethod 1460 0x00000221d0498310 code [0x00000221d04984c0, 0x00000221d0498578]
Event: 6.354 Thread 0x00000221dc0b0800 1461       3       java.lang.reflect.AccessibleObject::checkPermission (16 bytes)
Event: 6.354 Thread 0x00000221dc0b0800 nmethod 1461 0x00000221c91d2d90 code [0x00000221c91d2f60, 0x00000221c91d31a8]
Event: 6.354 Thread 0x00000221dc0b0800 1462       3       java.lang.reflect.AccessibleObject::checkCanSetAccessible (9 bytes)
Event: 6.355 Thread 0x00000221dc0b0800 nmethod 1462 0x00000221c91d3290 code [0x00000221c91d3440, 0x00000221c91d3568]
Event: 6.355 Thread 0x00000221dc0b0800 1463       3       java.lang.reflect.AccessibleObject::checkCanSetAccessible (386 bytes)
Event: 6.366 Thread 0x00000221dc0b0800 nmethod 1463 0x00000221c91d3610 code [0x00000221c91d3e00, 0x00000221c91d80a8]
Event: 6.366 Thread 0x00000221dc0b0800 1467       3       jdk.internal.misc.Unsafe::ensureClassInitialized (18 bytes)
Event: 6.367 Thread 0x00000221dc0b0800 nmethod 1467 0x00000221c91d9710 code [0x00000221c91d98e0, 0x00000221c91d9af8]
Event: 6.367 Thread 0x00000221dc0b0800 1465       3       jdk.internal.org.objectweb.asm.Frame::set (65 bytes)
Event: 6.368 Thread 0x00000221dc0b0800 nmethod 1465 0x00000221c91d9c10 code [0x00000221c91d9e00, 0x00000221c91da328]
Event: 6.375 Thread 0x00000221dc0b0800 1468       3       java.util.TreeMap::parentOf (13 bytes)
Event: 6.375 Thread 0x00000221dc0b0800 nmethod 1468 0x00000221c91da510 code [0x00000221c91da6c0, 0x00000221c91da818]
Event: 6.434 Thread 0x00000221dc0b0800 1471   !   3       jdk.internal.loader.URLClassPath$JarLoader::getResource (353 bytes)
Event: 6.438 Thread 0x00000221dc0b0800 nmethod 1471 0x00000221c91da910 code [0x00000221c91dada0, 0x00000221c91dcd58]
Event: 6.470 Thread 0x00000221dc0a7000 nmethod 1459 0x00000221d0498c10 code [0x00000221d0498f00, 0x00000221d049a938]
Event: 6.471 Thread 0x00000221dc0a7000 1469  s!   4       jdk.internal.loader.URLClassPath::getLoader (194 bytes)
Event: 6.797 Thread 0x00000221dc0b0800 1473       3       java.util.Collections::unmodifiableSet (9 bytes)
Event: 6.798 Thread 0x00000221dc0b0800 nmethod 1473 0x00000221c91ddf90 code [0x00000221c91de180, 0x00000221c91de528]

GC Heap History (6 events):
Event: 2.662 GC heap before
{Heap before GC invocations=0 (full 0):
 garbage-first heap   total 63488K, used 13312K [0x00000000e0000000, 0x0000000100000000)
  region size 1024K, 14 young (14336K), 0 survivors (0K)
 Metaspace       used 8900K, capacity 9065K, committed 9216K, reserved 1056768K
  class space    used 880K, capacity 964K, committed 1024K, reserved 1048576K
}
Event: 2.674 GC heap after
{Heap after GC invocations=1 (full 0):
 garbage-first heap   total 63488K, used 5580K [0x00000000e0000000, 0x0000000100000000)
  region size 1024K, 2 young (2048K), 2 survivors (2048K)
 Metaspace       used 8900K, capacity 9065K, committed 9216K, reserved 1056768K
  class space    used 880K, capacity 964K, committed 1024K, reserved 1048576K
}
Event: 3.322 GC heap before
{Heap before GC invocations=1 (full 0):
 garbage-first heap   total 63488K, used 10700K [0x00000000e0000000, 0x0000000100000000)
  region size 1024K, 7 young (7168K), 2 survivors (2048K)
 Metaspace       used 11774K, capacity 12032K, committed 12160K, reserved 1060864K
  class space    used 1218K, capacity 1307K, committed 1408K, reserved 1048576K
}
Event: 3.360 GC heap after
{Heap after GC invocations=2 (full 0):
 garbage-first heap   total 63488K, used 6609K [0x00000000e0000000, 0x0000000100000000)
  region size 1024K, 1 young (1024K), 1 survivors (1024K)
 Metaspace       used 11774K, capacity 12032K, committed 12160K, reserved 1060864K
  class space    used 1218K, capacity 1307K, committed 1408K, reserved 1048576K
}
Event: 6.159 GC heap before
{Heap before GC invocations=2 (full 0):
 garbage-first heap   total 63488K, used 25041K [0x00000000e0000000, 0x0000000100000000)
  region size 1024K, 19 young (19456K), 1 survivors (1024K)
 Metaspace       used 15727K, capacity 16401K, committed 16640K, reserved 1064960K
  class space    used 1791K, capacity 2034K, committed 2048K, reserved 1048576K
}
Event: 6.165 GC heap after
{Heap after GC invocations=3 (full 0):
 garbage-first heap   total 63488K, used 7524K [0x00000000e0000000, 0x0000000100000000)
  region size 1024K, 2 young (2048K), 2 survivors (2048K)
 Metaspace       used 15727K, capacity 16401K, committed 16640K, reserved 1064960K
  class space    used 1791K, capacity 2034K, committed 2048K, reserved 1048576K
}

Deoptimization events (20 events):
Event: 5.857 Thread 0x00000221dcc93000 DEOPT PACKING pc=0x00000221d0491054 sp=0x000000d4b41fb410
Event: 5.857 Thread 0x00000221dcc93000 DEOPT UNPACKING pc=0x00000221c899a1a9 sp=0x000000d4b41fb388 mode 2
Event: 6.310 Thread 0x00000221dcc93000 DEOPT PACKING pc=0x00000221c8ef5c68 sp=0x000000d4b41f6810
Event: 6.310 Thread 0x00000221dcc93000 DEOPT UNPACKING pc=0x00000221c899a93f sp=0x000000d4b41f5d18 mode 0
Event: 6.757 Thread 0x00000221dcc93000 Uncommon trap: trap_request=0xffffffbe fr.pc=0x00000221d049a088 relative=0x0000000000001188
Event: 6.757 Thread 0x00000221dcc93000 Uncommon trap: reason=profile_predicate action=maybe_recompile pc=0x00000221d049a088 method=java.io.WinNTFileSystem.normalize(Ljava/lang/String;)Ljava/lang/String; @ 25 c2
Event: 6.757 Thread 0x00000221dcc93000 DEOPT PACKING pc=0x00000221d049a088 sp=0x000000d4b41f76f0
Event: 6.757 Thread 0x00000221dcc93000 DEOPT UNPACKING pc=0x00000221c899a1a9 sp=0x000000d4b41f76c8 mode 2
Event: 6.757 Thread 0x00000221dcc93000 Uncommon trap: trap_request=0xffffffbe fr.pc=0x00000221d049a088 relative=0x0000000000001188
Event: 6.757 Thread 0x00000221dcc93000 Uncommon trap: reason=profile_predicate action=maybe_recompile pc=0x00000221d049a088 method=java.io.WinNTFileSystem.normalize(Ljava/lang/String;)Ljava/lang/String; @ 25 c2
Event: 6.757 Thread 0x00000221dcc93000 DEOPT PACKING pc=0x00000221d049a088 sp=0x000000d4b41f76f0
Event: 6.757 Thread 0x00000221dcc93000 DEOPT UNPACKING pc=0x00000221c899a1a9 sp=0x000000d4b41f76c8 mode 2
Event: 6.771 Thread 0x00000221dcc93000 Uncommon trap: trap_request=0xffffffbe fr.pc=0x00000221d049a088 relative=0x0000000000001188
Event: 6.771 Thread 0x00000221dcc93000 Uncommon trap: reason=profile_predicate action=maybe_recompile pc=0x00000221d049a088 method=java.io.WinNTFileSystem.normalize(Ljava/lang/String;)Ljava/lang/String; @ 25 c2
Event: 6.771 Thread 0x00000221dcc93000 DEOPT PACKING pc=0x00000221d049a088 sp=0x000000d4b41f5010
Event: 6.771 Thread 0x00000221dcc93000 DEOPT UNPACKING pc=0x00000221c899a1a9 sp=0x000000d4b41f4fe8 mode 2
Event: 6.771 Thread 0x00000221dcc93000 Uncommon trap: trap_request=0xffffffbe fr.pc=0x00000221d049a088 relative=0x0000000000001188
Event: 6.771 Thread 0x00000221dcc93000 Uncommon trap: reason=profile_predicate action=maybe_recompile pc=0x00000221d049a088 method=java.io.WinNTFileSystem.normalize(Ljava/lang/String;)Ljava/lang/String; @ 25 c2
Event: 6.771 Thread 0x00000221dcc93000 DEOPT PACKING pc=0x00000221d049a088 sp=0x000000d4b41f5010
Event: 6.771 Thread 0x00000221dcc93000 DEOPT UNPACKING pc=0x00000221c899a1a9 sp=0x000000d4b41f4fe8 mode 2

Classes redefined (0 events):
No events

Internal exceptions (20 events):
Event: 5.200 Thread 0x00000221dcc93000 Exception <a 'java/lang/NoSuchMethodError'{0x00000000e311e4c0}: 'java.lang.Object java.lang.invoke.Invokers$Holder.linkToTargetMethod(java.lang.Object, java.lang.Object, java.lang.Object, java.lang.Object, java.lang.Object, java.lang.Object)'> (0x00000000e311e4c0) thrown at [./src/hotspot/share/interpreter/linkResolver.cpp, line 773]
Event: 5.246 Thread 0x00000221dcc93000 Exception <a 'java/lang/IncompatibleClassChangeError'{0x00000000e3166448}: Found class java.lang.Object, but interface was expected> (0x00000000e3166448) thrown at [./src/hotspot/share/interpreter/linkResolver.cpp, line 839]
Event: 5.276 Thread 0x00000221dcc93000 Exception <a 'java/lang/IncompatibleClassChangeError'{0x00000000e319f8e0}: Found class java.lang.Object, but interface was expected> (0x00000000e319f8e0) thrown at [./src/hotspot/share/interpreter/linkResolver.cpp, line 839]
Event: 5.366 Thread 0x00000221dcc93000 Exception <a 'java/lang/NoSuchMethodError'{0x00000000e301b868}: 'void java.lang.invoke.DirectMethodHandle$Holder.invokeSpecial(java.lang.Object, java.lang.Object, java.lang.Object, java.lang.Object, java.lang.Object)'> (0x00000000e301b868) thrown at [./src/hotspot/share/interpreter/linkResolver.cpp, line 773]
Event: 5.432 Thread 0x00000221dcc93000 Exception <a 'java/lang/NoSuchMethodError'{0x00000000e30e6450}: 'void java.lang.invoke.DirectMethodHandle$Holder.invokeInterface(java.lang.Object, java.lang.Object, java.lang.Object, java.lang.Object)'> (0x00000000e30e6450) thrown at [./src/hotspot/share/interpreter/linkResolver.cpp, line 773]
Event: 5.433 Thread 0x00000221dcc93000 Exception <a 'java/lang/IncompatibleClassChangeError'{0x00000000e30e94b8}: Found class java.lang.Object, but interface was expected> (0x00000000e30e94b8) thrown at [./src/hotspot/share/interpreter/linkResolver.cpp, line 839]
Event: 5.459 Thread 0x00000221dcc93000 Exception <a 'java/lang/NoSuchMethodError'{0x00000000e2f10838}: 'void java.lang.invoke.DirectMethodHandle$Holder.invokeStatic(java.lang.Object, java.lang.Object, java.lang.Object, java.lang.Object)'> (0x00000000e2f10838) thrown at [./src/hotspot/share/interpreter/linkResolver.cpp, line 773]
Event: 5.529 Thread 0x00000221dcc93000 Exception <a 'java/lang/NoSuchMethodError'{0x00000000e2fb5b30}: 'int java.lang.invoke.DirectMethodHandle$Holder.invokeStatic(java.lang.Object, java.lang.Object, java.lang.Object, java.lang.Object, java.lang.Object)'> (0x00000000e2fb5b30) thrown at [./src/hotspot/share/interpreter/linkResolver.cpp, line 773]
Event: 5.565 Thread 0x00000221dcc93000 Exception <a 'java/lang/NoSuchMethodError'{0x00000000e2e0d4a8}: 'void java.lang.invoke.DirectMethodHandle$Holder.invokeStaticInit(java.lang.Object)'> (0x00000000e2e0d4a8) thrown at [./src/hotspot/share/interpreter/linkResolver.cpp, line 773]
Event: 5.584 Thread 0x00000221dcc93000 Exception <a 'java/lang/NoSuchMethodError'{0x00000000e2e417f8}: 'void java.lang.invoke.DirectMethodHandle$Holder.invokeSpecial(java.lang.Object, java.lang.Object)'> (0x00000000e2e417f8) thrown at [./src/hotspot/share/interpreter/linkResolver.cpp, line 773]
Event: 5.815 Thread 0x00000221dcc93000 Exception <a 'java/lang/NoSuchMethodError'{0x00000000e2d1b530}: 'int java.lang.invoke.DirectMethodHandle$Holder.invokeStaticInit(java.lang.Object, java.lang.Object)'> (0x00000000e2d1b530) thrown at [./src/hotspot/share/interpreter/linkResolver.cpp, line 773]
Event: 5.972 Thread 0x00000221dcc93000 Exception <a 'java/lang/NoSuchMethodError'{0x00000000e2c152f0}: 'java.lang.Object java.lang.invoke.DirectMethodHandle$Holder.invokeVirtual(java.lang.Object, java.lang.Object, java.lang.Object)'> (0x00000000e2c152f0) thrown at [./src/hotspot/share/interpreter/linkResolver.cpp, line 773]
Event: 5.998 Thread 0x00000221dcc93000 Exception <a 'java/lang/NoSuchMethodError'{0x00000000e2c62ba0}: 'void java.lang.invoke.DirectMethodHandle$Holder.invokeStatic(java.lang.Object, java.lang.Object, java.lang.Object, java.lang.Object, java.lang.Object)'> (0x00000000e2c62ba0) thrown at [./src/hotspot/share/interpreter/linkResolver.cpp, line 773]
Event: 6.001 Thread 0x00000221dcc93000 Exception <a 'java/lang/NoSuchMethodError'{0x00000000e2c71290}: 'java.lang.Object java.lang.invoke.Invokers$Holder.linkToTargetMethod(java.lang.Object, java.lang.Object, java.lang.Object, java.lang.Object, java.lang.Object, java.lang.Object, java.lang.Object)'> (0x00000000e2c71290) thrown at [./src/hotspot/share/interpreter/linkResolver.cpp, line 773]
Event: 6.003 Thread 0x00000221dcc93000 Exception <a 'java/lang/NoSuchMethodError'{0x00000000e2c77488}: 'java.lang.Object java.lang.invoke.DirectMethodHandle$Holder.invokeInterface(java.lang.Object, java.lang.Object, java.lang.Object, java.lang.Object, java.lang.Object)'> (0x00000000e2c77488) thrown at [./src/hotspot/share/interpreter/linkResolver.cpp, line 773]
Event: 6.004 Thread 0x00000221dcc93000 Exception <a 'java/lang/IncompatibleClassChangeError'{0x00000000e2c7abe0}: Found class java.lang.Object, but interface was expected> (0x00000000e2c7abe0) thrown at [./src/hotspot/share/interpreter/linkResolver.cpp, line 839]
Event: 6.061 Thread 0x00000221dcc93000 Exception <a 'java/lang/IncompatibleClassChangeError'{0x00000000e2cd77e8}: Found class java.lang.Object, but interface was expected> (0x00000000e2cd77e8) thrown at [./src/hotspot/share/interpreter/linkResolver.cpp, line 839]
Event: 6.120 Thread 0x00000221dcc93000 Exception <a 'java/lang/NoClassDefFoundError'{0x00000000e2bb5b80}: org/slf4j/impl/StaticLoggerBinder> (0x00000000e2bb5b80) thrown at [./src/hotspot/share/classfile/systemDictionary.cpp, line 220]
Event: 6.357 Thread 0x00000221dcc93000 Exception <a 'java/lang/NoSuchMethodError'{0x00000000e3b7f0b8}: 'java.lang.Object java.lang.invoke.DirectMethodHandle$Holder.invokeSpecial(java.lang.Object, java.lang.Object, java.lang.Object, java.lang.Object, java.lang.Object, java.lang.Object, java.lang.Object, java.lang.Object, java.lang.Object)'> (0x00000000e3b7f0b8) thrown at [./src/hotspot/share/interpreter/linkResolver.cpp, line 773]
Event: 6.357 Thread 0x00000221dcc93000 Exception <a 'java/lang/NoSuchMethodError'{0x00000000e3b83558}: 'java.lang.Object java.lang.invoke.Invokers$Holder.linkToTargetMethod(java.lang.Object, java.lang.Object, java.lang.Object, java.lang.Object, java.lang.Object, java.lang.Object, java.lang.Object, java.lang.Object)'> (0x00000000e3b83558) thrown at [./src/hotspot/share/interpreter/linkResolver.cpp, line 773]

Events (20 events):
Event: 6.790 loading class java/lang/management/DefaultPlatformMBeanProvider$3
Event: 6.791 loading class java/lang/management/DefaultPlatformMBeanProvider$3 done
Event: 6.791 loading class java/lang/management/DefaultPlatformMBeanProvider$4
Event: 6.792 loading class java/lang/management/DefaultPlatformMBeanProvider$4 done
Event: 6.792 loading class java/lang/management/DefaultPlatformMBeanProvider$5
Event: 6.793 loading class java/lang/management/DefaultPlatformMBeanProvider$5 done
Event: 6.793 loading class java/lang/management/DefaultPlatformMBeanProvider$6
Event: 6.793 loading class java/lang/management/DefaultPlatformMBeanProvider$6 done
Event: 6.794 loading class java/lang/management/DefaultPlatformMBeanProvider$7
Event: 6.794 loading class java/lang/management/DefaultPlatformMBeanProvider$7 done
Event: 6.794 loading class java/lang/management/DefaultPlatformMBeanProvider$8
Event: 6.794 loading class java/lang/management/DefaultPlatformMBeanProvider$8 done
Event: 6.794 loading class sun/management/ManagementFactoryHelper$LoggingMXBeanAccess
Event: 6.795 loading class sun/management/ManagementFactoryHelper$LoggingMXBeanAccess done
Event: 6.795 loading class sun/management/ManagementFactoryHelper$LoggingMXBeanAccess$1
Event: 6.796 loading class sun/management/ManagementFactoryHelper$LoggingMXBeanAccess$1 done
Event: 6.796 loading class java/lang/management/DefaultPlatformMBeanProvider$9
Event: 6.796 loading class java/lang/management/DefaultPlatformMBeanProvider$9 done
Event: 6.796 loading class java/lang/management/DefaultPlatformMBeanProvider$10
Event: 6.797 loading class java/lang/management/DefaultPlatformMBeanProvider$10 done


Dynamic libraries:
0x00007ff6ddc70000 - 0x00007ff6ddc7d000 	C:\Program Files\Eclipse Foundation\jdk-11.0.12.7-hotspot\bin\java.exe
0x00007ffed7010000 - 0x00007ffed7205000 	C:\WINDOWS\SYSTEM32\ntdll.dll
0x00007ffed5f50000 - 0x00007ffed600e000 	C:\WINDOWS\System32\KERNEL32.DLL
0x00007ffed4720000 - 0x00007ffed49e8000 	C:\WINDOWS\System32\KERNELBASE.dll
0x00007ffed4b50000 - 0x00007ffed4c50000 	C:\WINDOWS\System32\ucrtbase.dll
0x00007ffecc320000 - 0x00007ffecc337000 	C:\Program Files\Eclipse Foundation\jdk-11.0.12.7-hotspot\bin\jli.dll
0x00007ffed5110000 - 0x00007ffed52b1000 	C:\WINDOWS\System32\USER32.dll
0x00007ffed49f0000 - 0x00007ffed4a12000 	C:\WINDOWS\System32\win32u.dll
0x00007ffed5890000 - 0x00007ffed58bb000 	C:\WINDOWS\System32\GDI32.dll
0x00007ffed4de0000 - 0x00007ffed4eed000 	C:\WINDOWS\System32\gdi32full.dll
0x00007ffed4ab0000 - 0x00007ffed4b4d000 	C:\WINDOWS\System32\msvcp_win.dll
0x00007ffeba4b0000 - 0x00007ffeba74a000 	C:\WINDOWS\WinSxS\amd64_microsoft.windows.common-controls_6595b64144ccf1df_6.0.19041.1110_none_60b5254171f9507e\COMCTL32.dll
0x00007ffed5de0000 - 0x00007ffed5e7e000 	C:\WINDOWS\System32\msvcrt.dll
0x00007ffecc2d0000 - 0x00007ffecc2e5000 	C:\Program Files\Eclipse Foundation\jdk-11.0.12.7-hotspot\bin\VCRUNTIME140.dll
0x00007ffed6f20000 - 0x00007ffed6f50000 	C:\WINDOWS\System32\IMM32.DLL
0x00007ffeaed00000 - 0x00007ffeaed9b000 	C:\Program Files\Eclipse Foundation\jdk-11.0.12.7-hotspot\bin\msvcp140.dll
0x00007ffe9f460000 - 0x00007ffe9ffb9000 	C:\Program Files\Eclipse Foundation\jdk-11.0.12.7-hotspot\bin\server\jvm.dll
0x00007ffed5770000 - 0x00007ffed581c000 	C:\WINDOWS\System32\ADVAPI32.dll
0x00007ffed58c0000 - 0x00007ffed595b000 	C:\WINDOWS\System32\sechost.dll
0x00007ffed52c0000 - 0x00007ffed53ea000 	C:\WINDOWS\System32\RPCRT4.dll
0x00007ffed5050000 - 0x00007ffed5058000 	C:\WINDOWS\System32\PSAPI.DLL
0x00007ffecf8b0000 - 0x00007ffecf8b9000 	C:\WINDOWS\SYSTEM32\WSOCK32.dll
0x00007ffed5ee0000 - 0x00007ffed5f4b000 	C:\WINDOWS\System32\WS2_32.dll
0x00007ffebce60000 - 0x00007ffebce87000 	C:\WINDOWS\SYSTEM32\WINMM.dll
0x00007ffecd780000 - 0x00007ffecd78a000 	C:\WINDOWS\SYSTEM32\VERSION.dll
0x00007ffed2610000 - 0x00007ffed2622000 	C:\WINDOWS\SYSTEM32\kernel.appcore.dll
0x00007ffecf030000 - 0x00007ffecf040000 	C:\Program Files\Eclipse Foundation\jdk-11.0.12.7-hotspot\bin\verify.dll
0x00007ffed1ef0000 - 0x00007ffed20d4000 	C:\WINDOWS\SYSTEM32\DBGHELP.DLL
0x00007ffec36a0000 - 0x00007ffec36cc000 	C:\WINDOWS\SYSTEM32\dbgcore.DLL
0x00007ffed4a20000 - 0x00007ffed4aa2000 	C:\WINDOWS\System32\bcryptPrimitives.dll
0x00007ffecbf00000 - 0x00007ffecbf28000 	C:\Program Files\Eclipse Foundation\jdk-11.0.12.7-hotspot\bin\java.dll
0x00007ffecddd0000 - 0x00007ffecddda000 	C:\Program Files\Eclipse Foundation\jdk-11.0.12.7-hotspot\bin\jimage.dll
0x00007ffeb7090000 - 0x00007ffeb70a7000 	C:\Program Files\Eclipse Foundation\jdk-11.0.12.7-hotspot\bin\zip.dll
0x00007ffed6010000 - 0x00007ffed6754000 	C:\WINDOWS\System32\SHELL32.dll
0x00007ffed2810000 - 0x00007ffed2fa4000 	C:\WINDOWS\SYSTEM32\windows.storage.dll
0x00007ffed6980000 - 0x00007ffed6cd5000 	C:\WINDOWS\System32\combase.dll
0x00007ffed4170000 - 0x00007ffed419e000 	C:\WINDOWS\SYSTEM32\Wldp.dll
0x00007ffed5060000 - 0x00007ffed510d000 	C:\WINDOWS\System32\SHCORE.dll
0x00007ffed5830000 - 0x00007ffed5885000 	C:\WINDOWS\System32\shlwapi.dll
0x00007ffed4660000 - 0x00007ffed467f000 	C:\WINDOWS\SYSTEM32\profapi.dll
0x00007ffeb6d70000 - 0x00007ffeb6d89000 	C:\Program Files\Eclipse Foundation\jdk-11.0.12.7-hotspot\bin\net.dll
0x00007ffec9620000 - 0x00007ffec972c000 	C:\WINDOWS\SYSTEM32\WINHTTP.dll
0x00007ffed3ed0000 - 0x00007ffed3f3a000 	C:\WINDOWS\system32\mswsock.dll
0x00007ffeb2ed0000 - 0x00007ffeb2ee2000 	C:\Program Files\Eclipse Foundation\jdk-11.0.12.7-hotspot\bin\nio.dll
0x00007ffed40d0000 - 0x00007ffed40e8000 	C:\WINDOWS\SYSTEM32\CRYPTSP.dll
0x00007ffed37e0000 - 0x00007ffed3814000 	C:\WINDOWS\system32\rsaenh.dll
0x00007ffed4c50000 - 0x00007ffed4c77000 	C:\WINDOWS\System32\bcrypt.dll
0x00007ffed4620000 - 0x00007ffed464e000 	C:\WINDOWS\SYSTEM32\USERENV.dll
0x00007ffed40c0000 - 0x00007ffed40cc000 	C:\WINDOWS\SYSTEM32\CRYPTBASE.dll
0x00007ffed3b70000 - 0x00007ffed3bab000 	C:\WINDOWS\SYSTEM32\IPHLPAPI.DLL
0x00007ffed6ce0000 - 0x00007ffed6ce8000 	C:\WINDOWS\System32\NSI.dll
0x00007ffecb800000 - 0x00007ffecb817000 	C:\WINDOWS\SYSTEM32\dhcpcsvc6.DLL
0x00007ffecca50000 - 0x00007ffecca6d000 	C:\WINDOWS\SYSTEM32\dhcpcsvc.DLL
0x00007ffed3bc0000 - 0x00007ffed3c8b000 	C:\WINDOWS\SYSTEM32\DNSAPI.dll
0x00007ffecf660000 - 0x00007ffecf677000 	C:\WINDOWS\system32\napinsp.dll
0x00007ffecf640000 - 0x00007ffecf65b000 	C:\WINDOWS\system32\pnrpnsp.dll
0x00007ffecf000000 - 0x00007ffecf015000 	C:\WINDOWS\system32\wshbth.dll
0x00007ffecf490000 - 0x00007ffecf4ad000 	C:\WINDOWS\system32\NLAapi.dll
0x00007ffecf0d0000 - 0x00007ffecf0e2000 	C:\WINDOWS\System32\winrnr.dll
0x00007ffec9480000 - 0x00007ffec948a000 	C:\Windows\System32\rasadhlp.dll
0x00007ffec9520000 - 0x00007ffec959f000 	C:\WINDOWS\System32\fwpuclnt.dll
0x00007ffecc5b0000 - 0x00007ffecc5b9000 	C:\Program Files\Eclipse Foundation\jdk-11.0.12.7-hotspot\bin\management.dll
0x00007ffecc5a0000 - 0x00007ffecc5ab000 	C:\Program Files\Eclipse Foundation\jdk-11.0.12.7-hotspot\bin\management_ext.dll

dbghelp: loaded successfully - version: 4.0.5 - missing functions: none
symbol engine: initialized successfully - sym options: 0x614 - pdb path: .;C:\Program Files\Eclipse Foundation\jdk-11.0.12.7-hotspot\bin;C:\WINDOWS\SYSTEM32;C:\WINDOWS\WinSxS\amd64_microsoft.windows.common-controls_6595b64144ccf1df_6.0.19041.1110_none_60b5254171f9507e;C:\Program Files\Eclipse Foundation\jdk-11.0.12.7-hotspot\bin\server

VM Arguments:
jvm_args: -Dorg.gradle.internal.worker.tmpdir=C:\PageObjects\build\tmp\test\work -Dorg.gradle.native=false -Dselenide.headless --add-opens=java.base/java.util=ALL-UNNAMED --add-opens=java.base/java.lang=ALL-UNNAMED -Xmx512m -Dfile.encoding=windows-1251 -Duser.country=RU -Duser.language=ru -Duser.variant -ea 
java_command: worker.org.gradle.process.internal.worker.GradleWorkerMain 'Gradle Test Executor 1'
java_class_path (initial): C:\\Users\\ўышџ\\.gradle\\caches\\7.1\\workerMain\\gradle-worker.jar;C:\\PageObjects\\build\\classes\\java\\test;C:\\PageObjects\\build\\resources\\test;C:\\PageObjects\\build\\classes\\java\\main;C:\\PageObjects\\build\\resources\\main;C:\\Users\\ўышџ\\.gradle\\caches\\modules-2\\files-2.1\\org.junit.platform\\junit-platform-engine\\1.8.2\\b737de09f19864bd136805c84df7999a142fec29\\junit-platform-engine-1.8.2.jar;C:\\Users\\ўышџ\\.gradle\\caches\\modules-2\\files-2.1\\org.junit.platform\\junit-platform-commons\\1.8.2\\32c8b8617c1342376fd5af2053da6410d8866861\\junit-platform-commons-1.8.2.jar;C:\\Users\\ўышџ\\.gradle\\caches\\modules-2\\files-2.1\\org.junit.jupiter\\junit-jupiter-engine\\5.8.2\\c598b4328d2f397194d11df3b1648d68d7d990e3\\junit-jupiter-engine-5.8.2.jar;C:\\Users\\ўышџ\\.gradle\\caches\\modules-2\\files-2.1\\org.junit.jupiter\\junit-jupiter-api\\5.8.2\\4c21029217adf07e4c0d0c5e192b6bf610c94bdc\\junit-jupiter-api-5.8.2.jar;C:\\Users\\ўышџ\\.gradle\\caches\\modules-2\\files-2.1\\io.rest-assured\\rest-assured\\4.4.0\\ff8532f394b2e4607a6940edce58474745cd3837\\rest-assured-4.4.0.jar;C:\\Users\\ўышџ\\.gradle\\caches\\modules-2\\files-2.1\\com.codeborne\\selenide\\6.1.2\\14e999f98b546f7d8e14f52d01cfb92f0314c1a8\\selenide-6.1.2.jar;C:\\Users\\ўышџ\\.gradle\\caches\\modules-2\\files-2.1\\com.codeborne\\selenide-core\\6.1.2\\d4b07754c32a2d934488a7fd159da5674b431738\\selenide-core-6.1.2.jar;C:\\Users\\ўышџ\\.gradle\\caches\\modules-2\\files-2.1\\io.github.bonigarcia\\webdrivermanager\\5.0.3\\4521c00642628dbb9c55b16d3a73f9547f83e554\\webdrivermanager-5.0.3.jar;C:\\Users\\ўышџ\\.gradle\\caches\\modules-2\\files-2.1\\com.google.code.gson\\gson\\2.8.9\\8a432c1d6825781e21a02db2e2c33c5fde2833b9\\gson-2.8.9.jar;C:\\Users\\ўышџ\\.gradle\\caches\\modules-2\\files-2.1\\com.github.javafaker\\javafaker\\1.0.2\\be0ff271b1208416822db4438864df47f90af92f\\javafaker-1.0.2.jar;C:\\Users\\ўышџ\\.gradle\\caches\\modules-2\\files-2.1\\org.opentest4j\\opentes
Launcher Type: SUN_STANDARD

[Global flags]
     intx CICompilerCount                          = 3                                         {product} {ergonomic}
     uint ConcGCThreads                            = 1                                         {product} {ergonomic}
     uint G1ConcRefinementThreads                  = 4                                         {product} {ergonomic}
   size_t G1HeapRegionSize                         = 1048576                                   {product} {ergonomic}
    uintx GCDrainStackTargetSize                   = 64                                        {product} {ergonomic}
   size_t InitialHeapSize                          = 65011712                                  {product} {ergonomic}
   size_t MarkStackSize                            = 4194304                                   {product} {ergonomic}
   size_t MaxHeapSize                              = 536870912                                 {product} {command line}
   size_t MaxNewSize                               = 321912832                                 {product} {ergonomic}
   size_t MinHeapDeltaBytes                        = 1048576                                   {product} {ergonomic}
    uintx NonNMethodCodeHeapSize                   = 5830732                                {pd product} {ergonomic}
    uintx NonProfiledCodeHeapSize                  = 122913754                              {pd product} {ergonomic}
    uintx ProfiledCodeHeapSize                     = 122913754                              {pd product} {ergonomic}
    uintx ReservedCodeCacheSize                    = 251658240                              {pd product} {ergonomic}
     bool SegmentedCodeCache                       = true                                      {product} {ergonomic}
     bool UseCompressedClassPointers               = true                                 {lp64_product} {ergonomic}
     bool UseCompressedOops                        = true                                 {lp64_product} {ergonomic}
     bool UseG1GC                                  = true                                      {product} {ergonomic}
     bool UseLargePagesIndividualAllocation        = false                                  {pd product} {ergonomic}

Logging:
Log output configuration:
 #0: stdout all=warning uptime,level,tags
 #1: stderr all=off uptime,level,tags

Environment Variables:
PATH=C:\Program Files (x86)\AdoptOpenJDK\jdk-11.0.11.9-hotspot\bin;C:\Program Files\Eclipse Foundation\jdk-11.0.12.7-hotspot\bin;C:\WINDOWS\system32;C:\WINDOWS;C:\WINDOWS\System32\Wbem;C:\WINDOWS\System32\WindowsPowerShell\v1.0\;C:\WINDOWS\System32\OpenSSH\;C:\Program Files\Intel\TXE Components\DAL\;C:\Program Files (x86)\Intel\TXE Components\DAL\;C:\Program Files (x86)\Git\cmd;C:\Users\ўышџ\AppData\Local\Microsoft\WindowsApps;;C:\Users\ўышџ\AppData\Local\Programs\Microsoft VS Code\bin;C:\Program Files\JetBrains\IntelliJ IDEA Community Edition 2021.2.3\bin;
USERNAME=ўышџ
OS=Windows_NT
PROCESSOR_IDENTIFIER=Intel64 Family 6 Model 92 Stepping 9, GenuineIntel



---------------  S Y S T E M  ---------------

OS: Windows 10 , 64 bit Build 19041 (10.0.19041.1348)
OS uptime: 9 days 19:35 hours

CPU:total 4 (initial active 4) (4 cores per cpu, 1 threads per core) family 6 model 92 stepping 9 microcode 0x32, cmov, cx8, fxsr, mmx, sse, sse2, sse3, ssse3, sse4.1, sse4.2, popcnt, aes, clmul, erms, 3dnowpref, tsc, tscinvbit, sha

Memory: 4k page, system-wide physical 3945M (200M free)
TotalPageFile size 11191M (AvailPageFile size 5M)
current process WorkingSet (physical memory assigned to process): 93M, peak: 94M
current process commit charge ("private bytes"): 163M, peak: 164M

vm_info: OpenJDK 64-Bit Server VM (11.0.12+7) for windows-amd64 JRE (11.0.12+7), built on Jul 21 2021 16:23:49 by "" with unknown MS VC++:1916

END.
