#
# There is insufficient memory for the Java Runtime Environment to continue.
# Native memory allocation (malloc) failed to allocate 32744 bytes for ChunkPool::allocate
# Possible reasons:
#   The system is out of physical RAM or swap space
#   The process is running with CompressedOops enabled, and the Java Heap may be blocking the growth of the native heap
# Possible solutions:
#   Reduce memory load on the system
#   Increase physical memory or swap space
#   Check if swap backing store is full
#   Decrease Java heap size (-Xmx/-Xms)
#   Decrease number of Java threads
#   Decrease Java thread stack sizes (-Xss)
#   Set larger code cache with -XX:ReservedCodeCacheSize=
#   JVM is running with Unscaled Compressed Oops mode in which the Java heap is
#     placed in the first 4GB address space. The Java Heap base address is the
#     maximum limit for the native heap growth. Please use -XX:HeapBaseMinAddress
#     to set the Java Heap base and to place the Java Heap above 4GB virtual address.
# This output file may be truncated or incomplete.
#
#  Out of Memory Error (./src/hotspot/share/memory/arena.cpp:81), pid=11224, tid=12272
#
# JRE version: OpenJDK Runtime Environment Temurin-11.0.12+7 (11.0.12+7) (build 11.0.12+7)
# Java VM: OpenJDK 64-Bit Server VM Temurin-11.0.12+7 (11.0.12+7, mixed mode, tiered, compressed oops, g1 gc, windows-amd64)
# No core dump will be written. Minidumps are not enabled by default on client versions of Windows
#

---------------  S U M M A R Y ------------

Command Line: -Dorg.gradle.internal.worker.tmpdir=C:\PageObjects\build\tmp\test\work -Dorg.gradle.native=false -Dselenide.headless --add-opens=java.base/java.util=ALL-UNNAMED --add-opens=java.base/java.lang=ALL-UNNAMED -Xmx512m -Dfile.encoding=windows-1251 -Duser.country=RU -Duser.language=ru -Duser.variant -ea worker.org.gradle.process.internal.worker.GradleWorkerMain 'Gradle Test Executor 1'

Host: Intel(R) Celeron(R) CPU J3455 @ 1.50GHz, 4 cores, 3G,  Windows 10 , 64 bit Build 19041 (10.0.19041.1348)
Time: Thu Jan  6 15:18:55 2022 RTZ 2 (чшьр) elapsed time: 24.531817 seconds (0d 0h 0m 24s)

---------------  T H R E A D  ---------------

Current thread (0x000002092e9ce800):  JavaThread "C2 CompilerThread0" daemon [_thread_in_native, id=12272, stack(0x00000029e2b00000,0x00000029e2c00000)]


Current CompileTask:
C2:  24531 2552   !   4       jdk.internal.loader.BuiltinClassLoader::loadClassOrNull (143 bytes)

Stack: [0x00000029e2b00000,0x00000029e2c00000]
Native frames: (J=compiled Java code, j=interpreted, Vv=VM code, C=native code)
V  [jvm.dll+0x601d0a]
V  [jvm.dll+0x78ab6e]
V  [jvm.dll+0x78c23f]
V  [jvm.dll+0x78c903]
V  [jvm.dll+0x24be68]
V  [jvm.dll+0xc23fb]
V  [jvm.dll+0xc275c]
V  [jvm.dll+0xc22ab]
V  [jvm.dll+0x5e0d58]
V  [jvm.dll+0x332bc9]
V  [jvm.dll+0x337bcd]
V  [jvm.dll+0x33d0f2]
V  [jvm.dll+0x332622]
V  [jvm.dll+0x621100]
V  [jvm.dll+0x619c7c]
V  [jvm.dll+0x61b3b7]
V  [jvm.dll+0x61ef41]
V  [jvm.dll+0x616d1f]
V  [jvm.dll+0x61635b]
V  [jvm.dll+0x61420e]
V  [jvm.dll+0x18c25c]
V  [jvm.dll+0x2bce36]
V  [jvm.dll+0x61ef68]
V  [jvm.dll+0x616d1f]
V  [jvm.dll+0x61635b]
V  [jvm.dll+0x61420e]
V  [jvm.dll+0x18c25c]
V  [jvm.dll+0x2bce36]
V  [jvm.dll+0x61ef68]
V  [jvm.dll+0x616d1f]
V  [jvm.dll+0x61635b]
V  [jvm.dll+0x61420e]
V  [jvm.dll+0x18c25c]
V  [jvm.dll+0x2bce36]
V  [jvm.dll+0x61ef68]
V  [jvm.dll+0x616d1f]
V  [jvm.dll+0x61635b]
V  [jvm.dll+0x61420e]
V  [jvm.dll+0x18c25c]
V  [jvm.dll+0x2bce36]
V  [jvm.dll+0x61ef68]
V  [jvm.dll+0x616d1f]
V  [jvm.dll+0x61635b]
V  [jvm.dll+0x61420e]
V  [jvm.dll+0x18c25c]
V  [jvm.dll+0x18cde9]
V  [jvm.dll+0x18cd2e]
V  [jvm.dll+0x2bce36]
V  [jvm.dll+0x61ef68]
V  [jvm.dll+0x616d1f]
V  [jvm.dll+0x61635b]
V  [jvm.dll+0x61420e]
V  [jvm.dll+0x18c25c]
V  [jvm.dll+0x204383]
V  [jvm.dll+0x1898fc]
V  [jvm.dll+0x213d67]
V  [jvm.dll+0x211f2b]
V  [jvm.dll+0x74ec19]
V  [jvm.dll+0x747c84]
V  [jvm.dll+0x600ba6]
C  [ucrtbase.dll+0x21bb2]
C  [KERNEL32.DLL+0x17034]
C  [ntdll.dll+0x52651]


---------------  P R O C E S S  ---------------

Threads class SMR info:
_java_thread_list=0x00000209301400d0, length=24, elements={
0x00000209132a1800, 0x000002092e966800, 0x000002092e96f800, 0x000002092e9c2000,
0x000002092e9c4800, 0x000002092e9c9000, 0x000002092e9ce800, 0x000002092e9d9000,
0x000002092e9fe800, 0x000002092ec69800, 0x000002092f563800, 0x000002092f6e5800,
0x000002092f722800, 0x000002092f97e800, 0x00000209306c7800, 0x000002092fe22800,
0x000002093144f800, 0x0000020930672000, 0x0000020930674800, 0x0000020930673000,
0x0000020930675800, 0x0000020930670800, 0x000002093066f800, 0x0000020930671800
}

Java Threads: ( => current thread )
  0x00000209132a1800 JavaThread "main" [_thread_blocked, id=8488, stack(0x00000029e1f00000,0x00000029e2000000)]
  0x000002092e966800 JavaThread "Reference Handler" daemon [_thread_blocked, id=1568, stack(0x00000029e2600000,0x00000029e2700000)]
  0x000002092e96f800 JavaThread "Finalizer" daemon [_thread_blocked, id=13628, stack(0x00000029e2700000,0x00000029e2800000)]
  0x000002092e9c2000 JavaThread "Signal Dispatcher" daemon [_thread_blocked, id=6032, stack(0x00000029e2800000,0x00000029e2900000)]
  0x000002092e9c4800 JavaThread "Attach Listener" daemon [_thread_blocked, id=1340, stack(0x00000029e2900000,0x00000029e2a00000)]
  0x000002092e9c9000 JavaThread "Service Thread" daemon [_thread_blocked, id=9548, stack(0x00000029e2a00000,0x00000029e2b00000)]
=>0x000002092e9ce800 JavaThread "C2 CompilerThread0" daemon [_thread_in_native, id=12272, stack(0x00000029e2b00000,0x00000029e2c00000)]
  0x000002092e9d9000 JavaThread "C1 CompilerThread0" daemon [_thread_blocked, id=14028, stack(0x00000029e2c00000,0x00000029e2d00000)]
  0x000002092e9fe800 JavaThread "Sweeper thread" daemon [_thread_blocked, id=1676, stack(0x00000029e2d00000,0x00000029e2e00000)]
  0x000002092ec69800 JavaThread "Common-Cleaner" daemon [_thread_blocked, id=13240, stack(0x00000029e2e00000,0x00000029e2f00000)]
  0x000002092f563800 JavaThread "Forwarding newSession on session null to remote" [_thread_in_vm, id=11092, stack(0x00000029e3200000,0x00000029e3300000)]
  0x000002092f6e5800 JavaThread "/127.0.0.1:65520 to /127.0.0.1:65518 workers Thread 2" [_thread_blocked, id=12664, stack(0x00000029e3300000,0x00000029e3400000)]
  0x000002092f722800 JavaThread "/127.0.0.1:65520 to /127.0.0.1:65518 workers Thread 3" [_thread_in_native, id=4164, stack(0x00000029e3400000,0x00000029e3500000)]
  0x000002092f97e800 JavaThread "ForkJoinPool.commonPool-worker-3" daemon [_thread_blocked, id=6412, stack(0x00000029e3700000,0x00000029e3800000)]
  0x00000209306c7800 JavaThread "AsyncHttpClient-1-1" daemon [_thread_blocked, id=14240, stack(0x00000029e3800000,0x00000029e3900000)]
  0x000002092fe22800 JavaThread "ForkJoinPool.commonPool-worker-5" daemon [_thread_blocked, id=6972, stack(0x00000029e3900000,0x00000029e3a00000)]
  0x000002093144f800 JavaThread "ForkJoinPool.commonPool-worker-7" daemon [_thread_blocked, id=15176, stack(0x00000029e3a00000,0x00000029e3b00000)]
  0x0000020930672000 JavaThread "Exec Default Executor" daemon [_thread_in_native, id=12316, stack(0x00000029e3b00000,0x00000029e3c00000)]
  0x0000020930674800 JavaThread "Driver Service Executor" daemon [_thread_blocked, id=10068, stack(0x00000029e3c00000,0x00000029e3d00000)]
  0x0000020930673000 JavaThread "Driver Service Executor" daemon [_thread_blocked, id=7948, stack(0x00000029e3d00000,0x00000029e3e00000)]
  0x0000020930675800 JavaThread "UrlChecker-2" daemon [_thread_blocked, id=5788, stack(0x00000029e3e00000,0x00000029e3f00000)]
  0x0000020930670800 JavaThread "Exec Stream Pumper" daemon [_thread_in_native, id=11300, stack(0x00000029e3f00000,0x00000029e4000000)]
  0x000002093066f800 JavaThread "Exec Stream Pumper" daemon [_thread_in_native, id=12328, stack(0x00000029e4000000,0x00000029e4100000)]
  0x0000020930671800 JavaThread "AsyncHttpClient-1-2" daemon [_thread_in_native, id=15280, stack(0x00000029e4200000,0x00000029e4300000)]

Other Threads:
  0x000002092e93f000 VMThread "VM Thread" [stack: 0x00000029e2500000,0x00000029e2600000] [id=3092]
  0x000002092ec6f000 WatcherThread [stack: 0x00000029e2f00000,0x00000029e3000000] [id=6900]
  0x00000209132bf000 GCTaskThread "GC Thread#0" [stack: 0x00000029e2000000,0x00000029e2100000] [id=6448]
  0x000002092f50b800 GCTaskThread "GC Thread#1" [stack: 0x00000029e3000000,0x00000029e3100000] [id=2024]
  0x000002092f92e800 GCTaskThread "GC Thread#2" [stack: 0x00000029e3500000,0x00000029e3600000] [id=14228]
  0x000002092f912000 GCTaskThread "GC Thread#3" [stack: 0x00000029e3600000,0x00000029e3700000] [id=15260]
  0x00000209132d1000 ConcurrentGCThread "G1 Main Marker" [stack: 0x00000029e2100000,0x00000029e2200000] [id=13184]
  0x00000209132d3800 ConcurrentGCThread "G1 Conc#0" [stack: 0x00000029e2200000,0x00000029e2300000] [id=7672]
  0x0000020913327000 ConcurrentGCThread "G1 Refine#0" [stack: 0x00000029e2300000,0x00000029e2400000] [id=11696]
  0x0000020913328000 ConcurrentGCThread "G1 Young RemSet Sampling" [stack: 0x00000029e2400000,0x00000029e2500000] [id=12040]

Threads with active compile tasks:
C2 CompilerThread0  24689 2552   !   4       jdk.internal.loader.BuiltinClassLoader::loadClassOrNull (143 bytes)

VM state:synchronizing (normal execution)

VM Mutex/Monitor currently owned by a thread:  ([mutex/lock_event])
[0x000002091329eac0] Threads_lock - owner thread: 0x000002092e93f000

Heap address: 0x00000000e0000000, size: 512 MB, Compressed Oops mode: 32-bit
Narrow klass base: 0x0000000000000000, Narrow klass shift: 3
Compressed class space size: 1073741824 Address: 0x0000000100000000

Heap:
 garbage-first heap   total 63488K, used 36386K [0x00000000e0000000, 0x0000000100000000)
  region size 1024K, 8 young (8192K), 3 survivors (3072K)
 Metaspace       used 33641K, capacity 34732K, committed 34992K, reserved 1079296K
  class space    used 4104K, capacity 4532K, committed 4608K, reserved 1048576K
Heap Regions: E=young(eden), S=young(survivor), O=old, HS=humongous(starts), HC=humongous(continues), CS=collection set, F=free, A=archive, TAMS=top-at-mark-start (previous, next)
|   0|0x00000000e0000000, 0x00000000e0100000, 0x00000000e0100000|100%| O|  |TAMS 0x00000000e0100000, 0x00000000e0000000| Untracked 
|   1|0x00000000e0100000, 0x00000000e0200000, 0x00000000e0200000|100%| O|  |TAMS 0x00000000e0200000, 0x00000000e0100000| Untracked 
|   2|0x00000000e0200000, 0x00000000e0300000, 0x00000000e0300000|100%| O|  |TAMS 0x00000000e0300000, 0x00000000e0200000| Untracked 
|   3|0x00000000e0300000, 0x00000000e0400000, 0x00000000e0400000|100%| O|  |TAMS 0x00000000e0400000, 0x00000000e0300000| Untracked 
|   4|0x00000000e0400000, 0x00000000e0500000, 0x00000000e0500000|100%| O|  |TAMS 0x00000000e0500000, 0x00000000e0400000| Untracked 
|   5|0x00000000e0500000, 0x00000000e0600000, 0x00000000e0600000|100%| O|  |TAMS 0x00000000e0600000, 0x00000000e0500000| Untracked 
|   6|0x00000000e0600000, 0x00000000e0700000, 0x00000000e0700000|100%| O|  |TAMS 0x00000000e0700000, 0x00000000e0600000| Untracked 
|   7|0x00000000e0700000, 0x00000000e0800000, 0x00000000e0800000|100%| O|  |TAMS 0x00000000e0800000, 0x00000000e0700000| Untracked 
|   8|0x00000000e0800000, 0x00000000e0900000, 0x00000000e0900000|100%| O|  |TAMS 0x00000000e0900000, 0x00000000e0800000| Untracked 
|   9|0x00000000e0900000, 0x00000000e0a00000, 0x00000000e0a00000|100%| O|  |TAMS 0x00000000e0a00000, 0x00000000e0900000| Untracked 
|  10|0x00000000e0a00000, 0x00000000e0b00000, 0x00000000e0b00000|100%| O|  |TAMS 0x00000000e0b00000, 0x00000000e0a00000| Untracked 
|  11|0x00000000e0b00000, 0x00000000e0c00000, 0x00000000e0c00000|100%| O|  |TAMS 0x00000000e0c00000, 0x00000000e0b00000| Untracked 
|  12|0x00000000e0c00000, 0x00000000e0c37400, 0x00000000e0d00000| 21%| O|  |TAMS 0x00000000e0c37400, 0x00000000e0c00000| Untracked 
|  13|0x00000000e0d00000, 0x00000000e0e00000, 0x00000000e0e00000|100%|HS|  |TAMS 0x00000000e0d00000, 0x00000000e0d00000| Complete 
|  14|0x00000000e0e00000, 0x00000000e0f00000, 0x00000000e0f00000|100%|HC|  |TAMS 0x00000000e0e00000, 0x00000000e0e00000| Complete 
|  15|0x00000000e0f00000, 0x00000000e1000000, 0x00000000e1000000|100%|HC|  |TAMS 0x00000000e0f00000, 0x00000000e0f00000| Complete 
|  16|0x00000000e1000000, 0x00000000e1100000, 0x00000000e1100000|100%|HC|  |TAMS 0x00000000e1000000, 0x00000000e1000000| Complete 
|  17|0x00000000e1100000, 0x00000000e1200000, 0x00000000e1200000|100%|HC|  |TAMS 0x00000000e1100000, 0x00000000e1100000| Complete 
|  18|0x00000000e1200000, 0x00000000e1300000, 0x00000000e1300000|100%|HC|  |TAMS 0x00000000e1200000, 0x00000000e1200000| Complete 
|  19|0x00000000e1300000, 0x00000000e1400000, 0x00000000e1400000|100%|HC|  |TAMS 0x00000000e1300000, 0x00000000e1300000| Complete 
|  20|0x00000000e1400000, 0x00000000e1500000, 0x00000000e1500000|100%|HC|  |TAMS 0x00000000e1400000, 0x00000000e1400000| Complete 
|  21|0x00000000e1500000, 0x00000000e1600000, 0x00000000e1600000|100%|HC|  |TAMS 0x00000000e1500000, 0x00000000e1500000| Complete 
|  22|0x00000000e1600000, 0x00000000e1700000, 0x00000000e1700000|100%|HC|  |TAMS 0x00000000e1600000, 0x00000000e1600000| Complete 
|  23|0x00000000e1700000, 0x00000000e1800000, 0x00000000e1800000|100%|HC|  |TAMS 0x00000000e1700000, 0x00000000e1700000| Complete 
|  24|0x00000000e1800000, 0x00000000e1900000, 0x00000000e1900000|100%|HC|  |TAMS 0x00000000e1800000, 0x00000000e1800000| Complete 
|  25|0x00000000e1900000, 0x00000000e1a00000, 0x00000000e1a00000|100%|HC|  |TAMS 0x00000000e1900000, 0x00000000e1900000| Complete 
|  26|0x00000000e1a00000, 0x00000000e1b00000, 0x00000000e1b00000|100%|HC|  |TAMS 0x00000000e1a00000, 0x00000000e1a00000| Complete 
|  27|0x00000000e1b00000, 0x00000000e1c00000, 0x00000000e1c00000|100%|HC|  |TAMS 0x00000000e1b00000, 0x00000000e1b00000| Complete 
|  28|0x00000000e1c00000, 0x00000000e1d00000, 0x00000000e1d00000|100%|HC|  |TAMS 0x00000000e1c00000, 0x00000000e1c00000| Complete 
|  29|0x00000000e1d00000, 0x00000000e1e00000, 0x00000000e1e00000|100%|HC|  |TAMS 0x00000000e1d00000, 0x00000000e1d00000| Complete 
|  30|0x00000000e1e00000, 0x00000000e1e00000, 0x00000000e1f00000|  0%| F|  |TAMS 0x00000000e1e00000, 0x00000000e1e00000| Untracked 
|  31|0x00000000e1f00000, 0x00000000e1f00000, 0x00000000e2000000|  0%| F|  |TAMS 0x00000000e1f00000, 0x00000000e1f00000| Untracked 
|  32|0x00000000e2000000, 0x00000000e2000000, 0x00000000e2100000|  0%| F|  |TAMS 0x00000000e2000000, 0x00000000e2000000| Untracked 
|  33|0x00000000e2100000, 0x00000000e2100000, 0x00000000e2200000|  0%| F|  |TAMS 0x00000000e2100000, 0x00000000e2100000| Untracked 
|  34|0x00000000e2200000, 0x00000000e2200000, 0x00000000e2300000|  0%| F|  |TAMS 0x00000000e2200000, 0x00000000e2200000| Untracked 
|  35|0x00000000e2300000, 0x00000000e2300000, 0x00000000e2400000|  0%| F|  |TAMS 0x00000000e2300000, 0x00000000e2300000| Untracked 
|  36|0x00000000e2400000, 0x00000000e2400000, 0x00000000e2500000|  0%| F|  |TAMS 0x00000000e2400000, 0x00000000e2400000| Untracked 
|  37|0x00000000e2500000, 0x00000000e2500000, 0x00000000e2600000|  0%| F|  |TAMS 0x00000000e2500000, 0x00000000e2500000| Untracked 
|  38|0x00000000e2600000, 0x00000000e2600000, 0x00000000e2700000|  0%| F|  |TAMS 0x00000000e2600000, 0x00000000e2600000| Untracked 
|  39|0x00000000e2700000, 0x00000000e2700000, 0x00000000e2800000|  0%| F|  |TAMS 0x00000000e2700000, 0x00000000e2700000| Untracked 
|  40|0x00000000e2800000, 0x00000000e2800000, 0x00000000e2900000|  0%| F|  |TAMS 0x00000000e2800000, 0x00000000e2800000| Untracked 
|  41|0x00000000e2900000, 0x00000000e2900000, 0x00000000e2a00000|  0%| F|  |TAMS 0x00000000e2900000, 0x00000000e2900000| Untracked 
|  42|0x00000000e2a00000, 0x00000000e2a00000, 0x00000000e2b00000|  0%| F|  |TAMS 0x00000000e2a00000, 0x00000000e2a00000| Untracked 
|  43|0x00000000e2b00000, 0x00000000e2b00000, 0x00000000e2c00000|  0%| F|  |TAMS 0x00000000e2b00000, 0x00000000e2b00000| Untracked 
|  44|0x00000000e2c00000, 0x00000000e2c00000, 0x00000000e2d00000|  0%| F|  |TAMS 0x00000000e2c00000, 0x00000000e2c00000| Untracked 
|  45|0x00000000e2d00000, 0x00000000e2d00000, 0x00000000e2e00000|  0%| F|  |TAMS 0x00000000e2d00000, 0x00000000e2d00000| Untracked 
|  46|0x00000000e2e00000, 0x00000000e2e00000, 0x00000000e2f00000|  0%| F|  |TAMS 0x00000000e2e00000, 0x00000000e2e00000| Untracked 
|  47|0x00000000e2f00000, 0x00000000e2f00000, 0x00000000e3000000|  0%| F|  |TAMS 0x00000000e2f00000, 0x00000000e2f00000| Untracked 
|  48|0x00000000e3000000, 0x00000000e3000000, 0x00000000e3100000|  0%| F|  |TAMS 0x00000000e3000000, 0x00000000e3000000| Untracked 
|  49|0x00000000e3100000, 0x00000000e3100000, 0x00000000e3200000|  0%| F|  |TAMS 0x00000000e3100000, 0x00000000e3100000| Untracked 
|  50|0x00000000e3200000, 0x00000000e3200000, 0x00000000e3300000|  0%| F|  |TAMS 0x00000000e3200000, 0x00000000e3200000| Untracked 
|  51|0x00000000e3300000, 0x00000000e33514c8, 0x00000000e3400000| 31%| S|CS|TAMS 0x00000000e3300000, 0x00000000e3300000| Complete 
|  52|0x00000000e3400000, 0x00000000e3500000, 0x00000000e3500000|100%| S|CS|TAMS 0x00000000e3400000, 0x00000000e3400000| Complete 
|  53|0x00000000e3500000, 0x00000000e3600000, 0x00000000e3600000|100%| S|CS|TAMS 0x00000000e3500000, 0x00000000e3500000| Complete 
|  54|0x00000000e3600000, 0x00000000e3600000, 0x00000000e3700000|  0%| F|  |TAMS 0x00000000e3600000, 0x00000000e3600000| Untracked 
|  55|0x00000000e3700000, 0x00000000e3700000, 0x00000000e3800000|  0%| F|  |TAMS 0x00000000e3700000, 0x00000000e3700000| Untracked 
|  56|0x00000000e3800000, 0x00000000e3800000, 0x00000000e3900000|  0%| F|  |TAMS 0x00000000e3800000, 0x00000000e3800000| Untracked 
|  57|0x00000000e3900000, 0x00000000e39c4ff0, 0x00000000e3a00000| 76%| E|  |TAMS 0x00000000e3900000, 0x00000000e3900000| Complete 
|  58|0x00000000e3a00000, 0x00000000e3b00000, 0x00000000e3b00000|100%| E|CS|TAMS 0x00000000e3a00000, 0x00000000e3a00000| Complete 
|  59|0x00000000e3b00000, 0x00000000e3c00000, 0x00000000e3c00000|100%| E|CS|TAMS 0x00000000e3b00000, 0x00000000e3b00000| Complete 
|  60|0x00000000e3c00000, 0x00000000e3d00000, 0x00000000e3d00000|100%| E|CS|TAMS 0x00000000e3c00000, 0x00000000e3c00000| Complete 
|  61|0x00000000e3d00000, 0x00000000e3e00000, 0x00000000e3e00000|100%| E|CS|TAMS 0x00000000e3d00000, 0x00000000e3d00000| Complete 

Card table byte_map: [0x000002092a9c0000,0x000002092aac0000] _byte_map_base: 0x000002092a2c0000

Marking Bits (Prev, Next): (CMBitMap*) 0x00000209132ce638, (CMBitMap*) 0x00000209132ce670
 Prev Bits: [0x000002092abc0000, 0x000002092b3c0000)
 Next Bits: [0x000002092b3c0000, 0x000002092bbc0000)

Polling page: 0x00000209111b0000

Metaspace:

Usage:
  Non-class:     29.49 MB capacity,    28.84 MB ( 98%) used,   549.24 KB (  2%) free+waste,   114.13 KB ( <1%) overhead. 
      Class:      4.43 MB capacity,     4.01 MB ( 91%) used,   370.82 KB (  8%) free+waste,    56.81 KB (  1%) overhead. 
       Both:     33.92 MB capacity,    32.85 MB ( 97%) used,   920.06 KB (  3%) free+waste,   170.94 KB ( <1%) overhead. 

Virtual space:
  Non-class space:       30.00 MB reserved,      29.67 MB ( 99%) committed 
      Class space:        1.00 GB reserved,       4.50 MB ( <1%) committed 
             Both:        1.03 GB reserved,      34.17 MB (  3%) committed 

Chunk freelists:
   Non-Class:  56.00 KB
       Class:  12.00 KB
        Both:  68.00 KB

MaxMetaspaceSize: 17179869184.00 GB
CompressedClassSpaceSize: 1.00 GB
Initial GC threshold: 20.80 MB
Current GC threshold: 55.91 MB
CDS: off

CodeHeap 'non-profiled nmethods': size=120064Kb used=1196Kb max_used=1196Kb free=118867Kb
 bounds [0x0000020923480000, 0x00000209236f0000, 0x000002092a9c0000]
CodeHeap 'profiled nmethods': size=120000Kb used=5589Kb max_used=5589Kb free=114411Kb
 bounds [0x000002091bf50000, 0x000002091c4d0000, 0x0000020923480000]
CodeHeap 'non-nmethods': size=5696Kb used=1256Kb max_used=1274Kb free=4439Kb
 bounds [0x000002091b9c0000, 0x000002091bc30000, 0x000002091bf50000]
 total_blobs=3068 nmethods=2536 adapters=445
 compilation: enabled
              stopped_count=0, restarted_count=0
 full_count=0

Compilation events (20 events):
Event: 24.194 Thread 0x000002092e9d9000 nmethod 2543 0x00000209235a9190 code [0x00000209235a9340, 0x00000209235a93d8]
Event: 24.331 Thread 0x000002092e9ce800 2544       4       java.util.zip.ZipEntry::<init> (79 bytes)
Event: 24.335 Thread 0x000002092e9ce800 nmethod 2544 0x00000209235a9490 code [0x00000209235a9620, 0x00000209235a97b8]
Event: 24.340 Thread 0x000002092e9d9000 2545       3       io.netty.buffer.PooledUnsafeDirectByteBuf::addr (8 bytes)
Event: 24.340 Thread 0x000002092e9d9000 nmethod 2545 0x000002091c4c3a90 code [0x000002091c4c3c40, 0x000002091c4c3d58]
Event: 24.375 Thread 0x000002092e9d9000 2546       3       java.lang.Package::<init> (47 bytes)
Event: 24.376 Thread 0x000002092e9d9000 nmethod 2546 0x000002091c4c3e10 code [0x000002091c4c4000, 0x000002091c4c4448]
Event: 24.376 Thread 0x000002092e9d9000 2547       3       java.lang.Package$VersionInfo::getInstance (53 bytes)
Event: 24.376 Thread 0x000002092e9d9000 nmethod 2547 0x000002091c4c4690 code [0x000002091c4c4860, 0x000002091c4c4c08]
Event: 24.377 Thread 0x000002092e9d9000 2548       1       io.netty.channel.DefaultChannelPipeline::channel (5 bytes)
Event: 24.377 Thread 0x000002092e9d9000 nmethod 2548 0x00000209235a9910 code [0x00000209235a9ac0, 0x00000209235a9b78]
Event: 24.382 Thread 0x000002092e9d9000 2549       3       java.util.ArrayList::isEmpty (13 bytes)
Event: 24.382 Thread 0x000002092e9d9000 nmethod 2549 0x000002091c4c4d10 code [0x000002091c4c4ec0, 0x000002091c4c5018]
Event: 24.430 Thread 0x000002092e9ce800 2550   !   4       java.util.zip.ZipFile$ZipFileInputStream::close (59 bytes)
Event: 24.452 Thread 0x000002092e9ce800 nmethod 2550 0x00000209235a9c10 code [0x00000209235a9de0, 0x00000209235aa578]
Event: 24.452 Thread 0x000002092e9ce800 2551       4       java.util.WeakHashMap::remove (133 bytes)
Event: 24.463 Thread 0x000002092e9ce800 nmethod 2551 0x00000209235aaa10 code [0x00000209235aabc0, 0x00000209235aafe8]
Event: 24.490 Thread 0x000002092e9ce800 2552   !   4       jdk.internal.loader.BuiltinClassLoader::loadClassOrNull (143 bytes)
Event: 24.513 Thread 0x000002092e9d9000 2553       3       sun.misc.Unsafe::getLong (9 bytes)
Event: 24.514 Thread 0x000002092e9d9000 nmethod 2553 0x000002091c4c5090 code [0x000002091c4c5240, 0x000002091c4c5338]

GC Heap History (16 events):
Event: 2.797 GC heap before
{Heap before GC invocations=0 (full 0):
 garbage-first heap   total 63488K, used 13312K [0x00000000e0000000, 0x0000000100000000)
  region size 1024K, 14 young (14336K), 0 survivors (0K)
 Metaspace       used 8911K, capacity 9069K, committed 9216K, reserved 1056768K
  class space    used 880K, capacity 964K, committed 1024K, reserved 1048576K
}
Event: 2.818 GC heap after
{Heap after GC invocations=1 (full 0):
 garbage-first heap   total 63488K, used 5958K [0x00000000e0000000, 0x0000000100000000)
  region size 1024K, 2 young (2048K), 2 survivors (2048K)
 Metaspace       used 8911K, capacity 9069K, committed 9216K, reserved 1056768K
  class space    used 880K, capacity 964K, committed 1024K, reserved 1048576K
}
Event: 4.560 GC heap before
{Heap before GC invocations=1 (full 0):
 garbage-first heap   total 63488K, used 13126K [0x00000000e0000000, 0x0000000100000000)
  region size 1024K, 9 young (9216K), 2 survivors (2048K)
 Metaspace       used 12619K, capacity 12923K, committed 13056K, reserved 1060864K
  class space    used 1319K, capacity 1412K, committed 1536K, reserved 1048576K
}
Event: 4.641 GC heap after
{Heap after GC invocations=2 (full 0):
 garbage-first heap   total 63488K, used 6895K [0x00000000e0000000, 0x0000000100000000)
  region size 1024K, 2 young (2048K), 2 survivors (2048K)
 Metaspace       used 12619K, capacity 12923K, committed 13056K, reserved 1060864K
  class space    used 1319K, capacity 1412K, committed 1536K, reserved 1048576K
}
Event: 7.401 GC heap before
{Heap before GC invocations=2 (full 0):
 garbage-first heap   total 63488K, used 28399K [0x00000000e0000000, 0x0000000100000000)
  region size 1024K, 23 young (23552K), 2 survivors (2048K)
 Metaspace       used 17023K, capacity 17747K, committed 17920K, reserved 1064960K
  class space    used 1945K, capacity 2206K, committed 2304K, reserved 1048576K
}
Event: 7.408 GC heap after
{Heap after GC invocations=3 (full 0):
 garbage-first heap   total 63488K, used 8041K [0x00000000e0000000, 0x0000000100000000)
  region size 1024K, 3 young (3072K), 3 survivors (3072K)
 Metaspace       used 17023K, capacity 17747K, committed 17920K, reserved 1064960K
  class space    used 1945K, capacity 2206K, committed 2304K, reserved 1048576K
}
Event: 8.991 GC heap before
{Heap before GC invocations=3 (full 0):
 garbage-first heap   total 63488K, used 28521K [0x00000000e0000000, 0x0000000100000000)
  region size 1024K, 25 young (25600K), 3 survivors (3072K)
 Metaspace       used 20448K, capacity 21174K, committed 21296K, reserved 1069056K
  class space    used 2330K, capacity 2623K, committed 2688K, reserved 1048576K
}
Event: 9.008 GC heap after
{Heap after GC invocations=4 (full 0):
 garbage-first heap   total 63488K, used 10933K [0x00000000e0000000, 0x0000000100000000)
  region size 1024K, 4 young (4096K), 4 survivors (4096K)
 Metaspace       used 20448K, capacity 21174K, committed 21296K, reserved 1069056K
  class space    used 2330K, capacity 2623K, committed 2688K, reserved 1048576K
}
Event: 13.207 GC heap before
{Heap before GC invocations=5 (full 0):
 garbage-first heap   total 63488K, used 38581K [0x00000000e0000000, 0x0000000100000000)
  region size 1024K, 31 young (31744K), 4 survivors (4096K)
 Metaspace       used 24889K, capacity 25682K, committed 26032K, reserved 1073152K
  class space    used 2915K, capacity 3233K, committed 3328K, reserved 1048576K
}
Event: 13.217 GC heap after
{Heap after GC invocations=6 (full 0):
 garbage-first heap   total 63488K, used 12735K [0x00000000e0000000, 0x0000000100000000)
  region size 1024K, 2 young (2048K), 2 survivors (2048K)
 Metaspace       used 24889K, capacity 25682K, committed 26032K, reserved 1073152K
  class space    used 2915K, capacity 3233K, committed 3328K, reserved 1048576K
}
Event: 14.524 GC heap before
{Heap before GC invocations=6 (full 0):
 garbage-first heap   total 63488K, used 40383K [0x00000000e0000000, 0x0000000100000000)
  region size 1024K, 29 young (29696K), 2 survivors (2048K)
 Metaspace       used 28438K, capacity 29254K, committed 29488K, reserved 1075200K
  class space    used 3344K, capacity 3635K, committed 3712K, reserved 1048576K
}
Event: 14.529 GC heap after
{Heap after GC invocations=7 (full 0):
 garbage-first heap   total 63488K, used 13762K [0x00000000e0000000, 0x0000000100000000)
  region size 1024K, 3 young (3072K), 3 survivors (3072K)
 Metaspace       used 28438K, capacity 29254K, committed 29488K, reserved 1075200K
  class space    used 3344K, capacity 3635K, committed 3712K, reserved 1048576K
}
Event: 17.320 GC heap before
{Heap before GC invocations=7 (full 0):
 garbage-first heap   total 63488K, used 40386K [0x00000000e0000000, 0x0000000100000000)
  region size 1024K, 30 young (30720K), 3 survivors (3072K)
 Metaspace       used 32155K, capacity 33243K, committed 33456K, reserved 1079296K
  class space    used 3863K, capacity 4270K, committed 4352K, reserved 1048576K
}
Event: 17.327 GC heap after
{Heap after GC invocations=8 (full 0):
 garbage-first heap   total 63488K, used 14496K [0x00000000e0000000, 0x0000000100000000)
  region size 1024K, 2 young (2048K), 2 survivors (2048K)
 Metaspace       used 32155K, capacity 33243K, committed 33456K, reserved 1079296K
  class space    used 3863K, capacity 4270K, committed 4352K, reserved 1048576K
}
Event: 17.691 GC heap before
{Heap before GC invocations=8 (full 0):
 garbage-first heap   total 63488K, used 21664K [0x00000000e0000000, 0x0000000100000000)
  region size 1024K, 10 young (10240K), 2 survivors (2048K)
 Metaspace       used 33108K, capacity 34174K, committed 34352K, reserved 1079296K
  class space    used 4011K, capacity 4431K, committed 4480K, reserved 1048576K
}
Event: 17.697 GC heap after
{Heap after GC invocations=9 (full 0):
 garbage-first heap   total 63488K, used 14882K [0x00000000e0000000, 0x0000000100000000)
  region size 1024K, 3 young (3072K), 3 survivors (3072K)
 Metaspace       used 33108K, capacity 34174K, committed 34352K, reserved 1079296K
  class space    used 4011K, capacity 4431K, committed 4480K, reserved 1048576K
}

Deoptimization events (20 events):
Event: 14.790 Thread 0x000002092f563800 DEOPT PACKING pc=0x0000020923558d80 sp=0x00000029e32f86c0
Event: 14.790 Thread 0x000002092f563800 DEOPT UNPACKING pc=0x000002091ba0a1a9 sp=0x00000029e32f8670 mode 2
Event: 14.790 Thread 0x000002092f563800 Uncommon trap: trap_request=0xffffffde fr.pc=0x0000020923558d80 relative=0x0000000000000480
Event: 14.790 Thread 0x000002092f563800 Uncommon trap: reason=class_check action=maybe_recompile pc=0x0000020923558d80 method=java.util.regex.Matcher.search(I)Z @ 121 c2
Event: 14.790 Thread 0x000002092f563800 DEOPT PACKING pc=0x0000020923558d80 sp=0x00000029e32f87a0
Event: 14.790 Thread 0x000002092f563800 DEOPT UNPACKING pc=0x000002091ba0a1a9 sp=0x00000029e32f8750 mode 2
Event: 14.791 Thread 0x000002092f563800 Uncommon trap: trap_request=0xffffffde fr.pc=0x0000020923558d80 relative=0x0000000000000480
Event: 14.791 Thread 0x000002092f563800 Uncommon trap: reason=class_check action=maybe_recompile pc=0x0000020923558d80 method=java.util.regex.Matcher.search(I)Z @ 121 c2
Event: 14.791 Thread 0x000002092f563800 DEOPT PACKING pc=0x0000020923558d80 sp=0x00000029e32f85f0
Event: 14.791 Thread 0x000002092f563800 DEOPT UNPACKING pc=0x000002091ba0a1a9 sp=0x00000029e32f85a0 mode 2
Event: 14.823 Thread 0x000002092fe22800 Uncommon trap: trap_request=0xffffffde fr.pc=0x0000020923543204 relative=0x00000000000012c4
Event: 14.823 Thread 0x000002092fe22800 Uncommon trap: reason=class_check action=maybe_recompile pc=0x0000020923543204 method=java.util.concurrent.ConcurrentHashMap.putVal(Ljava/lang/Object;Ljava/lang/Object;Z)Ljava/lang/Object; @ 159 c2
Event: 14.823 Thread 0x000002092fe22800 DEOPT PACKING pc=0x0000020923543204 sp=0x00000029e39fe230
Event: 14.823 Thread 0x000002092fe22800 DEOPT UNPACKING pc=0x000002091ba0a1a9 sp=0x00000029e39fe1c0 mode 2
Event: 14.974 Thread 0x000002092f563800 Uncommon trap: trap_request=0xffffff4d fr.pc=0x0000020923517080 relative=0x00000000000009a0
Event: 14.974 Thread 0x000002092f563800 Uncommon trap: reason=unstable_if action=reinterpret pc=0x0000020923517080 method=java.lang.String.replace(CC)Ljava/lang/String; @ 2 c2
Event: 14.974 Thread 0x000002092f563800 DEOPT PACKING pc=0x0000020923517080 sp=0x00000029e32f9cb0
Event: 14.974 Thread 0x000002092f563800 DEOPT UNPACKING pc=0x000002091ba0a1a9 sp=0x00000029e32f9c70 mode 2
Event: 16.111 Thread 0x000002092f563800 DEOPT PACKING pc=0x000002091c078d17 sp=0x00000029e32f92f0
Event: 16.111 Thread 0x000002092f563800 DEOPT UNPACKING pc=0x000002091ba0a93f sp=0x00000029e32f8878 mode 0

Classes redefined (0 events):
No events

Internal exceptions (20 events):
Event: 10.602 Thread 0x000002092f563800 Exception <a 'java/lang/NoSuchMethodError'{0x00000000e2c7ad78}: 'java.lang.Object java.lang.invoke.DirectMethodHandle$Holder.invokeStatic(java.lang.Object, long)'> (0x00000000e2c7ad78) thrown at [./src/hotspot/share/interpreter/linkResolver.cpp, line 773]
Event: 10.610 Thread 0x000002092f563800 Exception <a 'java/lang/NoSuchMethodError'{0x00000000e2c89610}: 'java.lang.Object java.lang.invoke.DirectMethodHandle$Holder.invokeStaticInit(java.lang.Object, java.lang.Object, long, java.lang.Object)'> (0x00000000e2c89610) thrown at [./src/hotspot/share/interpreter/linkResolver.cpp, line 773]
Event: 10.612 Thread 0x000002092f563800 Exception <a 'java/lang/NoSuchMethodError'{0x00000000e2c8fcf8}: 'java.lang.Object java.lang.invoke.DirectMethodHandle$Holder.invokeStatic(java.lang.Object, java.lang.Object, long)'> (0x00000000e2c8fcf8) thrown at [./src/hotspot/share/interpreter/linkResolver.cpp, line 773]
Event: 10.614 Thread 0x000002092f563800 Exception <a 'java/lang/NoSuchMethodError'{0x00000000e2c967c0}: 'java.lang.Object java.lang.invoke.Invokers$Holder.linkToTargetMethod(java.lang.Object, long, java.lang.Object)'> (0x00000000e2c967c0) thrown at [./src/hotspot/share/interpreter/linkResolver.cpp, line 773]
Event: 12.825 Thread 0x000002092f563800 Exception <a 'java/lang/NoSuchMethodError'{0x00000000e2888f30}: 'void java.lang.invoke.DirectMethodHandle$Holder.invokeVirtual(java.lang.Object, java.lang.Object)'> (0x00000000e2888f30) thrown at [./src/hotspot/share/interpreter/linkResolver.cpp, line 773]
Event: 12.828 Thread 0x000002092f563800 Exception <a 'java/lang/NoSuchMethodError'{0x00000000e28915d0}: 'int java.lang.invoke.DirectMethodHandle$Holder.invokeStatic(java.lang.Object, java.lang.Object, int, java.lang.Object)'> (0x00000000e28915d0) thrown at [./src/hotspot/share/interpreter/linkResolver.cpp, line 773]
Event: 12.829 Thread 0x000002092f563800 Exception <a 'java/lang/NoSuchMethodError'{0x00000000e2898320}: 'java.lang.Object java.lang.invoke.Invokers$Holder.linkToTargetMethod(java.lang.Object, int, java.lang.Object)'> (0x00000000e2898320) thrown at [./src/hotspot/share/interpreter/linkResolver.cpp, line 773]
Event: 12.830 Thread 0x000002092f563800 Exception <a 'java/lang/IncompatibleClassChangeError'{0x00000000e289b398}: Found class java.lang.Object, but interface was expected> (0x00000000e289b398) thrown at [./src/hotspot/share/interpreter/linkResolver.cpp, line 839]
Event: 12.894 Thread 0x000002092f563800 Exception <a 'java/lang/NoSuchMethodError'{0x00000000e26267d8}: 'java.lang.Object java.lang.invoke.DirectMethodHandle$Holder.invokeInterface(java.lang.Object, java.lang.Object, java.lang.Object, java.lang.Object)'> (0x00000000e26267d8) thrown at [./src/hotspot/share/interpreter/linkResolver.cpp, line 773]
Event: 12.903 Thread 0x000002092f563800 Exception <a 'java/lang/NoSuchMethodError'{0x00000000e2632108}: 'java.lang.Object java.lang.invoke.DirectMethodHandle$Holder.invokeVirtual(java.lang.Object, java.lang.Object, java.lang.Object, java.lang.Object)'> (0x00000000e2632108) thrown at [./src/hotspot/share/interpreter/linkResolver.cpp, line 773]
Event: 13.458 Thread 0x000002092f563800 Exception <a 'java/lang/NoClassDefFoundError'{0x00000000e375d1f0}> (0x00000000e375d1f0) thrown at [./src/hotspot/share/oops/instanceKlass.cpp, line 1029]
Event: 13.462 Thread 0x000002092f563800 Exception <a 'java/lang/NoClassDefFoundError'{0x00000000e378cdb8}: org/apache/logging/log4j/spi/ExtendedLoggerWrapper> (0x00000000e378cdb8) thrown at [./src/hotspot/share/classfile/systemDictionary.cpp, line 220]
Event: 13.467 Thread 0x000002092f563800 Exception <a 'java/lang/NoClassDefFoundError'{0x00000000e37b9be0}: org/apache/log4j/Priority> (0x00000000e37b9be0) thrown at [./src/hotspot/share/classfile/systemDictionary.cpp, line 220]
Event: 14.698 Thread 0x000002092f563800 Exception <a 'java/lang/IncompatibleClassChangeError'{0x00000000e3af89d0}: Found class java.lang.Object, but interface was expected> (0x00000000e3af89d0) thrown at [./src/hotspot/share/interpreter/linkResolver.cpp, line 839]
Event: 15.584 Thread 0x0000020930675800 Exception <a 'java/net/SocketTimeoutException'{0x00000000e3464b38}: connect timed out> (0x00000000e3464b38) thrown at [./src/hotspot/share/prims/jni.cpp, line 636]
Event: 15.707 Thread 0x000002092f563800 Exception <a 'java/lang/NoSuchMethodError'{0x00000000e33d0de8}: 'double java.lang.invoke.DirectMethodHandle$Holder.invokeVirtual(java.lang.Object, java.lang.Object)'> (0x00000000e33d0de8) thrown at [./src/hotspot/share/interpreter/linkResolver.cpp, line 773]
Event: 15.709 Thread 0x000002092f563800 Exception <a 'java/lang/NoSuchMethodError'{0x00000000e33d73a0}: 'float java.lang.invoke.DirectMethodHandle$Holder.invokeVirtual(java.lang.Object, java.lang.Object)'> (0x00000000e33d73a0) thrown at [./src/hotspot/share/interpreter/linkResolver.cpp, line 773]
Event: 15.711 Thread 0x000002092f563800 Exception <a 'java/lang/NoSuchMethodError'{0x00000000e33e00f8}: 'long java.lang.invoke.DirectMethodHandle$Holder.invokeVirtual(java.lang.Object, java.lang.Object)'> (0x00000000e33e00f8) thrown at [./src/hotspot/share/interpreter/linkResolver.cpp, line 773]
Event: 15.884 Thread 0x000002092f563800 Exception <a 'java/lang/NoSuchMethodError'{0x00000000e31bd168}: 'void java.lang.invoke.DirectMethodHandle$Holder.invokeStatic(java.lang.Object, java.lang.Object, int)'> (0x00000000e31bd168) thrown at [./src/hotspot/share/interpreter/linkResolver.cpp, line 773]
Event: 16.072 Thread 0x000002092f563800 Exception <a 'java/lang/NoSuchMethodError'{0x00000000e2eac408}: 'int java.lang.invoke.DirectMethodHandle$Holder.invokeSpecialIFC(java.lang.Object, java.lang.Object, java.lang.Object)'> (0x00000000e2eac408) thrown at [./src/hotspot/share/interpreter/linkResolver.cpp, line 773]

Events (20 events):
Event: 24.492 loading class com/google/common/collect/AbstractMultiset
Event: 24.492 loading class com/google/common/collect/AbstractMultiset done
Event: 24.494 loading class com/google/common/collect/Multisets
Event: 24.494 loading class com/google/common/collect/Multisets done
Event: 24.497 loading class com/google/common/collect/Multiset$Entry
Event: 24.497 loading class com/google/common/collect/Multiset$Entry done
Event: 24.498 loading class com/google/common/collect/SortedMultiset
Event: 24.498 loading class com/google/common/collect/SortedMultiset done
Event: 24.499 loading class com/google/common/collect/SortedMultisetBridge
Event: 24.499 loading class com/google/common/collect/SortedMultisetBridge done
Event: 24.501 loading class com/google/common/collect/Iterables
Event: 24.501 loading class com/google/common/collect/Iterables done
Event: 24.503 loading class com/google/common/collect/Count
Event: 24.503 loading class com/google/common/collect/Count done
Event: 24.504 loading class com/google/common/collect/AbstractMultiset$EntrySet
Event: 24.504 loading class com/google/common/collect/AbstractMultiset$EntrySet done
Event: 24.505 loading class com/google/common/collect/Multisets$EntrySet
Event: 24.505 loading class com/google/common/collect/Multisets$EntrySet done
Event: 24.515 loading class com/google/common/collect/RegularImmutableMultiset
Event: 24.515 loading class com/google/common/collect/RegularImmutableMultiset done


Dynamic libraries:
0x00007ff7b5c10000 - 0x00007ff7b5c1d000 	C:\Program Files\Eclipse Foundation\jdk-11.0.12.7-hotspot\bin\java.exe
0x00007ffed7010000 - 0x00007ffed7205000 	C:\WINDOWS\SYSTEM32\ntdll.dll
0x00007ffed5f50000 - 0x00007ffed600e000 	C:\WINDOWS\System32\KERNEL32.DLL
0x00007ffed4720000 - 0x00007ffed49e8000 	C:\WINDOWS\System32\KERNELBASE.dll
0x00007ffed4b50000 - 0x00007ffed4c50000 	C:\WINDOWS\System32\ucrtbase.dll
0x00007ffecc570000 - 0x00007ffecc587000 	C:\Program Files\Eclipse Foundation\jdk-11.0.12.7-hotspot\bin\jli.dll
0x00007ffed5110000 - 0x00007ffed52b1000 	C:\WINDOWS\System32\USER32.dll
0x00007ffed49f0000 - 0x00007ffed4a12000 	C:\WINDOWS\System32\win32u.dll
0x00007ffed5890000 - 0x00007ffed58bb000 	C:\WINDOWS\System32\GDI32.dll
0x00007ffed4de0000 - 0x00007ffed4eed000 	C:\WINDOWS\System32\gdi32full.dll
0x00007ffed4ab0000 - 0x00007ffed4b4d000 	C:\WINDOWS\System32\msvcp_win.dll
0x00007ffece3b0000 - 0x00007ffece3c5000 	C:\Program Files\Eclipse Foundation\jdk-11.0.12.7-hotspot\bin\VCRUNTIME140.dll
0x00007ffeba4b0000 - 0x00007ffeba74a000 	C:\WINDOWS\WinSxS\amd64_microsoft.windows.common-controls_6595b64144ccf1df_6.0.19041.1110_none_60b5254171f9507e\COMCTL32.dll
0x00007ffed5de0000 - 0x00007ffed5e7e000 	C:\WINDOWS\System32\msvcrt.dll
0x00007ffed6f20000 - 0x00007ffed6f50000 	C:\WINDOWS\System32\IMM32.DLL
0x00007ffeaed00000 - 0x00007ffeaed9b000 	C:\Program Files\Eclipse Foundation\jdk-11.0.12.7-hotspot\bin\msvcp140.dll
0x00007ffe9f460000 - 0x00007ffe9ffb9000 	C:\Program Files\Eclipse Foundation\jdk-11.0.12.7-hotspot\bin\server\jvm.dll
0x00007ffed5770000 - 0x00007ffed581c000 	C:\WINDOWS\System32\ADVAPI32.dll
0x00007ffed58c0000 - 0x00007ffed595b000 	C:\WINDOWS\System32\sechost.dll
0x00007ffed52c0000 - 0x00007ffed53ea000 	C:\WINDOWS\System32\RPCRT4.dll
0x00007ffed5050000 - 0x00007ffed5058000 	C:\WINDOWS\System32\PSAPI.DLL
0x00007ffecf8b0000 - 0x00007ffecf8b9000 	C:\WINDOWS\SYSTEM32\WSOCK32.dll
0x00007ffed5ee0000 - 0x00007ffed5f4b000 	C:\WINDOWS\System32\WS2_32.dll
0x00007ffebce60000 - 0x00007ffebce87000 	C:\WINDOWS\SYSTEM32\WINMM.dll
0x00007ffecd780000 - 0x00007ffecd78a000 	C:\WINDOWS\SYSTEM32\VERSION.dll
0x00007ffed2610000 - 0x00007ffed2622000 	C:\WINDOWS\SYSTEM32\kernel.appcore.dll
0x00007ffecf110000 - 0x00007ffecf120000 	C:\Program Files\Eclipse Foundation\jdk-11.0.12.7-hotspot\bin\verify.dll
0x00007ffed1ef0000 - 0x00007ffed20d4000 	C:\WINDOWS\SYSTEM32\DBGHELP.DLL
0x00007ffec36a0000 - 0x00007ffec36cc000 	C:\WINDOWS\SYSTEM32\dbgcore.DLL
0x00007ffed4a20000 - 0x00007ffed4aa2000 	C:\WINDOWS\System32\bcryptPrimitives.dll
0x00007ffecc310000 - 0x00007ffecc338000 	C:\Program Files\Eclipse Foundation\jdk-11.0.12.7-hotspot\bin\java.dll
0x00007ffecf030000 - 0x00007ffecf03a000 	C:\Program Files\Eclipse Foundation\jdk-11.0.12.7-hotspot\bin\jimage.dll
0x00007ffecc370000 - 0x00007ffecc387000 	C:\Program Files\Eclipse Foundation\jdk-11.0.12.7-hotspot\bin\zip.dll
0x00007ffed6010000 - 0x00007ffed6754000 	C:\WINDOWS\System32\SHELL32.dll
0x00007ffed2810000 - 0x00007ffed2fa4000 	C:\WINDOWS\SYSTEM32\windows.storage.dll
0x00007ffed6980000 - 0x00007ffed6cd5000 	C:\WINDOWS\System32\combase.dll
0x00007ffed4170000 - 0x00007ffed419e000 	C:\WINDOWS\SYSTEM32\Wldp.dll
0x00007ffed5060000 - 0x00007ffed510d000 	C:\WINDOWS\System32\SHCORE.dll
0x00007ffed5830000 - 0x00007ffed5885000 	C:\WINDOWS\System32\shlwapi.dll
0x00007ffed4660000 - 0x00007ffed467f000 	C:\WINDOWS\SYSTEM32\profapi.dll
0x00007ffecc2d0000 - 0x00007ffecc2e9000 	C:\Program Files\Eclipse Foundation\jdk-11.0.12.7-hotspot\bin\net.dll
0x00007ffec9620000 - 0x00007ffec972c000 	C:\WINDOWS\SYSTEM32\WINHTTP.dll
0x00007ffed3ed0000 - 0x00007ffed3f3a000 	C:\WINDOWS\system32\mswsock.dll
0x00007ffecbf10000 - 0x00007ffecbf22000 	C:\Program Files\Eclipse Foundation\jdk-11.0.12.7-hotspot\bin\nio.dll
0x00007ffed40d0000 - 0x00007ffed40e8000 	C:\WINDOWS\SYSTEM32\CRYPTSP.dll
0x00007ffed37e0000 - 0x00007ffed3814000 	C:\WINDOWS\system32\rsaenh.dll
0x00007ffed4c50000 - 0x00007ffed4c77000 	C:\WINDOWS\System32\bcrypt.dll
0x00007ffed4620000 - 0x00007ffed464e000 	C:\WINDOWS\SYSTEM32\USERENV.dll
0x00007ffed40c0000 - 0x00007ffed40cc000 	C:\WINDOWS\SYSTEM32\CRYPTBASE.dll
0x00007ffed3b70000 - 0x00007ffed3bab000 	C:\WINDOWS\SYSTEM32\IPHLPAPI.DLL
0x00007ffed6ce0000 - 0x00007ffed6ce8000 	C:\WINDOWS\System32\NSI.dll
0x00007ffecb800000 - 0x00007ffecb817000 	C:\WINDOWS\SYSTEM32\dhcpcsvc6.DLL
0x00007ffecca50000 - 0x00007ffecca6d000 	C:\WINDOWS\SYSTEM32\dhcpcsvc.DLL
0x00007ffed3bc0000 - 0x00007ffed3c8b000 	C:\WINDOWS\SYSTEM32\DNSAPI.dll
0x00007ffecf660000 - 0x00007ffecf677000 	C:\WINDOWS\system32\napinsp.dll
0x00007ffecf640000 - 0x00007ffecf65b000 	C:\WINDOWS\system32\pnrpnsp.dll
0x00007ffecf000000 - 0x00007ffecf015000 	C:\WINDOWS\system32\wshbth.dll
0x00007ffecf490000 - 0x00007ffecf4ad000 	C:\WINDOWS\system32\NLAapi.dll
0x00007ffecf0d0000 - 0x00007ffecf0e2000 	C:\WINDOWS\System32\winrnr.dll
0x00007ffec9480000 - 0x00007ffec948a000 	C:\Windows\System32\rasadhlp.dll
0x00007ffec9520000 - 0x00007ffec959f000 	C:\WINDOWS\System32\fwpuclnt.dll
0x00007ffecddd0000 - 0x00007ffecddd9000 	C:\Program Files\Eclipse Foundation\jdk-11.0.12.7-hotspot\bin\management.dll
0x00007ffecc4f0000 - 0x00007ffecc4fb000 	C:\Program Files\Eclipse Foundation\jdk-11.0.12.7-hotspot\bin\management_ext.dll
0x00007ffecc5a0000 - 0x00007ffecc5c5000 	C:\Program Files\Eclipse Foundation\jdk-11.0.12.7-hotspot\bin\sunec.dll
0x00007ffecc590000 - 0x00007ffecc59e000 	C:\Program Files\Eclipse Foundation\jdk-11.0.12.7-hotspot\bin\sunmscapi.dll
0x00007ffed4c80000 - 0x00007ffed4dd6000 	C:\WINDOWS\System32\CRYPT32.dll
0x00007ffed41e0000 - 0x00007ffed4207000 	C:\WINDOWS\SYSTEM32\ncrypt.dll
0x00007ffed41a0000 - 0x00007ffed41db000 	C:\WINDOWS\SYSTEM32\NTASN1.dll

dbghelp: loaded successfully - version: 4.0.5 - missing functions: none
symbol engine: initialized successfully - sym options: 0x614 - pdb path: .;C:\Program Files\Eclipse Foundation\jdk-11.0.12.7-hotspot\bin;C:\WINDOWS\SYSTEM32;C:\WINDOWS\WinSxS\amd64_microsoft.windows.common-controls_6595b64144ccf1df_6.0.19041.1110_none_60b5254171f9507e;C:\Program Files\Eclipse Foundation\jdk-11.0.12.7-hotspot\bin\server

VM Arguments:
jvm_args: -Dorg.gradle.internal.worker.tmpdir=C:\PageObjects\build\tmp\test\work -Dorg.gradle.native=false -Dselenide.headless --add-opens=java.base/java.util=ALL-UNNAMED --add-opens=java.base/java.lang=ALL-UNNAMED -Xmx512m -Dfile.encoding=windows-1251 -Duser.country=RU -Duser.language=ru -Duser.variant -ea 
java_command: worker.org.gradle.process.internal.worker.GradleWorkerMain 'Gradle Test Executor 1'
java_class_path (initial): C:\\Users\\ўышџ\\.gradle\\caches\\7.1\\workerMain\\gradle-worker.jar;C:\\PageObjects\\build\\classes\\java\\test;C:\\PageObjects\\build\\resources\\test;C:\\PageObjects\\build\\classes\\java\\main;C:\\PageObjects\\build\\resources\\main;C:\\Users\\ўышџ\\.gradle\\caches\\modules-2\\files-2.1\\org.junit.platform\\junit-platform-engine\\1.8.2\\b737de09f19864bd136805c84df7999a142fec29\\junit-platform-engine-1.8.2.jar;C:\\Users\\ўышџ\\.gradle\\caches\\modules-2\\files-2.1\\org.junit.platform\\junit-platform-commons\\1.8.2\\32c8b8617c1342376fd5af2053da6410d8866861\\junit-platform-commons-1.8.2.jar;C:\\Users\\ўышџ\\.gradle\\caches\\modules-2\\files-2.1\\org.junit.jupiter\\junit-jupiter-engine\\5.8.2\\c598b4328d2f397194d11df3b1648d68d7d990e3\\junit-jupiter-engine-5.8.2.jar;C:\\Users\\ўышџ\\.gradle\\caches\\modules-2\\files-2.1\\org.junit.jupiter\\junit-jupiter-api\\5.8.2\\4c21029217adf07e4c0d0c5e192b6bf610c94bdc\\junit-jupiter-api-5.8.2.jar;C:\\Users\\ўышџ\\.gradle\\caches\\modules-2\\files-2.1\\io.rest-assured\\rest-assured\\4.4.0\\ff8532f394b2e4607a6940edce58474745cd3837\\rest-assured-4.4.0.jar;C:\\Users\\ўышџ\\.gradle\\caches\\modules-2\\files-2.1\\com.codeborne\\selenide\\6.1.2\\14e999f98b546f7d8e14f52d01cfb92f0314c1a8\\selenide-6.1.2.jar;C:\\Users\\ўышџ\\.gradle\\caches\\modules-2\\files-2.1\\com.codeborne\\selenide-core\\6.1.2\\d4b07754c32a2d934488a7fd159da5674b431738\\selenide-core-6.1.2.jar;C:\\Users\\ўышџ\\.gradle\\caches\\modules-2\\files-2.1\\io.github.bonigarcia\\webdrivermanager\\5.0.3\\4521c00642628dbb9c55b16d3a73f9547f83e554\\webdrivermanager-5.0.3.jar;C:\\Users\\ўышџ\\.gradle\\caches\\modules-2\\files-2.1\\com.google.code.gson\\gson\\2.8.9\\8a432c1d6825781e21a02db2e2c33c5fde2833b9\\gson-2.8.9.jar;C:\\Users\\ўышџ\\.gradle\\caches\\modules-2\\files-2.1\\com.github.javafaker\\javafaker\\1.0.2\\be0ff271b1208416822db4438864df47f90af92f\\javafaker-1.0.2.jar;C:\\Users\\ўышџ\\.gradle\\caches\\modules-2\\files-2.1\\org.opentest4j\\opentes
Launcher Type: SUN_STANDARD

[Global flags]
     intx CICompilerCount                          = 3                                         {product} {ergonomic}
     uint ConcGCThreads                            = 1                                         {product} {ergonomic}
     uint G1ConcRefinementThreads                  = 4                                         {product} {ergonomic}
   size_t G1HeapRegionSize                         = 1048576                                   {product} {ergonomic}
    uintx GCDrainStackTargetSize                   = 64                                        {product} {ergonomic}
   size_t InitialHeapSize                          = 65011712                                  {product} {ergonomic}
   size_t MarkStackSize                            = 4194304                                   {product} {ergonomic}
   size_t MaxHeapSize                              = 536870912                                 {product} {command line}
   size_t MaxNewSize                               = 321912832                                 {product} {ergonomic}
   size_t MinHeapDeltaBytes                        = 1048576                                   {product} {ergonomic}
    uintx NonNMethodCodeHeapSize                   = 5830732                                {pd product} {ergonomic}
    uintx NonProfiledCodeHeapSize                  = 122913754                              {pd product} {ergonomic}
    uintx ProfiledCodeHeapSize                     = 122913754                              {pd product} {ergonomic}
    uintx ReservedCodeCacheSize                    = 251658240                              {pd product} {ergonomic}
     bool SegmentedCodeCache                       = true                                      {product} {ergonomic}
     bool UseCompressedClassPointers               = true                                 {lp64_product} {ergonomic}
     bool UseCompressedOops                        = true                                 {lp64_product} {ergonomic}
     bool UseG1GC                                  = true                                      {product} {ergonomic}
     bool UseLargePagesIndividualAllocation        = false                                  {pd product} {ergonomic}

Logging:
Log output configuration:
 #0: stdout all=warning uptime,level,tags
 #1: stderr all=off uptime,level,tags

Environment Variables:
PATH=C:\Program Files (x86)\AdoptOpenJDK\jdk-11.0.11.9-hotspot\bin;C:\Program Files\Eclipse Foundation\jdk-11.0.12.7-hotspot\bin;C:\WINDOWS\system32;C:\WINDOWS;C:\WINDOWS\System32\Wbem;C:\WINDOWS\System32\WindowsPowerShell\v1.0\;C:\WINDOWS\System32\OpenSSH\;C:\Program Files\Intel\TXE Components\DAL\;C:\Program Files (x86)\Intel\TXE Components\DAL\;C:\Program Files (x86)\Git\cmd;C:\Users\ўышџ\AppData\Local\Microsoft\WindowsApps;;C:\Users\ўышџ\AppData\Local\Programs\Microsoft VS Code\bin;C:\Program Files\JetBrains\IntelliJ IDEA Community Edition 2021.2.3\bin;
USERNAME=ўышџ
OS=Windows_NT
PROCESSOR_IDENTIFIER=Intel64 Family 6 Model 92 Stepping 9, GenuineIntel



---------------  S Y S T E M  ---------------

OS: Windows 10 , 64 bit Build 19041 (10.0.19041.1348)
OS uptime: 9 days 19:37 hours

CPU:total 4 (initial active 4) (4 cores per cpu, 1 threads per core) family 6 model 92 stepping 9 microcode 0x32, cmov, cx8, fxsr, mmx, sse, sse2, sse3, ssse3, sse4.1, sse4.2, popcnt, aes, clmul, erms, 3dnowpref, tsc, tscinvbit, sha

Memory: 4k page, system-wide physical 3945M (903M free)
TotalPageFile size 11191M (AvailPageFile size 0M)
current process WorkingSet (physical memory assigned to process): 155M, peak: 166M
current process commit charge ("private bytes"): 197M, peak: 201M

vm_info: OpenJDK 64-Bit Server VM (11.0.12+7) for windows-amd64 JRE (11.0.12+7), built on Jul 21 2021 16:23:49 by "" with unknown MS VC++:1916

END.
