#
# There is insufficient memory for the Java Runtime Environment to continue.
# Native memory allocation (malloc) failed to allocate 1065456 bytes for Chunk::new
# Possible reasons:
#   The system is out of physical RAM or swap space
#   The process is running with CompressedOops enabled, and the Java Heap may be blocking the growth of the native heap
# Possible solutions:
#   Reduce memory load on the system
#   Increase physical memory or swap space
#   Check if swap backing store is full
#   Decrease Java heap size (-Xmx/-Xms)
#   Decrease number of Java threads
#   Decrease Java thread stack sizes (-Xss)
#   Set larger code cache with -XX:ReservedCodeCacheSize=
#   JVM is running with Unscaled Compressed Oops mode in which the Java heap is
#     placed in the first 4GB address space. The Java Heap base address is the
#     maximum limit for the native heap growth. Please use -XX:HeapBaseMinAddress
#     to set the Java Heap base and to place the Java Heap above 4GB virtual address.
# This output file may be truncated or incomplete.
#
#  Out of Memory Error (./src/hotspot/share/memory/arena.cpp:197), pid=15084, tid=13540
#
# JRE version: OpenJDK Runtime Environment Temurin-11.0.12+7 (11.0.12+7) (build 11.0.12+7)
# Java VM: OpenJDK 64-Bit Server VM Temurin-11.0.12+7 (11.0.12+7, mixed mode, tiered, compressed oops, g1 gc, windows-amd64)
# No core dump will be written. Minidumps are not enabled by default on client versions of Windows
#

---------------  S U M M A R Y ------------

Command Line: --add-opens=java.base/java.util=ALL-UNNAMED --add-opens=java.base/java.lang=ALL-UNNAMED --add-opens=java.base/java.lang.invoke=ALL-UNNAMED --add-opens=java.base/java.util=ALL-UNNAMED --add-opens=java.prefs/java.util.prefs=ALL-UNNAMED --add-opens=java.prefs/java.util.prefs=ALL-UNNAMED --add-opens=java.base/java.nio.charset=ALL-UNNAMED --add-opens=java.base/java.net=ALL-UNNAMED --add-opens=java.base/java.util.concurrent.atomic=ALL-UNNAMED -XX:MaxMetaspaceSize=256m -XX:+HeapDumpOnOutOfMemoryError -Xms256m -Xmx512m -Dfile.encoding=windows-1251 -Duser.country=RU -Duser.language=ru -Duser.variant org.gradle.launcher.daemon.bootstrap.GradleDaemon 7.1

Host: Intel(R) Celeron(R) CPU J3455 @ 1.50GHz, 4 cores, 3G,  Windows 10 , 64 bit Build 19041 (10.0.19041.1348)
Time: Thu Jan  6 15:16:59 2022 RTZ 2 (鉅) elapsed time: 57.815186 seconds (0d 0h 0m 57s)

---------------  T H R E A D  ---------------

Current thread (0x000001937f13d800):  JavaThread "C2 CompilerThread0" daemon [_thread_in_native, id=13540, stack(0x000000210f500000,0x000000210f600000)]


Current CompileTask:
C2:  57815 7798   !   4       java.net.URLClassLoader$1::run (63 bytes)

Stack: [0x000000210f500000,0x000000210f600000]
Native frames: (J=compiled Java code, j=interpreted, Vv=VM code, C=native code)
V  [jvm.dll+0x601d0a]
V  [jvm.dll+0x78ab6e]
V  [jvm.dll+0x78c23f]
V  [jvm.dll+0x78c903]
V  [jvm.dll+0x24be68]
V  [jvm.dll+0xc219c]
V  [jvm.dll+0xc275c]
V  [jvm.dll+0x354812]
V  [jvm.dll+0x321f63]
V  [jvm.dll+0x32129a]
V  [jvm.dll+0x205515]
V  [jvm.dll+0x2046fd]
V  [jvm.dll+0x1898fc]
V  [jvm.dll+0x213d67]
V  [jvm.dll+0x211f2b]
V  [jvm.dll+0x74ec19]
V  [jvm.dll+0x747c84]
V  [jvm.dll+0x600ba6]
C  [ucrtbase.dll+0x21bb2]
C  [KERNEL32.DLL+0x17034]
C  [ntdll.dll+0x52651]


---------------  P R O C E S S  ---------------

Threads class SMR info:
_java_thread_list=0x0000019317b00a80, length=96, elements={
0x00000193732bc800, 0x000001937f111800, 0x000001937f11d000, 0x000001937faa3000,
0x000001937f133800, 0x000001937f13c000, 0x000001937f13d800, 0x000001937f13f000,
0x000001937f143000, 0x000001937fc72000, 0x00000193111e3000, 0x0000019312406800,
0x0000019311c18000, 0x0000019311eeb000, 0x00000193120df800, 0x0000019311d62800,
0x0000019312379000, 0x000001931218e000, 0x000001931198a800, 0x00000193130f9800,
0x00000193130fe000, 0x00000193130ff000, 0x0000019313100000, 0x00000193130fa000,
0x00000193130fd800, 0x00000193130fb800, 0x00000193130fb000, 0x00000193130fc800,
0x0000019311e52000, 0x0000019311e53000, 0x0000019311e56000, 0x0000019311e57000,
0x0000019311e58800, 0x0000019311e53800, 0x0000019311e5a800, 0x0000019311e54800,
0x0000019311e5b000, 0x0000019311e55800, 0x0000019311e5c800, 0x0000019311e5c000,
0x0000019311e58000, 0x0000019311e5d800, 0x0000019311e60000, 0x0000019311e5f000,
0x0000019311e5e800, 0x0000019312541800, 0x0000019312542800, 0x0000019312545000,
0x0000019312540800, 0x0000019312547000, 0x0000019312546800, 0x0000019312548000,
0x0000019312545800, 0x0000019312549000, 0x0000019312543000, 0x0000019312549800,
0x0000019312544000, 0x000001931254e000, 0x000001931254e800, 0x000001931254d000,
0x000001931254a800, 0x000001931254b800, 0x000001931254c000, 0x000001931254f800,
0x00000193155f3000, 0x00000193155f6000, 0x00000193155f7000, 0x00000193155f4800,
0x00000193155f8000, 0x00000193155f8800, 0x00000193155f5800, 0x00000193155f9800,
0x00000193155f3800, 0x00000193155fb000, 0x00000193155fe800, 0x00000193155fc000,
0x00000193155fc800, 0x0000019315600000, 0x00000193155ff000, 0x00000193155fd800,
0x00000193155fa800, 0x0000019315601000, 0x0000019315601800, 0x0000019314bc8000,
0x0000019314bce000, 0x0000019314bce800, 0x0000019314bca800, 0x0000019314bc9000,
0x0000019314bcd000, 0x0000019314bcf800, 0x0000019314bcc000, 0x0000019314bd0000,
0x0000019314bd1000, 0x0000019314bcb800, 0x0000019314bc9800, 0x0000019314bd6800
}

Java Threads: ( => current thread )
  0x00000193732bc800 JavaThread "main" [_thread_blocked, id=10456, stack(0x000000210e900000,0x000000210ea00000)]
  0x000001937f111800 JavaThread "Reference Handler" daemon [_thread_blocked, id=9252, stack(0x000000210f000000,0x000000210f100000)]
  0x000001937f11d000 JavaThread "Finalizer" daemon [_thread_blocked, id=14232, stack(0x000000210f100000,0x000000210f200000)]
  0x000001937faa3000 JavaThread "Signal Dispatcher" daemon [_thread_blocked, id=9768, stack(0x000000210f200000,0x000000210f300000)]
  0x000001937f133800 JavaThread "Attach Listener" daemon [_thread_blocked, id=7836, stack(0x000000210f300000,0x000000210f400000)]
  0x000001937f13c000 JavaThread "Service Thread" daemon [_thread_blocked, id=14712, stack(0x000000210f400000,0x000000210f500000)]
=>0x000001937f13d800 JavaThread "C2 CompilerThread0" daemon [_thread_in_native, id=13540, stack(0x000000210f500000,0x000000210f600000)]
  0x000001937f13f000 JavaThread "C1 CompilerThread0" daemon [_thread_blocked, id=5052, stack(0x000000210f600000,0x000000210f700000)]
  0x000001937f143000 JavaThread "Sweeper thread" daemon [_thread_blocked, id=13344, stack(0x000000210f700000,0x000000210f800000)]
  0x000001937fc72000 JavaThread "Common-Cleaner" daemon [_thread_blocked, id=14288, stack(0x000000210f800000,0x000000210f900000)]
  0x00000193111e3000 JavaThread "Daemon health stats" [_thread_blocked, id=3796, stack(0x000000210fd00000,0x000000210fe00000)]
  0x0000019312406800 JavaThread "Incoming local TCP Connector on port 64771" [_thread_in_native, id=5440, stack(0x000000210fe00000,0x000000210ff00000)]
  0x0000019311c18000 JavaThread "Daemon periodic checks" [_thread_blocked, id=12356, stack(0x000000210ff00000,0x0000002110000000)]
  0x0000019311eeb000 JavaThread "Daemon" [_thread_blocked, id=10928, stack(0x0000002110000000,0x0000002110100000)]
  0x00000193120df800 JavaThread "Handler for socket connection from /127.0.0.1:64771 to /127.0.0.1:64772" [_thread_in_native, id=10036, stack(0x0000002110100000,0x0000002110200000)]
  0x0000019311d62800 JavaThread "Cancel handler" [_thread_blocked, id=3216, stack(0x0000002110200000,0x0000002110300000)]
  0x0000019312379000 JavaThread "Daemon worker" [_thread_blocked, id=13324, stack(0x0000002110300000,0x0000002110400000)]
  0x000001931218e000 JavaThread "Asynchronous log dispatcher for DefaultDaemonConnection: socket connection from /127.0.0.1:64771 to /127.0.0.1:64772" [_thread_in_vm, id=13956, stack(0x0000002110400000,0x0000002110500000)]
  0x000001931198a800 JavaThread "Stdin handler" [_thread_blocked, id=13996, stack(0x0000002110500000,0x0000002110600000)]
  0x00000193130f9800 JavaThread "Daemon client event forwarder" [_thread_blocked, id=9444, stack(0x0000002110600000,0x0000002110700000)]
  0x00000193130fe000 JavaThread "Cache worker for journal cache (C:\Users\ﾑ社ｻﾐｸﾑ十.gradle\caches\journal-1)" [_thread_blocked, id=14824, stack(0x0000002110700000,0x0000002110800000)]
  0x00000193130ff000 JavaThread "File lock request listener" [_thread_in_native, id=14280, stack(0x0000002110800000,0x0000002110900000)]
  0x0000019313100000 JavaThread "Cache worker for file hash cache (C:\Users\ﾑ社ｻﾐｸﾑ十.gradle\caches\7.1\fileHashes)" [_thread_blocked, id=1120, stack(0x0000002110900000,0x0000002110a00000)]
  0x00000193130fa000 JavaThread "Cache worker for file hash cache (C:\PageObjects\.gradle\7.1\fileHashes)" [_thread_blocked, id=14212, stack(0x0000002110a00000,0x0000002110b00000)]
  0x00000193130fd800 JavaThread "File watcher server" daemon [_thread_in_native, id=14456, stack(0x0000002110b00000,0x0000002110c00000)]
  0x00000193130fb800 JavaThread "File watcher consumer" daemon [_thread_blocked, id=14448, stack(0x0000002110c00000,0x0000002110d00000)]
  0x00000193130fb000 JavaThread "Cache worker for checksums cache (C:\PageObjects\.gradle\checksums)" [_thread_blocked, id=14328, stack(0x0000002110d00000,0x0000002110e00000)]
  0x00000193130fc800 JavaThread "Cache worker for cache directory md-supplier (C:\Users\ﾑ社ｻﾐｸﾑ十.gradle\caches\7.1\md-supplier)" [_thread_blocked, id=14684, stack(0x0000002110e00000,0x0000002110f00000)]
  0x0000019311e52000 JavaThread "Cache worker for cache directory md-rule (C:\Users\ﾑ社ｻﾐｸﾑ十.gradle\caches\7.1\md-rule)" [_thread_blocked, id=3956, stack(0x0000002110f00000,0x0000002111000000)]
  0x0000019311e53000 JavaThread "Cache worker for execution history cache (C:\Users\ﾑ社ｻﾐｸﾑ十.gradle\caches\7.1\executionHistory)" [_thread_blocked, id=15316, stack(0x0000002111000000,0x0000002111100000)]
  0x0000019311e56000 JavaThread "jar transforms" [_thread_blocked, id=15112, stack(0x0000002111100000,0x0000002111200000)]
  0x0000019311e57000 JavaThread "jar transforms Thread 2" [_thread_blocked, id=3428, stack(0x0000002111200000,0x0000002111300000)]
  0x0000019311e58800 JavaThread "Cache worker for file content cache (C:\Users\ﾑ社ｻﾐｸﾑ十.gradle\caches\7.1\fileContent)" [_thread_blocked, id=14900, stack(0x0000002111300000,0x0000002111400000)]
  0x0000019311e53800 JavaThread "jar transforms Thread 3" [_thread_blocked, id=13860, stack(0x0000002111400000,0x0000002111500000)]
  0x0000019311e5a800 JavaThread "jar transforms Thread 4" [_thread_blocked, id=11576, stack(0x0000002111500000,0x0000002111600000)]
  0x0000019311e54800 JavaThread "Cache worker for dependencies-accessors (C:\PageObjects\.gradle\7.1\dependencies-accessors)" [_thread_blocked, id=1064, stack(0x0000002111600000,0x0000002111700000)]
  0x0000019311e5b000 JavaThread "Cache worker for Build Output Cleanup Cache (C:\PageObjects\.gradle\buildOutputCleanup)" [_thread_blocked, id=6384, stack(0x0000002111700000,0x0000002111800000)]
  0x0000019311e55800 JavaThread "Unconstrained build operations" [_thread_blocked, id=4760, stack(0x0000002111800000,0x0000002111900000)]
  0x0000019311e5c800 JavaThread "Memory manager" [_thread_blocked, id=1996, stack(0x0000002111900000,0x0000002111a00000)]
  0x0000019311e5c000 JavaThread "Execution worker for ':'" [_thread_blocked, id=3664, stack(0x0000002111a00000,0x0000002111b00000)]
  0x0000019311e58000 JavaThread "Execution worker for ':' Thread 2" [_thread_blocked, id=7632, stack(0x0000002111b00000,0x0000002111c00000)]
  0x0000019311e5d800 JavaThread "Execution worker for ':' Thread 3" [_thread_blocked, id=1744, stack(0x0000002111c00000,0x0000002111d00000)]
  0x0000019311e60000 JavaThread "Cache worker for execution history cache (C:\PageObjects\.gradle\7.1\executionHistory)" [_thread_blocked, id=13544, stack(0x0000002111d00000,0x0000002111e00000)]
  0x0000019311e5f000 JavaThread "Unconstrained build operations Thread 2" [_thread_blocked, id=8260, stack(0x0000002111e00000,0x0000002111f00000)]
  0x0000019311e5e800 JavaThread "Unconstrained build operations Thread 3" [_thread_blocked, id=15048, stack(0x0000002111f00000,0x0000002112000000)]
  0x0000019312541800 JavaThread "Unconstrained build operations Thread 4" [_thread_blocked, id=11908, stack(0x0000002112000000,0x0000002112100000)]
  0x0000019312542800 JavaThread "Unconstrained build operations Thread 5" [_thread_blocked, id=13900, stack(0x0000002112100000,0x0000002112200000)]
  0x0000019312545000 JavaThread "Unconstrained build operations Thread 6" [_thread_blocked, id=5396, stack(0x0000002112200000,0x0000002112300000)]
  0x0000019312540800 JavaThread "Unconstrained build operations Thread 7" [_thread_blocked, id=4396, stack(0x0000002112300000,0x0000002112400000)]
  0x0000019312547000 JavaThread "Unconstrained build operations Thread 8" [_thread_blocked, id=13696, stack(0x0000002112400000,0x0000002112500000)]
  0x0000019312546800 JavaThread "Unconstrained build operations Thread 9" [_thread_blocked, id=11440, stack(0x0000002112500000,0x0000002112600000)]
  0x0000019312548000 JavaThread "Unconstrained build operations Thread 10" [_thread_blocked, id=1460, stack(0x0000002112600000,0x0000002112700000)]
  0x0000019312545800 JavaThread "Unconstrained build operations Thread 11" [_thread_blocked, id=7516, stack(0x0000002112700000,0x0000002112800000)]
  0x0000019312549000 JavaThread "Unconstrained build operations Thread 12" [_thread_blocked, id=5200, stack(0x0000002112800000,0x0000002112900000)]
  0x0000019312543000 JavaThread "Unconstrained build operations Thread 13" [_thread_blocked, id=13212, stack(0x0000002112900000,0x0000002112a00000)]
  0x0000019312549800 JavaThread "Unconstrained build operations Thread 14" [_thread_blocked, id=15080, stack(0x0000002112a00000,0x0000002112b00000)]
  0x0000019312544000 JavaThread "Unconstrained build operations Thread 15" [_thread_blocked, id=10476, stack(0x0000002112b00000,0x0000002112c00000)]
  0x000001931254e000 JavaThread "Unconstrained build operations Thread 16" [_thread_blocked, id=6132, stack(0x0000002112c00000,0x0000002112d00000)]
  0x000001931254e800 JavaThread "Unconstrained build operations Thread 17" [_thread_blocked, id=7328, stack(0x0000002112d00000,0x0000002112e00000)]
  0x000001931254d000 JavaThread "Unconstrained build operations Thread 18" [_thread_blocked, id=504, stack(0x0000002112e00000,0x0000002112f00000)]
  0x000001931254a800 JavaThread "Unconstrained build operations Thread 19" [_thread_blocked, id=8384, stack(0x0000002112f00000,0x0000002113000000)]
  0x000001931254b800 JavaThread "Unconstrained build operations Thread 20" [_thread_blocked, id=12000, stack(0x0000002113000000,0x0000002113100000)]
  0x000001931254c000 JavaThread "Unconstrained build operations Thread 21" [_thread_blocked, id=2360, stack(0x0000002113100000,0x0000002113200000)]
  0x000001931254f800 JavaThread "Unconstrained build operations Thread 22" [_thread_blocked, id=14880, stack(0x0000002113200000,0x0000002113300000)]
  0x00000193155f3000 JavaThread "Unconstrained build operations Thread 23" [_thread_blocked, id=8160, stack(0x0000002113300000,0x0000002113400000)]
  0x00000193155f6000 JavaThread "Unconstrained build operations Thread 24" [_thread_blocked, id=14964, stack(0x0000002113400000,0x0000002113500000)]
  0x00000193155f7000 JavaThread "Unconstrained build operations Thread 25" [_thread_blocked, id=9640, stack(0x0000002113500000,0x0000002113600000)]
  0x00000193155f4800 JavaThread "Unconstrained build operations Thread 26" [_thread_blocked, id=8536, stack(0x0000002113600000,0x0000002113700000)]
  0x00000193155f8000 JavaThread "Unconstrained build operations Thread 27" [_thread_blocked, id=3052, stack(0x0000002113700000,0x0000002113800000)]
  0x00000193155f8800 JavaThread "Unconstrained build operations Thread 28" [_thread_blocked, id=5832, stack(0x0000002113800000,0x0000002113900000)]
  0x00000193155f5800 JavaThread "Unconstrained build operations Thread 29" [_thread_blocked, id=14656, stack(0x0000002113900000,0x0000002113a00000)]
  0x00000193155f9800 JavaThread "Unconstrained build operations Thread 30" [_thread_blocked, id=1400, stack(0x0000002113a00000,0x0000002113b00000)]
  0x00000193155f3800 JavaThread "Unconstrained build operations Thread 31" [_thread_blocked, id=8032, stack(0x0000002113b00000,0x0000002113c00000)]
  0x00000193155fb000 JavaThread "Unconstrained build operations Thread 32" [_thread_blocked, id=4784, stack(0x0000002113c00000,0x0000002113d00000)]
  0x00000193155fe800 JavaThread "Unconstrained build operations Thread 33" [_thread_blocked, id=14912, stack(0x0000002113d00000,0x0000002113e00000)]
  0x00000193155fc000 JavaThread "Unconstrained build operations Thread 34" [_thread_blocked, id=13088, stack(0x0000002113e00000,0x0000002113f00000)]
  0x00000193155fc800 JavaThread "Unconstrained build operations Thread 35" [_thread_blocked, id=7084, stack(0x0000002113f00000,0x0000002114000000)]
  0x0000019315600000 JavaThread "Unconstrained build operations Thread 36" [_thread_blocked, id=8264, stack(0x0000002114000000,0x0000002114100000)]
  0x00000193155ff000 JavaThread "Unconstrained build operations Thread 37" [_thread_blocked, id=12496, stack(0x0000002114100000,0x0000002114200000)]
  0x00000193155fd800 JavaThread "Unconstrained build operations Thread 38" [_thread_blocked, id=13992, stack(0x0000002114200000,0x0000002114300000)]
  0x00000193155fa800 JavaThread "Unconstrained build operations Thread 39" [_thread_blocked, id=12660, stack(0x0000002114300000,0x0000002114400000)]
  0x0000019315601000 JavaThread "Unconstrained build operations Thread 40" [_thread_blocked, id=3320, stack(0x0000002114400000,0x0000002114500000)]
  0x0000019315601800 JavaThread "Cache worker for Java compile cache (C:\Users\ﾑ社ｻﾐｸﾑ十.gradle\caches\7.1\javaCompile)" [_thread_blocked, id=3704, stack(0x0000002114500000,0x0000002114600000)]
  0x0000019314bc8000 JavaThread "Build operations" [_thread_blocked, id=11128, stack(0x0000002114600000,0x0000002114700000)]
  0x0000019314bce000 JavaThread "Build operations Thread 2" [_thread_blocked, id=14892, stack(0x0000002114700000,0x0000002114800000)]
  0x0000019314bce800 JavaThread "Build operations Thread 3" [_thread_blocked, id=8424, stack(0x0000002114800000,0x0000002114900000)]
  0x0000019314bca800 JavaThread "Build operations Thread 4" [_thread_blocked, id=9148, stack(0x0000002114900000,0x0000002114a00000)]
  0x0000019314bc9000 JavaThread "Dispatch org.gradle.api.internal.tasks.testing.results.AttachParentTestResultProcessor@79db4bb8" [_thread_blocked, id=15116, stack(0x0000002114c00000,0x0000002114d00000)]
  0x0000019314bcd000 Thread [stack: 0x0000002114d00000,0x0000002114e00000] [id=5592]
  0x0000019314bcf800 Thread [stack: 0x0000002114e00000,0x0000002114f00000] [id=3064]
  0x0000019314bcc000 JavaThread "Exec process" [_thread_blocked, id=12424, stack(0x0000002114f00000,0x0000002115000000)]
  0x0000019314bd0000 JavaThread "Exec process Thread 2" [_thread_blocked, id=12160, stack(0x0000002115100000,0x0000002115200000)]
  0x0000019314bd1000 JavaThread "Exec process Thread 3" [_thread_blocked, id=13188, stack(0x0000002115200000,0x0000002115300000)]
  0x0000019314bcb800 JavaThread "Exec process Thread 4" [_thread_blocked, id=14508, stack(0x0000002115300000,0x0000002115400000)]
  0x0000019314bd6800 Thread [stack: 0x0000002115400000,0x0000002115500000] [id=12628]

Other Threads:
  0x000001937f0f0000 VMThread "VM Thread" [stack: 0x000000210ef00000,0x000000210f000000] [id=15220]
  0x000001937fc78800 WatcherThread [stack: 0x000000210f900000,0x000000210fa00000] [id=14384]
  0x00000193732d6000 GCTaskThread "GC Thread#0" [stack: 0x000000210ea00000,0x000000210eb00000] [id=8792]
  0x00000193111b3000 GCTaskThread "GC Thread#1" [stack: 0x000000210fa00000,0x000000210fb00000] [id=11888]
  0x0000019311154800 GCTaskThread "GC Thread#2" [stack: 0x000000210fb00000,0x000000210fc00000] [id=4256]
  0x0000019311155800 GCTaskThread "GC Thread#3" [stack: 0x000000210fc00000,0x000000210fd00000] [id=14836]
  0x00000193732ea800 ConcurrentGCThread "G1 Main Marker" [stack: 0x000000210eb00000,0x000000210ec00000] [id=2208]
  0x00000193732eb800 ConcurrentGCThread "G1 Conc#0" [stack: 0x000000210ec00000,0x000000210ed00000] [id=8980]
  0x000001937ef8a800 ConcurrentGCThread "G1 Refine#0" [stack: 0x000000210ed00000,0x000000210ee00000] [id=9840]
  0x000001937ef8b000 ConcurrentGCThread "G1 Young RemSet Sampling" [stack: 0x000000210ee00000,0x000000210ef00000] [id=14692]

Threads with active compile tasks:
C2 CompilerThread0  57872 7798   !   4       java.net.URLClassLoader$1::run (63 bytes)
C1 CompilerThread0  57872 7821       3       java.util.regex.Matcher::start (65 bytes)

VM state:synchronizing (normal execution)

VM Mutex/Monitor currently owned by a thread:  ([mutex/lock_event])
[0x00000193732bbaa0] Threads_lock - owner thread: 0x000001937f0f0000

Heap address: 0x00000000e0000000, size: 512 MB, Compressed Oops mode: 32-bit
Narrow klass base: 0x0000000000000000, Narrow klass shift: 3
Compressed class space size: 260046848 Address: 0x0000000100000000

Heap:
 garbage-first heap   total 262144K, used 169685K [0x00000000e0000000, 0x0000000100000000)
  region size 1024K, 140 young (143360K), 20 survivors (20480K)
 Metaspace       used 67334K, capacity 69755K, committed 70008K, reserved 315392K
  class space    used 8809K, capacity 9711K, committed 9848K, reserved 253952K
Heap Regions: E=young(eden), S=young(survivor), O=old, HS=humongous(starts), HC=humongous(continues), CS=collection set, F=free, A=archive, TAMS=top-at-mark-start (previous, next)
|   0|0x00000000e0000000, 0x00000000e0100000, 0x00000000e0100000|100%|HS|  |TAMS 0x00000000e0100000, 0x00000000e0000000| Complete 
|   1|0x00000000e0100000, 0x00000000e0200000, 0x00000000e0200000|100%|HC|  |TAMS 0x00000000e0200000, 0x00000000e0100000| Complete 
|   2|0x00000000e0200000, 0x00000000e0300000, 0x00000000e0300000|100%|HC|  |TAMS 0x00000000e0300000, 0x00000000e0200000| Complete 
|   3|0x00000000e0300000, 0x00000000e0400000, 0x00000000e0400000|100%| O|  |TAMS 0x00000000e0400000, 0x00000000e0300000| Untracked 
|   4|0x00000000e0400000, 0x00000000e0500000, 0x00000000e0500000|100%| O|  |TAMS 0x00000000e0500000, 0x00000000e0400000| Untracked 
|   5|0x00000000e0500000, 0x00000000e0600000, 0x00000000e0600000|100%| O|  |TAMS 0x00000000e0600000, 0x00000000e0500000| Untracked 
|   6|0x00000000e0600000, 0x00000000e0700000, 0x00000000e0700000|100%| O|  |TAMS 0x00000000e0700000, 0x00000000e0600000| Untracked 
|   7|0x00000000e0700000, 0x00000000e0800000, 0x00000000e0800000|100%| O|  |TAMS 0x00000000e0800000, 0x00000000e0700000| Untracked 
|   8|0x00000000e0800000, 0x00000000e0900000, 0x00000000e0900000|100%| O|  |TAMS 0x00000000e0900000, 0x00000000e0800000| Untracked 
|   9|0x00000000e0900000, 0x00000000e0a00000, 0x00000000e0a00000|100%| O|  |TAMS 0x00000000e0a00000, 0x00000000e0900000| Untracked 
|  10|0x00000000e0a00000, 0x00000000e0b00000, 0x00000000e0b00000|100%| O|  |TAMS 0x00000000e0b00000, 0x00000000e0a00000| Untracked 
|  11|0x00000000e0b00000, 0x00000000e0c00000, 0x00000000e0c00000|100%| O|  |TAMS 0x00000000e0c00000, 0x00000000e0b00000| Untracked 
|  12|0x00000000e0c00000, 0x00000000e0d00000, 0x00000000e0d00000|100%| O|  |TAMS 0x00000000e0d00000, 0x00000000e0c00000| Untracked 
|  13|0x00000000e0d00000, 0x00000000e0e00000, 0x00000000e0e00000|100%| O|  |TAMS 0x00000000e0e00000, 0x00000000e0d00000| Untracked 
|  14|0x00000000e0e00000, 0x00000000e0f00000, 0x00000000e0f00000|100%| O|  |TAMS 0x00000000e0f00000, 0x00000000e0e00000| Untracked 
|  15|0x00000000e0f00000, 0x00000000e1000000, 0x00000000e1000000|100%| O|  |TAMS 0x00000000e1000000, 0x00000000e0f00000| Untracked 
|  16|0x00000000e1000000, 0x00000000e1100000, 0x00000000e1100000|100%| O|  |TAMS 0x00000000e1100000, 0x00000000e1000000| Untracked 
|  17|0x00000000e1100000, 0x00000000e1200000, 0x00000000e1200000|100%| O|  |TAMS 0x00000000e1200000, 0x00000000e1100000| Untracked 
|  18|0x00000000e1200000, 0x00000000e1300000, 0x00000000e1300000|100%| O|  |TAMS 0x00000000e1300000, 0x00000000e1200000| Untracked 
|  19|0x00000000e1300000, 0x00000000e1400000, 0x00000000e1400000|100%| O|  |TAMS 0x00000000e1400000, 0x00000000e1300000| Untracked 
|  20|0x00000000e1400000, 0x00000000e1500000, 0x00000000e1500000|100%| O|  |TAMS 0x00000000e1500000, 0x00000000e1400000| Untracked 
|  21|0x00000000e1500000, 0x00000000e1600000, 0x00000000e1600000|100%| O|  |TAMS 0x00000000e1600000, 0x00000000e1500000| Untracked 
|  22|0x00000000e1600000, 0x00000000e1700000, 0x00000000e1700000|100%| O|  |TAMS 0x00000000e1700000, 0x00000000e1600000| Untracked 
|  23|0x00000000e1700000, 0x00000000e1800000, 0x00000000e1800000|100%| O|  |TAMS 0x00000000e1800000, 0x00000000e1700000| Untracked 
|  24|0x00000000e1800000, 0x00000000e1900000, 0x00000000e1900000|100%| O|  |TAMS 0x00000000e1900000, 0x00000000e1800000| Untracked 
|  25|0x00000000e1900000, 0x00000000e1a00000, 0x00000000e1a00000|100%| O|  |TAMS 0x00000000e1a00000, 0x00000000e1900000| Untracked 
|  26|0x00000000e1a00000, 0x00000000e1b00000, 0x00000000e1b00000|100%| O|  |TAMS 0x00000000e1b00000, 0x00000000e1a00000| Untracked 
|  27|0x00000000e1b00000, 0x00000000e1bb5600, 0x00000000e1c00000| 70%| O|  |TAMS 0x00000000e1bb5600, 0x00000000e1b00000| Untracked 
|  28|0x00000000e1c00000, 0x00000000e1c00000, 0x00000000e1d00000|  0%| F|  |TAMS 0x00000000e1c00000, 0x00000000e1c00000| Untracked 
|  29|0x00000000e1d00000, 0x00000000e1d00000, 0x00000000e1e00000|  0%| F|  |TAMS 0x00000000e1d00000, 0x00000000e1d00000| Untracked 
|  30|0x00000000e1e00000, 0x00000000e1e00000, 0x00000000e1f00000|  0%| F|  |TAMS 0x00000000e1e00000, 0x00000000e1e00000| Untracked 
|  31|0x00000000e1f00000, 0x00000000e1f00000, 0x00000000e2000000|  0%| F|  |TAMS 0x00000000e1f00000, 0x00000000e1f00000| Untracked 
|  32|0x00000000e2000000, 0x00000000e2000000, 0x00000000e2100000|  0%| F|  |TAMS 0x00000000e2000000, 0x00000000e2000000| Untracked 
|  33|0x00000000e2100000, 0x00000000e2100000, 0x00000000e2200000|  0%| F|  |TAMS 0x00000000e2100000, 0x00000000e2100000| Untracked 
|  34|0x00000000e2200000, 0x00000000e2200000, 0x00000000e2300000|  0%| F|  |TAMS 0x00000000e2200000, 0x00000000e2200000| Untracked 
|  35|0x00000000e2300000, 0x00000000e2300000, 0x00000000e2400000|  0%| F|  |TAMS 0x00000000e2300000, 0x00000000e2300000| Untracked 
|  36|0x00000000e2400000, 0x00000000e2400000, 0x00000000e2500000|  0%| F|  |TAMS 0x00000000e2400000, 0x00000000e2400000| Untracked 
|  37|0x00000000e2500000, 0x00000000e2500000, 0x00000000e2600000|  0%| F|  |TAMS 0x00000000e2500000, 0x00000000e2500000| Untracked 
|  38|0x00000000e2600000, 0x00000000e2600000, 0x00000000e2700000|  0%| F|  |TAMS 0x00000000e2600000, 0x00000000e2600000| Untracked 
|  39|0x00000000e2700000, 0x00000000e2700000, 0x00000000e2800000|  0%| F|  |TAMS 0x00000000e2700000, 0x00000000e2700000| Untracked 
|  40|0x00000000e2800000, 0x00000000e2800000, 0x00000000e2900000|  0%| F|  |TAMS 0x00000000e2800000, 0x00000000e2800000| Untracked 
|  41|0x00000000e2900000, 0x00000000e2900000, 0x00000000e2a00000|  0%| F|  |TAMS 0x00000000e2900000, 0x00000000e2900000| Untracked 
|  42|0x00000000e2a00000, 0x00000000e2a00000, 0x00000000e2b00000|  0%| F|  |TAMS 0x00000000e2a00000, 0x00000000e2a00000| Untracked 
|  43|0x00000000e2b00000, 0x00000000e2b00000, 0x00000000e2c00000|  0%| F|  |TAMS 0x00000000e2b00000, 0x00000000e2b00000| Untracked 
|  44|0x00000000e2c00000, 0x00000000e2c00000, 0x00000000e2d00000|  0%| F|  |TAMS 0x00000000e2c00000, 0x00000000e2c00000| Untracked 
|  45|0x00000000e2d00000, 0x00000000e2d00000, 0x00000000e2e00000|  0%| F|  |TAMS 0x00000000e2d00000, 0x00000000e2d00000| Untracked 
|  46|0x00000000e2e00000, 0x00000000e2e00000, 0x00000000e2f00000|  0%| F|  |TAMS 0x00000000e2e00000, 0x00000000e2e00000| Untracked 
|  47|0x00000000e2f00000, 0x00000000e2f00000, 0x00000000e3000000|  0%| F|  |TAMS 0x00000000e2f00000, 0x00000000e2f00000| Untracked 
|  48|0x00000000e3000000, 0x00000000e3000000, 0x00000000e3100000|  0%| F|  |TAMS 0x00000000e3000000, 0x00000000e3000000| Untracked 
|  49|0x00000000e3100000, 0x00000000e3100000, 0x00000000e3200000|  0%| F|  |TAMS 0x00000000e3100000, 0x00000000e3100000| Untracked 
|  50|0x00000000e3200000, 0x00000000e3200000, 0x00000000e3300000|  0%| F|  |TAMS 0x00000000e3200000, 0x00000000e3200000| Untracked 
|  51|0x00000000e3300000, 0x00000000e3300000, 0x00000000e3400000|  0%| F|  |TAMS 0x00000000e3300000, 0x00000000e3300000| Untracked 
|  52|0x00000000e3400000, 0x00000000e3400000, 0x00000000e3500000|  0%| F|  |TAMS 0x00000000e3400000, 0x00000000e3400000| Untracked 
|  53|0x00000000e3500000, 0x00000000e3500000, 0x00000000e3600000|  0%| F|  |TAMS 0x00000000e3500000, 0x00000000e3500000| Untracked 
|  54|0x00000000e3600000, 0x00000000e3600000, 0x00000000e3700000|  0%| F|  |TAMS 0x00000000e3600000, 0x00000000e3600000| Untracked 
|  55|0x00000000e3700000, 0x00000000e3700000, 0x00000000e3800000|  0%| F|  |TAMS 0x00000000e3700000, 0x00000000e3700000| Untracked 
|  56|0x00000000e3800000, 0x00000000e3800000, 0x00000000e3900000|  0%| F|  |TAMS 0x00000000e3800000, 0x00000000e3800000| Untracked 
|  57|0x00000000e3900000, 0x00000000e3900000, 0x00000000e3a00000|  0%| F|  |TAMS 0x00000000e3900000, 0x00000000e3900000| Untracked 
|  58|0x00000000e3a00000, 0x00000000e3a00000, 0x00000000e3b00000|  0%| F|  |TAMS 0x00000000e3a00000, 0x00000000e3a00000| Untracked 
|  59|0x00000000e3b00000, 0x00000000e3b00000, 0x00000000e3c00000|  0%| F|  |TAMS 0x00000000e3b00000, 0x00000000e3b00000| Untracked 
|  60|0x00000000e3c00000, 0x00000000e3c00000, 0x00000000e3d00000|  0%| F|  |TAMS 0x00000000e3c00000, 0x00000000e3c00000| Untracked 
|  61|0x00000000e3d00000, 0x00000000e3d00000, 0x00000000e3e00000|  0%| F|  |TAMS 0x00000000e3d00000, 0x00000000e3d00000| Untracked 
|  62|0x00000000e3e00000, 0x00000000e3e00000, 0x00000000e3f00000|  0%| F|  |TAMS 0x00000000e3e00000, 0x00000000e3e00000| Untracked 
|  63|0x00000000e3f00000, 0x00000000e3f00000, 0x00000000e4000000|  0%| F|  |TAMS 0x00000000e3f00000, 0x00000000e3f00000| Untracked 
|  64|0x00000000e4000000, 0x00000000e4000000, 0x00000000e4100000|  0%| F|  |TAMS 0x00000000e4000000, 0x00000000e4000000| Untracked 
|  65|0x00000000e4100000, 0x00000000e4100000, 0x00000000e4200000|  0%| F|  |TAMS 0x00000000e4100000, 0x00000000e4100000| Untracked 
|  66|0x00000000e4200000, 0x00000000e4200000, 0x00000000e4300000|  0%| F|  |TAMS 0x00000000e4200000, 0x00000000e4200000| Untracked 
|  67|0x00000000e4300000, 0x00000000e4300000, 0x00000000e4400000|  0%| F|  |TAMS 0x00000000e4300000, 0x00000000e4300000| Untracked 
|  68|0x00000000e4400000, 0x00000000e4400000, 0x00000000e4500000|  0%| F|  |TAMS 0x00000000e4400000, 0x00000000e4400000| Untracked 
|  69|0x00000000e4500000, 0x00000000e4500000, 0x00000000e4600000|  0%| F|  |TAMS 0x00000000e4500000, 0x00000000e4500000| Untracked 
|  70|0x00000000e4600000, 0x00000000e4600000, 0x00000000e4700000|  0%| F|  |TAMS 0x00000000e4600000, 0x00000000e4600000| Untracked 
|  71|0x00000000e4700000, 0x00000000e4700000, 0x00000000e4800000|  0%| F|  |TAMS 0x00000000e4700000, 0x00000000e4700000| Untracked 
|  72|0x00000000e4800000, 0x00000000e4800000, 0x00000000e4900000|  0%| F|  |TAMS 0x00000000e4800000, 0x00000000e4800000| Untracked 
|  73|0x00000000e4900000, 0x00000000e4900000, 0x00000000e4a00000|  0%| F|  |TAMS 0x00000000e4900000, 0x00000000e4900000| Untracked 
|  74|0x00000000e4a00000, 0x00000000e4a00000, 0x00000000e4b00000|  0%| F|  |TAMS 0x00000000e4a00000, 0x00000000e4a00000| Untracked 
|  75|0x00000000e4b00000, 0x00000000e4b00000, 0x00000000e4c00000|  0%| F|  |TAMS 0x00000000e4b00000, 0x00000000e4b00000| Untracked 
|  76|0x00000000e4c00000, 0x00000000e4c00000, 0x00000000e4d00000|  0%| F|  |TAMS 0x00000000e4c00000, 0x00000000e4c00000| Untracked 
|  77|0x00000000e4d00000, 0x00000000e4d00000, 0x00000000e4e00000|  0%| F|  |TAMS 0x00000000e4d00000, 0x00000000e4d00000| Untracked 
|  78|0x00000000e4e00000, 0x00000000e4e00000, 0x00000000e4f00000|  0%| F|  |TAMS 0x00000000e4e00000, 0x00000000e4e00000| Untracked 
|  79|0x00000000e4f00000, 0x00000000e4f00000, 0x00000000e5000000|  0%| F|  |TAMS 0x00000000e4f00000, 0x00000000e4f00000| Untracked 
|  80|0x00000000e5000000, 0x00000000e5000000, 0x00000000e5100000|  0%| F|  |TAMS 0x00000000e5000000, 0x00000000e5000000| Untracked 
|  81|0x00000000e5100000, 0x00000000e5100000, 0x00000000e5200000|  0%| F|  |TAMS 0x00000000e5100000, 0x00000000e5100000| Untracked 
|  82|0x00000000e5200000, 0x00000000e5200000, 0x00000000e5300000|  0%| F|  |TAMS 0x00000000e5200000, 0x00000000e5200000| Untracked 
|  83|0x00000000e5300000, 0x00000000e5300000, 0x00000000e5400000|  0%| F|  |TAMS 0x00000000e5300000, 0x00000000e5300000| Untracked 
|  84|0x00000000e5400000, 0x00000000e5400000, 0x00000000e5500000|  0%| F|  |TAMS 0x00000000e5400000, 0x00000000e5400000| Untracked 
|  85|0x00000000e5500000, 0x00000000e5500000, 0x00000000e5600000|  0%| F|  |TAMS 0x00000000e5500000, 0x00000000e5500000| Untracked 
|  86|0x00000000e5600000, 0x00000000e5600000, 0x00000000e5700000|  0%| F|  |TAMS 0x00000000e5600000, 0x00000000e5600000| Untracked 
|  87|0x00000000e5700000, 0x00000000e5700000, 0x00000000e5800000|  0%| F|  |TAMS 0x00000000e5700000, 0x00000000e5700000| Untracked 
|  88|0x00000000e5800000, 0x00000000e5800000, 0x00000000e5900000|  0%| F|  |TAMS 0x00000000e5800000, 0x00000000e5800000| Untracked 
|  89|0x00000000e5900000, 0x00000000e5900000, 0x00000000e5a00000|  0%| F|  |TAMS 0x00000000e5900000, 0x00000000e5900000| Untracked 
|  90|0x00000000e5a00000, 0x00000000e5a00000, 0x00000000e5b00000|  0%| F|  |TAMS 0x00000000e5a00000, 0x00000000e5a00000| Untracked 
|  91|0x00000000e5b00000, 0x00000000e5b00000, 0x00000000e5c00000|  0%| F|  |TAMS 0x00000000e5b00000, 0x00000000e5b00000| Untracked 
|  92|0x00000000e5c00000, 0x00000000e5c00000, 0x00000000e5d00000|  0%| F|  |TAMS 0x00000000e5c00000, 0x00000000e5c00000| Untracked 
|  93|0x00000000e5d00000, 0x00000000e5d00000, 0x00000000e5e00000|  0%| F|  |TAMS 0x00000000e5d00000, 0x00000000e5d00000| Untracked 
|  94|0x00000000e5e00000, 0x00000000e5e00000, 0x00000000e5f00000|  0%| F|  |TAMS 0x00000000e5e00000, 0x00000000e5e00000| Untracked 
|  95|0x00000000e5f00000, 0x00000000e5f00000, 0x00000000e6000000|  0%| F|  |TAMS 0x00000000e5f00000, 0x00000000e5f00000| Untracked 
|  96|0x00000000e6000000, 0x00000000e6000000, 0x00000000e6100000|  0%| F|  |TAMS 0x00000000e6000000, 0x00000000e6000000| Untracked 
|  97|0x00000000e6100000, 0x00000000e6100000, 0x00000000e6200000|  0%| F|  |TAMS 0x00000000e6100000, 0x00000000e6100000| Untracked 
|  98|0x00000000e6200000, 0x00000000e6200000, 0x00000000e6300000|  0%| F|  |TAMS 0x00000000e6200000, 0x00000000e6200000| Untracked 
|  99|0x00000000e6300000, 0x00000000e6300000, 0x00000000e6400000|  0%| F|  |TAMS 0x00000000e6300000, 0x00000000e6300000| Untracked 
| 100|0x00000000e6400000, 0x00000000e6400000, 0x00000000e6500000|  0%| F|  |TAMS 0x00000000e6400000, 0x00000000e6400000| Untracked 
| 101|0x00000000e6500000, 0x00000000e6500000, 0x00000000e6600000|  0%| F|  |TAMS 0x00000000e6500000, 0x00000000e6500000| Untracked 
| 102|0x00000000e6600000, 0x00000000e6600000, 0x00000000e6700000|  0%| F|  |TAMS 0x00000000e6600000, 0x00000000e6600000| Untracked 
| 103|0x00000000e6700000, 0x00000000e6700000, 0x00000000e6800000|  0%| F|  |TAMS 0x00000000e6700000, 0x00000000e6700000| Untracked 
| 104|0x00000000e6800000, 0x00000000e6800000, 0x00000000e6900000|  0%| F|  |TAMS 0x00000000e6800000, 0x00000000e6800000| Untracked 
| 105|0x00000000e6900000, 0x00000000e6900000, 0x00000000e6a00000|  0%| F|  |TAMS 0x00000000e6900000, 0x00000000e6900000| Untracked 
| 106|0x00000000e6a00000, 0x00000000e6a00000, 0x00000000e6b00000|  0%| F|  |TAMS 0x00000000e6a00000, 0x00000000e6a00000| Untracked 
| 107|0x00000000e6b00000, 0x00000000e6b00000, 0x00000000e6c00000|  0%| F|  |TAMS 0x00000000e6b00000, 0x00000000e6b00000| Untracked 
| 108|0x00000000e6c00000, 0x00000000e6c00000, 0x00000000e6d00000|  0%| F|  |TAMS 0x00000000e6c00000, 0x00000000e6c00000| Untracked 
| 109|0x00000000e6d00000, 0x00000000e6d00000, 0x00000000e6e00000|  0%| F|  |TAMS 0x00000000e6d00000, 0x00000000e6d00000| Untracked 
| 110|0x00000000e6e00000, 0x00000000e6e00000, 0x00000000e6f00000|  0%| F|  |TAMS 0x00000000e6e00000, 0x00000000e6e00000| Untracked 
| 111|0x00000000e6f00000, 0x00000000e6f00000, 0x00000000e7000000|  0%| F|  |TAMS 0x00000000e6f00000, 0x00000000e6f00000| Untracked 
| 112|0x00000000e7000000, 0x00000000e7000000, 0x00000000e7100000|  0%| F|  |TAMS 0x00000000e7000000, 0x00000000e7000000| Untracked 
| 113|0x00000000e7100000, 0x00000000e7100000, 0x00000000e7200000|  0%| F|  |TAMS 0x00000000e7100000, 0x00000000e7100000| Untracked 
| 114|0x00000000e7200000, 0x00000000e7200000, 0x00000000e7300000|  0%| F|  |TAMS 0x00000000e7200000, 0x00000000e7200000| Untracked 
| 115|0x00000000e7300000, 0x00000000e7300000, 0x00000000e7400000|  0%| F|  |TAMS 0x00000000e7300000, 0x00000000e7300000| Untracked 
| 116|0x00000000e7400000, 0x00000000e7500000, 0x00000000e7500000|100%| S|CS|TAMS 0x00000000e7400000, 0x00000000e7400000| Complete 
| 117|0x00000000e7500000, 0x00000000e7600000, 0x00000000e7600000|100%| S|CS|TAMS 0x00000000e7500000, 0x00000000e7500000| Complete 
| 118|0x00000000e7600000, 0x00000000e7700000, 0x00000000e7700000|100%| S|CS|TAMS 0x00000000e7600000, 0x00000000e7600000| Complete 
| 119|0x00000000e7700000, 0x00000000e7800000, 0x00000000e7800000|100%| S|CS|TAMS 0x00000000e7700000, 0x00000000e7700000| Complete 
| 120|0x00000000e7800000, 0x00000000e7900000, 0x00000000e7900000|100%| S|CS|TAMS 0x00000000e7800000, 0x00000000e7800000| Complete 
| 121|0x00000000e7900000, 0x00000000e7a00000, 0x00000000e7a00000|100%| S|CS|TAMS 0x00000000e7900000, 0x00000000e7900000| Complete 
| 122|0x00000000e7a00000, 0x00000000e7b00000, 0x00000000e7b00000|100%| S|CS|TAMS 0x00000000e7a00000, 0x00000000e7a00000| Complete 
| 123|0x00000000e7b00000, 0x00000000e7c00000, 0x00000000e7c00000|100%| S|CS|TAMS 0x00000000e7b00000, 0x00000000e7b00000| Complete 
| 124|0x00000000e7c00000, 0x00000000e7d00000, 0x00000000e7d00000|100%| S|CS|TAMS 0x00000000e7c00000, 0x00000000e7c00000| Complete 
| 125|0x00000000e7d00000, 0x00000000e7e00000, 0x00000000e7e00000|100%| S|CS|TAMS 0x00000000e7d00000, 0x00000000e7d00000| Complete 
| 126|0x00000000e7e00000, 0x00000000e7f00000, 0x00000000e7f00000|100%| S|CS|TAMS 0x00000000e7e00000, 0x00000000e7e00000| Complete 
| 127|0x00000000e7f00000, 0x00000000e8000000, 0x00000000e8000000|100%| S|CS|TAMS 0x00000000e7f00000, 0x00000000e7f00000| Complete 
| 128|0x00000000e8000000, 0x00000000e8100000, 0x00000000e8100000|100%| S|CS|TAMS 0x00000000e8000000, 0x00000000e8000000| Complete 
| 129|0x00000000e8100000, 0x00000000e8200000, 0x00000000e8200000|100%| S|CS|TAMS 0x00000000e8100000, 0x00000000e8100000| Complete 
| 130|0x00000000e8200000, 0x00000000e8300000, 0x00000000e8300000|100%| S|CS|TAMS 0x00000000e8200000, 0x00000000e8200000| Complete 
| 131|0x00000000e8300000, 0x00000000e8400000, 0x00000000e8400000|100%| S|CS|TAMS 0x00000000e8300000, 0x00000000e8300000| Complete 
| 132|0x00000000e8400000, 0x00000000e8500000, 0x00000000e8500000|100%| S|CS|TAMS 0x00000000e8400000, 0x00000000e8400000| Complete 
| 133|0x00000000e8500000, 0x00000000e8600000, 0x00000000e8600000|100%| S|CS|TAMS 0x00000000e8500000, 0x00000000e8500000| Complete 
| 134|0x00000000e8600000, 0x00000000e8700000, 0x00000000e8700000|100%| S|CS|TAMS 0x00000000e8600000, 0x00000000e8600000| Complete 
| 135|0x00000000e8700000, 0x00000000e8800000, 0x00000000e8800000|100%| S|CS|TAMS 0x00000000e8700000, 0x00000000e8700000| Complete 
| 136|0x00000000e8800000, 0x00000000e88bb720, 0x00000000e8900000| 73%| E|  |TAMS 0x00000000e8800000, 0x00000000e8800000| Complete 
| 137|0x00000000e8900000, 0x00000000e8a00000, 0x00000000e8a00000|100%| E|CS|TAMS 0x00000000e8900000, 0x00000000e8900000| Complete 
| 138|0x00000000e8a00000, 0x00000000e8b00000, 0x00000000e8b00000|100%| E|CS|TAMS 0x00000000e8a00000, 0x00000000e8a00000| Complete 
| 139|0x00000000e8b00000, 0x00000000e8c00000, 0x00000000e8c00000|100%| E|CS|TAMS 0x00000000e8b00000, 0x00000000e8b00000| Complete 
| 140|0x00000000e8c00000, 0x00000000e8d00000, 0x00000000e8d00000|100%| E|CS|TAMS 0x00000000e8c00000, 0x00000000e8c00000| Complete 
| 141|0x00000000e8d00000, 0x00000000e8e00000, 0x00000000e8e00000|100%| E|CS|TAMS 0x00000000e8d00000, 0x00000000e8d00000| Complete 
| 142|0x00000000e8e00000, 0x00000000e8f00000, 0x00000000e8f00000|100%| E|CS|TAMS 0x00000000e8e00000, 0x00000000e8e00000| Complete 
| 143|0x00000000e8f00000, 0x00000000e9000000, 0x00000000e9000000|100%| E|CS|TAMS 0x00000000e8f00000, 0x00000000e8f00000| Complete 
| 144|0x00000000e9000000, 0x00000000e9100000, 0x00000000e9100000|100%| E|CS|TAMS 0x00000000e9000000, 0x00000000e9000000| Complete 
| 145|0x00000000e9100000, 0x00000000e9200000, 0x00000000e9200000|100%| E|CS|TAMS 0x00000000e9100000, 0x00000000e9100000| Complete 
| 146|0x00000000e9200000, 0x00000000e9300000, 0x00000000e9300000|100%| E|CS|TAMS 0x00000000e9200000, 0x00000000e9200000| Complete 
| 147|0x00000000e9300000, 0x00000000e9400000, 0x00000000e9400000|100%| E|CS|TAMS 0x00000000e9300000, 0x00000000e9300000| Complete 
| 148|0x00000000e9400000, 0x00000000e9500000, 0x00000000e9500000|100%| E|CS|TAMS 0x00000000e9400000, 0x00000000e9400000| Complete 
| 149|0x00000000e9500000, 0x00000000e9600000, 0x00000000e9600000|100%| E|CS|TAMS 0x00000000e9500000, 0x00000000e9500000| Complete 
| 150|0x00000000e9600000, 0x00000000e9700000, 0x00000000e9700000|100%| E|  |TAMS 0x00000000e9600000, 0x00000000e9600000| Complete 
| 151|0x00000000e9700000, 0x00000000e9800000, 0x00000000e9800000|100%| E|CS|TAMS 0x00000000e9700000, 0x00000000e9700000| Complete 
| 152|0x00000000e9800000, 0x00000000e9900000, 0x00000000e9900000|100%| E|CS|TAMS 0x00000000e9800000, 0x00000000e9800000| Complete 
| 153|0x00000000e9900000, 0x00000000e9a00000, 0x00000000e9a00000|100%| E|CS|TAMS 0x00000000e9900000, 0x00000000e9900000| Complete 
| 154|0x00000000e9a00000, 0x00000000e9b00000, 0x00000000e9b00000|100%| E|CS|TAMS 0x00000000e9a00000, 0x00000000e9a00000| Complete 
| 155|0x00000000e9b00000, 0x00000000e9c00000, 0x00000000e9c00000|100%| E|CS|TAMS 0x00000000e9b00000, 0x00000000e9b00000| Complete 
| 156|0x00000000e9c00000, 0x00000000e9d00000, 0x00000000e9d00000|100%| E|CS|TAMS 0x00000000e9c00000, 0x00000000e9c00000| Complete 
| 157|0x00000000e9d00000, 0x00000000e9e00000, 0x00000000e9e00000|100%| E|CS|TAMS 0x00000000e9d00000, 0x00000000e9d00000| Complete 
| 158|0x00000000e9e00000, 0x00000000e9f00000, 0x00000000e9f00000|100%| E|CS|TAMS 0x00000000e9e00000, 0x00000000e9e00000| Complete 
| 159|0x00000000e9f00000, 0x00000000ea000000, 0x00000000ea000000|100%| E|CS|TAMS 0x00000000e9f00000, 0x00000000e9f00000| Complete 
| 160|0x00000000ea000000, 0x00000000ea100000, 0x00000000ea100000|100%| E|CS|TAMS 0x00000000ea000000, 0x00000000ea000000| Complete 
| 161|0x00000000ea100000, 0x00000000ea200000, 0x00000000ea200000|100%| E|CS|TAMS 0x00000000ea100000, 0x00000000ea100000| Complete 
| 162|0x00000000ea200000, 0x00000000ea300000, 0x00000000ea300000|100%| E|CS|TAMS 0x00000000ea200000, 0x00000000ea200000| Complete 
| 163|0x00000000ea300000, 0x00000000ea400000, 0x00000000ea400000|100%| E|CS|TAMS 0x00000000ea300000, 0x00000000ea300000| Complete 
| 164|0x00000000ea400000, 0x00000000ea500000, 0x00000000ea500000|100%| E|CS|TAMS 0x00000000ea400000, 0x00000000ea400000| Complete 
| 165|0x00000000ea500000, 0x00000000ea600000, 0x00000000ea600000|100%| E|CS|TAMS 0x00000000ea500000, 0x00000000ea500000| Complete 
| 166|0x00000000ea600000, 0x00000000ea700000, 0x00000000ea700000|100%| E|CS|TAMS 0x00000000ea600000, 0x00000000ea600000| Complete 
| 167|0x00000000ea700000, 0x00000000ea800000, 0x00000000ea800000|100%| E|CS|TAMS 0x00000000ea700000, 0x00000000ea700000| Complete 
| 168|0x00000000ea800000, 0x00000000ea900000, 0x00000000ea900000|100%| E|CS|TAMS 0x00000000ea800000, 0x00000000ea800000| Complete 
| 169|0x00000000ea900000, 0x00000000eaa00000, 0x00000000eaa00000|100%| E|CS|TAMS 0x00000000ea900000, 0x00000000ea900000| Complete 
| 170|0x00000000eaa00000, 0x00000000eab00000, 0x00000000eab00000|100%| E|CS|TAMS 0x00000000eaa00000, 0x00000000eaa00000| Complete 
| 171|0x00000000eab00000, 0x00000000eac00000, 0x00000000eac00000|100%| E|CS|TAMS 0x00000000eab00000, 0x00000000eab00000| Complete 
| 172|0x00000000eac00000, 0x00000000ead00000, 0x00000000ead00000|100%| E|CS|TAMS 0x00000000eac00000, 0x00000000eac00000| Complete 
| 173|0x00000000ead00000, 0x00000000eae00000, 0x00000000eae00000|100%| E|CS|TAMS 0x00000000ead00000, 0x00000000ead00000| Complete 
| 174|0x00000000eae00000, 0x00000000eaf00000, 0x00000000eaf00000|100%| E|CS|TAMS 0x00000000eae00000, 0x00000000eae00000| Complete 
| 175|0x00000000eaf00000, 0x00000000eb000000, 0x00000000eb000000|100%| E|CS|TAMS 0x00000000eaf00000, 0x00000000eaf00000| Complete 
| 176|0x00000000eb000000, 0x00000000eb100000, 0x00000000eb100000|100%| E|CS|TAMS 0x00000000eb000000, 0x00000000eb000000| Complete 
| 177|0x00000000eb100000, 0x00000000eb200000, 0x00000000eb200000|100%| E|CS|TAMS 0x00000000eb100000, 0x00000000eb100000| Complete 
| 178|0x00000000eb200000, 0x00000000eb300000, 0x00000000eb300000|100%| E|CS|TAMS 0x00000000eb200000, 0x00000000eb200000| Complete 
| 179|0x00000000eb300000, 0x00000000eb400000, 0x00000000eb400000|100%| E|CS|TAMS 0x00000000eb300000, 0x00000000eb300000| Complete 
| 180|0x00000000eb400000, 0x00000000eb500000, 0x00000000eb500000|100%| E|CS|TAMS 0x00000000eb400000, 0x00000000eb400000| Complete 
| 181|0x00000000eb500000, 0x00000000eb600000, 0x00000000eb600000|100%| E|CS|TAMS 0x00000000eb500000, 0x00000000eb500000| Complete 
| 182|0x00000000eb600000, 0x00000000eb700000, 0x00000000eb700000|100%| E|CS|TAMS 0x00000000eb600000, 0x00000000eb600000| Complete 
| 183|0x00000000eb700000, 0x00000000eb800000, 0x00000000eb800000|100%| E|CS|TAMS 0x00000000eb700000, 0x00000000eb700000| Complete 
| 184|0x00000000eb800000, 0x00000000eb900000, 0x00000000eb900000|100%| E|CS|TAMS 0x00000000eb800000, 0x00000000eb800000| Complete 
| 185|0x00000000eb900000, 0x00000000eba00000, 0x00000000eba00000|100%| E|CS|TAMS 0x00000000eb900000, 0x00000000eb900000| Complete 
| 186|0x00000000eba00000, 0x00000000ebb00000, 0x00000000ebb00000|100%| E|CS|TAMS 0x00000000eba00000, 0x00000000eba00000| Complete 
| 187|0x00000000ebb00000, 0x00000000ebc00000, 0x00000000ebc00000|100%| E|CS|TAMS 0x00000000ebb00000, 0x00000000ebb00000| Complete 
| 188|0x00000000ebc00000, 0x00000000ebd00000, 0x00000000ebd00000|100%| E|CS|TAMS 0x00000000ebc00000, 0x00000000ebc00000| Complete 
| 189|0x00000000ebd00000, 0x00000000ebe00000, 0x00000000ebe00000|100%| E|CS|TAMS 0x00000000ebd00000, 0x00000000ebd00000| Complete 
| 190|0x00000000ebe00000, 0x00000000ebf00000, 0x00000000ebf00000|100%| E|CS|TAMS 0x00000000ebe00000, 0x00000000ebe00000| Complete 
| 191|0x00000000ebf00000, 0x00000000ec000000, 0x00000000ec000000|100%| E|CS|TAMS 0x00000000ebf00000, 0x00000000ebf00000| Complete 
| 192|0x00000000ec000000, 0x00000000ec100000, 0x00000000ec100000|100%| E|CS|TAMS 0x00000000ec000000, 0x00000000ec000000| Complete 
| 193|0x00000000ec100000, 0x00000000ec200000, 0x00000000ec200000|100%| E|CS|TAMS 0x00000000ec100000, 0x00000000ec100000| Complete 
| 194|0x00000000ec200000, 0x00000000ec300000, 0x00000000ec300000|100%| E|CS|TAMS 0x00000000ec200000, 0x00000000ec200000| Complete 
| 195|0x00000000ec300000, 0x00000000ec400000, 0x00000000ec400000|100%| E|CS|TAMS 0x00000000ec300000, 0x00000000ec300000| Complete 
| 196|0x00000000ec400000, 0x00000000ec500000, 0x00000000ec500000|100%| E|CS|TAMS 0x00000000ec400000, 0x00000000ec400000| Complete 
| 197|0x00000000ec500000, 0x00000000ec600000, 0x00000000ec600000|100%| E|CS|TAMS 0x00000000ec500000, 0x00000000ec500000| Complete 
| 198|0x00000000ec600000, 0x00000000ec700000, 0x00000000ec700000|100%| E|CS|TAMS 0x00000000ec600000, 0x00000000ec600000| Complete 
| 199|0x00000000ec700000, 0x00000000ec800000, 0x00000000ec800000|100%| E|CS|TAMS 0x00000000ec700000, 0x00000000ec700000| Complete 
| 200|0x00000000ec800000, 0x00000000ec900000, 0x00000000ec900000|100%| E|CS|TAMS 0x00000000ec800000, 0x00000000ec800000| Complete 
| 201|0x00000000ec900000, 0x00000000eca00000, 0x00000000eca00000|100%| E|CS|TAMS 0x00000000ec900000, 0x00000000ec900000| Complete 
| 202|0x00000000eca00000, 0x00000000ecb00000, 0x00000000ecb00000|100%| E|CS|TAMS 0x00000000eca00000, 0x00000000eca00000| Complete 
| 203|0x00000000ecb00000, 0x00000000ecc00000, 0x00000000ecc00000|100%| E|CS|TAMS 0x00000000ecb00000, 0x00000000ecb00000| Complete 
| 204|0x00000000ecc00000, 0x00000000ecd00000, 0x00000000ecd00000|100%| E|CS|TAMS 0x00000000ecc00000, 0x00000000ecc00000| Complete 
| 205|0x00000000ecd00000, 0x00000000ece00000, 0x00000000ece00000|100%| E|CS|TAMS 0x00000000ecd00000, 0x00000000ecd00000| Complete 
| 206|0x00000000ece00000, 0x00000000ecf00000, 0x00000000ecf00000|100%| E|CS|TAMS 0x00000000ece00000, 0x00000000ece00000| Complete 
| 207|0x00000000ecf00000, 0x00000000ed000000, 0x00000000ed000000|100%| E|CS|TAMS 0x00000000ecf00000, 0x00000000ecf00000| Complete 
| 208|0x00000000ed000000, 0x00000000ed100000, 0x00000000ed100000|100%| E|CS|TAMS 0x00000000ed000000, 0x00000000ed000000| Complete 
| 209|0x00000000ed100000, 0x00000000ed200000, 0x00000000ed200000|100%| E|CS|TAMS 0x00000000ed100000, 0x00000000ed100000| Complete 
| 210|0x00000000ed200000, 0x00000000ed300000, 0x00000000ed300000|100%| E|CS|TAMS 0x00000000ed200000, 0x00000000ed200000| Complete 
| 211|0x00000000ed300000, 0x00000000ed400000, 0x00000000ed400000|100%| E|CS|TAMS 0x00000000ed300000, 0x00000000ed300000| Complete 
| 212|0x00000000ed400000, 0x00000000ed500000, 0x00000000ed500000|100%| E|CS|TAMS 0x00000000ed400000, 0x00000000ed400000| Complete 
| 213|0x00000000ed500000, 0x00000000ed600000, 0x00000000ed600000|100%| E|CS|TAMS 0x00000000ed500000, 0x00000000ed500000| Complete 
| 214|0x00000000ed600000, 0x00000000ed700000, 0x00000000ed700000|100%| E|CS|TAMS 0x00000000ed600000, 0x00000000ed600000| Complete 
| 215|0x00000000ed700000, 0x00000000ed800000, 0x00000000ed800000|100%| E|CS|TAMS 0x00000000ed700000, 0x00000000ed700000| Complete 
| 216|0x00000000ed800000, 0x00000000ed900000, 0x00000000ed900000|100%| E|CS|TAMS 0x00000000ed800000, 0x00000000ed800000| Complete 
| 217|0x00000000ed900000, 0x00000000eda00000, 0x00000000eda00000|100%| E|CS|TAMS 0x00000000ed900000, 0x00000000ed900000| Complete 
| 218|0x00000000eda00000, 0x00000000edb00000, 0x00000000edb00000|100%| E|CS|TAMS 0x00000000eda00000, 0x00000000eda00000| Complete 
| 219|0x00000000edb00000, 0x00000000edc00000, 0x00000000edc00000|100%| E|CS|TAMS 0x00000000edb00000, 0x00000000edb00000| Complete 
| 220|0x00000000edc00000, 0x00000000edd00000, 0x00000000edd00000|100%| E|CS|TAMS 0x00000000edc00000, 0x00000000edc00000| Complete 
| 221|0x00000000edd00000, 0x00000000ede00000, 0x00000000ede00000|100%| E|CS|TAMS 0x00000000edd00000, 0x00000000edd00000| Complete 
| 222|0x00000000ede00000, 0x00000000edf00000, 0x00000000edf00000|100%| E|CS|TAMS 0x00000000ede00000, 0x00000000ede00000| Complete 
| 223|0x00000000edf00000, 0x00000000ee000000, 0x00000000ee000000|100%| E|CS|TAMS 0x00000000edf00000, 0x00000000edf00000| Complete 
| 224|0x00000000ee000000, 0x00000000ee100000, 0x00000000ee100000|100%| E|CS|TAMS 0x00000000ee000000, 0x00000000ee000000| Complete 
| 225|0x00000000ee100000, 0x00000000ee200000, 0x00000000ee200000|100%| E|CS|TAMS 0x00000000ee100000, 0x00000000ee100000| Complete 
| 226|0x00000000ee200000, 0x00000000ee300000, 0x00000000ee300000|100%| E|CS|TAMS 0x00000000ee200000, 0x00000000ee200000| Complete 
| 227|0x00000000ee300000, 0x00000000ee400000, 0x00000000ee400000|100%| E|CS|TAMS 0x00000000ee300000, 0x00000000ee300000| Complete 
| 228|0x00000000ee400000, 0x00000000ee500000, 0x00000000ee500000|100%| E|CS|TAMS 0x00000000ee400000, 0x00000000ee400000| Complete 
| 229|0x00000000ee500000, 0x00000000ee600000, 0x00000000ee600000|100%| E|CS|TAMS 0x00000000ee500000, 0x00000000ee500000| Complete 
| 230|0x00000000ee600000, 0x00000000ee700000, 0x00000000ee700000|100%| E|CS|TAMS 0x00000000ee600000, 0x00000000ee600000| Complete 
| 231|0x00000000ee700000, 0x00000000ee800000, 0x00000000ee800000|100%| E|CS|TAMS 0x00000000ee700000, 0x00000000ee700000| Complete 
| 232|0x00000000ee800000, 0x00000000ee900000, 0x00000000ee900000|100%| E|CS|TAMS 0x00000000ee800000, 0x00000000ee800000| Complete 
| 233|0x00000000ee900000, 0x00000000eea00000, 0x00000000eea00000|100%| E|CS|TAMS 0x00000000ee900000, 0x00000000ee900000| Complete 
| 234|0x00000000eea00000, 0x00000000eeb00000, 0x00000000eeb00000|100%| E|CS|TAMS 0x00000000eea00000, 0x00000000eea00000| Complete 
| 235|0x00000000eeb00000, 0x00000000eec00000, 0x00000000eec00000|100%| E|CS|TAMS 0x00000000eeb00000, 0x00000000eeb00000| Complete 
| 236|0x00000000eec00000, 0x00000000eed00000, 0x00000000eed00000|100%| E|CS|TAMS 0x00000000eec00000, 0x00000000eec00000| Complete 
| 237|0x00000000eed00000, 0x00000000eee00000, 0x00000000eee00000|100%| E|CS|TAMS 0x00000000eed00000, 0x00000000eed00000| Complete 
| 238|0x00000000eee00000, 0x00000000eef00000, 0x00000000eef00000|100%| E|CS|TAMS 0x00000000eee00000, 0x00000000eee00000| Complete 
| 239|0x00000000eef00000, 0x00000000ef000000, 0x00000000ef000000|100%| E|CS|TAMS 0x00000000eef00000, 0x00000000eef00000| Complete 
| 240|0x00000000ef000000, 0x00000000ef100000, 0x00000000ef100000|100%| E|CS|TAMS 0x00000000ef000000, 0x00000000ef000000| Complete 
| 241|0x00000000ef100000, 0x00000000ef200000, 0x00000000ef200000|100%| E|CS|TAMS 0x00000000ef100000, 0x00000000ef100000| Complete 
| 242|0x00000000ef200000, 0x00000000ef300000, 0x00000000ef300000|100%| E|CS|TAMS 0x00000000ef200000, 0x00000000ef200000| Complete 
| 243|0x00000000ef300000, 0x00000000ef400000, 0x00000000ef400000|100%| E|CS|TAMS 0x00000000ef300000, 0x00000000ef300000| Complete 
| 244|0x00000000ef400000, 0x00000000ef500000, 0x00000000ef500000|100%| E|CS|TAMS 0x00000000ef400000, 0x00000000ef400000| Complete 
| 245|0x00000000ef500000, 0x00000000ef600000, 0x00000000ef600000|100%| E|CS|TAMS 0x00000000ef500000, 0x00000000ef500000| Complete 
| 246|0x00000000ef600000, 0x00000000ef700000, 0x00000000ef700000|100%| E|CS|TAMS 0x00000000ef600000, 0x00000000ef600000| Complete 
| 247|0x00000000ef700000, 0x00000000ef800000, 0x00000000ef800000|100%| E|CS|TAMS 0x00000000ef700000, 0x00000000ef700000| Complete 
| 248|0x00000000ef800000, 0x00000000ef900000, 0x00000000ef900000|100%| E|CS|TAMS 0x00000000ef800000, 0x00000000ef800000| Complete 
| 249|0x00000000ef900000, 0x00000000efa00000, 0x00000000efa00000|100%| E|CS|TAMS 0x00000000ef900000, 0x00000000ef900000| Complete 
| 250|0x00000000efa00000, 0x00000000efb00000, 0x00000000efb00000|100%| E|CS|TAMS 0x00000000efa00000, 0x00000000efa00000| Complete 
| 251|0x00000000efb00000, 0x00000000efc00000, 0x00000000efc00000|100%| E|CS|TAMS 0x00000000efb00000, 0x00000000efb00000| Complete 
| 252|0x00000000efc00000, 0x00000000efd00000, 0x00000000efd00000|100%| E|CS|TAMS 0x00000000efc00000, 0x00000000efc00000| Complete 
| 253|0x00000000efd00000, 0x00000000efe00000, 0x00000000efe00000|100%| E|CS|TAMS 0x00000000efd00000, 0x00000000efd00000| Complete 
| 254|0x00000000efe00000, 0x00000000eff00000, 0x00000000eff00000|100%| E|CS|TAMS 0x00000000efe00000, 0x00000000efe00000| Complete 
| 255|0x00000000eff00000, 0x00000000f0000000, 0x00000000f0000000|100%| E|CS|TAMS 0x00000000eff00000, 0x00000000eff00000| Complete 

Card table byte_map: [0x000001937d910000,0x000001937da10000] _byte_map_base: 0x000001937d210000

Marking Bits (Prev, Next): (CMBitMap*) 0x00000193732e78d0, (CMBitMap*) 0x00000193732e7898
 Prev Bits: [0x000001937e310000, 0x000001937eb10000)
 Next Bits: [0x000001937db10000, 0x000001937e310000)

Polling page: 0x00000193733a0000

Metaspace:

Usage:
  Non-class:     58.65 MB capacity,    57.17 MB ( 97%) used,     1.26 MB (  2%) free+waste,   218.63 KB ( <1%) overhead. 
      Class:      9.49 MB capacity,     8.61 MB ( 91%) used,   792.85 KB (  8%) free+waste,   105.44 KB (  1%) overhead. 
       Both:     68.13 MB capacity,    65.78 MB ( 97%) used,     2.03 MB (  3%) free+waste,   324.06 KB ( <1%) overhead. 

Virtual space:
  Non-class space:       60.00 MB reserved,      58.75 MB ( 98%) committed 
      Class space:      248.00 MB reserved,       9.62 MB (  4%) committed 
             Both:      308.00 MB reserved,      68.37 MB ( 22%) committed 

Chunk freelists:
   Non-Class:  42.00 KB
       Class:  15.00 KB
        Both:  57.00 KB

MaxMetaspaceSize: 256.00 MB
CompressedClassSpaceSize: 248.00 MB
Initial GC threshold: 20.80 MB
Current GC threshold: 98.95 MB
CDS: off

CodeHeap 'non-profiled nmethods': size=120064Kb used=4263Kb max_used=4263Kb free=115800Kb
 bounds [0x0000019307ac0000, 0x0000019307ef0000, 0x000001930f000000]
CodeHeap 'profiled nmethods': size=120000Kb used=16732Kb max_used=16732Kb free=103267Kb
 bounds [0x0000019300590000, 0x00000193015f0000, 0x0000019307ac0000]
CodeHeap 'non-nmethods': size=5696Kb used=2337Kb max_used=2379Kb free=3358Kb
 bounds [0x0000019300000000, 0x0000019300270000, 0x0000019300590000]
 total_blobs=8584 nmethods=7738 adapters=759
 compilation: enabled
              stopped_count=0, restarted_count=0
 full_count=0

Compilation events (20 events):
Event: 56.949 Thread 0x000001937f13f000 7805       3       groovy.xml.markupsupport.StandardXmlAttributeFilter::apply (9 bytes)
Event: 56.950 Thread 0x000001937f13f000 nmethod 7805 0x00000193015dc890 code [0x00000193015dca60, 0x00000193015dcc88]
Event: 56.950 Thread 0x000001937f13f000 7806       3       groovy.xml.markupsupport.StandardXmlAttributeFilter::apply (60 bytes)
Event: 56.951 Thread 0x000001937f13f000 nmethod 7806 0x00000193015dcd90 code [0x00000193015dcfa0, 0x00000193015dd608]
Event: 56.951 Thread 0x000001937f13f000 7807       3       groovy.xml.MarkupBuilder$DefaultXmlEscapingFunction$$Lambda$650/0x0000000100740c40::get$Lambda (10 bytes)
Event: 56.951 Thread 0x000001937f13f000 nmethod 7807 0x00000193015dd810 code [0x00000193015dd9e0, 0x00000193015ddc98]
Event: 56.951 Thread 0x000001937f13f000 7808       3       groovy.xml.MarkupBuilder$DefaultXmlEscapingFunction$$Lambda$650/0x0000000100740c40::<init> (15 bytes)
Event: 56.952 Thread 0x000001937f13f000 nmethod 7808 0x00000193015ddd90 code [0x00000193015ddf40, 0x00000193015de158]
Event: 56.952 Thread 0x000001937f13f000 7810   !   3       java.io.Writer::write (52 bytes)
Event: 56.953 Thread 0x000001937f13f000 nmethod 7810 0x00000193015de210 code [0x00000193015de3e0, 0x00000193015de8c8]
Event: 57.503 Thread 0x000001937f13d800 nmethod 7797 0x0000019307ee0790 code [0x0000019307ee0d60, 0x0000019307ee5320]
Event: 57.504 Thread 0x000001937f13d800 7809       4       org.gradle.internal.logging.text.AbstractLineChoppingStyledTextOutput$1::execute (9 bytes)
Event: 57.518 Thread 0x000001937f13d800 nmethod 7809 0x0000019307ee8410 code [0x0000019307ee85e0, 0x0000019307ee8b88]
Event: 57.518 Thread 0x000001937f13d800 7811       4       org.gradle.internal.logging.text.AbstractLineChoppingStyledTextOutput$1::execute (130 bytes)
Event: 57.532 Thread 0x000001937f13d800 nmethod 7811 0x0000019307ee9090 code [0x0000019307ee9260, 0x0000019307ee97e8]
Event: 57.533 Thread 0x000001937f13d800 7798   !   4       java.net.URLClassLoader$1::run (63 bytes)
Event: 57.559 Thread 0x000001937f13f000 7812       3       org.gradle.internal.logging.text.AbstractLineChoppingStyledTextOutput$1::execute (9 bytes)
Event: 57.559 Thread 0x000001937f13f000 nmethod 7812 0x00000193015dea90 code [0x00000193015dec60, 0x00000193015dee68]
Event: 57.562 Thread 0x000001937f13f000 7813       3       org.gradle.internal.logging.text.AbstractLineChoppingStyledTextOutput$1::execute (130 bytes)
Event: 57.564 Thread 0x000001937f13f000 nmethod 7813 0x00000193015def10 code [0x00000193015df1e0, 0x00000193015dfe38]

GC Heap History (20 events):
Event: 3.396 GC heap before
{Heap before GC invocations=1 (full 0):
 garbage-first heap   total 262144K, used 17530K [0x00000000e0000000, 0x0000000100000000)
  region size 1024K, 14 young (14336K), 2 survivors (2048K)
 Metaspace       used 10039K, capacity 10336K, committed 10624K, reserved 264192K
  class space    used 1036K, capacity 1105K, committed 1152K, reserved 253952K
}
Event: 3.402 GC heap after
{Heap after GC invocations=2 (full 0):
 garbage-first heap   total 262144K, used 9379K [0x00000000e0000000, 0x0000000100000000)
  region size 1024K, 2 young (2048K), 2 survivors (2048K)
 Metaspace       used 10039K, capacity 10336K, committed 10624K, reserved 264192K
  class space    used 1036K, capacity 1105K, committed 1152K, reserved 253952K
}
Event: 5.095 GC heap before
{Heap before GC invocations=2 (full 0):
 garbage-first heap   total 262144K, used 29859K [0x00000000e0000000, 0x0000000100000000)
  region size 1024K, 22 young (22528K), 2 survivors (2048K)
 Metaspace       used 11139K, capacity 11451K, committed 11520K, reserved 264192K
  class space    used 1164K, capacity 1242K, committed 1280K, reserved 253952K
}
Event: 5.099 GC heap after
{Heap after GC invocations=3 (full 0):
 garbage-first heap   total 262144K, used 10035K [0x00000000e0000000, 0x0000000100000000)
  region size 1024K, 1 young (1024K), 1 survivors (1024K)
 Metaspace       used 11139K, capacity 11451K, committed 11520K, reserved 264192K
  class space    used 1164K, capacity 1242K, committed 1280K, reserved 253952K
}
Event: 6.612 GC heap before
{Heap before GC invocations=3 (full 0):
 garbage-first heap   total 262144K, used 37683K [0x00000000e0000000, 0x0000000100000000)
  region size 1024K, 28 young (28672K), 1 survivors (1024K)
 Metaspace       used 11262K, capacity 11515K, committed 11776K, reserved 266240K
  class space    used 1168K, capacity 1242K, committed 1280K, reserved 253952K
}
Event: 6.619 GC heap after
{Heap after GC invocations=4 (full 0):
 garbage-first heap   total 262144K, used 14198K [0x00000000e0000000, 0x0000000100000000)
  region size 1024K, 4 young (4096K), 4 survivors (4096K)
 Metaspace       used 11262K, capacity 11515K, committed 11776K, reserved 266240K
  class space    used 1168K, capacity 1242K, committed 1280K, reserved 253952K
}
Event: 10.807 GC heap before
{Heap before GC invocations=4 (full 0):
 garbage-first heap   total 262144K, used 52086K [0x00000000e0000000, 0x0000000100000000)
  region size 1024K, 41 young (41984K), 4 survivors (4096K)
 Metaspace       used 17567K, capacity 17999K, committed 18176K, reserved 270336K
  class space    used 2068K, capacity 2217K, committed 2304K, reserved 253952K
}
Event: 10.818 GC heap after
{Heap after GC invocations=5 (full 0):
 garbage-first heap   total 262144K, used 16657K [0x00000000e0000000, 0x0000000100000000)
  region size 1024K, 3 young (3072K), 3 survivors (3072K)
 Metaspace       used 17567K, capacity 17999K, committed 18176K, reserved 270336K
  class space    used 2068K, capacity 2217K, committed 2304K, reserved 253952K
}
Event: 12.429 GC heap before
{Heap before GC invocations=5 (full 0):
 garbage-first heap   total 262144K, used 43281K [0x00000000e0000000, 0x0000000100000000)
  region size 1024K, 30 young (30720K), 3 survivors (3072K)
 Metaspace       used 20551K, capacity 21097K, committed 21248K, reserved 272384K
  class space    used 2506K, capacity 2700K, committed 2816K, reserved 253952K
}
Event: 12.438 GC heap after
{Heap after GC invocations=6 (full 0):
 garbage-first heap   total 262144K, used 17538K [0x00000000e0000000, 0x0000000100000000)
  region size 1024K, 4 young (4096K), 4 survivors (4096K)
 Metaspace       used 20551K, capacity 21097K, committed 21248K, reserved 272384K
  class space    used 2506K, capacity 2700K, committed 2816K, reserved 253952K
}
Event: 15.808 GC heap before
{Heap before GC invocations=7 (full 0):
 garbage-first heap   total 262144K, used 68738K [0x00000000e0000000, 0x0000000100000000)
  region size 1024K, 54 young (55296K), 4 survivors (4096K)
 Metaspace       used 25298K, capacity 25953K, committed 26112K, reserved 276480K
  class space    used 3277K, capacity 3470K, committed 3584K, reserved 253952K
}
Event: 15.821 GC heap after
{Heap after GC invocations=8 (full 0):
 garbage-first heap   total 262144K, used 19175K [0x00000000e0000000, 0x0000000100000000)
  region size 1024K, 5 young (5120K), 5 survivors (5120K)
 Metaspace       used 25298K, capacity 25953K, committed 26112K, reserved 276480K
  class space    used 3277K, capacity 3470K, committed 3584K, reserved 253952K
}
Event: 19.826 GC heap before
{Heap before GC invocations=8 (full 0):
 garbage-first heap   total 262144K, used 85735K [0x00000000e0000000, 0x0000000100000000)
  region size 1024K, 71 young (72704K), 5 survivors (5120K)
 Metaspace       used 34974K, capacity 35736K, committed 35840K, reserved 286720K
  class space    used 4559K, capacity 4842K, committed 4864K, reserved 253952K
}
Event: 19.847 GC heap after
{Heap after GC invocations=9 (full 0):
 garbage-first heap   total 262144K, used 23128K [0x00000000e0000000, 0x0000000100000000)
  region size 1024K, 9 young (9216K), 9 survivors (9216K)
 Metaspace       used 34974K, capacity 35736K, committed 35840K, reserved 286720K
  class space    used 4559K, capacity 4842K, committed 4864K, reserved 253952K
}
Event: 24.935 GC heap before
{Heap before GC invocations=10 (full 0):
 garbage-first heap   total 262144K, used 117336K [0x00000000e0000000, 0x0000000100000000)
  region size 1024K, 98 young (100352K), 9 survivors (9216K)
 Metaspace       used 43155K, capacity 44094K, committed 44288K, reserved 292864K
  class space    used 5466K, capacity 5844K, committed 5888K, reserved 253952K
}
Event: 24.964 GC heap after
{Heap after GC invocations=11 (full 0):
 garbage-first heap   total 262144K, used 29127K [0x00000000e0000000, 0x0000000100000000)
  region size 1024K, 13 young (13312K), 13 survivors (13312K)
 Metaspace       used 43155K, capacity 44094K, committed 44288K, reserved 292864K
  class space    used 5466K, capacity 5844K, committed 5888K, reserved 253952K
}
Event: 31.372 GC heap before
{Heap before GC invocations=11 (full 0):
 garbage-first heap   total 262144K, used 160199K [0x00000000e0000000, 0x0000000100000000)
  region size 1024K, 141 young (144384K), 13 survivors (13312K)
 Metaspace       used 52020K, capacity 53590K, committed 53760K, reserved 301056K
  class space    used 6816K, capacity 7384K, committed 7424K, reserved 253952K
}
Event: 31.438 GC heap after
{Heap after GC invocations=12 (full 0):
 garbage-first heap   total 262144K, used 36288K [0x00000000e0000000, 0x0000000100000000)
  region size 1024K, 14 young (14336K), 14 survivors (14336K)
 Metaspace       used 52020K, capacity 53590K, committed 53760K, reserved 301056K
  class space    used 6816K, capacity 7384K, committed 7424K, reserved 253952K
}
Event: 39.543 GC heap before
{Heap before GC invocations=12 (full 0):
 garbage-first heap   total 262144K, used 157120K [0x00000000e0000000, 0x0000000100000000)
  region size 1024K, 134 young (137216K), 14 survivors (14336K)
 Metaspace       used 57854K, capacity 59853K, committed 59904K, reserved 307200K
  class space    used 7648K, capacity 8429K, committed 8448K, reserved 253952K
}
Event: 39.615 GC heap after
{Heap after GC invocations=13 (full 0):
 garbage-first heap   total 262144K, used 48853K [0x00000000e0000000, 0x0000000100000000)
  region size 1024K, 20 young (20480K), 20 survivors (20480K)
 Metaspace       used 57854K, capacity 59853K, committed 59904K, reserved 307200K
  class space    used 7648K, capacity 8429K, committed 8448K, reserved 253952K
}

Deoptimization events (20 events):
Event: 49.729 Thread 0x0000019314bcd000 Uncommon trap: trap_request=0xffffffde fr.pc=0x0000019307bd7414 relative=0x0000000000000334
Event: 49.729 Thread 0x0000019314bcd000 Uncommon trap: reason=class_check action=maybe_recompile pc=0x0000019307bd7414 method=java.io.DataOutputStream.write(I)V @ 5 c2
Event: 49.729 Thread 0x0000019314bcd000 DEOPT PACKING pc=0x0000019307bd7414 sp=0x0000002114dfdaf0
Event: 49.729 Thread 0x0000019314bcd000 DEOPT UNPACKING pc=0x000001930004a1a9 sp=0x0000002114dfdac8 mode 2
Event: 49.729 Thread 0x0000019314bcd000 Uncommon trap: trap_request=0xffffffde fr.pc=0x0000019307bd7414 relative=0x0000000000000334
Event: 49.729 Thread 0x0000019314bcd000 Uncommon trap: reason=class_check action=maybe_recompile pc=0x0000019307bd7414 method=java.io.DataOutputStream.write(I)V @ 5 c2
Event: 49.729 Thread 0x0000019314bcd000 DEOPT PACKING pc=0x0000019307bd7414 sp=0x0000002114dfdaf0
Event: 49.729 Thread 0x0000019314bcd000 DEOPT UNPACKING pc=0x000001930004a1a9 sp=0x0000002114dfdac8 mode 2
Event: 49.729 Thread 0x0000019314bcd000 Uncommon trap: trap_request=0xffffffde fr.pc=0x0000019307bd7414 relative=0x0000000000000334
Event: 49.729 Thread 0x0000019314bcd000 Uncommon trap: reason=class_check action=maybe_recompile pc=0x0000019307bd7414 method=java.io.DataOutputStream.write(I)V @ 5 c2
Event: 49.729 Thread 0x0000019314bcd000 DEOPT PACKING pc=0x0000019307bd7414 sp=0x0000002114dfdaf0
Event: 49.729 Thread 0x0000019314bcd000 DEOPT UNPACKING pc=0x000001930004a1a9 sp=0x0000002114dfdac8 mode 2
Event: 57.558 Thread 0x0000019314bcb800 Uncommon trap: trap_request=0xffffff4d fr.pc=0x0000019307ee89a8 relative=0x00000000000003c8
Event: 57.558 Thread 0x0000019314bcb800 Uncommon trap: reason=unstable_if action=reinterpret pc=0x0000019307ee89a8 method=org.gradle.internal.logging.text.AbstractLineChoppingStyledTextOutput$2.execute(Lorg/gradle/internal/logging/text/AbstractLineChoppingStyledTextOutput$StateContext;)V @ 30 c
Event: 57.558 Thread 0x0000019314bcb800 DEOPT PACKING pc=0x0000019307ee89a8 sp=0x00000021153fde20
Event: 57.558 Thread 0x0000019314bcb800 DEOPT UNPACKING pc=0x000001930004a1a9 sp=0x00000021153fdca8 mode 2
Event: 57.559 Thread 0x0000019314bcb800 Uncommon trap: trap_request=0xffffff4d fr.pc=0x0000019307ee9618 relative=0x00000000000003b8
Event: 57.559 Thread 0x0000019314bcb800 Uncommon trap: reason=unstable_if action=reinterpret pc=0x0000019307ee9618 method=org.gradle.internal.logging.text.AbstractLineChoppingStyledTextOutput$2.execute(Lorg/gradle/internal/logging/text/AbstractLineChoppingStyledTextOutput$StateContext;)V @ 30 c
Event: 57.559 Thread 0x0000019314bcb800 DEOPT PACKING pc=0x0000019307ee9618 sp=0x00000021153fdde0
Event: 57.559 Thread 0x0000019314bcb800 DEOPT UNPACKING pc=0x000001930004a1a9 sp=0x00000021153fdcd0 mode 2

Classes redefined (0 events):
No events

Internal exceptions (20 events):
Event: 49.749 Thread 0x0000019314bcd000 Exception <a 'java/lang/NoSuchMethodError'{0x00000000e959a200}: <clinit>> (0x00000000e959a200) thrown at [./src/hotspot/share/prims/jni.cpp, line 1365]
Event: 49.861 Thread 0x0000019314bcc000 Exception <a 'java/lang/NoSuchMethodError'{0x00000000e9425228}: 'void java.lang.invoke.DirectMethodHandle$Holder.invokeStatic(java.lang.Object, long)'> (0x00000000e9425228) thrown at [./src/hotspot/share/interpreter/linkResolver.cpp, line 773]
Event: 49.863 Thread 0x0000019314bcc000 Exception <a 'java/lang/NoSuchMethodError'{0x00000000e942a440}: 'java.lang.Object java.lang.invoke.DirectMethodHandle$Holder.invokeStatic(java.lang.Object, long)'> (0x00000000e942a440) thrown at [./src/hotspot/share/interpreter/linkResolver.cpp, line 773]
Event: 49.864 Thread 0x0000019314bcc000 Exception <a 'java/lang/NoSuchMethodError'{0x00000000e94307f0}: 'java.lang.Object java.lang.invoke.Invokers$Holder.linkToTargetMethod(long, java.lang.Object)'> (0x00000000e94307f0) thrown at [./src/hotspot/share/interpreter/linkResolver.cpp, line 773]
Event: 49.868 Thread 0x0000019314bcc000 Exception <a 'java/lang/NoSuchMethodError'{0x00000000e9438b30}: 'java.lang.Object java.lang.invoke.DirectMethodHandle$Holder.invokeStaticInit(java.lang.Object, java.lang.Object, long, java.lang.Object)'> (0x00000000e9438b30) thrown at [./src/hotspot/share/interpreter/linkResolver.cpp, line 773]
Event: 49.869 Thread 0x0000019314bcc000 Exception <a 'java/lang/NoSuchMethodError'{0x00000000e943ea20}: 'java.lang.Object java.lang.invoke.DirectMethodHandle$Holder.invokeStatic(java.lang.Object, java.lang.Object, long)'> (0x00000000e943ea20) thrown at [./src/hotspot/share/interpreter/linkResolver.cpp, line 773]
Event: 49.882 Thread 0x0000019314bcc000 Exception <a 'java/lang/NoSuchMethodError'{0x00000000e9444cf0}: 'java.lang.Object java.lang.invoke.Invokers$Holder.linkToTargetMethod(java.lang.Object, long, java.lang.Object)'> (0x00000000e9444cf0) thrown at [./src/hotspot/share/interpreter/linkResolver.cpp, line 773]
Event: 56.708 Thread 0x0000019314bc9000 Exception <a 'java/lang/ClassNotFoundException'{0x00000000e9023118}: org/gradle/internal/id/CompositeIdGenerator$CompositeIdBeanInfo> (0x00000000e9023118) thrown at [./src/hotspot/share/classfile/systemDictionary.cpp, line 231]
Event: 56.709 Thread 0x0000019314bc9000 Exception <a 'java/lang/ClassNotFoundException'{0x00000000e90447f0}: org/gradle/internal/id/CompositeIdGenerator$CompositeIdCustomizer> (0x00000000e90447f0) thrown at [./src/hotspot/share/classfile/systemDictionary.cpp, line 231]
Event: 56.867 Thread 0x0000019314bc9000 Exception <a 'java/lang/ClassNotFoundException'{0x00000000e90d2f88}: org/gradle/api/internal/tasks/testing/DefaultTestOutputEventBeanInfo> (0x00000000e90d2f88) thrown at [./src/hotspot/share/classfile/systemDictionary.cpp, line 231]
Event: 56.869 Thread 0x0000019314bc9000 Exception <a 'java/lang/ClassNotFoundException'{0x00000000e8f04dc0}: org/gradle/api/internal/tasks/testing/DefaultTestOutputEventCustomizer> (0x00000000e8f04dc0) thrown at [./src/hotspot/share/classfile/systemDictionary.cpp, line 231]
Event: 56.874 Thread 0x0000019314bc9000 Exception <a 'java/lang/ClassNotFoundException'{0x00000000e8f10f78}: groovy/runtime/metaclass/[BMetaClass> (0x00000000e8f10f78) thrown at [./src/hotspot/share/prims/jni.cpp, line 636]
Event: 56.875 Thread 0x0000019314bc9000 Exception <a 'java/lang/ClassNotFoundException'{0x00000000e8f15860}: [BBeanInfo> (0x00000000e8f15860) thrown at [./src/hotspot/share/prims/jni.cpp, line 636]
Event: 56.875 Thread 0x0000019314bc9000 Exception <a 'java/lang/ClassNotFoundException'{0x00000000e8f16608}: [BBeanInfo> (0x00000000e8f16608) thrown at [./src/hotspot/share/prims/jni.cpp, line 636]
Event: 56.876 Thread 0x0000019314bc9000 Exception <a 'java/lang/ClassNotFoundException'{0x00000000e8f17428}: [BCustomizer> (0x00000000e8f17428) thrown at [./src/hotspot/share/prims/jni.cpp, line 636]
Event: 56.876 Thread 0x0000019314bc9000 Exception <a 'java/lang/ClassNotFoundException'{0x00000000e8f18418}: [BCustomizer> (0x00000000e8f18418) thrown at [./src/hotspot/share/prims/jni.cpp, line 636]
Event: 56.898 Thread 0x0000019314bc9000 Exception <a 'java/lang/ClassNotFoundException'{0x00000000e8dee578}: org/codehaus/groovy/runtime/EncodingGroovyMethods$1BeanInfo> (0x00000000e8dee578) thrown at [./src/hotspot/share/classfile/systemDictionary.cpp, line 231]
Event: 56.903 Thread 0x0000019314bc9000 Exception <a 'java/lang/ClassNotFoundException'{0x00000000e8aa6d20}: org/codehaus/groovy/runtime/EncodingGroovyMethods$1Customizer> (0x00000000e8aa6d20) thrown at [./src/hotspot/share/classfile/systemDictionary.cpp, line 231]
Event: 56.938 Thread 0x0000019314bc9000 Exception <a 'java/lang/ClassNotFoundException'{0x00000000e896f1d8}: groovy/xml/MarkupBuilderHelperBeanInfo> (0x00000000e896f1d8) thrown at [./src/hotspot/share/classfile/systemDictionary.cpp, line 231]
Event: 56.940 Thread 0x0000019314bc9000 Exception <a 'java/lang/ClassNotFoundException'{0x00000000e89f0848}: groovy/xml/MarkupBuilderHelperCustomizer> (0x00000000e89f0848) thrown at [./src/hotspot/share/classfile/systemDictionary.cpp, line 231]

Events (20 events):
Event: 56.941 loading class org/codehaus/groovy/runtime/callsite/PojoMetaMethodSite$PojoCachedMethodSiteNoUnwrap
Event: 56.942 loading class org/codehaus/groovy/runtime/callsite/PojoMetaMethodSite$PojoCachedMethodSiteNoUnwrap done
Event: 56.944 loading class org/gradle/api/internal/tasks/testing/junit/result/TestOutputStore$TestCaseRegion
Event: 56.944 loading class org/gradle/api/internal/tasks/testing/junit/result/TestOutputStore$TestCaseRegion done
Event: 56.945 loading class org/gradle/api/internal/tasks/testing/junit/result/TestOutputStore$Region
Event: 56.945 loading class org/gradle/api/internal/tasks/testing/junit/result/TestOutputStore$Region done
Event: 57.567 loading class org/gradle/internal/watch/registry/FileWatcherRegistry$Type
Event: 57.567 loading class org/gradle/internal/watch/registry/FileWatcherRegistry$Type done
Event: 57.567 loading class org/gradle/internal/snapshot/SnapshotHierarchy
Event: 57.567 loading class org/gradle/internal/snapshot/SnapshotHierarchy done
Event: 57.567 loading class org/gradle/internal/watch/vfs/impl/WatchingVirtualFileSystem$3
Event: 57.567 loading class org/gradle/internal/watch/vfs/impl/WatchingVirtualFileSystem$3 done
Event: 57.569 loading class org/gradle/internal/snapshot/SnapshotHierarchy$NodeDiffListener
Event: 57.569 loading class org/gradle/internal/snapshot/SnapshotHierarchy$NodeDiffListener done
Event: 57.569 loading class org/gradle/internal/snapshot/SnapshotHierarchy
Event: 57.569 loading class org/gradle/internal/snapshot/SnapshotHierarchy done
Event: 57.569 loading class org/gradle/internal/snapshot/SnapshotHierarchy
Event: 57.569 loading class org/gradle/internal/snapshot/SnapshotHierarchy done
Event: 57.571 loading class org/gradle/internal/watch/vfs/impl/WatchingVirtualFileSystem$VfsChangeLoggingNodeDiffListener
Event: 57.571 loading class org/gradle/internal/watch/vfs/impl/WatchingVirtualFileSystem$VfsChangeLoggingNodeDiffListener done


Dynamic libraries:
0x00007ff6ddc70000 - 0x00007ff6ddc7d000 	C:\Program Files\Eclipse Foundation\jdk-11.0.12.7-hotspot\bin\java.exe
0x00007ffed7010000 - 0x00007ffed7205000 	C:\WINDOWS\SYSTEM32\ntdll.dll
0x00007ffed5f50000 - 0x00007ffed600e000 	C:\WINDOWS\System32\KERNEL32.DLL
0x00007ffed4720000 - 0x00007ffed49e8000 	C:\WINDOWS\System32\KERNELBASE.dll
0x00007ffed4b50000 - 0x00007ffed4c50000 	C:\WINDOWS\System32\ucrtbase.dll
0x00007ffecc320000 - 0x00007ffecc337000 	C:\Program Files\Eclipse Foundation\jdk-11.0.12.7-hotspot\bin\jli.dll
0x00007ffecc2d0000 - 0x00007ffecc2e5000 	C:\Program Files\Eclipse Foundation\jdk-11.0.12.7-hotspot\bin\VCRUNTIME140.dll
0x00007ffed5110000 - 0x00007ffed52b1000 	C:\WINDOWS\System32\USER32.dll
0x00007ffed49f0000 - 0x00007ffed4a12000 	C:\WINDOWS\System32\win32u.dll
0x00007ffed5890000 - 0x00007ffed58bb000 	C:\WINDOWS\System32\GDI32.dll
0x00007ffeba4b0000 - 0x00007ffeba74a000 	C:\WINDOWS\WinSxS\amd64_microsoft.windows.common-controls_6595b64144ccf1df_6.0.19041.1110_none_60b5254171f9507e\COMCTL32.dll
0x00007ffed4de0000 - 0x00007ffed4eed000 	C:\WINDOWS\System32\gdi32full.dll
0x00007ffed5de0000 - 0x00007ffed5e7e000 	C:\WINDOWS\System32\msvcrt.dll
0x00007ffed4ab0000 - 0x00007ffed4b4d000 	C:\WINDOWS\System32\msvcp_win.dll
0x00007ffed6f20000 - 0x00007ffed6f50000 	C:\WINDOWS\System32\IMM32.DLL
0x00007ffeaed00000 - 0x00007ffeaed9b000 	C:\Program Files\Eclipse Foundation\jdk-11.0.12.7-hotspot\bin\msvcp140.dll
0x00007ffe9f460000 - 0x00007ffe9ffb9000 	C:\Program Files\Eclipse Foundation\jdk-11.0.12.7-hotspot\bin\server\jvm.dll
0x00007ffed5770000 - 0x00007ffed581c000 	C:\WINDOWS\System32\ADVAPI32.dll
0x00007ffed58c0000 - 0x00007ffed595b000 	C:\WINDOWS\System32\sechost.dll
0x00007ffed52c0000 - 0x00007ffed53ea000 	C:\WINDOWS\System32\RPCRT4.dll
0x00007ffed5050000 - 0x00007ffed5058000 	C:\WINDOWS\System32\PSAPI.DLL
0x00007ffebce60000 - 0x00007ffebce87000 	C:\WINDOWS\SYSTEM32\WINMM.dll
0x00007ffecd780000 - 0x00007ffecd78a000 	C:\WINDOWS\SYSTEM32\VERSION.dll
0x00007ffecf8b0000 - 0x00007ffecf8b9000 	C:\WINDOWS\SYSTEM32\WSOCK32.dll
0x00007ffed5ee0000 - 0x00007ffed5f4b000 	C:\WINDOWS\System32\ws2_32.DLL
0x00007ffed2610000 - 0x00007ffed2622000 	C:\WINDOWS\SYSTEM32\kernel.appcore.dll
0x00007ffecf030000 - 0x00007ffecf040000 	C:\Program Files\Eclipse Foundation\jdk-11.0.12.7-hotspot\bin\verify.dll
0x00007ffed1ef0000 - 0x00007ffed20d4000 	C:\WINDOWS\SYSTEM32\DBGHELP.DLL
0x00007ffec36a0000 - 0x00007ffec36cc000 	C:\WINDOWS\SYSTEM32\dbgcore.DLL
0x00007ffed4a20000 - 0x00007ffed4aa2000 	C:\WINDOWS\System32\bcryptPrimitives.dll
0x00007ffecbf00000 - 0x00007ffecbf28000 	C:\Program Files\Eclipse Foundation\jdk-11.0.12.7-hotspot\bin\java.dll
0x00007ffecddd0000 - 0x00007ffecddda000 	C:\Program Files\Eclipse Foundation\jdk-11.0.12.7-hotspot\bin\jimage.dll
0x00007ffeb7090000 - 0x00007ffeb70a7000 	C:\Program Files\Eclipse Foundation\jdk-11.0.12.7-hotspot\bin\zip.dll
0x00007ffed6010000 - 0x00007ffed6754000 	C:\WINDOWS\System32\SHELL32.dll
0x00007ffed2810000 - 0x00007ffed2fa4000 	C:\WINDOWS\SYSTEM32\windows.storage.dll
0x00007ffed6980000 - 0x00007ffed6cd5000 	C:\WINDOWS\System32\combase.dll
0x00007ffed4170000 - 0x00007ffed419e000 	C:\WINDOWS\SYSTEM32\Wldp.dll
0x00007ffed5060000 - 0x00007ffed510d000 	C:\WINDOWS\System32\SHCORE.dll
0x00007ffed5830000 - 0x00007ffed5885000 	C:\WINDOWS\System32\shlwapi.dll
0x00007ffed4660000 - 0x00007ffed467f000 	C:\WINDOWS\SYSTEM32\profapi.dll
0x00007ffeb6d70000 - 0x00007ffeb6d89000 	C:\Program Files\Eclipse Foundation\jdk-11.0.12.7-hotspot\bin\net.dll
0x00007ffec9620000 - 0x00007ffec972c000 	C:\WINDOWS\SYSTEM32\WINHTTP.dll
0x00007ffed3ed0000 - 0x00007ffed3f3a000 	C:\WINDOWS\system32\mswsock.dll
0x00007ffeb2ed0000 - 0x00007ffeb2ee2000 	C:\Program Files\Eclipse Foundation\jdk-11.0.12.7-hotspot\bin\nio.dll
0x00007ffeb24a0000 - 0x00007ffeb24c7000 	C:\Users\\.gradle\native\8bec1ad78214c89d9ad589b4d07fe93259594b29d510b10fafb7a158f7737e5d\windows-amd64\native-platform.dll
0x00007ffe96ab0000 - 0x00007ffe96bed000 	C:\Users\\.gradle\native\53dbd7edfb1c66fb8903c78663c9afc45aea4f116125fa6feffd364cf09443e8\windows-amd64\native-platform-file-events.dll
0x00007ffecc5b0000 - 0x00007ffecc5b9000 	C:\Program Files\Eclipse Foundation\jdk-11.0.12.7-hotspot\bin\management.dll
0x00007ffecc5a0000 - 0x00007ffecc5ab000 	C:\Program Files\Eclipse Foundation\jdk-11.0.12.7-hotspot\bin\management_ext.dll
0x00007ffed40d0000 - 0x00007ffed40e8000 	C:\WINDOWS\SYSTEM32\CRYPTSP.dll
0x00007ffed37e0000 - 0x00007ffed3814000 	C:\WINDOWS\system32\rsaenh.dll
0x00007ffed4c50000 - 0x00007ffed4c77000 	C:\WINDOWS\System32\bcrypt.dll
0x00007ffed4620000 - 0x00007ffed464e000 	C:\WINDOWS\SYSTEM32\USERENV.dll
0x00007ffed40c0000 - 0x00007ffed40cc000 	C:\WINDOWS\SYSTEM32\CRYPTBASE.dll
0x00007ffed3b70000 - 0x00007ffed3bab000 	C:\WINDOWS\SYSTEM32\IPHLPAPI.DLL
0x00007ffed6ce0000 - 0x00007ffed6ce8000 	C:\WINDOWS\System32\NSI.dll
0x00007ffecb800000 - 0x00007ffecb817000 	C:\WINDOWS\SYSTEM32\dhcpcsvc6.DLL
0x00007ffecca50000 - 0x00007ffecca6d000 	C:\WINDOWS\SYSTEM32\dhcpcsvc.DLL
0x00007ffed3bc0000 - 0x00007ffed3c8b000 	C:\WINDOWS\SYSTEM32\DNSAPI.dll

dbghelp: loaded successfully - version: 4.0.5 - missing functions: none
symbol engine: initialized successfully - sym options: 0x614 - pdb path: .;C:\Program Files\Eclipse Foundation\jdk-11.0.12.7-hotspot\bin;C:\WINDOWS\SYSTEM32;C:\WINDOWS\WinSxS\amd64_microsoft.windows.common-controls_6595b64144ccf1df_6.0.19041.1110_none_60b5254171f9507e;C:\Program Files\Eclipse Foundation\jdk-11.0.12.7-hotspot\bin\server;C:\Users\\.gradle\native\8bec1ad78214c89d9ad589b4d07fe93259594b29d510b10fafb7a158f7737e5d\windows-amd64;C:\Users\\.gradle\native\53dbd7edfb1c66fb8903c78663c9afc45aea4f116125fa6feffd364cf09443e8\windows-amd64

VM Arguments:
jvm_args: --add-opens=java.base/java.util=ALL-UNNAMED --add-opens=java.base/java.lang=ALL-UNNAMED --add-opens=java.base/java.lang.invoke=ALL-UNNAMED --add-opens=java.base/java.util=ALL-UNNAMED --add-opens=java.prefs/java.util.prefs=ALL-UNNAMED --add-opens=java.prefs/java.util.prefs=ALL-UNNAMED --add-opens=java.base/java.nio.charset=ALL-UNNAMED --add-opens=java.base/java.net=ALL-UNNAMED --add-opens=java.base/java.util.concurrent.atomic=ALL-UNNAMED -XX:MaxMetaspaceSize=256m -XX:+HeapDumpOnOutOfMemoryError -Xms256m -Xmx512m -Dfile.encoding=windows-1251 -Duser.country=RU -Duser.language=ru -Duser.variant 
java_command: org.gradle.launcher.daemon.bootstrap.GradleDaemon 7.1
java_class_path (initial): C:\Users\\.gradle\wrapper\dists\gradle-7.1-bin\4pslxx9lrxt5svtz5wbnb6tkz\gradle-7.1\lib\gradle-launcher-7.1.jar
Launcher Type: SUN_STANDARD

[Global flags]
     intx CICompilerCount                          = 3                                         {product} {ergonomic}
   size_t CompressedClassSpaceSize                 = 260046848                                 {product} {ergonomic}
     uint ConcGCThreads                            = 1                                         {product} {ergonomic}
     uint G1ConcRefinementThreads                  = 4                                         {product} {ergonomic}
   size_t G1HeapRegionSize                         = 1048576                                   {product} {ergonomic}
    uintx GCDrainStackTargetSize                   = 64                                        {product} {ergonomic}
     bool HeapDumpOnOutOfMemoryError               = true                                   {manageable} {command line}
   size_t InitialHeapSize                          = 268435456                                 {product} {command line}
   size_t MarkStackSize                            = 4194304                                   {product} {ergonomic}
   size_t MaxHeapSize                              = 536870912                                 {product} {command line}
   size_t MaxMetaspaceSize                         = 268435456                                 {product} {command line}
   size_t MaxNewSize                               = 321912832                                 {product} {ergonomic}
   size_t MinHeapDeltaBytes                        = 1048576                                   {product} {ergonomic}
    uintx NonNMethodCodeHeapSize                   = 5830732                                {pd product} {ergonomic}
    uintx NonProfiledCodeHeapSize                  = 122913754                              {pd product} {ergonomic}
    uintx ProfiledCodeHeapSize                     = 122913754                              {pd product} {ergonomic}
    uintx ReservedCodeCacheSize                    = 251658240                              {pd product} {ergonomic}
     bool SegmentedCodeCache                       = true                                      {product} {ergonomic}
     bool UseCompressedClassPointers               = true                                 {lp64_product} {ergonomic}
     bool UseCompressedOops                        = true                                 {lp64_product} {ergonomic}
     bool UseG1GC                                  = true                                      {product} {ergonomic}
     bool UseLargePagesIndividualAllocation        = false                                  {pd product} {ergonomic}

Logging:
Log output configuration:
 #0: stdout all=warning uptime,level,tags
 #1: stderr all=off uptime,level,tags

Environment Variables:
PATH=C:\Program Files (x86)\AdoptOpenJDK\jdk-11.0.11.9-hotspot\bin;C:\Program Files\Eclipse Foundation\jdk-11.0.12.7-hotspot\bin;C:\WINDOWS\system32;C:\WINDOWS;C:\WINDOWS\System32\Wbem;C:\WINDOWS\System32\WindowsPowerShell\v1.0\;C:\WINDOWS\System32\OpenSSH\;C:\Program Files\Intel\TXE Components\DAL\;C:\Program Files (x86)\Intel\TXE Components\DAL\;C:\Program Files (x86)\Git\cmd;C:\Users\\AppData\Local\Microsoft\WindowsApps;;C:\Users\\AppData\Local\Programs\Microsoft VS Code\bin;C:\Program Files\JetBrains\IntelliJ IDEA Community Edition 2021.2.3\bin;
USERNAME=
OS=Windows_NT
PROCESSOR_IDENTIFIER=Intel64 Family 6 Model 92 Stepping 9, GenuineIntel



---------------  S Y S T E M  ---------------

OS: Windows 10 , 64 bit Build 19041 (10.0.19041.1348)
OS uptime: 9 days 19:35 hours

CPU:total 4 (initial active 4) (4 cores per cpu, 1 threads per core) family 6 model 92 stepping 9 microcode 0x32, cmov, cx8, fxsr, mmx, sse, sse2, sse3, ssse3, sse4.1, sse4.2, popcnt, aes, clmul, erms, 3dnowpref, tsc, tscinvbit, sha

Memory: 4k page, system-wide physical 3945M (269M free)
TotalPageFile size 11191M (AvailPageFile size 168M)
current process WorkingSet (physical memory assigned to process): 314M, peak: 350M
current process commit charge ("private bytes"): 479M, peak: 487M

vm_info: OpenJDK 64-Bit Server VM (11.0.12+7) for windows-amd64 JRE (11.0.12+7), built on Jul 21 2021 16:23:49 by "" with unknown MS VC++:1916

END.
