#
# There is insufficient memory for the Java Runtime Environment to continue.
# Native memory allocation (malloc) failed to allocate 139856 bytes for Chunk::new
# Possible reasons:
#   The system is out of physical RAM or swap space
#   The process is running with CompressedOops enabled, and the Java Heap may be blocking the growth of the native heap
# Possible solutions:
#   Reduce memory load on the system
#   Increase physical memory or swap space
#   Check if swap backing store is full
#   Decrease Java heap size (-Xmx/-Xms)
#   Decrease number of Java threads
#   Decrease Java thread stack sizes (-Xss)
#   Set larger code cache with -XX:ReservedCodeCacheSize=
#   JVM is running with Unscaled Compressed Oops mode in which the Java heap is
#     placed in the first 4GB address space. The Java Heap base address is the
#     maximum limit for the native heap growth. Please use -XX:HeapBaseMinAddress
#     to set the Java Heap base and to place the Java Heap above 4GB virtual address.
# This output file may be truncated or incomplete.
#
#  Out of Memory Error (./src/hotspot/share/memory/arena.cpp:197), pid=13000, tid=7416
#
# JRE version: OpenJDK Runtime Environment Temurin-11.0.12+7 (11.0.12+7) (build 11.0.12+7)
# Java VM: OpenJDK 64-Bit Server VM Temurin-11.0.12+7 (11.0.12+7, mixed mode, tiered, compressed oops, g1 gc, windows-amd64)
# No core dump will be written. Minidumps are not enabled by default on client versions of Windows
#

---------------  S U M M A R Y ------------

Command Line: --add-opens=java.base/java.util=ALL-UNNAMED --add-opens=java.base/java.lang=ALL-UNNAMED --add-opens=java.base/java.lang.invoke=ALL-UNNAMED --add-opens=java.base/java.util=ALL-UNNAMED --add-opens=java.prefs/java.util.prefs=ALL-UNNAMED --add-opens=java.prefs/java.util.prefs=ALL-UNNAMED --add-opens=java.base/java.nio.charset=ALL-UNNAMED --add-opens=java.base/java.net=ALL-UNNAMED --add-opens=java.base/java.util.concurrent.atomic=ALL-UNNAMED -XX:MaxMetaspaceSize=256m -XX:+HeapDumpOnOutOfMemoryError -Xms256m -Xmx512m -Dfile.encoding=windows-1251 -Duser.country=RU -Duser.language=ru -Duser.variant org.gradle.launcher.daemon.bootstrap.GradleDaemon 7.1

Host: Intel(R) Celeron(R) CPU J3455 @ 1.50GHz, 4 cores, 3G,  Windows 10 , 64 bit Build 19041 (10.0.19041.1348)
Time: Thu Jan  6 15:18:55 2022 RTZ 2 (鉅) elapsed time: 61.236804 seconds (0d 0h 1m 1s)

---------------  T H R E A D  ---------------

Current thread (0x0000021b1aa47000):  JavaThread "C2 CompilerThread0" daemon [_thread_in_native, id=7416, stack(0x0000008b4c500000,0x0000008b4c600000)]


Current CompileTask:
C2:  61236 6420       4       org.gradle.internal.snapshot.VfsRelativePath::compareToFirstSegment (203 bytes)

Stack: [0x0000008b4c500000,0x0000008b4c600000]
Native frames: (J=compiled Java code, j=interpreted, Vv=VM code, C=native code)
V  [jvm.dll+0x601d0a]
V  [jvm.dll+0x78ab6e]
V  [jvm.dll+0x78c23f]
V  [jvm.dll+0x78c903]
V  [jvm.dll+0x24be68]
V  [jvm.dll+0xc219c]
V  [jvm.dll+0xc275c]
V  [jvm.dll+0x354857]
V  [jvm.dll+0x321f63]
V  [jvm.dll+0x32129a]
V  [jvm.dll+0x205515]
V  [jvm.dll+0x2046fd]
V  [jvm.dll+0x1898fc]
V  [jvm.dll+0x213d67]
V  [jvm.dll+0x211f2b]
V  [jvm.dll+0x74ec19]
V  [jvm.dll+0x747c84]
V  [jvm.dll+0x600ba6]
C  [ucrtbase.dll+0x21bb2]
C  [KERNEL32.DLL+0x17034]
C  [ntdll.dll+0x52651]


---------------  P R O C E S S  ---------------

Threads class SMR info:
_java_thread_list=0x0000021b21b18530, length=93, elements={
0x0000021b7f33a800, 0x0000021b1aa1e800, 0x0000021b1aa21800, 0x0000021b1b3b3000,
0x0000021b1aa44000, 0x0000021b1aa46000, 0x0000021b1aa47000, 0x0000021b1aa48000,
0x0000021b1aa5a000, 0x0000021b1b503800, 0x0000021b1c46b800, 0x0000021b1bfa7000,
0x0000021b1c415800, 0x0000021b1cd31800, 0x0000021b1d4de000, 0x0000021b1d46d800,
0x0000021b1d46e800, 0x0000021b1d7fb000, 0x0000021b1ca35800, 0x0000021b1d7de800,
0x0000021b1d7e2000, 0x0000021b1d7df800, 0x0000021b1d7de000, 0x0000021b1d7e1000,
0x0000021b1d7dc800, 0x0000021b1d7dd000, 0x0000021b1d7e0800, 0x0000021b1d7e3000,
0x0000021b1ca78800, 0x0000021b1ca75000, 0x0000021b1ca77800, 0x0000021b1ca73000,
0x0000021b1ca76000, 0x0000021b1ca74800, 0x0000021b1ca7d800, 0x0000021b1ca7e000,
0x0000021b1ca7b800, 0x0000021b1ca7b000, 0x0000021b1ca7f000, 0x0000021b1ca7c800,
0x0000021b1ca80000, 0x0000021b1ca80800, 0x0000021b1ca81800, 0x0000021b1d3f2800,
0x0000021b1d3f3000, 0x0000021b1d3f1800, 0x0000021b1d3f7800, 0x0000021b1d3f9800,
0x0000021b1d3f8000, 0x0000021b1d3f5000, 0x0000021b1d3f9000, 0x0000021b1d3f4000,
0x0000021b1d3fb800, 0x0000021b1d3fa800, 0x0000021b1d3f5800, 0x0000021b1d3fc000,
0x0000021b1d3f6800, 0x0000021b1d3fd000, 0x0000021b1d3ff800, 0x0000021b1d3fe000,
0x0000021b1d3fe800, 0x0000021b1d400800, 0x0000021b220df000, 0x0000021b220dc000,
0x0000021b220dd800, 0x0000021b220dc800, 0x0000021b220db000, 0x0000021b220e0000,
0x0000021b220e0800, 0x0000021b220e1800, 0x0000021b220e2800, 0x0000021b220de800,
0x0000021b220e5000, 0x0000021b220e6800, 0x0000021b220e5800, 0x0000021b220e8000,
0x0000021b220e7800, 0x0000021b220e9000, 0x0000021b220e3000, 0x0000021b220e9800,
0x0000021b220e4000, 0x0000021b1d8ea000, 0x0000021b1d8e7800, 0x0000021b1d8e9000,
0x0000021b1d8ea800, 0x0000021b1d8e8000, 0x0000021b1d8ec800, 0x0000021b1d8e6800,
0x0000021b1d8ef000, 0x0000021b1d8ef800, 0x0000021b1d8ee000, 0x0000021b1d8f1000,
0x0000021b1d8f0800
}

Java Threads: ( => current thread )
  0x0000021b7f33a800 JavaThread "main" [_thread_blocked, id=4972, stack(0x0000008b4b900000,0x0000008b4ba00000)]
  0x0000021b1aa1e800 JavaThread "Reference Handler" daemon [_thread_blocked, id=9140, stack(0x0000008b4c000000,0x0000008b4c100000)]
  0x0000021b1aa21800 JavaThread "Finalizer" daemon [_thread_blocked, id=14092, stack(0x0000008b4c100000,0x0000008b4c200000)]
  0x0000021b1b3b3000 JavaThread "Signal Dispatcher" daemon [_thread_blocked, id=14776, stack(0x0000008b4c200000,0x0000008b4c300000)]
  0x0000021b1aa44000 JavaThread "Attach Listener" daemon [_thread_blocked, id=2136, stack(0x0000008b4c300000,0x0000008b4c400000)]
  0x0000021b1aa46000 JavaThread "Service Thread" daemon [_thread_blocked, id=1760, stack(0x0000008b4c400000,0x0000008b4c500000)]
=>0x0000021b1aa47000 JavaThread "C2 CompilerThread0" daemon [_thread_in_native, id=7416, stack(0x0000008b4c500000,0x0000008b4c600000)]
  0x0000021b1aa48000 JavaThread "C1 CompilerThread0" daemon [_thread_blocked, id=8088, stack(0x0000008b4c600000,0x0000008b4c700000)]
  0x0000021b1aa5a000 JavaThread "Sweeper thread" daemon [_thread_blocked, id=9980, stack(0x0000008b4c700000,0x0000008b4c800000)]
  0x0000021b1b503800 JavaThread "Common-Cleaner" daemon [_thread_blocked, id=9204, stack(0x0000008b4c800000,0x0000008b4c900000)]
  0x0000021b1c46b800 JavaThread "Daemon health stats" [_thread_blocked, id=7704, stack(0x0000008b4cd00000,0x0000008b4ce00000)]
  0x0000021b1bfa7000 JavaThread "Incoming local TCP Connector on port 65501" [_thread_in_native, id=14004, stack(0x0000008b4ce00000,0x0000008b4cf00000)]
  0x0000021b1c415800 JavaThread "Daemon periodic checks" [_thread_blocked, id=7212, stack(0x0000008b4cf00000,0x0000008b4d000000)]
  0x0000021b1cd31800 JavaThread "Daemon" [_thread_blocked, id=14408, stack(0x0000008b4d000000,0x0000008b4d100000)]
  0x0000021b1d4de000 JavaThread "Handler for socket connection from /127.0.0.1:65501 to /127.0.0.1:65502" [_thread_in_native, id=13732, stack(0x0000008b4d100000,0x0000008b4d200000)]
  0x0000021b1d46d800 JavaThread "Cancel handler" [_thread_blocked, id=2292, stack(0x0000008b4d200000,0x0000008b4d300000)]
  0x0000021b1d46e800 JavaThread "Daemon worker" [_thread_blocked, id=2500, stack(0x0000008b4d300000,0x0000008b4d400000)]
  0x0000021b1d7fb000 JavaThread "Asynchronous log dispatcher for DefaultDaemonConnection: socket connection from /127.0.0.1:65501 to /127.0.0.1:65502" [_thread_blocked, id=11372, stack(0x0000008b4d400000,0x0000008b4d500000)]
  0x0000021b1ca35800 JavaThread "Stdin handler" [_thread_blocked, id=8136, stack(0x0000008b4d500000,0x0000008b4d600000)]
  0x0000021b1d7de800 JavaThread "Daemon client event forwarder" [_thread_blocked, id=7824, stack(0x0000008b4d600000,0x0000008b4d700000)]
  0x0000021b1d7e2000 JavaThread "Cache worker for journal cache (C:\Users\ﾑ社ｻﾐｸﾑ十.gradle\caches\journal-1)" [_thread_blocked, id=12584, stack(0x0000008b4d700000,0x0000008b4d800000)]
  0x0000021b1d7df800 JavaThread "File lock request listener" [_thread_in_native, id=5724, stack(0x0000008b4d800000,0x0000008b4d900000)]
  0x0000021b1d7de000 JavaThread "Cache worker for file hash cache (C:\Users\ﾑ社ｻﾐｸﾑ十.gradle\caches\7.1\fileHashes)" [_thread_blocked, id=12260, stack(0x0000008b4d900000,0x0000008b4da00000)]
  0x0000021b1d7e1000 JavaThread "Cache worker for file hash cache (C:\PageObjects\.gradle\7.1\fileHashes)" [_thread_blocked, id=10584, stack(0x0000008b4da00000,0x0000008b4db00000)]
  0x0000021b1d7dc800 JavaThread "File watcher server" daemon [_thread_in_native, id=12520, stack(0x0000008b4db00000,0x0000008b4dc00000)]
  0x0000021b1d7dd000 JavaThread "File watcher consumer" daemon [_thread_blocked, id=12120, stack(0x0000008b4dc00000,0x0000008b4dd00000)]
  0x0000021b1d7e0800 JavaThread "Cache worker for checksums cache (C:\PageObjects\.gradle\checksums)" [_thread_blocked, id=9744, stack(0x0000008b4dd00000,0x0000008b4de00000)]
  0x0000021b1d7e3000 JavaThread "Cache worker for cache directory md-supplier (C:\Users\ﾑ社ｻﾐｸﾑ十.gradle\caches\7.1\md-supplier)" [_thread_blocked, id=15236, stack(0x0000008b4de00000,0x0000008b4df00000)]
  0x0000021b1ca78800 JavaThread "Cache worker for cache directory md-rule (C:\Users\ﾑ社ｻﾐｸﾑ十.gradle\caches\7.1\md-rule)" [_thread_blocked, id=11172, stack(0x0000008b4df00000,0x0000008b4e000000)]
  0x0000021b1ca75000 JavaThread "Cache worker for execution history cache (C:\Users\ﾑ社ｻﾐｸﾑ十.gradle\caches\7.1\executionHistory)" [_thread_blocked, id=10112, stack(0x0000008b4e000000,0x0000008b4e100000)]
  0x0000021b1ca77800 JavaThread "jar transforms" [_thread_blocked, id=14348, stack(0x0000008b4e100000,0x0000008b4e200000)]
  0x0000021b1ca73000 JavaThread "jar transforms Thread 2" [_thread_blocked, id=14624, stack(0x0000008b4e200000,0x0000008b4e300000)]
  0x0000021b1ca76000 JavaThread "Cache worker for file content cache (C:\Users\ﾑ社ｻﾐｸﾑ十.gradle\caches\7.1\fileContent)" [_thread_blocked, id=13608, stack(0x0000008b4e300000,0x0000008b4e400000)]
  0x0000021b1ca74800 JavaThread "jar transforms Thread 3" [_thread_blocked, id=1724, stack(0x0000008b4e400000,0x0000008b4e500000)]
  0x0000021b1ca7d800 JavaThread "jar transforms Thread 4" [_thread_blocked, id=372, stack(0x0000008b4e500000,0x0000008b4e600000)]
  0x0000021b1ca7e000 JavaThread "Cache worker for dependencies-accessors (C:\PageObjects\.gradle\7.1\dependencies-accessors)" [_thread_blocked, id=8692, stack(0x0000008b4e600000,0x0000008b4e700000)]
  0x0000021b1ca7b800 JavaThread "Cache worker for Build Output Cleanup Cache (C:\PageObjects\.gradle\buildOutputCleanup)" [_thread_blocked, id=4900, stack(0x0000008b4e700000,0x0000008b4e800000)]
  0x0000021b1ca7b000 JavaThread "Unconstrained build operations" [_thread_blocked, id=11656, stack(0x0000008b4e800000,0x0000008b4e900000)]
  0x0000021b1ca7f000 JavaThread "Memory manager" [_thread_blocked, id=652, stack(0x0000008b4e900000,0x0000008b4ea00000)]
  0x0000021b1ca7c800 JavaThread "Execution worker for ':'" [_thread_blocked, id=5184, stack(0x0000008b4ea00000,0x0000008b4eb00000)]
  0x0000021b1ca80000 JavaThread "Execution worker for ':' Thread 2" [_thread_blocked, id=4840, stack(0x0000008b4eb00000,0x0000008b4ec00000)]
  0x0000021b1ca80800 JavaThread "Execution worker for ':' Thread 3" [_thread_blocked, id=11060, stack(0x0000008b4ec00000,0x0000008b4ed00000)]
  0x0000021b1ca81800 JavaThread "Cache worker for execution history cache (C:\PageObjects\.gradle\7.1\executionHistory)" [_thread_blocked, id=12028, stack(0x0000008b4ed00000,0x0000008b4ee00000)]
  0x0000021b1d3f2800 JavaThread "Unconstrained build operations Thread 2" [_thread_blocked, id=14420, stack(0x0000008b4ee00000,0x0000008b4ef00000)]
  0x0000021b1d3f3000 JavaThread "Unconstrained build operations Thread 3" [_thread_blocked, id=11756, stack(0x0000008b4ef00000,0x0000008b4f000000)]
  0x0000021b1d3f1800 JavaThread "Unconstrained build operations Thread 4" [_thread_blocked, id=14644, stack(0x0000008b4f000000,0x0000008b4f100000)]
  0x0000021b1d3f7800 JavaThread "Unconstrained build operations Thread 5" [_thread_blocked, id=15000, stack(0x0000008b4f100000,0x0000008b4f200000)]
  0x0000021b1d3f9800 JavaThread "Unconstrained build operations Thread 6" [_thread_blocked, id=14324, stack(0x0000008b4f200000,0x0000008b4f300000)]
  0x0000021b1d3f8000 JavaThread "Unconstrained build operations Thread 7" [_thread_blocked, id=12452, stack(0x0000008b4f300000,0x0000008b4f400000)]
  0x0000021b1d3f5000 JavaThread "Unconstrained build operations Thread 8" [_thread_blocked, id=8296, stack(0x0000008b4f400000,0x0000008b4f500000)]
  0x0000021b1d3f9000 JavaThread "Unconstrained build operations Thread 9" [_thread_blocked, id=6176, stack(0x0000008b4f500000,0x0000008b4f600000)]
  0x0000021b1d3f4000 JavaThread "Unconstrained build operations Thread 10" [_thread_blocked, id=12380, stack(0x0000008b4f600000,0x0000008b4f700000)]
  0x0000021b1d3fb800 JavaThread "Unconstrained build operations Thread 11" [_thread_blocked, id=32, stack(0x0000008b4f700000,0x0000008b4f800000)]
  0x0000021b1d3fa800 JavaThread "Unconstrained build operations Thread 12" [_thread_blocked, id=15352, stack(0x0000008b4f800000,0x0000008b4f900000)]
  0x0000021b1d3f5800 JavaThread "Unconstrained build operations Thread 13" [_thread_blocked, id=3760, stack(0x0000008b4f900000,0x0000008b4fa00000)]
  0x0000021b1d3fc000 JavaThread "Unconstrained build operations Thread 14" [_thread_blocked, id=7588, stack(0x0000008b4fa00000,0x0000008b4fb00000)]
  0x0000021b1d3f6800 JavaThread "Unconstrained build operations Thread 15" [_thread_blocked, id=3928, stack(0x0000008b4fb00000,0x0000008b4fc00000)]
  0x0000021b1d3fd000 JavaThread "Unconstrained build operations Thread 16" [_thread_blocked, id=10704, stack(0x0000008b4fc00000,0x0000008b4fd00000)]
  0x0000021b1d3ff800 JavaThread "Unconstrained build operations Thread 17" [_thread_blocked, id=384, stack(0x0000008b4fd00000,0x0000008b4fe00000)]
  0x0000021b1d3fe000 JavaThread "Unconstrained build operations Thread 18" [_thread_blocked, id=10312, stack(0x0000008b4fe00000,0x0000008b4ff00000)]
  0x0000021b1d3fe800 JavaThread "Unconstrained build operations Thread 19" [_thread_blocked, id=11240, stack(0x0000008b4ff00000,0x0000008b50000000)]
  0x0000021b1d400800 JavaThread "Unconstrained build operations Thread 20" [_thread_blocked, id=13912, stack(0x0000008b50000000,0x0000008b50100000)]
  0x0000021b220df000 JavaThread "Unconstrained build operations Thread 21" [_thread_blocked, id=8672, stack(0x0000008b50100000,0x0000008b50200000)]
  0x0000021b220dc000 JavaThread "Unconstrained build operations Thread 22" [_thread_blocked, id=15180, stack(0x0000008b50200000,0x0000008b50300000)]
  0x0000021b220dd800 JavaThread "Unconstrained build operations Thread 23" [_thread_blocked, id=4828, stack(0x0000008b50300000,0x0000008b50400000)]
  0x0000021b220dc800 JavaThread "Unconstrained build operations Thread 24" [_thread_blocked, id=6088, stack(0x0000008b50400000,0x0000008b50500000)]
  0x0000021b220db000 JavaThread "Unconstrained build operations Thread 25" [_thread_blocked, id=14180, stack(0x0000008b50500000,0x0000008b50600000)]
  0x0000021b220e0000 JavaThread "Unconstrained build operations Thread 26" [_thread_blocked, id=6236, stack(0x0000008b50600000,0x0000008b50700000)]
  0x0000021b220e0800 JavaThread "Unconstrained build operations Thread 27" [_thread_blocked, id=13068, stack(0x0000008b50700000,0x0000008b50800000)]
  0x0000021b220e1800 JavaThread "Unconstrained build operations Thread 28" [_thread_blocked, id=13192, stack(0x0000008b50800000,0x0000008b50900000)]
  0x0000021b220e2800 JavaThread "Unconstrained build operations Thread 29" [_thread_blocked, id=5748, stack(0x0000008b50900000,0x0000008b50a00000)]
  0x0000021b220de800 JavaThread "Unconstrained build operations Thread 30" [_thread_blocked, id=5356, stack(0x0000008b50a00000,0x0000008b50b00000)]
  0x0000021b220e5000 JavaThread "Unconstrained build operations Thread 31" [_thread_blocked, id=14584, stack(0x0000008b50b00000,0x0000008b50c00000)]
  0x0000021b220e6800 JavaThread "Unconstrained build operations Thread 32" [_thread_blocked, id=10300, stack(0x0000008b50c00000,0x0000008b50d00000)]
  0x0000021b220e5800 JavaThread "Unconstrained build operations Thread 33" [_thread_blocked, id=13424, stack(0x0000008b50d00000,0x0000008b50e00000)]
  0x0000021b220e8000 JavaThread "Unconstrained build operations Thread 34" [_thread_blocked, id=10652, stack(0x0000008b50e00000,0x0000008b50f00000)]
  0x0000021b220e7800 JavaThread "Unconstrained build operations Thread 35" [_thread_blocked, id=7684, stack(0x0000008b50f00000,0x0000008b51000000)]
  0x0000021b220e9000 JavaThread "Unconstrained build operations Thread 36" [_thread_blocked, id=5692, stack(0x0000008b51000000,0x0000008b51100000)]
  0x0000021b220e3000 JavaThread "Unconstrained build operations Thread 37" [_thread_blocked, id=14936, stack(0x0000008b51100000,0x0000008b51200000)]
  0x0000021b220e9800 JavaThread "Unconstrained build operations Thread 38" [_thread_blocked, id=14020, stack(0x0000008b51200000,0x0000008b51300000)]
  0x0000021b220e4000 JavaThread "Unconstrained build operations Thread 39" [_thread_blocked, id=13568, stack(0x0000008b51300000,0x0000008b51400000)]
  0x0000021b1d8ea000 JavaThread "Unconstrained build operations Thread 40" [_thread_blocked, id=9692, stack(0x0000008b51400000,0x0000008b51500000)]
  0x0000021b1d8e7800 JavaThread "Dispatch org.gradle.api.internal.tasks.testing.results.AttachParentTestResultProcessor@6a0b5f3e" [_thread_blocked, id=14704, stack(0x0000008b51500000,0x0000008b51600000)]
  0x0000021b1d8e9000 JavaThread "Dispatch org.gradle.api.internal.tasks.testing.processors.RestartEveryNTestClassProcessor@37872d1e" [_thread_blocked, id=11164, stack(0x0000008b51600000,0x0000008b51700000)]
  0x0000021b1d8ea800 JavaThread "Incoming local TCP Connector on port 65518" [_thread_blocked, id=9588, stack(0x0000008b51700000,0x0000008b51800000)]
  0x0000021b1d8e8000 JavaThread "Exec process" [_thread_in_native, id=13536, stack(0x0000008b51800000,0x0000008b51900000)]
  0x0000021b1d8ec800 JavaThread "Exec process Thread 2" [_thread_blocked, id=13368, stack(0x0000008b51a00000,0x0000008b51b00000)]
  0x0000021b1d8e6800 JavaThread "Exec process Thread 3" [_thread_in_native, id=10176, stack(0x0000008b51b00000,0x0000008b51c00000)]
  0x0000021b1d8ef000 JavaThread "Exec process Thread 4" [_thread_in_native, id=9940, stack(0x0000008b51c00000,0x0000008b51d00000)]
  0x0000021b1d8ef800 JavaThread "/127.0.0.1:65518 to /127.0.0.1:65520 workers" [_thread_blocked, id=2824, stack(0x0000008b51e00000,0x0000008b51f00000)]
  0x0000021b1d8ee000 JavaThread "/127.0.0.1:65518 to /127.0.0.1:65520 workers Thread 2" [_thread_blocked, id=1632, stack(0x0000008b51f00000,0x0000008b52000000)]
  0x0000021b1d8f1000 JavaThread "/127.0.0.1:65518 to /127.0.0.1:65520 workers Thread 3" [_thread_blocked, id=9680, stack(0x0000008b52000000,0x0000008b52100000)]
  0x0000021b1d8f0800 JavaThread "/127.0.0.1:65518 to /127.0.0.1:65520 workers Thread 4" [_thread_in_native, id=6760, stack(0x0000008b52100000,0x0000008b52200000)]

Other Threads:
  0x0000021b1a9fb800 VMThread "VM Thread" [stack: 0x0000008b4bf00000,0x0000008b4c000000] [id=13340]
  0x0000021b1b539000 WatcherThread [stack: 0x0000008b4c900000,0x0000008b4ca00000] [id=11948]
  0x0000021b7f354800 GCTaskThread "GC Thread#0" [stack: 0x0000008b4ba00000,0x0000008b4bb00000] [id=10140]
  0x0000021b1b811800 GCTaskThread "GC Thread#1" [stack: 0x0000008b4ca00000,0x0000008b4cb00000] [id=11780]
  0x0000021b1b812800 GCTaskThread "GC Thread#2" [stack: 0x0000008b4cb00000,0x0000008b4cc00000] [id=12708]
  0x0000021b1baaf800 GCTaskThread "GC Thread#3" [stack: 0x0000008b4cc00000,0x0000008b4cd00000] [id=3056]
  0x0000021b7f368000 ConcurrentGCThread "G1 Main Marker" [stack: 0x0000008b4bb00000,0x0000008b4bc00000] [id=10160]
  0x0000021b7f369000 ConcurrentGCThread "G1 Conc#0" [stack: 0x0000008b4bc00000,0x0000008b4bd00000] [id=10304]
  0x0000021b7f41e000 ConcurrentGCThread "G1 Refine#0" [stack: 0x0000008b4bd00000,0x0000008b4be00000] [id=5904]
  0x0000021b1a89a800 ConcurrentGCThread "G1 Young RemSet Sampling" [stack: 0x0000008b4be00000,0x0000008b4bf00000] [id=3684]

Threads with active compile tasks:
C2 CompilerThread0  61330 6420       4       org.gradle.internal.snapshot.VfsRelativePath::compareToFirstSegment (203 bytes)

VM state:not at safepoint (normal execution)

VM Mutex/Monitor currently owned by a thread: None

Heap address: 0x00000000e0000000, size: 512 MB, Compressed Oops mode: 32-bit
Narrow klass base: 0x0000000000000000, Narrow klass shift: 3
Compressed class space size: 260046848 Address: 0x0000000100000000

Heap:
 garbage-first heap   total 262144K, used 50530K [0x00000000e0000000, 0x0000000100000000)
  region size 1024K, 29 young (29696K), 19 survivors (19456K)
 Metaspace       used 56384K, capacity 58346K, committed 58368K, reserved 305152K
  class space    used 7449K, capacity 8178K, committed 8192K, reserved 253952K
Heap Regions: E=young(eden), S=young(survivor), O=old, HS=humongous(starts), HC=humongous(continues), CS=collection set, F=free, A=archive, TAMS=top-at-mark-start (previous, next)
|   0|0x00000000e0000000, 0x00000000e0100000, 0x00000000e0100000|100%|HS|  |TAMS 0x00000000e0100000, 0x00000000e0000000| Complete 
|   1|0x00000000e0100000, 0x00000000e0200000, 0x00000000e0200000|100%|HC|  |TAMS 0x00000000e0200000, 0x00000000e0100000| Complete 
|   2|0x00000000e0200000, 0x00000000e0300000, 0x00000000e0300000|100%|HC|  |TAMS 0x00000000e0300000, 0x00000000e0200000| Complete 
|   3|0x00000000e0300000, 0x00000000e0400000, 0x00000000e0400000|100%| O|  |TAMS 0x00000000e0400000, 0x00000000e0300000| Untracked 
|   4|0x00000000e0400000, 0x00000000e0500000, 0x00000000e0500000|100%| O|  |TAMS 0x00000000e0500000, 0x00000000e0400000| Untracked 
|   5|0x00000000e0500000, 0x00000000e0600000, 0x00000000e0600000|100%| O|  |TAMS 0x00000000e0600000, 0x00000000e0500000| Untracked 
|   6|0x00000000e0600000, 0x00000000e0700000, 0x00000000e0700000|100%| O|  |TAMS 0x00000000e0700000, 0x00000000e0600000| Untracked 
|   7|0x00000000e0700000, 0x00000000e0800000, 0x00000000e0800000|100%| O|  |TAMS 0x00000000e0800000, 0x00000000e0700000| Untracked 
|   8|0x00000000e0800000, 0x00000000e0900000, 0x00000000e0900000|100%| O|  |TAMS 0x00000000e0900000, 0x00000000e0800000| Untracked 
|   9|0x00000000e0900000, 0x00000000e0a00000, 0x00000000e0a00000|100%| O|  |TAMS 0x00000000e0a00000, 0x00000000e0900000| Untracked 
|  10|0x00000000e0a00000, 0x00000000e0b00000, 0x00000000e0b00000|100%| O|  |TAMS 0x00000000e0b00000, 0x00000000e0a00000| Untracked 
|  11|0x00000000e0b00000, 0x00000000e0c00000, 0x00000000e0c00000|100%| O|  |TAMS 0x00000000e0c00000, 0x00000000e0b00000| Untracked 
|  12|0x00000000e0c00000, 0x00000000e0d00000, 0x00000000e0d00000|100%| O|  |TAMS 0x00000000e0d00000, 0x00000000e0c00000| Untracked 
|  13|0x00000000e0d00000, 0x00000000e0e00000, 0x00000000e0e00000|100%| O|  |TAMS 0x00000000e0e00000, 0x00000000e0d00000| Untracked 
|  14|0x00000000e0e00000, 0x00000000e0f00000, 0x00000000e0f00000|100%| O|  |TAMS 0x00000000e0f00000, 0x00000000e0e00000| Untracked 
|  15|0x00000000e0f00000, 0x00000000e1000000, 0x00000000e1000000|100%| O|  |TAMS 0x00000000e0f6be00, 0x00000000e0f00000| Untracked 
|  16|0x00000000e1000000, 0x00000000e1000000, 0x00000000e1100000|  0%| F|  |TAMS 0x00000000e1000000, 0x00000000e1000000| Untracked 
|  17|0x00000000e1100000, 0x00000000e1200000, 0x00000000e1200000|100%| O|  |TAMS 0x00000000e1100000, 0x00000000e1100000| Untracked 
|  18|0x00000000e1200000, 0x00000000e1300000, 0x00000000e1300000|100%| O|  |TAMS 0x00000000e1200000, 0x00000000e1200000| Untracked 
|  19|0x00000000e1300000, 0x00000000e1400000, 0x00000000e1400000|100%| O|  |TAMS 0x00000000e1300000, 0x00000000e1300000| Untracked 
|  20|0x00000000e1400000, 0x00000000e1500000, 0x00000000e1500000|100%| O|  |TAMS 0x00000000e1400000, 0x00000000e1400000| Untracked 
|  21|0x00000000e1500000, 0x00000000e1600000, 0x00000000e1600000|100%| O|  |TAMS 0x00000000e1500000, 0x00000000e1500000| Untracked 
|  22|0x00000000e1600000, 0x00000000e166de00, 0x00000000e1700000| 42%| O|  |TAMS 0x00000000e1600000, 0x00000000e1600000| Untracked 
|  23|0x00000000e1700000, 0x00000000e1700000, 0x00000000e1800000|  0%| F|  |TAMS 0x00000000e1700000, 0x00000000e1700000| Untracked 
|  24|0x00000000e1800000, 0x00000000e1800000, 0x00000000e1900000|  0%| F|  |TAMS 0x00000000e1800000, 0x00000000e1800000| Untracked 
|  25|0x00000000e1900000, 0x00000000e1900000, 0x00000000e1a00000|  0%| F|  |TAMS 0x00000000e1900000, 0x00000000e1900000| Untracked 
|  26|0x00000000e1a00000, 0x00000000e1a00000, 0x00000000e1b00000|  0%| F|  |TAMS 0x00000000e1a00000, 0x00000000e1a00000| Untracked 
|  27|0x00000000e1b00000, 0x00000000e1b00000, 0x00000000e1c00000|  0%| F|  |TAMS 0x00000000e1b00000, 0x00000000e1b00000| Untracked 
|  28|0x00000000e1c00000, 0x00000000e1c00000, 0x00000000e1d00000|  0%| F|  |TAMS 0x00000000e1c00000, 0x00000000e1c00000| Untracked 
|  29|0x00000000e1d00000, 0x00000000e1d00000, 0x00000000e1e00000|  0%| F|  |TAMS 0x00000000e1d00000, 0x00000000e1d00000| Untracked 
|  30|0x00000000e1e00000, 0x00000000e1e00000, 0x00000000e1f00000|  0%| F|  |TAMS 0x00000000e1e00000, 0x00000000e1e00000| Untracked 
|  31|0x00000000e1f00000, 0x00000000e1f00000, 0x00000000e2000000|  0%| F|  |TAMS 0x00000000e1f00000, 0x00000000e1f00000| Untracked 
|  32|0x00000000e2000000, 0x00000000e2000000, 0x00000000e2100000|  0%| F|  |TAMS 0x00000000e2000000, 0x00000000e2000000| Untracked 
|  33|0x00000000e2100000, 0x00000000e2100000, 0x00000000e2200000|  0%| F|  |TAMS 0x00000000e2100000, 0x00000000e2100000| Untracked 
|  34|0x00000000e2200000, 0x00000000e2200000, 0x00000000e2300000|  0%| F|  |TAMS 0x00000000e2200000, 0x00000000e2200000| Untracked 
|  35|0x00000000e2300000, 0x00000000e2300000, 0x00000000e2400000|  0%| F|  |TAMS 0x00000000e2300000, 0x00000000e2300000| Untracked 
|  36|0x00000000e2400000, 0x00000000e2400000, 0x00000000e2500000|  0%| F|  |TAMS 0x00000000e2400000, 0x00000000e2400000| Untracked 
|  37|0x00000000e2500000, 0x00000000e2500000, 0x00000000e2600000|  0%| F|  |TAMS 0x00000000e2500000, 0x00000000e2500000| Untracked 
|  38|0x00000000e2600000, 0x00000000e2600000, 0x00000000e2700000|  0%| F|  |TAMS 0x00000000e2600000, 0x00000000e2600000| Untracked 
|  39|0x00000000e2700000, 0x00000000e2700000, 0x00000000e2800000|  0%| F|  |TAMS 0x00000000e2700000, 0x00000000e2700000| Untracked 
|  40|0x00000000e2800000, 0x00000000e2800000, 0x00000000e2900000|  0%| F|  |TAMS 0x00000000e2800000, 0x00000000e2800000| Untracked 
|  41|0x00000000e2900000, 0x00000000e2900000, 0x00000000e2a00000|  0%| F|  |TAMS 0x00000000e2900000, 0x00000000e2900000| Untracked 
|  42|0x00000000e2a00000, 0x00000000e2a00000, 0x00000000e2b00000|  0%| F|  |TAMS 0x00000000e2a00000, 0x00000000e2a00000| Untracked 
|  43|0x00000000e2b00000, 0x00000000e2b00000, 0x00000000e2c00000|  0%| F|  |TAMS 0x00000000e2b00000, 0x00000000e2b00000| Untracked 
|  44|0x00000000e2c00000, 0x00000000e2c00000, 0x00000000e2d00000|  0%| F|  |TAMS 0x00000000e2c00000, 0x00000000e2c00000| Untracked 
|  45|0x00000000e2d00000, 0x00000000e2d00000, 0x00000000e2e00000|  0%| F|  |TAMS 0x00000000e2d00000, 0x00000000e2d00000| Untracked 
|  46|0x00000000e2e00000, 0x00000000e2e00000, 0x00000000e2f00000|  0%| F|  |TAMS 0x00000000e2e00000, 0x00000000e2e00000| Untracked 
|  47|0x00000000e2f00000, 0x00000000e2f00000, 0x00000000e3000000|  0%| F|  |TAMS 0x00000000e2f00000, 0x00000000e2f00000| Untracked 
|  48|0x00000000e3000000, 0x00000000e3000000, 0x00000000e3100000|  0%| F|  |TAMS 0x00000000e3000000, 0x00000000e3000000| Untracked 
|  49|0x00000000e3100000, 0x00000000e3100000, 0x00000000e3200000|  0%| F|  |TAMS 0x00000000e3100000, 0x00000000e3100000| Untracked 
|  50|0x00000000e3200000, 0x00000000e3200000, 0x00000000e3300000|  0%| F|  |TAMS 0x00000000e3200000, 0x00000000e3200000| Untracked 
|  51|0x00000000e3300000, 0x00000000e3300000, 0x00000000e3400000|  0%| F|  |TAMS 0x00000000e3300000, 0x00000000e3300000| Untracked 
|  52|0x00000000e3400000, 0x00000000e3400000, 0x00000000e3500000|  0%| F|  |TAMS 0x00000000e3400000, 0x00000000e3400000| Untracked 
|  53|0x00000000e3500000, 0x00000000e3500000, 0x00000000e3600000|  0%| F|  |TAMS 0x00000000e3500000, 0x00000000e3500000| Untracked 
|  54|0x00000000e3600000, 0x00000000e3600000, 0x00000000e3700000|  0%| F|  |TAMS 0x00000000e3600000, 0x00000000e3600000| Untracked 
|  55|0x00000000e3700000, 0x00000000e3700000, 0x00000000e3800000|  0%| F|  |TAMS 0x00000000e3700000, 0x00000000e3700000| Untracked 
|  56|0x00000000e3800000, 0x00000000e3800000, 0x00000000e3900000|  0%| F|  |TAMS 0x00000000e3800000, 0x00000000e3800000| Untracked 
|  57|0x00000000e3900000, 0x00000000e3900000, 0x00000000e3a00000|  0%| F|  |TAMS 0x00000000e3900000, 0x00000000e3900000| Untracked 
|  58|0x00000000e3a00000, 0x00000000e3a00000, 0x00000000e3b00000|  0%| F|  |TAMS 0x00000000e3a00000, 0x00000000e3a00000| Untracked 
|  59|0x00000000e3b00000, 0x00000000e3b00000, 0x00000000e3c00000|  0%| F|  |TAMS 0x00000000e3b00000, 0x00000000e3b00000| Untracked 
|  60|0x00000000e3c00000, 0x00000000e3c00000, 0x00000000e3d00000|  0%| F|  |TAMS 0x00000000e3c00000, 0x00000000e3c00000| Untracked 
|  61|0x00000000e3d00000, 0x00000000e3d00000, 0x00000000e3e00000|  0%| F|  |TAMS 0x00000000e3d00000, 0x00000000e3d00000| Untracked 
|  62|0x00000000e3e00000, 0x00000000e3e00000, 0x00000000e3f00000|  0%| F|  |TAMS 0x00000000e3e00000, 0x00000000e3e00000| Untracked 
|  63|0x00000000e3f00000, 0x00000000e3f00000, 0x00000000e4000000|  0%| F|  |TAMS 0x00000000e3f00000, 0x00000000e3f00000| Untracked 
|  64|0x00000000e4000000, 0x00000000e4000000, 0x00000000e4100000|  0%| F|  |TAMS 0x00000000e4000000, 0x00000000e4000000| Untracked 
|  65|0x00000000e4100000, 0x00000000e4100000, 0x00000000e4200000|  0%| F|  |TAMS 0x00000000e4100000, 0x00000000e4100000| Untracked 
|  66|0x00000000e4200000, 0x00000000e4200000, 0x00000000e4300000|  0%| F|  |TAMS 0x00000000e4200000, 0x00000000e4200000| Untracked 
|  67|0x00000000e4300000, 0x00000000e4300000, 0x00000000e4400000|  0%| F|  |TAMS 0x00000000e4300000, 0x00000000e4300000| Untracked 
|  68|0x00000000e4400000, 0x00000000e4400000, 0x00000000e4500000|  0%| F|  |TAMS 0x00000000e4400000, 0x00000000e4400000| Untracked 
|  69|0x00000000e4500000, 0x00000000e4500000, 0x00000000e4600000|  0%| F|  |TAMS 0x00000000e4500000, 0x00000000e4500000| Untracked 
|  70|0x00000000e4600000, 0x00000000e4600000, 0x00000000e4700000|  0%| F|  |TAMS 0x00000000e4600000, 0x00000000e4600000| Untracked 
|  71|0x00000000e4700000, 0x00000000e4700000, 0x00000000e4800000|  0%| F|  |TAMS 0x00000000e4700000, 0x00000000e4700000| Untracked 
|  72|0x00000000e4800000, 0x00000000e4800000, 0x00000000e4900000|  0%| F|  |TAMS 0x00000000e4800000, 0x00000000e4800000| Untracked 
|  73|0x00000000e4900000, 0x00000000e4900000, 0x00000000e4a00000|  0%| F|  |TAMS 0x00000000e4900000, 0x00000000e4900000| Untracked 
|  74|0x00000000e4a00000, 0x00000000e4a00000, 0x00000000e4b00000|  0%| F|  |TAMS 0x00000000e4a00000, 0x00000000e4a00000| Untracked 
|  75|0x00000000e4b00000, 0x00000000e4b00000, 0x00000000e4c00000|  0%| F|  |TAMS 0x00000000e4b00000, 0x00000000e4b00000| Untracked 
|  76|0x00000000e4c00000, 0x00000000e4c00000, 0x00000000e4d00000|  0%| F|  |TAMS 0x00000000e4c00000, 0x00000000e4c00000| Untracked 
|  77|0x00000000e4d00000, 0x00000000e4d00000, 0x00000000e4e00000|  0%| F|  |TAMS 0x00000000e4d00000, 0x00000000e4d00000| Untracked 
|  78|0x00000000e4e00000, 0x00000000e4e00000, 0x00000000e4f00000|  0%| F|  |TAMS 0x00000000e4e00000, 0x00000000e4e00000| Untracked 
|  79|0x00000000e4f00000, 0x00000000e4f00000, 0x00000000e5000000|  0%| F|  |TAMS 0x00000000e4f00000, 0x00000000e4f00000| Untracked 
|  80|0x00000000e5000000, 0x00000000e5000000, 0x00000000e5100000|  0%| F|  |TAMS 0x00000000e5000000, 0x00000000e5000000| Untracked 
|  81|0x00000000e5100000, 0x00000000e5100000, 0x00000000e5200000|  0%| F|  |TAMS 0x00000000e5100000, 0x00000000e5100000| Untracked 
|  82|0x00000000e5200000, 0x00000000e5200000, 0x00000000e5300000|  0%| F|  |TAMS 0x00000000e5200000, 0x00000000e5200000| Untracked 
|  83|0x00000000e5300000, 0x00000000e5300000, 0x00000000e5400000|  0%| F|  |TAMS 0x00000000e5300000, 0x00000000e5300000| Untracked 
|  84|0x00000000e5400000, 0x00000000e5400000, 0x00000000e5500000|  0%| F|  |TAMS 0x00000000e5400000, 0x00000000e5400000| Untracked 
|  85|0x00000000e5500000, 0x00000000e5500000, 0x00000000e5600000|  0%| F|  |TAMS 0x00000000e5500000, 0x00000000e5500000| Untracked 
|  86|0x00000000e5600000, 0x00000000e5600000, 0x00000000e5700000|  0%| F|  |TAMS 0x00000000e5600000, 0x00000000e5600000| Untracked 
|  87|0x00000000e5700000, 0x00000000e5700000, 0x00000000e5800000|  0%| F|  |TAMS 0x00000000e5700000, 0x00000000e5700000| Untracked 
|  88|0x00000000e5800000, 0x00000000e5800000, 0x00000000e5900000|  0%| F|  |TAMS 0x00000000e5800000, 0x00000000e5800000| Untracked 
|  89|0x00000000e5900000, 0x00000000e5900000, 0x00000000e5a00000|  0%| F|  |TAMS 0x00000000e5900000, 0x00000000e5900000| Untracked 
|  90|0x00000000e5a00000, 0x00000000e5a00000, 0x00000000e5b00000|  0%| F|  |TAMS 0x00000000e5a00000, 0x00000000e5a00000| Untracked 
|  91|0x00000000e5b00000, 0x00000000e5b00000, 0x00000000e5c00000|  0%| F|  |TAMS 0x00000000e5b00000, 0x00000000e5b00000| Untracked 
|  92|0x00000000e5c00000, 0x00000000e5ceaab0, 0x00000000e5d00000| 91%| S|CS|TAMS 0x00000000e5c00000, 0x00000000e5c00000| Complete 
|  93|0x00000000e5d00000, 0x00000000e5e00000, 0x00000000e5e00000|100%| S|CS|TAMS 0x00000000e5d00000, 0x00000000e5d00000| Complete 
|  94|0x00000000e5e00000, 0x00000000e5f00000, 0x00000000e5f00000|100%| S|CS|TAMS 0x00000000e5e00000, 0x00000000e5e00000| Complete 
|  95|0x00000000e5f00000, 0x00000000e6000000, 0x00000000e6000000|100%| S|CS|TAMS 0x00000000e5f00000, 0x00000000e5f00000| Complete 
|  96|0x00000000e6000000, 0x00000000e6100000, 0x00000000e6100000|100%| S|CS|TAMS 0x00000000e6000000, 0x00000000e6000000| Complete 
|  97|0x00000000e6100000, 0x00000000e6200000, 0x00000000e6200000|100%| S|CS|TAMS 0x00000000e6100000, 0x00000000e6100000| Complete 
|  98|0x00000000e6200000, 0x00000000e6300000, 0x00000000e6300000|100%| S|CS|TAMS 0x00000000e6200000, 0x00000000e6200000| Complete 
|  99|0x00000000e6300000, 0x00000000e6400000, 0x00000000e6400000|100%| S|CS|TAMS 0x00000000e6300000, 0x00000000e6300000| Complete 
| 100|0x00000000e6400000, 0x00000000e6500000, 0x00000000e6500000|100%| S|CS|TAMS 0x00000000e6400000, 0x00000000e6400000| Complete 
| 101|0x00000000e6500000, 0x00000000e6600000, 0x00000000e6600000|100%| S|CS|TAMS 0x00000000e6500000, 0x00000000e6500000| Complete 
| 102|0x00000000e6600000, 0x00000000e6700000, 0x00000000e6700000|100%| S|CS|TAMS 0x00000000e6600000, 0x00000000e6600000| Complete 
| 103|0x00000000e6700000, 0x00000000e6800000, 0x00000000e6800000|100%| S|CS|TAMS 0x00000000e6700000, 0x00000000e6700000| Complete 
| 104|0x00000000e6800000, 0x00000000e6900000, 0x00000000e6900000|100%| S|CS|TAMS 0x00000000e6800000, 0x00000000e6800000| Complete 
| 105|0x00000000e6900000, 0x00000000e6a00000, 0x00000000e6a00000|100%| S|CS|TAMS 0x00000000e6900000, 0x00000000e6900000| Complete 
| 106|0x00000000e6a00000, 0x00000000e6b00000, 0x00000000e6b00000|100%| S|CS|TAMS 0x00000000e6a00000, 0x00000000e6a00000| Complete 
| 107|0x00000000e6b00000, 0x00000000e6c00000, 0x00000000e6c00000|100%| S|CS|TAMS 0x00000000e6b00000, 0x00000000e6b00000| Complete 
| 108|0x00000000e6c00000, 0x00000000e6d00000, 0x00000000e6d00000|100%| S|CS|TAMS 0x00000000e6c00000, 0x00000000e6c00000| Complete 
| 109|0x00000000e6d00000, 0x00000000e6e00000, 0x00000000e6e00000|100%| S|CS|TAMS 0x00000000e6d00000, 0x00000000e6d00000| Complete 
| 110|0x00000000e6e00000, 0x00000000e6f00000, 0x00000000e6f00000|100%| S|CS|TAMS 0x00000000e6e00000, 0x00000000e6e00000| Complete 
| 111|0x00000000e6f00000, 0x00000000e6f00000, 0x00000000e7000000|  0%| F|  |TAMS 0x00000000e6f00000, 0x00000000e6f00000| Untracked 
| 112|0x00000000e7000000, 0x00000000e7000000, 0x00000000e7100000|  0%| F|  |TAMS 0x00000000e7000000, 0x00000000e7000000| Untracked 
| 113|0x00000000e7100000, 0x00000000e7100000, 0x00000000e7200000|  0%| F|  |TAMS 0x00000000e7100000, 0x00000000e7100000| Untracked 
| 114|0x00000000e7200000, 0x00000000e7200000, 0x00000000e7300000|  0%| F|  |TAMS 0x00000000e7200000, 0x00000000e7200000| Untracked 
| 115|0x00000000e7300000, 0x00000000e7300000, 0x00000000e7400000|  0%| F|  |TAMS 0x00000000e7300000, 0x00000000e7300000| Untracked 
| 116|0x00000000e7400000, 0x00000000e7400000, 0x00000000e7500000|  0%| F|  |TAMS 0x00000000e7400000, 0x00000000e7400000| Untracked 
| 117|0x00000000e7500000, 0x00000000e7500000, 0x00000000e7600000|  0%| F|  |TAMS 0x00000000e7500000, 0x00000000e7500000| Untracked 
| 118|0x00000000e7600000, 0x00000000e7600000, 0x00000000e7700000|  0%| F|  |TAMS 0x00000000e7600000, 0x00000000e7600000| Untracked 
| 119|0x00000000e7700000, 0x00000000e7700000, 0x00000000e7800000|  0%| F|  |TAMS 0x00000000e7700000, 0x00000000e7700000| Untracked 
| 120|0x00000000e7800000, 0x00000000e7800000, 0x00000000e7900000|  0%| F|  |TAMS 0x00000000e7800000, 0x00000000e7800000| Untracked 
| 121|0x00000000e7900000, 0x00000000e7900000, 0x00000000e7a00000|  0%| F|  |TAMS 0x00000000e7900000, 0x00000000e7900000| Untracked 
| 122|0x00000000e7a00000, 0x00000000e7a00000, 0x00000000e7b00000|  0%| F|  |TAMS 0x00000000e7a00000, 0x00000000e7a00000| Untracked 
| 123|0x00000000e7b00000, 0x00000000e7b00000, 0x00000000e7c00000|  0%| F|  |TAMS 0x00000000e7b00000, 0x00000000e7b00000| Untracked 
| 124|0x00000000e7c00000, 0x00000000e7c00000, 0x00000000e7d00000|  0%| F|  |TAMS 0x00000000e7c00000, 0x00000000e7c00000| Untracked 
| 125|0x00000000e7d00000, 0x00000000e7d00000, 0x00000000e7e00000|  0%| F|  |TAMS 0x00000000e7d00000, 0x00000000e7d00000| Untracked 
| 126|0x00000000e7e00000, 0x00000000e7e00000, 0x00000000e7f00000|  0%| F|  |TAMS 0x00000000e7e00000, 0x00000000e7e00000| Untracked 
| 127|0x00000000e7f00000, 0x00000000e7f00000, 0x00000000e8000000|  0%| F|  |TAMS 0x00000000e7f00000, 0x00000000e7f00000| Untracked 
| 128|0x00000000e8000000, 0x00000000e8000000, 0x00000000e8100000|  0%| F|  |TAMS 0x00000000e8000000, 0x00000000e8000000| Untracked 
| 129|0x00000000e8100000, 0x00000000e8100000, 0x00000000e8200000|  0%| F|  |TAMS 0x00000000e8100000, 0x00000000e8100000| Untracked 
| 130|0x00000000e8200000, 0x00000000e8200000, 0x00000000e8300000|  0%| F|  |TAMS 0x00000000e8200000, 0x00000000e8200000| Untracked 
| 131|0x00000000e8300000, 0x00000000e8300000, 0x00000000e8400000|  0%| F|  |TAMS 0x00000000e8300000, 0x00000000e8300000| Untracked 
| 132|0x00000000e8400000, 0x00000000e8400000, 0x00000000e8500000|  0%| F|  |TAMS 0x00000000e8400000, 0x00000000e8400000| Untracked 
| 133|0x00000000e8500000, 0x00000000e8500000, 0x00000000e8600000|  0%| F|  |TAMS 0x00000000e8500000, 0x00000000e8500000| Untracked 
| 134|0x00000000e8600000, 0x00000000e8600000, 0x00000000e8700000|  0%| F|  |TAMS 0x00000000e8600000, 0x00000000e8600000| Untracked 
| 135|0x00000000e8700000, 0x00000000e8700000, 0x00000000e8800000|  0%| F|  |TAMS 0x00000000e8700000, 0x00000000e8700000| Untracked 
| 136|0x00000000e8800000, 0x00000000e8800000, 0x00000000e8900000|  0%| F|  |TAMS 0x00000000e8800000, 0x00000000e8800000| Untracked 
| 137|0x00000000e8900000, 0x00000000e8900000, 0x00000000e8a00000|  0%| F|  |TAMS 0x00000000e8900000, 0x00000000e8900000| Untracked 
| 138|0x00000000e8a00000, 0x00000000e8a00000, 0x00000000e8b00000|  0%| F|  |TAMS 0x00000000e8a00000, 0x00000000e8a00000| Untracked 
| 139|0x00000000e8b00000, 0x00000000e8b00000, 0x00000000e8c00000|  0%| F|  |TAMS 0x00000000e8b00000, 0x00000000e8b00000| Untracked 
| 140|0x00000000e8c00000, 0x00000000e8c00000, 0x00000000e8d00000|  0%| F|  |TAMS 0x00000000e8c00000, 0x00000000e8c00000| Untracked 
| 141|0x00000000e8d00000, 0x00000000e8d00000, 0x00000000e8e00000|  0%| F|  |TAMS 0x00000000e8d00000, 0x00000000e8d00000| Untracked 
| 142|0x00000000e8e00000, 0x00000000e8e00000, 0x00000000e8f00000|  0%| F|  |TAMS 0x00000000e8e00000, 0x00000000e8e00000| Untracked 
| 143|0x00000000e8f00000, 0x00000000e8f00000, 0x00000000e9000000|  0%| F|  |TAMS 0x00000000e8f00000, 0x00000000e8f00000| Untracked 
| 144|0x00000000e9000000, 0x00000000e9000000, 0x00000000e9100000|  0%| F|  |TAMS 0x00000000e9000000, 0x00000000e9000000| Untracked 
| 145|0x00000000e9100000, 0x00000000e9100000, 0x00000000e9200000|  0%| F|  |TAMS 0x00000000e9100000, 0x00000000e9100000| Untracked 
| 146|0x00000000e9200000, 0x00000000e9200000, 0x00000000e9300000|  0%| F|  |TAMS 0x00000000e9200000, 0x00000000e9200000| Untracked 
| 147|0x00000000e9300000, 0x00000000e9300000, 0x00000000e9400000|  0%| F|  |TAMS 0x00000000e9300000, 0x00000000e9300000| Untracked 
| 148|0x00000000e9400000, 0x00000000e9400000, 0x00000000e9500000|  0%| F|  |TAMS 0x00000000e9400000, 0x00000000e9400000| Untracked 
| 149|0x00000000e9500000, 0x00000000e9500000, 0x00000000e9600000|  0%| F|  |TAMS 0x00000000e9500000, 0x00000000e9500000| Untracked 
| 150|0x00000000e9600000, 0x00000000e9600000, 0x00000000e9700000|  0%| F|  |TAMS 0x00000000e9600000, 0x00000000e9600000| Untracked 
| 151|0x00000000e9700000, 0x00000000e9700000, 0x00000000e9800000|  0%| F|  |TAMS 0x00000000e9700000, 0x00000000e9700000| Untracked 
| 152|0x00000000e9800000, 0x00000000e9800000, 0x00000000e9900000|  0%| F|  |TAMS 0x00000000e9800000, 0x00000000e9800000| Untracked 
| 153|0x00000000e9900000, 0x00000000e9900000, 0x00000000e9a00000|  0%| F|  |TAMS 0x00000000e9900000, 0x00000000e9900000| Untracked 
| 154|0x00000000e9a00000, 0x00000000e9a00000, 0x00000000e9b00000|  0%| F|  |TAMS 0x00000000e9a00000, 0x00000000e9a00000| Untracked 
| 155|0x00000000e9b00000, 0x00000000e9b00000, 0x00000000e9c00000|  0%| F|  |TAMS 0x00000000e9b00000, 0x00000000e9b00000| Untracked 
| 156|0x00000000e9c00000, 0x00000000e9c00000, 0x00000000e9d00000|  0%| F|  |TAMS 0x00000000e9c00000, 0x00000000e9c00000| Untracked 
| 157|0x00000000e9d00000, 0x00000000e9d00000, 0x00000000e9e00000|  0%| F|  |TAMS 0x00000000e9d00000, 0x00000000e9d00000| Untracked 
| 158|0x00000000e9e00000, 0x00000000e9e00000, 0x00000000e9f00000|  0%| F|  |TAMS 0x00000000e9e00000, 0x00000000e9e00000| Untracked 
| 159|0x00000000e9f00000, 0x00000000e9f00000, 0x00000000ea000000|  0%| F|  |TAMS 0x00000000e9f00000, 0x00000000e9f00000| Untracked 
| 160|0x00000000ea000000, 0x00000000ea000000, 0x00000000ea100000|  0%| F|  |TAMS 0x00000000ea000000, 0x00000000ea000000| Untracked 
| 161|0x00000000ea100000, 0x00000000ea100000, 0x00000000ea200000|  0%| F|  |TAMS 0x00000000ea100000, 0x00000000ea100000| Untracked 
| 162|0x00000000ea200000, 0x00000000ea200000, 0x00000000ea300000|  0%| F|  |TAMS 0x00000000ea200000, 0x00000000ea200000| Untracked 
| 163|0x00000000ea300000, 0x00000000ea300000, 0x00000000ea400000|  0%| F|  |TAMS 0x00000000ea300000, 0x00000000ea300000| Untracked 
| 164|0x00000000ea400000, 0x00000000ea400000, 0x00000000ea500000|  0%| F|  |TAMS 0x00000000ea400000, 0x00000000ea400000| Untracked 
| 165|0x00000000ea500000, 0x00000000ea500000, 0x00000000ea600000|  0%| F|  |TAMS 0x00000000ea500000, 0x00000000ea500000| Untracked 
| 166|0x00000000ea600000, 0x00000000ea600000, 0x00000000ea700000|  0%| F|  |TAMS 0x00000000ea600000, 0x00000000ea600000| Untracked 
| 167|0x00000000ea700000, 0x00000000ea700000, 0x00000000ea800000|  0%| F|  |TAMS 0x00000000ea700000, 0x00000000ea700000| Untracked 
| 168|0x00000000ea800000, 0x00000000ea800000, 0x00000000ea900000|  0%| F|  |TAMS 0x00000000ea800000, 0x00000000ea800000| Untracked 
| 169|0x00000000ea900000, 0x00000000ea900000, 0x00000000eaa00000|  0%| F|  |TAMS 0x00000000ea900000, 0x00000000ea900000| Untracked 
| 170|0x00000000eaa00000, 0x00000000eaa00000, 0x00000000eab00000|  0%| F|  |TAMS 0x00000000eaa00000, 0x00000000eaa00000| Untracked 
| 171|0x00000000eab00000, 0x00000000eab00000, 0x00000000eac00000|  0%| F|  |TAMS 0x00000000eab00000, 0x00000000eab00000| Untracked 
| 172|0x00000000eac00000, 0x00000000eac00000, 0x00000000ead00000|  0%| F|  |TAMS 0x00000000eac00000, 0x00000000eac00000| Untracked 
| 173|0x00000000ead00000, 0x00000000ead00000, 0x00000000eae00000|  0%| F|  |TAMS 0x00000000ead00000, 0x00000000ead00000| Untracked 
| 174|0x00000000eae00000, 0x00000000eae00000, 0x00000000eaf00000|  0%| F|  |TAMS 0x00000000eae00000, 0x00000000eae00000| Untracked 
| 175|0x00000000eaf00000, 0x00000000eaf00000, 0x00000000eb000000|  0%| F|  |TAMS 0x00000000eaf00000, 0x00000000eaf00000| Untracked 
| 176|0x00000000eb000000, 0x00000000eb000000, 0x00000000eb100000|  0%| F|  |TAMS 0x00000000eb000000, 0x00000000eb000000| Untracked 
| 177|0x00000000eb100000, 0x00000000eb100000, 0x00000000eb200000|  0%| F|  |TAMS 0x00000000eb100000, 0x00000000eb100000| Untracked 
| 178|0x00000000eb200000, 0x00000000eb200000, 0x00000000eb300000|  0%| F|  |TAMS 0x00000000eb200000, 0x00000000eb200000| Untracked 
| 179|0x00000000eb300000, 0x00000000eb300000, 0x00000000eb400000|  0%| F|  |TAMS 0x00000000eb300000, 0x00000000eb300000| Untracked 
| 180|0x00000000eb400000, 0x00000000eb400000, 0x00000000eb500000|  0%| F|  |TAMS 0x00000000eb400000, 0x00000000eb400000| Untracked 
| 181|0x00000000eb500000, 0x00000000eb500000, 0x00000000eb600000|  0%| F|  |TAMS 0x00000000eb500000, 0x00000000eb500000| Untracked 
| 182|0x00000000eb600000, 0x00000000eb600000, 0x00000000eb700000|  0%| F|  |TAMS 0x00000000eb600000, 0x00000000eb600000| Untracked 
| 183|0x00000000eb700000, 0x00000000eb700000, 0x00000000eb800000|  0%| F|  |TAMS 0x00000000eb700000, 0x00000000eb700000| Untracked 
| 184|0x00000000eb800000, 0x00000000eb800000, 0x00000000eb900000|  0%| F|  |TAMS 0x00000000eb800000, 0x00000000eb800000| Untracked 
| 185|0x00000000eb900000, 0x00000000eb900000, 0x00000000eba00000|  0%| F|  |TAMS 0x00000000eb900000, 0x00000000eb900000| Untracked 
| 186|0x00000000eba00000, 0x00000000eba00000, 0x00000000ebb00000|  0%| F|  |TAMS 0x00000000eba00000, 0x00000000eba00000| Untracked 
| 187|0x00000000ebb00000, 0x00000000ebb00000, 0x00000000ebc00000|  0%| F|  |TAMS 0x00000000ebb00000, 0x00000000ebb00000| Untracked 
| 188|0x00000000ebc00000, 0x00000000ebc00000, 0x00000000ebd00000|  0%| F|  |TAMS 0x00000000ebc00000, 0x00000000ebc00000| Untracked 
| 189|0x00000000ebd00000, 0x00000000ebd00000, 0x00000000ebe00000|  0%| F|  |TAMS 0x00000000ebd00000, 0x00000000ebd00000| Untracked 
| 190|0x00000000ebe00000, 0x00000000ebe00000, 0x00000000ebf00000|  0%| F|  |TAMS 0x00000000ebe00000, 0x00000000ebe00000| Untracked 
| 191|0x00000000ebf00000, 0x00000000ebf00000, 0x00000000ec000000|  0%| F|  |TAMS 0x00000000ebf00000, 0x00000000ebf00000| Untracked 
| 192|0x00000000ec000000, 0x00000000ec000000, 0x00000000ec100000|  0%| F|  |TAMS 0x00000000ec000000, 0x00000000ec000000| Untracked 
| 193|0x00000000ec100000, 0x00000000ec100000, 0x00000000ec200000|  0%| F|  |TAMS 0x00000000ec100000, 0x00000000ec100000| Untracked 
| 194|0x00000000ec200000, 0x00000000ec200000, 0x00000000ec300000|  0%| F|  |TAMS 0x00000000ec200000, 0x00000000ec200000| Untracked 
| 195|0x00000000ec300000, 0x00000000ec300000, 0x00000000ec400000|  0%| F|  |TAMS 0x00000000ec300000, 0x00000000ec300000| Untracked 
| 196|0x00000000ec400000, 0x00000000ec400000, 0x00000000ec500000|  0%| F|  |TAMS 0x00000000ec400000, 0x00000000ec400000| Untracked 
| 197|0x00000000ec500000, 0x00000000ec500000, 0x00000000ec600000|  0%| F|  |TAMS 0x00000000ec500000, 0x00000000ec500000| Untracked 
| 198|0x00000000ec600000, 0x00000000ec600000, 0x00000000ec700000|  0%| F|  |TAMS 0x00000000ec600000, 0x00000000ec600000| Untracked 
| 199|0x00000000ec700000, 0x00000000ec700000, 0x00000000ec800000|  0%| F|  |TAMS 0x00000000ec700000, 0x00000000ec700000| Untracked 
| 200|0x00000000ec800000, 0x00000000ec800000, 0x00000000ec900000|  0%| F|  |TAMS 0x00000000ec800000, 0x00000000ec800000| Untracked 
| 201|0x00000000ec900000, 0x00000000ec900000, 0x00000000eca00000|  0%| F|  |TAMS 0x00000000ec900000, 0x00000000ec900000| Untracked 
| 202|0x00000000eca00000, 0x00000000eca00000, 0x00000000ecb00000|  0%| F|  |TAMS 0x00000000eca00000, 0x00000000eca00000| Untracked 
| 203|0x00000000ecb00000, 0x00000000ecb00000, 0x00000000ecc00000|  0%| F|  |TAMS 0x00000000ecb00000, 0x00000000ecb00000| Untracked 
| 204|0x00000000ecc00000, 0x00000000ecc00000, 0x00000000ecd00000|  0%| F|  |TAMS 0x00000000ecc00000, 0x00000000ecc00000| Untracked 
| 205|0x00000000ecd00000, 0x00000000ecd00000, 0x00000000ece00000|  0%| F|  |TAMS 0x00000000ecd00000, 0x00000000ecd00000| Untracked 
| 206|0x00000000ece00000, 0x00000000ece00000, 0x00000000ecf00000|  0%| F|  |TAMS 0x00000000ece00000, 0x00000000ece00000| Untracked 
| 207|0x00000000ecf00000, 0x00000000ecf00000, 0x00000000ed000000|  0%| F|  |TAMS 0x00000000ecf00000, 0x00000000ecf00000| Untracked 
| 208|0x00000000ed000000, 0x00000000ed000000, 0x00000000ed100000|  0%| F|  |TAMS 0x00000000ed000000, 0x00000000ed000000| Untracked 
| 209|0x00000000ed100000, 0x00000000ed100000, 0x00000000ed200000|  0%| F|  |TAMS 0x00000000ed100000, 0x00000000ed100000| Untracked 
| 210|0x00000000ed200000, 0x00000000ed200000, 0x00000000ed300000|  0%| F|  |TAMS 0x00000000ed200000, 0x00000000ed200000| Untracked 
| 211|0x00000000ed300000, 0x00000000ed300000, 0x00000000ed400000|  0%| F|  |TAMS 0x00000000ed300000, 0x00000000ed300000| Untracked 
| 212|0x00000000ed400000, 0x00000000ed400000, 0x00000000ed500000|  0%| F|  |TAMS 0x00000000ed400000, 0x00000000ed400000| Untracked 
| 213|0x00000000ed500000, 0x00000000ed500000, 0x00000000ed600000|  0%| F|  |TAMS 0x00000000ed500000, 0x00000000ed500000| Untracked 
| 214|0x00000000ed600000, 0x00000000ed600000, 0x00000000ed700000|  0%| F|  |TAMS 0x00000000ed600000, 0x00000000ed600000| Untracked 
| 215|0x00000000ed700000, 0x00000000ed700000, 0x00000000ed800000|  0%| F|  |TAMS 0x00000000ed700000, 0x00000000ed700000| Untracked 
| 216|0x00000000ed800000, 0x00000000ed800000, 0x00000000ed900000|  0%| F|  |TAMS 0x00000000ed800000, 0x00000000ed800000| Untracked 
| 217|0x00000000ed900000, 0x00000000ed900000, 0x00000000eda00000|  0%| F|  |TAMS 0x00000000ed900000, 0x00000000ed900000| Untracked 
| 218|0x00000000eda00000, 0x00000000eda00000, 0x00000000edb00000|  0%| F|  |TAMS 0x00000000eda00000, 0x00000000eda00000| Untracked 
| 219|0x00000000edb00000, 0x00000000edb00000, 0x00000000edc00000|  0%| F|  |TAMS 0x00000000edb00000, 0x00000000edb00000| Untracked 
| 220|0x00000000edc00000, 0x00000000edc00000, 0x00000000edd00000|  0%| F|  |TAMS 0x00000000edc00000, 0x00000000edc00000| Untracked 
| 221|0x00000000edd00000, 0x00000000edd00000, 0x00000000ede00000|  0%| F|  |TAMS 0x00000000edd00000, 0x00000000edd00000| Untracked 
| 222|0x00000000ede00000, 0x00000000ede00000, 0x00000000edf00000|  0%| F|  |TAMS 0x00000000ede00000, 0x00000000ede00000| Untracked 
| 223|0x00000000edf00000, 0x00000000edf00000, 0x00000000ee000000|  0%| F|  |TAMS 0x00000000edf00000, 0x00000000edf00000| Untracked 
| 224|0x00000000ee000000, 0x00000000ee000000, 0x00000000ee100000|  0%| F|  |TAMS 0x00000000ee000000, 0x00000000ee000000| Untracked 
| 225|0x00000000ee100000, 0x00000000ee100000, 0x00000000ee200000|  0%| F|  |TAMS 0x00000000ee100000, 0x00000000ee100000| Untracked 
| 226|0x00000000ee200000, 0x00000000ee200000, 0x00000000ee300000|  0%| F|  |TAMS 0x00000000ee200000, 0x00000000ee200000| Untracked 
| 227|0x00000000ee300000, 0x00000000ee300000, 0x00000000ee400000|  0%| F|  |TAMS 0x00000000ee300000, 0x00000000ee300000| Untracked 
| 228|0x00000000ee400000, 0x00000000ee400000, 0x00000000ee500000|  0%| F|  |TAMS 0x00000000ee400000, 0x00000000ee400000| Untracked 
| 229|0x00000000ee500000, 0x00000000ee500000, 0x00000000ee600000|  0%| F|  |TAMS 0x00000000ee500000, 0x00000000ee500000| Untracked 
| 230|0x00000000ee600000, 0x00000000ee600000, 0x00000000ee700000|  0%| F|  |TAMS 0x00000000ee600000, 0x00000000ee600000| Untracked 
| 231|0x00000000ee700000, 0x00000000ee700000, 0x00000000ee800000|  0%| F|  |TAMS 0x00000000ee700000, 0x00000000ee700000| Untracked 
| 232|0x00000000ee800000, 0x00000000ee800000, 0x00000000ee900000|  0%| F|  |TAMS 0x00000000ee800000, 0x00000000ee800000| Untracked 
| 233|0x00000000ee900000, 0x00000000ee900000, 0x00000000eea00000|  0%| F|  |TAMS 0x00000000ee900000, 0x00000000ee900000| Untracked 
| 234|0x00000000eea00000, 0x00000000eea00000, 0x00000000eeb00000|  0%| F|  |TAMS 0x00000000eea00000, 0x00000000eea00000| Untracked 
| 235|0x00000000eeb00000, 0x00000000eeb00000, 0x00000000eec00000|  0%| F|  |TAMS 0x00000000eeb00000, 0x00000000eeb00000| Untracked 
| 236|0x00000000eec00000, 0x00000000eec00000, 0x00000000eed00000|  0%| F|  |TAMS 0x00000000eec00000, 0x00000000eec00000| Untracked 
| 237|0x00000000eed00000, 0x00000000eed00000, 0x00000000eee00000|  0%| F|  |TAMS 0x00000000eed00000, 0x00000000eed00000| Untracked 
| 238|0x00000000eee00000, 0x00000000eee00000, 0x00000000eef00000|  0%| F|  |TAMS 0x00000000eee00000, 0x00000000eee00000| Untracked 
| 239|0x00000000eef00000, 0x00000000eef00000, 0x00000000ef000000|  0%| F|  |TAMS 0x00000000eef00000, 0x00000000eef00000| Untracked 
| 240|0x00000000ef000000, 0x00000000ef000000, 0x00000000ef100000|  0%| F|  |TAMS 0x00000000ef000000, 0x00000000ef000000| Untracked 
| 241|0x00000000ef100000, 0x00000000ef100000, 0x00000000ef200000|  0%| F|  |TAMS 0x00000000ef100000, 0x00000000ef100000| Untracked 
| 242|0x00000000ef200000, 0x00000000ef200000, 0x00000000ef300000|  0%| F|  |TAMS 0x00000000ef200000, 0x00000000ef200000| Untracked 
| 243|0x00000000ef300000, 0x00000000ef300000, 0x00000000ef400000|  0%| F|  |TAMS 0x00000000ef300000, 0x00000000ef300000| Untracked 
| 244|0x00000000ef400000, 0x00000000ef400000, 0x00000000ef500000|  0%| F|  |TAMS 0x00000000ef400000, 0x00000000ef400000| Untracked 
| 245|0x00000000ef500000, 0x00000000ef500000, 0x00000000ef600000|  0%| F|  |TAMS 0x00000000ef500000, 0x00000000ef500000| Untracked 
| 246|0x00000000ef600000, 0x00000000ef6f4550, 0x00000000ef700000| 95%| E|  |TAMS 0x00000000ef600000, 0x00000000ef600000| Complete 
| 247|0x00000000ef700000, 0x00000000ef800000, 0x00000000ef800000|100%| E|CS|TAMS 0x00000000ef700000, 0x00000000ef700000| Complete 
| 248|0x00000000ef800000, 0x00000000ef900000, 0x00000000ef900000|100%| E|CS|TAMS 0x00000000ef800000, 0x00000000ef800000| Complete 
| 249|0x00000000ef900000, 0x00000000efa00000, 0x00000000efa00000|100%| E|CS|TAMS 0x00000000ef900000, 0x00000000ef900000| Complete 
| 250|0x00000000efa00000, 0x00000000efb00000, 0x00000000efb00000|100%| E|CS|TAMS 0x00000000efa00000, 0x00000000efa00000| Complete 
| 251|0x00000000efb00000, 0x00000000efc00000, 0x00000000efc00000|100%| E|CS|TAMS 0x00000000efb00000, 0x00000000efb00000| Complete 
| 252|0x00000000efc00000, 0x00000000efd00000, 0x00000000efd00000|100%| E|CS|TAMS 0x00000000efc00000, 0x00000000efc00000| Complete 
| 253|0x00000000efd00000, 0x00000000efe00000, 0x00000000efe00000|100%| E|CS|TAMS 0x00000000efd00000, 0x00000000efd00000| Complete 
| 254|0x00000000efe00000, 0x00000000eff00000, 0x00000000eff00000|100%| E|CS|TAMS 0x00000000efe00000, 0x00000000efe00000| Complete 
| 255|0x00000000eff00000, 0x00000000f0000000, 0x00000000f0000000|100%| E|CS|TAMS 0x00000000eff00000, 0x00000000eff00000| Complete 

Card table byte_map: [0x0000021b7fb90000,0x0000021b7fc90000] _byte_map_base: 0x0000021b7f490000

Marking Bits (Prev, Next): (CMBitMap*) 0x0000021b7f3652f8, (CMBitMap*) 0x0000021b7f365330
 Prev Bits: [0x0000021b17640000, 0x0000021b17e40000)
 Next Bits: [0x0000021b17e40000, 0x0000021b18640000)

Polling page: 0x0000021b7f420000

Metaspace:

Usage:
  Non-class:     48.99 MB capacity,    47.79 MB ( 98%) used,     1.03 MB (  2%) free+waste,   179.75 KB ( <1%) overhead. 
      Class:      7.99 MB capacity,     7.27 MB ( 91%) used,   640.72 KB (  8%) free+waste,    87.69 KB (  1%) overhead. 
       Both:     56.98 MB capacity,    55.06 MB ( 97%) used,     1.65 MB (  3%) free+waste,   267.44 KB ( <1%) overhead. 

Virtual space:
  Non-class space:       50.00 MB reserved,      49.00 MB ( 98%) committed 
      Class space:      248.00 MB reserved,       8.00 MB (  3%) committed 
             Both:      298.00 MB reserved,      57.00 MB ( 19%) committed 

Chunk freelists:
   Non-Class:  8.00 KB
       Class:  14.00 KB
        Both:  22.00 KB

MaxMetaspaceSize: 256.00 MB
CompressedClassSpaceSize: 248.00 MB
Initial GC threshold: 20.80 MB
Current GC threshold: 58.54 MB
CDS: off

CodeHeap 'non-profiled nmethods': size=120064Kb used=3397Kb max_used=3397Kb free=116666Kb
 bounds [0x0000021b10100000, 0x0000021b10460000, 0x0000021b17640000]
CodeHeap 'profiled nmethods': size=120000Kb used=13507Kb max_used=13507Kb free=106492Kb
 bounds [0x0000021b08bd0000, 0x0000021b09910000, 0x0000021b10100000]
CodeHeap 'non-nmethods': size=5696Kb used=2309Kb max_used=2364Kb free=3386Kb
 bounds [0x0000021b08640000, 0x0000021b088b0000, 0x0000021b08bd0000]
 total_blobs=7176 nmethods=6366 adapters=723
 compilation: enabled
              stopped_count=0, restarted_count=0
 full_count=0

Compilation events (20 events):
Event: 52.183 Thread 0x0000021b1aa48000 nmethod 6412 0x0000021b098fac10 code [0x0000021b098fafa0, 0x0000021b098fc6a8]
Event: 52.184 Thread 0x0000021b1aa47000 6413       4       com.esotericsoftware.kryo.io.Output::writeString (125 bytes)
Event: 52.243 Thread 0x0000021b1aa47000 nmethod 6413 0x0000021b1044fc90 code [0x0000021b1044fea0, 0x0000021b10450b90]
Event: 53.059 Thread 0x0000021b1aa48000 6414       3       java.util.stream.Collectors$$Lambda$61/0x0000000100139040::get (8 bytes)
Event: 53.060 Thread 0x0000021b1aa48000 nmethod 6414 0x0000021b098fcf90 code [0x0000021b098fd160, 0x0000021b098fd498]
Event: 54.060 Thread 0x0000021b1aa48000 6415       3       java.util.HashMap$ValueSpliterator::tryAdvance (138 bytes)
Event: 54.062 Thread 0x0000021b1aa48000 nmethod 6415 0x0000021b098fd610 code [0x0000021b098fd840, 0x0000021b098fdf58]
Event: 54.062 Thread 0x0000021b1aa48000 6416       3       java.lang.management.ManagementFactory$PlatformMBeanFinder$$Lambda$59/0x0000000100139840::test (12 bytes)
Event: 54.062 Thread 0x0000021b1aa48000 nmethod 6416 0x0000021b098fe190 code [0x0000021b098fe380, 0x0000021b098fe778]
Event: 54.062 Thread 0x0000021b1aa48000 6417       3       java.lang.management.ManagementFactory$PlatformMBeanFinder::lambda$findFirst$4 (13 bytes)
Event: 54.063 Thread 0x0000021b1aa48000 nmethod 6417 0x0000021b098fe910 code [0x0000021b098feae0, 0x0000021b098fed58]
Event: 56.612 Thread 0x0000021b1aa48000 6418       3       java.lang.reflect.AccessibleObject::checkAccess (40 bytes)
Event: 56.613 Thread 0x0000021b1aa48000 nmethod 6418 0x0000021b098fee90 code [0x0000021b098ff080, 0x0000021b098ff3b8]
Event: 56.613 Thread 0x0000021b1aa47000 6419       4       jdk.internal.reflect.ClassFileAssembler::cpi (22 bytes)
Event: 56.640 Thread 0x0000021b1aa47000 nmethod 6419 0x0000021b10451210 code [0x0000021b104513a0, 0x0000021b10451418]
Event: 61.139 Thread 0x0000021b1aa47000 6420       4       org.gradle.internal.snapshot.VfsRelativePath::compareToFirstSegment (203 bytes)
Event: 61.151 Thread 0x0000021b1aa48000 6421       3       org.gradle.internal.logging.text.AbstractLineChoppingStyledTextOutput$1::execute (9 bytes)
Event: 61.152 Thread 0x0000021b1aa48000 nmethod 6421 0x0000021b098ff510 code [0x0000021b098ff6e0, 0x0000021b098ff8e8]
Event: 61.153 Thread 0x0000021b1aa48000 6422       3       org.gradle.internal.logging.text.AbstractLineChoppingStyledTextOutput$1::execute (130 bytes)
Event: 61.155 Thread 0x0000021b1aa48000 nmethod 6422 0x0000021b098ff990 code [0x0000021b098ffc60, 0x0000021b099008b8]

GC Heap History (20 events):
Event: 5.624 GC heap before
{Heap before GC invocations=2 (full 0):
 garbage-first heap   total 262144K, used 27764K [0x00000000e0000000, 0x0000000100000000)
  region size 1024K, 20 young (20480K), 2 survivors (2048K)
 Metaspace       used 11138K, capacity 11451K, committed 11520K, reserved 264192K
  class space    used 1164K, capacity 1242K, committed 1280K, reserved 253952K
}
Event: 5.628 GC heap after
{Heap after GC invocations=3 (full 0):
 garbage-first heap   total 262144K, used 9893K [0x00000000e0000000, 0x0000000100000000)
  region size 1024K, 1 young (1024K), 1 survivors (1024K)
 Metaspace       used 11138K, capacity 11451K, committed 11520K, reserved 264192K
  class space    used 1164K, capacity 1242K, committed 1280K, reserved 253952K
}
Event: 6.766 GC heap before
{Heap before GC invocations=3 (full 0):
 garbage-first heap   total 262144K, used 35493K [0x00000000e0000000, 0x0000000100000000)
  region size 1024K, 26 young (26624K), 1 survivors (1024K)
 Metaspace       used 11251K, capacity 11515K, committed 11776K, reserved 266240K
  class space    used 1165K, capacity 1242K, committed 1280K, reserved 253952K
}
Event: 6.770 GC heap after
{Heap after GC invocations=4 (full 0):
 garbage-first heap   total 262144K, used 13130K [0x00000000e0000000, 0x0000000100000000)
  region size 1024K, 4 young (4096K), 4 survivors (4096K)
 Metaspace       used 11251K, capacity 11515K, committed 11776K, reserved 266240K
  class space    used 1165K, capacity 1242K, committed 1280K, reserved 253952K
}
Event: 10.240 GC heap before
{Heap before GC invocations=4 (full 0):
 garbage-first heap   total 262144K, used 48970K [0x00000000e0000000, 0x0000000100000000)
  region size 1024K, 39 young (39936K), 4 survivors (4096K)
 Metaspace       used 17148K, capacity 17550K, committed 17792K, reserved 270336K
  class space    used 1989K, capacity 2108K, committed 2176K, reserved 253952K
}
Event: 10.250 GC heap after
{Heap after GC invocations=5 (full 0):
 garbage-first heap   total 262144K, used 15963K [0x00000000e0000000, 0x0000000100000000)
  region size 1024K, 3 young (3072K), 3 survivors (3072K)
 Metaspace       used 17148K, capacity 17550K, committed 17792K, reserved 270336K
  class space    used 1989K, capacity 2108K, committed 2176K, reserved 253952K
}
Event: 11.786 GC heap before
{Heap before GC invocations=5 (full 0):
 garbage-first heap   total 262144K, used 48731K [0x00000000e0000000, 0x0000000100000000)
  region size 1024K, 36 young (36864K), 3 survivors (3072K)
 Metaspace       used 20548K, capacity 21097K, committed 21248K, reserved 272384K
  class space    used 2510K, capacity 2700K, committed 2816K, reserved 253952K
}
Event: 11.796 GC heap after
{Heap after GC invocations=6 (full 0):
 garbage-first heap   total 262144K, used 17125K [0x00000000e0000000, 0x0000000100000000)
  region size 1024K, 4 young (4096K), 4 survivors (4096K)
 Metaspace       used 20548K, capacity 21097K, committed 21248K, reserved 272384K
  class space    used 2510K, capacity 2700K, committed 2816K, reserved 253952K
}
Event: 14.493 GC heap before
{Heap before GC invocations=7 (full 0):
 garbage-first heap   total 262144K, used 64229K [0x00000000e0000000, 0x0000000100000000)
  region size 1024K, 51 young (52224K), 4 survivors (4096K)
 Metaspace       used 24970K, capacity 25579K, committed 25728K, reserved 276480K
  class space    used 3224K, capacity 3430K, committed 3456K, reserved 253952K
}
Event: 14.506 GC heap after
{Heap after GC invocations=8 (full 0):
 garbage-first heap   total 262144K, used 18831K [0x00000000e0000000, 0x0000000100000000)
  region size 1024K, 3 young (3072K), 3 survivors (3072K)
 Metaspace       used 24970K, capacity 25579K, committed 25728K, reserved 276480K
  class space    used 3224K, capacity 3430K, committed 3456K, reserved 253952K
}
Event: 18.036 GC heap before
{Heap before GC invocations=8 (full 0):
 garbage-first heap   total 262144K, used 85391K [0x00000000e0000000, 0x0000000100000000)
  region size 1024K, 69 young (70656K), 3 survivors (3072K)
 Metaspace       used 33091K, capacity 33887K, committed 34048K, reserved 284672K
  class space    used 4336K, capacity 4608K, committed 4608K, reserved 253952K
}
Event: 18.050 GC heap after
{Heap after GC invocations=9 (full 0):
 garbage-first heap   total 262144K, used 21935K [0x00000000e0000000, 0x0000000100000000)
  region size 1024K, 6 young (6144K), 6 survivors (6144K)
 Metaspace       used 33091K, capacity 33887K, committed 34048K, reserved 284672K
  class space    used 4336K, capacity 4608K, committed 4608K, reserved 253952K
}
Event: 18.339 GC heap before
{Heap before GC invocations=9 (full 0):
 garbage-first heap   total 262144K, used 25007K [0x00000000e0000000, 0x0000000100000000)
  region size 1024K, 10 young (10240K), 6 survivors (6144K)
 Metaspace       used 34970K, capacity 35799K, committed 35840K, reserved 286720K
  class space    used 4554K, capacity 4842K, committed 4864K, reserved 253952K
}
Event: 18.357 GC heap after
{Heap after GC invocations=10 (full 0):
 garbage-first heap   total 262144K, used 22441K [0x00000000e0000000, 0x0000000100000000)
  region size 1024K, 7 young (7168K), 7 survivors (7168K)
 Metaspace       used 34970K, capacity 35799K, committed 35840K, reserved 286720K
  class space    used 4554K, capacity 4842K, committed 4864K, reserved 253952K
}
Event: 22.633 GC heap before
{Heap before GC invocations=11 (full 0):
 garbage-first heap   total 262144K, used 100265K [0x00000000e0000000, 0x0000000100000000)
  region size 1024K, 81 young (82944K), 7 survivors (7168K)
 Metaspace       used 41374K, capacity 42290K, committed 42368K, reserved 290816K
  class space    used 5329K, capacity 5693K, committed 5760K, reserved 253952K
}
Event: 22.658 GC heap after
{Heap after GC invocations=12 (full 0):
 garbage-first heap   total 262144K, used 28562K [0x00000000e0000000, 0x0000000100000000)
  region size 1024K, 11 young (11264K), 11 survivors (11264K)
 Metaspace       used 41374K, capacity 42290K, committed 42368K, reserved 290816K
  class space    used 5329K, capacity 5693K, committed 5760K, reserved 253952K
}
Event: 27.672 GC heap before
{Heap before GC invocations=12 (full 0):
 garbage-first heap   total 262144K, used 126866K [0x00000000e0000000, 0x0000000100000000)
  region size 1024K, 107 young (109568K), 11 survivors (11264K)
 Metaspace       used 50164K, capacity 51358K, committed 51584K, reserved 299008K
  class space    used 6526K, capacity 7008K, committed 7040K, reserved 253952K
}
Event: 27.703 GC heap after
{Heap after GC invocations=13 (full 0):
 garbage-first heap   total 262144K, used 32639K [0x00000000e0000000, 0x0000000100000000)
  region size 1024K, 11 young (11264K), 11 survivors (11264K)
 Metaspace       used 50164K, capacity 51358K, committed 51584K, reserved 299008K
  class space    used 6526K, capacity 7008K, committed 7040K, reserved 253952K
}
Event: 41.076 GC heap before
{Heap before GC invocations=13 (full 0):
 garbage-first heap   total 262144K, used 169855K [0x00000000e0000000, 0x0000000100000000)
  region size 1024K, 145 young (148480K), 11 survivors (11264K)
 Metaspace       used 56254K, capacity 58247K, committed 58368K, reserved 305152K
  class space    used 7431K, capacity 8170K, committed 8192K, reserved 253952K
}
Event: 41.124 GC heap after
{Heap after GC invocations=14 (full 0):
 garbage-first heap   total 262144K, used 41314K [0x00000000e0000000, 0x0000000100000000)
  region size 1024K, 19 young (19456K), 19 survivors (19456K)
 Metaspace       used 56254K, capacity 58247K, committed 58368K, reserved 305152K
  class space    used 7431K, capacity 8170K, committed 8192K, reserved 253952K
}

Deoptimization events (20 events):
Event: 52.097 Thread 0x0000021b1d7fb000 Uncommon trap: trap_request=0xffffffbe fr.pc=0x0000021b1044b8f0 relative=0x00000000000008f0
Event: 52.097 Thread 0x0000021b1d7fb000 Uncommon trap: reason=profile_predicate action=maybe_recompile pc=0x0000021b1044b8f0 method=com.esotericsoftware.kryo.io.Output.writeString(Ljava/lang/CharSequence;)V @ 67 c2
Event: 52.097 Thread 0x0000021b1d7fb000 DEOPT PACKING pc=0x0000021b1044b8f0 sp=0x0000008b4d4ff030
Event: 52.097 Thread 0x0000021b1d7fb000 DEOPT UNPACKING pc=0x0000021b0868a1a9 sp=0x0000008b4d4feff0 mode 2
Event: 52.097 Thread 0x0000021b1d7fb000 Uncommon trap: trap_request=0xffffffbe fr.pc=0x0000021b1044b8f0 relative=0x00000000000008f0
Event: 52.097 Thread 0x0000021b1d7fb000 Uncommon trap: reason=profile_predicate action=maybe_recompile pc=0x0000021b1044b8f0 method=com.esotericsoftware.kryo.io.Output.writeString(Ljava/lang/CharSequence;)V @ 67 c2
Event: 52.097 Thread 0x0000021b1d7fb000 DEOPT PACKING pc=0x0000021b1044b8f0 sp=0x0000008b4d4fee60
Event: 52.097 Thread 0x0000021b1d7fb000 DEOPT UNPACKING pc=0x0000021b0868a1a9 sp=0x0000008b4d4fee20 mode 2
Event: 61.146 Thread 0x0000021b1d8ef000 Uncommon trap: trap_request=0xffffff4d fr.pc=0x0000021b10447838 relative=0x0000000000000818
Event: 61.146 Thread 0x0000021b1d8ef000 Uncommon trap: reason=unstable_if action=reinterpret pc=0x0000021b10447838 method=org.gradle.internal.logging.text.AbstractLineChoppingStyledTextOutput$2.execute(Lorg/gradle/internal/logging/text/AbstractLineChoppingStyledTextOutput$StateContext;)V @ 30 c
Event: 61.146 Thread 0x0000021b1d8ef000 DEOPT PACKING pc=0x0000021b10447838 sp=0x0000008b51cfe110
Event: 61.146 Thread 0x0000021b1d8ef000 DEOPT UNPACKING pc=0x0000021b0868a1a9 sp=0x0000008b51cfdf38 mode 2
Event: 61.147 Thread 0x0000021b1d8ef000 Uncommon trap: trap_request=0xffffff4d fr.pc=0x0000021b10397da8 relative=0x00000000000003c8
Event: 61.147 Thread 0x0000021b1d8ef000 Uncommon trap: reason=unstable_if action=reinterpret pc=0x0000021b10397da8 method=org.gradle.internal.logging.text.AbstractLineChoppingStyledTextOutput$2.execute(Lorg/gradle/internal/logging/text/AbstractLineChoppingStyledTextOutput$StateContext;)V @ 30 c
Event: 61.147 Thread 0x0000021b1d8ef000 DEOPT PACKING pc=0x0000021b10397da8 sp=0x0000008b51cfe090
Event: 61.149 Thread 0x0000021b1d8ef000 DEOPT UNPACKING pc=0x0000021b0868a1a9 sp=0x0000008b51cfdf28 mode 2
Event: 61.151 Thread 0x0000021b1d8ef000 Uncommon trap: trap_request=0xffffff4d fr.pc=0x0000021b1039a618 relative=0x00000000000003b8
Event: 61.151 Thread 0x0000021b1d8ef000 Uncommon trap: reason=unstable_if action=reinterpret pc=0x0000021b1039a618 method=org.gradle.internal.logging.text.AbstractLineChoppingStyledTextOutput$2.execute(Lorg/gradle/internal/logging/text/AbstractLineChoppingStyledTextOutput$StateContext;)V @ 30 c
Event: 61.151 Thread 0x0000021b1d8ef000 DEOPT PACKING pc=0x0000021b1039a618 sp=0x0000008b51cfe020
Event: 61.151 Thread 0x0000021b1d8ef000 DEOPT UNPACKING pc=0x0000021b0868a1a9 sp=0x0000008b51cfdf20 mode 2

Classes redefined (0 events):
No events

Internal exceptions (20 events):
Event: 35.873 Thread 0x0000021b1d8e9000 Exception <a 'java/lang/NoSuchMethodError'{0x00000000e74c3dd0}: <clinit>> (0x00000000e74c3dd0) thrown at [./src/hotspot/share/prims/jni.cpp, line 1365]
Event: 35.874 Thread 0x0000021b1d8e9000 Exception <a 'java/lang/NoSuchMethodError'{0x00000000e74c5ec8}: <clinit>> (0x00000000e74c5ec8) thrown at [./src/hotspot/share/prims/jni.cpp, line 1365]
Event: 35.982 Thread 0x0000021b1d8e8000 Exception <a 'java/lang/NoSuchMethodError'{0x00000000e734b698}: 'void java.lang.invoke.DirectMethodHandle$Holder.invokeStatic(java.lang.Object, long)'> (0x00000000e734b698) thrown at [./src/hotspot/share/interpreter/linkResolver.cpp, line 773]
Event: 35.984 Thread 0x0000021b1d8e8000 Exception <a 'java/lang/NoSuchMethodError'{0x00000000e73508b0}: 'java.lang.Object java.lang.invoke.DirectMethodHandle$Holder.invokeStatic(java.lang.Object, long)'> (0x00000000e73508b0) thrown at [./src/hotspot/share/interpreter/linkResolver.cpp, line 773]
Event: 35.990 Thread 0x0000021b1d8e8000 Exception <a 'java/lang/NoSuchMethodError'{0x00000000e735e970}: 'java.lang.Object java.lang.invoke.DirectMethodHandle$Holder.invokeStaticInit(java.lang.Object, java.lang.Object, long, java.lang.Object)'> (0x00000000e735e970) thrown at [./src/hotspot/share/interpreter/linkResolver.cpp, line 773]
Event: 35.991 Thread 0x0000021b1d8e8000 Exception <a 'java/lang/NoSuchMethodError'{0x00000000e7364860}: 'java.lang.Object java.lang.invoke.DirectMethodHandle$Holder.invokeStatic(java.lang.Object, java.lang.Object, long)'> (0x00000000e7364860) thrown at [./src/hotspot/share/interpreter/linkResolver.cpp, line 773]
Event: 35.993 Thread 0x0000021b1d8e8000 Exception <a 'java/lang/NoSuchMethodError'{0x00000000e736ab30}: 'java.lang.Object java.lang.invoke.Invokers$Holder.linkToTargetMethod(java.lang.Object, long, java.lang.Object)'> (0x00000000e736ab30) thrown at [./src/hotspot/share/interpreter/linkResolver.cpp, line 773]
Event: 43.027 Thread 0x0000021b1d8e7800 Exception <a 'java/lang/ClassNotFoundException'{0x00000000effccbb0}: org/gradle/internal/id/CompositeIdGenerator$CompositeIdBeanInfo> (0x00000000effccbb0) thrown at [./src/hotspot/share/classfile/systemDictionary.cpp, line 231]
Event: 43.029 Thread 0x0000021b1d8e7800 Exception <a 'java/lang/ClassNotFoundException'{0x00000000efff2f60}: org/gradle/internal/id/CompositeIdGenerator$CompositeIdCustomizer> (0x00000000efff2f60) thrown at [./src/hotspot/share/classfile/systemDictionary.cpp, line 231]
Event: 43.371 Thread 0x0000021b1d8e7800 Exception <a 'java/lang/ClassNotFoundException'{0x00000000efe92830}: org/gradle/api/internal/tasks/testing/DefaultTestOutputEventBeanInfo> (0x00000000efe92830) thrown at [./src/hotspot/share/classfile/systemDictionary.cpp, line 231]
Event: 43.374 Thread 0x0000021b1d8e7800 Exception <a 'java/lang/ClassNotFoundException'{0x00000000efec4040}: org/gradle/api/internal/tasks/testing/DefaultTestOutputEventCustomizer> (0x00000000efec4040) thrown at [./src/hotspot/share/classfile/systemDictionary.cpp, line 231]
Event: 43.380 Thread 0x0000021b1d8e7800 Exception <a 'java/lang/ClassNotFoundException'{0x00000000efed01d8}: groovy/runtime/metaclass/[BMetaClass> (0x00000000efed01d8) thrown at [./src/hotspot/share/prims/jni.cpp, line 636]
Event: 43.381 Thread 0x0000021b1d8e7800 Exception <a 'java/lang/ClassNotFoundException'{0x00000000efed4ac0}: [BBeanInfo> (0x00000000efed4ac0) thrown at [./src/hotspot/share/prims/jni.cpp, line 636]
Event: 43.381 Thread 0x0000021b1d8e7800 Exception <a 'java/lang/ClassNotFoundException'{0x00000000efed5868}: [BBeanInfo> (0x00000000efed5868) thrown at [./src/hotspot/share/prims/jni.cpp, line 636]
Event: 43.381 Thread 0x0000021b1d8e7800 Exception <a 'java/lang/ClassNotFoundException'{0x00000000efed6688}: [BCustomizer> (0x00000000efed6688) thrown at [./src/hotspot/share/prims/jni.cpp, line 636]
Event: 43.381 Thread 0x0000021b1d8e7800 Exception <a 'java/lang/ClassNotFoundException'{0x00000000efed7430}: [BCustomizer> (0x00000000efed7430) thrown at [./src/hotspot/share/prims/jni.cpp, line 636]
Event: 43.449 Thread 0x0000021b1d8e7800 Exception <a 'java/lang/ClassNotFoundException'{0x00000000efbaba68}: org/codehaus/groovy/runtime/EncodingGroovyMethods$1BeanInfo> (0x00000000efbaba68) thrown at [./src/hotspot/share/classfile/systemDictionary.cpp, line 231]
Event: 43.456 Thread 0x0000021b1d8e7800 Exception <a 'java/lang/ClassNotFoundException'{0x00000000ef863638}: org/codehaus/groovy/runtime/EncodingGroovyMethods$1Customizer> (0x00000000ef863638) thrown at [./src/hotspot/share/classfile/systemDictionary.cpp, line 231]
Event: 43.499 Thread 0x0000021b1d8e7800 Exception <a 'java/lang/ClassNotFoundException'{0x00000000ef728690}: groovy/xml/MarkupBuilderHelperBeanInfo> (0x00000000ef728690) thrown at [./src/hotspot/share/classfile/systemDictionary.cpp, line 231]
Event: 43.503 Thread 0x0000021b1d8e7800 Exception <a 'java/lang/ClassNotFoundException'{0x00000000ef7a98a8}: groovy/xml/MarkupBuilderHelperCustomizer> (0x00000000ef7a98a8) thrown at [./src/hotspot/share/classfile/systemDictionary.cpp, line 231]

Events (20 events):
Event: 43.508 loading class org/gradle/api/internal/tasks/testing/junit/result/TestClassResult
Event: 43.508 loading class org/gradle/api/internal/tasks/testing/junit/result/TestClassResult done
Event: 43.509 loading class org/gradle/api/internal/tasks/testing/junit/result/TestOutputStore$TestCaseRegion
Event: 43.509 loading class org/gradle/api/internal/tasks/testing/junit/result/TestOutputStore$TestCaseRegion done
Event: 43.510 loading class org/gradle/api/internal/tasks/testing/junit/result/TestOutputStore$Region
Event: 43.510 loading class org/gradle/api/internal/tasks/testing/junit/result/TestOutputStore$Region done
Event: 43.957 loading class org/gradle/internal/watch/registry/FileWatcherRegistry$Type
Event: 43.957 loading class org/gradle/internal/watch/registry/FileWatcherRegistry$Type done
Event: 43.958 loading class org/gradle/internal/snapshot/SnapshotHierarchy
Event: 43.958 loading class org/gradle/internal/snapshot/SnapshotHierarchy done
Event: 43.958 loading class org/gradle/internal/watch/vfs/impl/WatchingVirtualFileSystem$3
Event: 43.958 loading class org/gradle/internal/watch/vfs/impl/WatchingVirtualFileSystem$3 done
Event: 43.960 loading class org/gradle/internal/snapshot/SnapshotHierarchy$NodeDiffListener
Event: 43.960 loading class org/gradle/internal/snapshot/SnapshotHierarchy$NodeDiffListener done
Event: 43.960 loading class org/gradle/internal/snapshot/SnapshotHierarchy
Event: 43.960 loading class org/gradle/internal/snapshot/SnapshotHierarchy done
Event: 43.960 loading class org/gradle/internal/snapshot/SnapshotHierarchy
Event: 43.960 loading class org/gradle/internal/snapshot/SnapshotHierarchy done
Event: 43.961 loading class org/gradle/internal/watch/vfs/impl/WatchingVirtualFileSystem$VfsChangeLoggingNodeDiffListener
Event: 43.961 loading class org/gradle/internal/watch/vfs/impl/WatchingVirtualFileSystem$VfsChangeLoggingNodeDiffListener done


Dynamic libraries:
0x00007ff7b5c10000 - 0x00007ff7b5c1d000 	C:\Program Files\Eclipse Foundation\jdk-11.0.12.7-hotspot\bin\java.exe
0x00007ffed7010000 - 0x00007ffed7205000 	C:\WINDOWS\SYSTEM32\ntdll.dll
0x00007ffed5f50000 - 0x00007ffed600e000 	C:\WINDOWS\System32\KERNEL32.DLL
0x00007ffed4720000 - 0x00007ffed49e8000 	C:\WINDOWS\System32\KERNELBASE.dll
0x00007ffed4b50000 - 0x00007ffed4c50000 	C:\WINDOWS\System32\ucrtbase.dll
0x00007ffece3b0000 - 0x00007ffece3c5000 	C:\Program Files\Eclipse Foundation\jdk-11.0.12.7-hotspot\bin\VCRUNTIME140.dll
0x00007ffecc570000 - 0x00007ffecc587000 	C:\Program Files\Eclipse Foundation\jdk-11.0.12.7-hotspot\bin\jli.dll
0x00007ffed5110000 - 0x00007ffed52b1000 	C:\WINDOWS\System32\USER32.dll
0x00007ffed49f0000 - 0x00007ffed4a12000 	C:\WINDOWS\System32\win32u.dll
0x00007ffed5890000 - 0x00007ffed58bb000 	C:\WINDOWS\System32\GDI32.dll
0x00007ffed4de0000 - 0x00007ffed4eed000 	C:\WINDOWS\System32\gdi32full.dll
0x00007ffed4ab0000 - 0x00007ffed4b4d000 	C:\WINDOWS\System32\msvcp_win.dll
0x00007ffeba4b0000 - 0x00007ffeba74a000 	C:\WINDOWS\WinSxS\amd64_microsoft.windows.common-controls_6595b64144ccf1df_6.0.19041.1110_none_60b5254171f9507e\COMCTL32.dll
0x00007ffed5de0000 - 0x00007ffed5e7e000 	C:\WINDOWS\System32\msvcrt.dll
0x00007ffed6f20000 - 0x00007ffed6f50000 	C:\WINDOWS\System32\IMM32.DLL
0x00007ffeaed00000 - 0x00007ffeaed9b000 	C:\Program Files\Eclipse Foundation\jdk-11.0.12.7-hotspot\bin\msvcp140.dll
0x00007ffe9f460000 - 0x00007ffe9ffb9000 	C:\Program Files\Eclipse Foundation\jdk-11.0.12.7-hotspot\bin\server\jvm.dll
0x00007ffed5770000 - 0x00007ffed581c000 	C:\WINDOWS\System32\ADVAPI32.dll
0x00007ffed58c0000 - 0x00007ffed595b000 	C:\WINDOWS\System32\sechost.dll
0x00007ffed52c0000 - 0x00007ffed53ea000 	C:\WINDOWS\System32\RPCRT4.dll
0x00007ffed5050000 - 0x00007ffed5058000 	C:\WINDOWS\System32\PSAPI.DLL
0x00007ffecf8b0000 - 0x00007ffecf8b9000 	C:\WINDOWS\SYSTEM32\WSOCK32.dll
0x00007ffecd780000 - 0x00007ffecd78a000 	C:\WINDOWS\SYSTEM32\VERSION.dll
0x00007ffebce60000 - 0x00007ffebce87000 	C:\WINDOWS\SYSTEM32\WINMM.dll
0x00007ffed5ee0000 - 0x00007ffed5f4b000 	C:\WINDOWS\System32\WS2_32.dll
0x00007ffed2610000 - 0x00007ffed2622000 	C:\WINDOWS\SYSTEM32\kernel.appcore.dll
0x00007ffecf110000 - 0x00007ffecf120000 	C:\Program Files\Eclipse Foundation\jdk-11.0.12.7-hotspot\bin\verify.dll
0x00007ffed1ef0000 - 0x00007ffed20d4000 	C:\WINDOWS\SYSTEM32\DBGHELP.DLL
0x00007ffec36a0000 - 0x00007ffec36cc000 	C:\WINDOWS\SYSTEM32\dbgcore.DLL
0x00007ffed4a20000 - 0x00007ffed4aa2000 	C:\WINDOWS\System32\bcryptPrimitives.dll
0x00007ffecc310000 - 0x00007ffecc338000 	C:\Program Files\Eclipse Foundation\jdk-11.0.12.7-hotspot\bin\java.dll
0x00007ffecf030000 - 0x00007ffecf03a000 	C:\Program Files\Eclipse Foundation\jdk-11.0.12.7-hotspot\bin\jimage.dll
0x00007ffecc370000 - 0x00007ffecc387000 	C:\Program Files\Eclipse Foundation\jdk-11.0.12.7-hotspot\bin\zip.dll
0x00007ffed6010000 - 0x00007ffed6754000 	C:\WINDOWS\System32\SHELL32.dll
0x00007ffed2810000 - 0x00007ffed2fa4000 	C:\WINDOWS\SYSTEM32\windows.storage.dll
0x00007ffed6980000 - 0x00007ffed6cd5000 	C:\WINDOWS\System32\combase.dll
0x00007ffed4170000 - 0x00007ffed419e000 	C:\WINDOWS\SYSTEM32\Wldp.dll
0x00007ffed5060000 - 0x00007ffed510d000 	C:\WINDOWS\System32\SHCORE.dll
0x00007ffed5830000 - 0x00007ffed5885000 	C:\WINDOWS\System32\shlwapi.dll
0x00007ffed4660000 - 0x00007ffed467f000 	C:\WINDOWS\SYSTEM32\profapi.dll
0x00007ffecc2d0000 - 0x00007ffecc2e9000 	C:\Program Files\Eclipse Foundation\jdk-11.0.12.7-hotspot\bin\net.dll
0x00007ffec9620000 - 0x00007ffec972c000 	C:\WINDOWS\SYSTEM32\WINHTTP.dll
0x00007ffed3ed0000 - 0x00007ffed3f3a000 	C:\WINDOWS\system32\mswsock.dll
0x00007ffecbf10000 - 0x00007ffecbf22000 	C:\Program Files\Eclipse Foundation\jdk-11.0.12.7-hotspot\bin\nio.dll
0x00007ffeb24a0000 - 0x00007ffeb24c7000 	C:\Users\\.gradle\native\8bec1ad78214c89d9ad589b4d07fe93259594b29d510b10fafb7a158f7737e5d\windows-amd64\native-platform.dll
0x00007ffe96ab0000 - 0x00007ffe96bed000 	C:\Users\\.gradle\native\53dbd7edfb1c66fb8903c78663c9afc45aea4f116125fa6feffd364cf09443e8\windows-amd64\native-platform-file-events.dll
0x00007ffecddd0000 - 0x00007ffecddd9000 	C:\Program Files\Eclipse Foundation\jdk-11.0.12.7-hotspot\bin\management.dll
0x00007ffecc4f0000 - 0x00007ffecc4fb000 	C:\Program Files\Eclipse Foundation\jdk-11.0.12.7-hotspot\bin\management_ext.dll
0x00007ffed40d0000 - 0x00007ffed40e8000 	C:\WINDOWS\SYSTEM32\CRYPTSP.dll
0x00007ffed37e0000 - 0x00007ffed3814000 	C:\WINDOWS\system32\rsaenh.dll
0x00007ffed4c50000 - 0x00007ffed4c77000 	C:\WINDOWS\System32\bcrypt.dll
0x00007ffed4620000 - 0x00007ffed464e000 	C:\WINDOWS\SYSTEM32\USERENV.dll
0x00007ffed40c0000 - 0x00007ffed40cc000 	C:\WINDOWS\SYSTEM32\CRYPTBASE.dll
0x00007ffed3b70000 - 0x00007ffed3bab000 	C:\WINDOWS\SYSTEM32\IPHLPAPI.DLL
0x00007ffed6ce0000 - 0x00007ffed6ce8000 	C:\WINDOWS\System32\NSI.dll
0x00007ffecb800000 - 0x00007ffecb817000 	C:\WINDOWS\SYSTEM32\dhcpcsvc6.DLL
0x00007ffecca50000 - 0x00007ffecca6d000 	C:\WINDOWS\SYSTEM32\dhcpcsvc.DLL
0x00007ffed3bc0000 - 0x00007ffed3c8b000 	C:\WINDOWS\SYSTEM32\DNSAPI.dll

dbghelp: loaded successfully - version: 4.0.5 - missing functions: none
symbol engine: initialized successfully - sym options: 0x614 - pdb path: .;C:\Program Files\Eclipse Foundation\jdk-11.0.12.7-hotspot\bin;C:\WINDOWS\SYSTEM32;C:\WINDOWS\WinSxS\amd64_microsoft.windows.common-controls_6595b64144ccf1df_6.0.19041.1110_none_60b5254171f9507e;C:\Program Files\Eclipse Foundation\jdk-11.0.12.7-hotspot\bin\server;C:\Users\\.gradle\native\8bec1ad78214c89d9ad589b4d07fe93259594b29d510b10fafb7a158f7737e5d\windows-amd64;C:\Users\\.gradle\native\53dbd7edfb1c66fb8903c78663c9afc45aea4f116125fa6feffd364cf09443e8\windows-amd64

VM Arguments:
jvm_args: --add-opens=java.base/java.util=ALL-UNNAMED --add-opens=java.base/java.lang=ALL-UNNAMED --add-opens=java.base/java.lang.invoke=ALL-UNNAMED --add-opens=java.base/java.util=ALL-UNNAMED --add-opens=java.prefs/java.util.prefs=ALL-UNNAMED --add-opens=java.prefs/java.util.prefs=ALL-UNNAMED --add-opens=java.base/java.nio.charset=ALL-UNNAMED --add-opens=java.base/java.net=ALL-UNNAMED --add-opens=java.base/java.util.concurrent.atomic=ALL-UNNAMED -XX:MaxMetaspaceSize=256m -XX:+HeapDumpOnOutOfMemoryError -Xms256m -Xmx512m -Dfile.encoding=windows-1251 -Duser.country=RU -Duser.language=ru -Duser.variant 
java_command: org.gradle.launcher.daemon.bootstrap.GradleDaemon 7.1
java_class_path (initial): C:\Users\\.gradle\wrapper\dists\gradle-7.1-bin\4pslxx9lrxt5svtz5wbnb6tkz\gradle-7.1\lib\gradle-launcher-7.1.jar
Launcher Type: SUN_STANDARD

[Global flags]
     intx CICompilerCount                          = 3                                         {product} {ergonomic}
   size_t CompressedClassSpaceSize                 = 260046848                                 {product} {ergonomic}
     uint ConcGCThreads                            = 1                                         {product} {ergonomic}
     uint G1ConcRefinementThreads                  = 4                                         {product} {ergonomic}
   size_t G1HeapRegionSize                         = 1048576                                   {product} {ergonomic}
    uintx GCDrainStackTargetSize                   = 64                                        {product} {ergonomic}
     bool HeapDumpOnOutOfMemoryError               = true                                   {manageable} {command line}
   size_t InitialHeapSize                          = 268435456                                 {product} {command line}
   size_t MarkStackSize                            = 4194304                                   {product} {ergonomic}
   size_t MaxHeapSize                              = 536870912                                 {product} {command line}
   size_t MaxMetaspaceSize                         = 268435456                                 {product} {command line}
   size_t MaxNewSize                               = 321912832                                 {product} {ergonomic}
   size_t MinHeapDeltaBytes                        = 1048576                                   {product} {ergonomic}
    uintx NonNMethodCodeHeapSize                   = 5830732                                {pd product} {ergonomic}
    uintx NonProfiledCodeHeapSize                  = 122913754                              {pd product} {ergonomic}
    uintx ProfiledCodeHeapSize                     = 122913754                              {pd product} {ergonomic}
    uintx ReservedCodeCacheSize                    = 251658240                              {pd product} {ergonomic}
     bool SegmentedCodeCache                       = true                                      {product} {ergonomic}
     bool UseCompressedClassPointers               = true                                 {lp64_product} {ergonomic}
     bool UseCompressedOops                        = true                                 {lp64_product} {ergonomic}
     bool UseG1GC                                  = true                                      {product} {ergonomic}
     bool UseLargePagesIndividualAllocation        = false                                  {pd product} {ergonomic}

Logging:
Log output configuration:
 #0: stdout all=warning uptime,level,tags
 #1: stderr all=off uptime,level,tags

Environment Variables:
PATH=C:\Program Files (x86)\AdoptOpenJDK\jdk-11.0.11.9-hotspot\bin;C:\Program Files\Eclipse Foundation\jdk-11.0.12.7-hotspot\bin;C:\WINDOWS\system32;C:\WINDOWS;C:\WINDOWS\System32\Wbem;C:\WINDOWS\System32\WindowsPowerShell\v1.0\;C:\WINDOWS\System32\OpenSSH\;C:\Program Files\Intel\TXE Components\DAL\;C:\Program Files (x86)\Intel\TXE Components\DAL\;C:\Program Files (x86)\Git\cmd;C:\Users\\AppData\Local\Microsoft\WindowsApps;;C:\Users\\AppData\Local\Programs\Microsoft VS Code\bin;C:\Program Files\JetBrains\IntelliJ IDEA Community Edition 2021.2.3\bin;
USERNAME=
OS=Windows_NT
PROCESSOR_IDENTIFIER=Intel64 Family 6 Model 92 Stepping 9, GenuineIntel



---------------  S Y S T E M  ---------------

OS: Windows 10 , 64 bit Build 19041 (10.0.19041.1348)
OS uptime: 9 days 19:37 hours

CPU:total 4 (initial active 4) (4 cores per cpu, 1 threads per core) family 6 model 92 stepping 9 microcode 0x32, cmov, cx8, fxsr, mmx, sse, sse2, sse3, ssse3, sse4.1, sse4.2, popcnt, aes, clmul, erms, 3dnowpref, tsc, tscinvbit, sha

Memory: 4k page, system-wide physical 3945M (904M free)
TotalPageFile size 11191M (AvailPageFile size 0M)
current process WorkingSet (physical memory assigned to process): 65M, peak: 316M
current process commit charge ("private bytes"): 445M, peak: 469M

vm_info: OpenJDK 64-Bit Server VM (11.0.12+7) for windows-amd64 JRE (11.0.12+7), built on Jul 21 2021 16:23:49 by "" with unknown MS VC++:1916

END.
