#
# There is insufficient memory for the Java Runtime Environment to continue.
# Native memory allocation (malloc) failed to allocate 939216 bytes for Chunk::new
# Possible reasons:
#   The system is out of physical RAM or swap space
#   The process is running with CompressedOops enabled, and the Java Heap may be blocking the growth of the native heap
# Possible solutions:
#   Reduce memory load on the system
#   Increase physical memory or swap space
#   Check if swap backing store is full
#   Decrease Java heap size (-Xmx/-Xms)
#   Decrease number of Java threads
#   Decrease Java thread stack sizes (-Xss)
#   Set larger code cache with -XX:ReservedCodeCacheSize=
#   JVM is running with Unscaled Compressed Oops mode in which the Java heap is
#     placed in the first 4GB address space. The Java Heap base address is the
#     maximum limit for the native heap growth. Please use -XX:HeapBaseMinAddress
#     to set the Java Heap base and to place the Java Heap above 4GB virtual address.
# This output file may be truncated or incomplete.
#
#  Out of Memory Error (./src/hotspot/share/memory/arena.cpp:197), pid=5448, tid=11248
#
# JRE version: OpenJDK Runtime Environment Temurin-11.0.12+7 (11.0.12+7) (build 11.0.12+7)
# Java VM: OpenJDK 64-Bit Server VM Temurin-11.0.12+7 (11.0.12+7, mixed mode, tiered, compressed oops, g1 gc, windows-amd64)
# No core dump will be written. Minidumps are not enabled by default on client versions of Windows
#

---------------  S U M M A R Y ------------

Command Line: --add-opens=java.base/java.util=ALL-UNNAMED --add-opens=java.base/java.lang=ALL-UNNAMED --add-opens=java.base/java.lang.invoke=ALL-UNNAMED --add-opens=java.base/java.util=ALL-UNNAMED --add-opens=java.prefs/java.util.prefs=ALL-UNNAMED --add-opens=java.prefs/java.util.prefs=ALL-UNNAMED --add-opens=java.base/java.nio.charset=ALL-UNNAMED --add-opens=java.base/java.net=ALL-UNNAMED --add-opens=java.base/java.util.concurrent.atomic=ALL-UNNAMED -XX:MaxMetaspaceSize=256m -XX:+HeapDumpOnOutOfMemoryError -Xms256m -Xmx512m -Dfile.encoding=windows-1251 -Duser.country=RU -Duser.language=ru -Duser.variant org.gradle.launcher.daemon.bootstrap.GradleDaemon 7.1

Host: Intel(R) Celeron(R) CPU J3455 @ 1.50GHz, 4 cores, 3G,  Windows 10 , 64 bit Build 19041 (10.0.19041.1348)
Time: Thu Jan  6 15:20:03 2022 RTZ 2 (鉅) elapsed time: 23.808836 seconds (0d 0h 0m 23s)

---------------  T H R E A D  ---------------

Current thread (0x000001ce7eef9000):  JavaThread "C2 CompilerThread0" daemon [_thread_in_native, id=11248, stack(0x0000009f0f200000,0x0000009f0f300000)]


Current CompileTask:
C2:  23809 3564       4       org.codehaus.groovy.runtime.metaclass.MetaMethodIndex::addMethodToList (131 bytes)

Stack: [0x0000009f0f200000,0x0000009f0f300000]
Native frames: (J=compiled Java code, j=interpreted, Vv=VM code, C=native code)
V  [jvm.dll+0x601d0a]
V  [jvm.dll+0x78ab6e]
V  [jvm.dll+0x78c23f]
V  [jvm.dll+0x78c903]
V  [jvm.dll+0x24be68]
V  [jvm.dll+0xc219c]
V  [jvm.dll+0xc275c]
V  [jvm.dll+0x2bde24]
V  [jvm.dll+0x512bd9]
V  [jvm.dll+0x20d6ed]
V  [jvm.dll+0x207634]
V  [jvm.dll+0x2045da]
V  [jvm.dll+0x1898fc]
V  [jvm.dll+0x213d67]
V  [jvm.dll+0x211f2b]
V  [jvm.dll+0x74ec19]
V  [jvm.dll+0x747c84]
V  [jvm.dll+0x600ba6]
C  [ucrtbase.dll+0x21bb2]
C  [KERNEL32.DLL+0x17034]
C  [ntdll.dll+0x52651]


---------------  P R O C E S S  ---------------

Threads class SMR info:
_java_thread_list=0x000001ce060dd890, length=36, elements={
0x000001ce65fad800, 0x000001ce7eee1800, 0x000001ce7eee5000, 0x000001ce7f863000,
0x000001ce7eef5000, 0x000001ce7eef8000, 0x000001ce7eef9000, 0x000001ce7ef06000,
0x000001ce7f8c3800, 0x000001ce7f8c4000, 0x000001ce7f8c0000, 0x000001ce7f8c1000,
0x000001ce7f8be800, 0x000001ce7f8c1800, 0x000001ce7f8c2800, 0x000001ce7f8c5000,
0x000001ce7f8bf800, 0x000001ce7fbff000, 0x000001ce7fc01000, 0x000001ce7fc02800,
0x000001ce7fbfe800, 0x000001ce7fbfd000, 0x000001ce7fc01800, 0x000001ce7fc00000,
0x000001ce7fc03800, 0x000001ce7fbfd800, 0x000001ce7fc06800, 0x000001ce7fc0a000,
0x000001ce7fc07800, 0x000001ce7fc08000, 0x000001ce7fc09000, 0x000001ce7fc05000,
0x000001ce7fc04000, 0x000001ce7fc0b800, 0x000001ce04274000, 0x000001ce04275800
}

Java Threads: ( => current thread )
  0x000001ce65fad800 JavaThread "main" [_thread_blocked, id=5064, stack(0x0000009f0e600000,0x0000009f0e700000)]
  0x000001ce7eee1800 JavaThread "Reference Handler" daemon [_thread_blocked, id=9012, stack(0x0000009f0ed00000,0x0000009f0ee00000)]
  0x000001ce7eee5000 JavaThread "Finalizer" daemon [_thread_blocked, id=12216, stack(0x0000009f0ee00000,0x0000009f0ef00000)]
  0x000001ce7f863000 JavaThread "Signal Dispatcher" daemon [_thread_blocked, id=14476, stack(0x0000009f0ef00000,0x0000009f0f000000)]
  0x000001ce7eef5000 JavaThread "Attach Listener" daemon [_thread_blocked, id=13404, stack(0x0000009f0f000000,0x0000009f0f100000)]
  0x000001ce7eef8000 JavaThread "Service Thread" daemon [_thread_blocked, id=15032, stack(0x0000009f0f100000,0x0000009f0f200000)]
=>0x000001ce7eef9000 JavaThread "C2 CompilerThread0" daemon [_thread_in_native, id=11248, stack(0x0000009f0f200000,0x0000009f0f300000)]
  0x000001ce7ef06000 JavaThread "C1 CompilerThread0" daemon [_thread_blocked, id=9772, stack(0x0000009f0f300000,0x0000009f0f400000)]
  0x000001ce7f8c3800 JavaThread "Sweeper thread" daemon [_thread_blocked, id=7860, stack(0x0000009f0f400000,0x0000009f0f500000)]
  0x000001ce7f8c4000 JavaThread "Common-Cleaner" daemon [_thread_blocked, id=7412, stack(0x0000009f0f500000,0x0000009f0f600000)]
  0x000001ce7f8c0000 JavaThread "Daemon health stats" [_thread_blocked, id=12420, stack(0x0000009f0fa00000,0x0000009f0fb00000)]
  0x000001ce7f8c1000 JavaThread "Incoming local TCP Connector on port 49806" [_thread_in_native, id=14604, stack(0x0000009f0fb00000,0x0000009f0fc00000)]
  0x000001ce7f8be800 JavaThread "Daemon periodic checks" [_thread_blocked, id=12052, stack(0x0000009f0fc00000,0x0000009f0fd00000)]
  0x000001ce7f8c1800 JavaThread "Daemon" [_thread_blocked, id=13528, stack(0x0000009f0fd00000,0x0000009f0fe00000)]
  0x000001ce7f8c2800 JavaThread "Handler for socket connection from /127.0.0.1:49806 to /127.0.0.1:49807" [_thread_in_native, id=7364, stack(0x0000009f0fe00000,0x0000009f0ff00000)]
  0x000001ce7f8c5000 JavaThread "Cancel handler" [_thread_blocked, id=7048, stack(0x0000009f0ff00000,0x0000009f10000000)]
  0x000001ce7f8bf800 JavaThread "Daemon worker" [_thread_in_native, id=1016, stack(0x0000009f10000000,0x0000009f10100000)]
  0x000001ce7fbff000 JavaThread "Asynchronous log dispatcher for DefaultDaemonConnection: socket connection from /127.0.0.1:49806 to /127.0.0.1:49807" [_thread_blocked, id=10080, stack(0x0000009f10100000,0x0000009f10200000)]
  0x000001ce7fc01000 JavaThread "Stdin handler" [_thread_blocked, id=13812, stack(0x0000009f10200000,0x0000009f10300000)]
  0x000001ce7fc02800 JavaThread "Daemon client event forwarder" [_thread_blocked, id=7928, stack(0x0000009f10300000,0x0000009f10400000)]
  0x000001ce7fbfe800 JavaThread "Cache worker for journal cache (C:\Users\ﾑ社ｻﾐｸﾑ十.gradle\caches\journal-1)" [_thread_blocked, id=9008, stack(0x0000009f10400000,0x0000009f10500000)]
  0x000001ce7fbfd000 JavaThread "File lock request listener" [_thread_in_native, id=13776, stack(0x0000009f10500000,0x0000009f10600000)]
  0x000001ce7fc01800 JavaThread "Cache worker for file hash cache (C:\Users\ﾑ社ｻﾐｸﾑ十.gradle\caches\7.1\fileHashes)" [_thread_blocked, id=7176, stack(0x0000009f10600000,0x0000009f10700000)]
  0x000001ce7fc00000 JavaThread "Cache worker for file hash cache (C:\PageObjects\.gradle\7.1\fileHashes)" [_thread_blocked, id=11548, stack(0x0000009f10700000,0x0000009f10800000)]
  0x000001ce7fc03800 JavaThread "File watcher server" daemon [_thread_in_native, id=13928, stack(0x0000009f10800000,0x0000009f10900000)]
  0x000001ce7fbfd800 JavaThread "File watcher consumer" daemon [_thread_blocked, id=12972, stack(0x0000009f10900000,0x0000009f10a00000)]
  0x000001ce7fc06800 JavaThread "Cache worker for checksums cache (C:\PageObjects\.gradle\checksums)" [_thread_blocked, id=12300, stack(0x0000009f10a00000,0x0000009f10b00000)]
  0x000001ce7fc0a000 JavaThread "Cache worker for cache directory md-supplier (C:\Users\ﾑ社ｻﾐｸﾑ十.gradle\caches\7.1\md-supplier)" [_thread_blocked, id=14896, stack(0x0000009f10b00000,0x0000009f10c00000)]
  0x000001ce7fc07800 JavaThread "Cache worker for cache directory md-rule (C:\Users\ﾑ社ｻﾐｸﾑ十.gradle\caches\7.1\md-rule)" [_thread_blocked, id=11284, stack(0x0000009f10c00000,0x0000009f10d00000)]
  0x000001ce7fc08000 JavaThread "Cache worker for execution history cache (C:\Users\ﾑ社ｻﾐｸﾑ十.gradle\caches\7.1\executionHistory)" [_thread_blocked, id=12092, stack(0x0000009f10d00000,0x0000009f10e00000)]
  0x000001ce7fc09000 JavaThread "jar transforms" [_thread_blocked, id=14344, stack(0x0000009f10e00000,0x0000009f10f00000)]
  0x000001ce7fc05000 JavaThread "jar transforms Thread 2" [_thread_blocked, id=556, stack(0x0000009f10f00000,0x0000009f11000000)]
  0x000001ce7fc04000 JavaThread "Cache worker for file content cache (C:\Users\ﾑ社ｻﾐｸﾑ十.gradle\caches\7.1\fileContent)" [_thread_blocked, id=12776, stack(0x0000009f11000000,0x0000009f11100000)]
  0x000001ce7fc0b800 JavaThread "jar transforms Thread 3" [_thread_blocked, id=5592, stack(0x0000009f11100000,0x0000009f11200000)]
  0x000001ce04274000 JavaThread "jar transforms Thread 4" [_thread_blocked, id=12744, stack(0x0000009f11200000,0x0000009f11300000)]
  0x000001ce04275800 JavaThread "Cache worker for dependencies-accessors (C:\PageObjects\.gradle\7.1\dependencies-accessors)" [_thread_blocked, id=11156, stack(0x0000009f11300000,0x0000009f11400000)]

Other Threads:
  0x000001ce7eec9800 VMThread "VM Thread" [stack: 0x0000009f0ec00000,0x0000009f0ed00000] [id=11816]
  0x000001ce7f9fd800 WatcherThread [stack: 0x0000009f0f600000,0x0000009f0f700000] [id=10396]
  0x000001ce65fc2000 GCTaskThread "GC Thread#0" [stack: 0x0000009f0e700000,0x0000009f0e800000] [id=9628]
  0x000001ce0232e800 GCTaskThread "GC Thread#1" [stack: 0x0000009f0f700000,0x0000009f0f800000] [id=1848]
  0x000001ce020bd000 GCTaskThread "GC Thread#2" [stack: 0x0000009f0f800000,0x0000009f0f900000] [id=8012]
  0x000001ce7fabd000 GCTaskThread "GC Thread#3" [stack: 0x0000009f0f900000,0x0000009f0fa00000] [id=14700]
  0x000001ce65fd4800 ConcurrentGCThread "G1 Main Marker" [stack: 0x0000009f0e800000,0x0000009f0e900000] [id=3172]
  0x000001ce65fd5800 ConcurrentGCThread "G1 Conc#0" [stack: 0x0000009f0e900000,0x0000009f0ea00000] [id=11740]
  0x000001ce6608e800 ConcurrentGCThread "G1 Refine#0" [stack: 0x0000009f0ea00000,0x0000009f0eb00000] [id=13648]
  0x000001ce7ed46800 ConcurrentGCThread "G1 Young RemSet Sampling" [stack: 0x0000009f0eb00000,0x0000009f0ec00000] [id=6392]

Threads with active compile tasks:
C2 CompilerThread0  23891 3564       4       org.codehaus.groovy.runtime.metaclass.MetaMethodIndex::addMethodToList (131 bytes)

VM state:not at safepoint (normal execution)

VM Mutex/Monitor currently owned by a thread: None

Heap address: 0x00000000e0000000, size: 512 MB, Compressed Oops mode: 32-bit
Narrow klass base: 0x0000000000000000, Narrow klass shift: 3
Compressed class space size: 260046848 Address: 0x0000000100000000

Heap:
 garbage-first heap   total 262144K, used 81795K [0x00000000e0000000, 0x0000000100000000)
  region size 1024K, 62 young (63488K), 6 survivors (6144K)
 Metaspace       used 39768K, capacity 40697K, committed 40908K, reserved 294912K
  class space    used 5049K, capacity 5359K, committed 5376K, reserved 253952K
Heap Regions: E=young(eden), S=young(survivor), O=old, HS=humongous(starts), HC=humongous(continues), CS=collection set, F=free, A=archive, TAMS=top-at-mark-start (previous, next)
|   0|0x00000000e0000000, 0x00000000e0100000, 0x00000000e0100000|100%|HS|  |TAMS 0x00000000e0100000, 0x00000000e0000000| Complete 
|   1|0x00000000e0100000, 0x00000000e0200000, 0x00000000e0200000|100%|HC|  |TAMS 0x00000000e0200000, 0x00000000e0100000| Complete 
|   2|0x00000000e0200000, 0x00000000e0300000, 0x00000000e0300000|100%|HC|  |TAMS 0x00000000e0300000, 0x00000000e0200000| Complete 
|   3|0x00000000e0300000, 0x00000000e0400000, 0x00000000e0400000|100%| O|  |TAMS 0x00000000e0400000, 0x00000000e0300000| Untracked 
|   4|0x00000000e0400000, 0x00000000e0500000, 0x00000000e0500000|100%| O|  |TAMS 0x00000000e0500000, 0x00000000e0400000| Untracked 
|   5|0x00000000e0500000, 0x00000000e0600000, 0x00000000e0600000|100%| O|  |TAMS 0x00000000e0600000, 0x00000000e0500000| Untracked 
|   6|0x00000000e0600000, 0x00000000e0700000, 0x00000000e0700000|100%| O|  |TAMS 0x00000000e0700000, 0x00000000e0600000| Untracked 
|   7|0x00000000e0700000, 0x00000000e0800000, 0x00000000e0800000|100%| O|  |TAMS 0x00000000e0800000, 0x00000000e0700000| Untracked 
|   8|0x00000000e0800000, 0x00000000e0900000, 0x00000000e0900000|100%| O|  |TAMS 0x00000000e0900000, 0x00000000e0800000| Untracked 
|   9|0x00000000e0900000, 0x00000000e0a00000, 0x00000000e0a00000|100%| O|  |TAMS 0x00000000e0a00000, 0x00000000e0900000| Untracked 
|  10|0x00000000e0a00000, 0x00000000e0b00000, 0x00000000e0b00000|100%| O|  |TAMS 0x00000000e0b00000, 0x00000000e0a00000| Untracked 
|  11|0x00000000e0b00000, 0x00000000e0c00000, 0x00000000e0c00000|100%| O|  |TAMS 0x00000000e0c00000, 0x00000000e0b00000| Untracked 
|  12|0x00000000e0c00000, 0x00000000e0d00000, 0x00000000e0d00000|100%| O|  |TAMS 0x00000000e0d00000, 0x00000000e0c00000| Untracked 
|  13|0x00000000e0d00000, 0x00000000e0e00000, 0x00000000e0e00000|100%| O|  |TAMS 0x00000000e0e00000, 0x00000000e0d00000| Untracked 
|  14|0x00000000e0e00000, 0x00000000e0f00000, 0x00000000e0f00000|100%| O|  |TAMS 0x00000000e0f00000, 0x00000000e0e00000| Untracked 
|  15|0x00000000e0f00000, 0x00000000e1000000, 0x00000000e1000000|100%| O|  |TAMS 0x00000000e1000000, 0x00000000e0f00000| Untracked 
|  16|0x00000000e1000000, 0x00000000e1034e00, 0x00000000e1100000| 20%| O|  |TAMS 0x00000000e1034e00, 0x00000000e1000000| Untracked 
|  17|0x00000000e1100000, 0x00000000e1200000, 0x00000000e1200000|100%|HS|  |TAMS 0x00000000e1100000, 0x00000000e1100000| Complete 
|  18|0x00000000e1200000, 0x00000000e1300000, 0x00000000e1300000|100%|HS|  |TAMS 0x00000000e1200000, 0x00000000e1200000| Complete 
|  19|0x00000000e1300000, 0x00000000e1400000, 0x00000000e1400000|100%|HC|  |TAMS 0x00000000e1300000, 0x00000000e1300000| Complete 
|  20|0x00000000e1400000, 0x00000000e1400000, 0x00000000e1500000|  0%| F|  |TAMS 0x00000000e1400000, 0x00000000e1400000| Untracked 
|  21|0x00000000e1500000, 0x00000000e1500000, 0x00000000e1600000|  0%| F|  |TAMS 0x00000000e1500000, 0x00000000e1500000| Untracked 
|  22|0x00000000e1600000, 0x00000000e1600000, 0x00000000e1700000|  0%| F|  |TAMS 0x00000000e1600000, 0x00000000e1600000| Untracked 
|  23|0x00000000e1700000, 0x00000000e1700000, 0x00000000e1800000|  0%| F|  |TAMS 0x00000000e1700000, 0x00000000e1700000| Untracked 
|  24|0x00000000e1800000, 0x00000000e1800000, 0x00000000e1900000|  0%| F|  |TAMS 0x00000000e1800000, 0x00000000e1800000| Untracked 
|  25|0x00000000e1900000, 0x00000000e1900000, 0x00000000e1a00000|  0%| F|  |TAMS 0x00000000e1900000, 0x00000000e1900000| Untracked 
|  26|0x00000000e1a00000, 0x00000000e1a00000, 0x00000000e1b00000|  0%| F|  |TAMS 0x00000000e1a00000, 0x00000000e1a00000| Untracked 
|  27|0x00000000e1b00000, 0x00000000e1b00000, 0x00000000e1c00000|  0%| F|  |TAMS 0x00000000e1b00000, 0x00000000e1b00000| Untracked 
|  28|0x00000000e1c00000, 0x00000000e1c00000, 0x00000000e1d00000|  0%| F|  |TAMS 0x00000000e1c00000, 0x00000000e1c00000| Untracked 
|  29|0x00000000e1d00000, 0x00000000e1d00000, 0x00000000e1e00000|  0%| F|  |TAMS 0x00000000e1d00000, 0x00000000e1d00000| Untracked 
|  30|0x00000000e1e00000, 0x00000000e1e00000, 0x00000000e1f00000|  0%| F|  |TAMS 0x00000000e1e00000, 0x00000000e1e00000| Untracked 
|  31|0x00000000e1f00000, 0x00000000e1f00000, 0x00000000e2000000|  0%| F|  |TAMS 0x00000000e1f00000, 0x00000000e1f00000| Untracked 
|  32|0x00000000e2000000, 0x00000000e2000000, 0x00000000e2100000|  0%| F|  |TAMS 0x00000000e2000000, 0x00000000e2000000| Untracked 
|  33|0x00000000e2100000, 0x00000000e2100000, 0x00000000e2200000|  0%| F|  |TAMS 0x00000000e2100000, 0x00000000e2100000| Untracked 
|  34|0x00000000e2200000, 0x00000000e2200000, 0x00000000e2300000|  0%| F|  |TAMS 0x00000000e2200000, 0x00000000e2200000| Untracked 
|  35|0x00000000e2300000, 0x00000000e2300000, 0x00000000e2400000|  0%| F|  |TAMS 0x00000000e2300000, 0x00000000e2300000| Untracked 
|  36|0x00000000e2400000, 0x00000000e2400000, 0x00000000e2500000|  0%| F|  |TAMS 0x00000000e2400000, 0x00000000e2400000| Untracked 
|  37|0x00000000e2500000, 0x00000000e2500000, 0x00000000e2600000|  0%| F|  |TAMS 0x00000000e2500000, 0x00000000e2500000| Untracked 
|  38|0x00000000e2600000, 0x00000000e2600000, 0x00000000e2700000|  0%| F|  |TAMS 0x00000000e2600000, 0x00000000e2600000| Untracked 
|  39|0x00000000e2700000, 0x00000000e2700000, 0x00000000e2800000|  0%| F|  |TAMS 0x00000000e2700000, 0x00000000e2700000| Untracked 
|  40|0x00000000e2800000, 0x00000000e2800000, 0x00000000e2900000|  0%| F|  |TAMS 0x00000000e2800000, 0x00000000e2800000| Untracked 
|  41|0x00000000e2900000, 0x00000000e2900000, 0x00000000e2a00000|  0%| F|  |TAMS 0x00000000e2900000, 0x00000000e2900000| Untracked 
|  42|0x00000000e2a00000, 0x00000000e2a00000, 0x00000000e2b00000|  0%| F|  |TAMS 0x00000000e2a00000, 0x00000000e2a00000| Untracked 
|  43|0x00000000e2b00000, 0x00000000e2b00000, 0x00000000e2c00000|  0%| F|  |TAMS 0x00000000e2b00000, 0x00000000e2b00000| Untracked 
|  44|0x00000000e2c00000, 0x00000000e2c00000, 0x00000000e2d00000|  0%| F|  |TAMS 0x00000000e2c00000, 0x00000000e2c00000| Untracked 
|  45|0x00000000e2d00000, 0x00000000e2d00000, 0x00000000e2e00000|  0%| F|  |TAMS 0x00000000e2d00000, 0x00000000e2d00000| Untracked 
|  46|0x00000000e2e00000, 0x00000000e2e00000, 0x00000000e2f00000|  0%| F|  |TAMS 0x00000000e2e00000, 0x00000000e2e00000| Untracked 
|  47|0x00000000e2f00000, 0x00000000e2f00000, 0x00000000e3000000|  0%| F|  |TAMS 0x00000000e2f00000, 0x00000000e2f00000| Untracked 
|  48|0x00000000e3000000, 0x00000000e3000000, 0x00000000e3100000|  0%| F|  |TAMS 0x00000000e3000000, 0x00000000e3000000| Untracked 
|  49|0x00000000e3100000, 0x00000000e3100000, 0x00000000e3200000|  0%| F|  |TAMS 0x00000000e3100000, 0x00000000e3100000| Untracked 
|  50|0x00000000e3200000, 0x00000000e3200000, 0x00000000e3300000|  0%| F|  |TAMS 0x00000000e3200000, 0x00000000e3200000| Untracked 
|  51|0x00000000e3300000, 0x00000000e3300000, 0x00000000e3400000|  0%| F|  |TAMS 0x00000000e3300000, 0x00000000e3300000| Untracked 
|  52|0x00000000e3400000, 0x00000000e3400000, 0x00000000e3500000|  0%| F|  |TAMS 0x00000000e3400000, 0x00000000e3400000| Untracked 
|  53|0x00000000e3500000, 0x00000000e3500000, 0x00000000e3600000|  0%| F|  |TAMS 0x00000000e3500000, 0x00000000e3500000| Untracked 
|  54|0x00000000e3600000, 0x00000000e3600000, 0x00000000e3700000|  0%| F|  |TAMS 0x00000000e3600000, 0x00000000e3600000| Untracked 
|  55|0x00000000e3700000, 0x00000000e3700000, 0x00000000e3800000|  0%| F|  |TAMS 0x00000000e3700000, 0x00000000e3700000| Untracked 
|  56|0x00000000e3800000, 0x00000000e3800000, 0x00000000e3900000|  0%| F|  |TAMS 0x00000000e3800000, 0x00000000e3800000| Untracked 
|  57|0x00000000e3900000, 0x00000000e3900000, 0x00000000e3a00000|  0%| F|  |TAMS 0x00000000e3900000, 0x00000000e3900000| Untracked 
|  58|0x00000000e3a00000, 0x00000000e3a00000, 0x00000000e3b00000|  0%| F|  |TAMS 0x00000000e3a00000, 0x00000000e3a00000| Untracked 
|  59|0x00000000e3b00000, 0x00000000e3b00000, 0x00000000e3c00000|  0%| F|  |TAMS 0x00000000e3b00000, 0x00000000e3b00000| Untracked 
|  60|0x00000000e3c00000, 0x00000000e3c00000, 0x00000000e3d00000|  0%| F|  |TAMS 0x00000000e3c00000, 0x00000000e3c00000| Untracked 
|  61|0x00000000e3d00000, 0x00000000e3d00000, 0x00000000e3e00000|  0%| F|  |TAMS 0x00000000e3d00000, 0x00000000e3d00000| Untracked 
|  62|0x00000000e3e00000, 0x00000000e3e00000, 0x00000000e3f00000|  0%| F|  |TAMS 0x00000000e3e00000, 0x00000000e3e00000| Untracked 
|  63|0x00000000e3f00000, 0x00000000e3f00000, 0x00000000e4000000|  0%| F|  |TAMS 0x00000000e3f00000, 0x00000000e3f00000| Untracked 
|  64|0x00000000e4000000, 0x00000000e4000000, 0x00000000e4100000|  0%| F|  |TAMS 0x00000000e4000000, 0x00000000e4000000| Untracked 
|  65|0x00000000e4100000, 0x00000000e4100000, 0x00000000e4200000|  0%| F|  |TAMS 0x00000000e4100000, 0x00000000e4100000| Untracked 
|  66|0x00000000e4200000, 0x00000000e4200000, 0x00000000e4300000|  0%| F|  |TAMS 0x00000000e4200000, 0x00000000e4200000| Untracked 
|  67|0x00000000e4300000, 0x00000000e4300000, 0x00000000e4400000|  0%| F|  |TAMS 0x00000000e4300000, 0x00000000e4300000| Untracked 
|  68|0x00000000e4400000, 0x00000000e4400000, 0x00000000e4500000|  0%| F|  |TAMS 0x00000000e4400000, 0x00000000e4400000| Untracked 
|  69|0x00000000e4500000, 0x00000000e4500000, 0x00000000e4600000|  0%| F|  |TAMS 0x00000000e4500000, 0x00000000e4500000| Untracked 
|  70|0x00000000e4600000, 0x00000000e4600000, 0x00000000e4700000|  0%| F|  |TAMS 0x00000000e4600000, 0x00000000e4600000| Untracked 
|  71|0x00000000e4700000, 0x00000000e4700000, 0x00000000e4800000|  0%| F|  |TAMS 0x00000000e4700000, 0x00000000e4700000| Untracked 
|  72|0x00000000e4800000, 0x00000000e4800000, 0x00000000e4900000|  0%| F|  |TAMS 0x00000000e4800000, 0x00000000e4800000| Untracked 
|  73|0x00000000e4900000, 0x00000000e4900000, 0x00000000e4a00000|  0%| F|  |TAMS 0x00000000e4900000, 0x00000000e4900000| Untracked 
|  74|0x00000000e4a00000, 0x00000000e4a00000, 0x00000000e4b00000|  0%| F|  |TAMS 0x00000000e4a00000, 0x00000000e4a00000| Untracked 
|  75|0x00000000e4b00000, 0x00000000e4b00000, 0x00000000e4c00000|  0%| F|  |TAMS 0x00000000e4b00000, 0x00000000e4b00000| Untracked 
|  76|0x00000000e4c00000, 0x00000000e4c00000, 0x00000000e4d00000|  0%| F|  |TAMS 0x00000000e4c00000, 0x00000000e4c00000| Untracked 
|  77|0x00000000e4d00000, 0x00000000e4d00000, 0x00000000e4e00000|  0%| F|  |TAMS 0x00000000e4d00000, 0x00000000e4d00000| Untracked 
|  78|0x00000000e4e00000, 0x00000000e4e00000, 0x00000000e4f00000|  0%| F|  |TAMS 0x00000000e4e00000, 0x00000000e4e00000| Untracked 
|  79|0x00000000e4f00000, 0x00000000e4f00000, 0x00000000e5000000|  0%| F|  |TAMS 0x00000000e4f00000, 0x00000000e4f00000| Untracked 
|  80|0x00000000e5000000, 0x00000000e5000000, 0x00000000e5100000|  0%| F|  |TAMS 0x00000000e5000000, 0x00000000e5000000| Untracked 
|  81|0x00000000e5100000, 0x00000000e5100000, 0x00000000e5200000|  0%| F|  |TAMS 0x00000000e5100000, 0x00000000e5100000| Untracked 
|  82|0x00000000e5200000, 0x00000000e5200000, 0x00000000e5300000|  0%| F|  |TAMS 0x00000000e5200000, 0x00000000e5200000| Untracked 
|  83|0x00000000e5300000, 0x00000000e5300000, 0x00000000e5400000|  0%| F|  |TAMS 0x00000000e5300000, 0x00000000e5300000| Untracked 
|  84|0x00000000e5400000, 0x00000000e5400000, 0x00000000e5500000|  0%| F|  |TAMS 0x00000000e5400000, 0x00000000e5400000| Untracked 
|  85|0x00000000e5500000, 0x00000000e5500000, 0x00000000e5600000|  0%| F|  |TAMS 0x00000000e5500000, 0x00000000e5500000| Untracked 
|  86|0x00000000e5600000, 0x00000000e5600000, 0x00000000e5700000|  0%| F|  |TAMS 0x00000000e5600000, 0x00000000e5600000| Untracked 
|  87|0x00000000e5700000, 0x00000000e5700000, 0x00000000e5800000|  0%| F|  |TAMS 0x00000000e5700000, 0x00000000e5700000| Untracked 
|  88|0x00000000e5800000, 0x00000000e5800000, 0x00000000e5900000|  0%| F|  |TAMS 0x00000000e5800000, 0x00000000e5800000| Untracked 
|  89|0x00000000e5900000, 0x00000000e5900000, 0x00000000e5a00000|  0%| F|  |TAMS 0x00000000e5900000, 0x00000000e5900000| Untracked 
|  90|0x00000000e5a00000, 0x00000000e5a00000, 0x00000000e5b00000|  0%| F|  |TAMS 0x00000000e5a00000, 0x00000000e5a00000| Untracked 
|  91|0x00000000e5b00000, 0x00000000e5b00000, 0x00000000e5c00000|  0%| F|  |TAMS 0x00000000e5b00000, 0x00000000e5b00000| Untracked 
|  92|0x00000000e5c00000, 0x00000000e5c00000, 0x00000000e5d00000|  0%| F|  |TAMS 0x00000000e5c00000, 0x00000000e5c00000| Untracked 
|  93|0x00000000e5d00000, 0x00000000e5d00000, 0x00000000e5e00000|  0%| F|  |TAMS 0x00000000e5d00000, 0x00000000e5d00000| Untracked 
|  94|0x00000000e5e00000, 0x00000000e5e00000, 0x00000000e5f00000|  0%| F|  |TAMS 0x00000000e5e00000, 0x00000000e5e00000| Untracked 
|  95|0x00000000e5f00000, 0x00000000e5f00000, 0x00000000e6000000|  0%| F|  |TAMS 0x00000000e5f00000, 0x00000000e5f00000| Untracked 
|  96|0x00000000e6000000, 0x00000000e6000000, 0x00000000e6100000|  0%| F|  |TAMS 0x00000000e6000000, 0x00000000e6000000| Untracked 
|  97|0x00000000e6100000, 0x00000000e6100000, 0x00000000e6200000|  0%| F|  |TAMS 0x00000000e6100000, 0x00000000e6100000| Untracked 
|  98|0x00000000e6200000, 0x00000000e6200000, 0x00000000e6300000|  0%| F|  |TAMS 0x00000000e6200000, 0x00000000e6200000| Untracked 
|  99|0x00000000e6300000, 0x00000000e6300000, 0x00000000e6400000|  0%| F|  |TAMS 0x00000000e6300000, 0x00000000e6300000| Untracked 
| 100|0x00000000e6400000, 0x00000000e6400000, 0x00000000e6500000|  0%| F|  |TAMS 0x00000000e6400000, 0x00000000e6400000| Untracked 
| 101|0x00000000e6500000, 0x00000000e6500000, 0x00000000e6600000|  0%| F|  |TAMS 0x00000000e6500000, 0x00000000e6500000| Untracked 
| 102|0x00000000e6600000, 0x00000000e6600000, 0x00000000e6700000|  0%| F|  |TAMS 0x00000000e6600000, 0x00000000e6600000| Untracked 
| 103|0x00000000e6700000, 0x00000000e6700000, 0x00000000e6800000|  0%| F|  |TAMS 0x00000000e6700000, 0x00000000e6700000| Untracked 
| 104|0x00000000e6800000, 0x00000000e6800000, 0x00000000e6900000|  0%| F|  |TAMS 0x00000000e6800000, 0x00000000e6800000| Untracked 
| 105|0x00000000e6900000, 0x00000000e6900000, 0x00000000e6a00000|  0%| F|  |TAMS 0x00000000e6900000, 0x00000000e6900000| Untracked 
| 106|0x00000000e6a00000, 0x00000000e6a00000, 0x00000000e6b00000|  0%| F|  |TAMS 0x00000000e6a00000, 0x00000000e6a00000| Untracked 
| 107|0x00000000e6b00000, 0x00000000e6b00000, 0x00000000e6c00000|  0%| F|  |TAMS 0x00000000e6b00000, 0x00000000e6b00000| Untracked 
| 108|0x00000000e6c00000, 0x00000000e6c00000, 0x00000000e6d00000|  0%| F|  |TAMS 0x00000000e6c00000, 0x00000000e6c00000| Untracked 
| 109|0x00000000e6d00000, 0x00000000e6d00000, 0x00000000e6e00000|  0%| F|  |TAMS 0x00000000e6d00000, 0x00000000e6d00000| Untracked 
| 110|0x00000000e6e00000, 0x00000000e6e00000, 0x00000000e6f00000|  0%| F|  |TAMS 0x00000000e6e00000, 0x00000000e6e00000| Untracked 
| 111|0x00000000e6f00000, 0x00000000e6f00000, 0x00000000e7000000|  0%| F|  |TAMS 0x00000000e6f00000, 0x00000000e6f00000| Untracked 
| 112|0x00000000e7000000, 0x00000000e7000000, 0x00000000e7100000|  0%| F|  |TAMS 0x00000000e7000000, 0x00000000e7000000| Untracked 
| 113|0x00000000e7100000, 0x00000000e7100000, 0x00000000e7200000|  0%| F|  |TAMS 0x00000000e7100000, 0x00000000e7100000| Untracked 
| 114|0x00000000e7200000, 0x00000000e7200000, 0x00000000e7300000|  0%| F|  |TAMS 0x00000000e7200000, 0x00000000e7200000| Untracked 
| 115|0x00000000e7300000, 0x00000000e7300000, 0x00000000e7400000|  0%| F|  |TAMS 0x00000000e7300000, 0x00000000e7300000| Untracked 
| 116|0x00000000e7400000, 0x00000000e7400000, 0x00000000e7500000|  0%| F|  |TAMS 0x00000000e7400000, 0x00000000e7400000| Untracked 
| 117|0x00000000e7500000, 0x00000000e7500000, 0x00000000e7600000|  0%| F|  |TAMS 0x00000000e7500000, 0x00000000e7500000| Untracked 
| 118|0x00000000e7600000, 0x00000000e7600000, 0x00000000e7700000|  0%| F|  |TAMS 0x00000000e7600000, 0x00000000e7600000| Untracked 
| 119|0x00000000e7700000, 0x00000000e7700000, 0x00000000e7800000|  0%| F|  |TAMS 0x00000000e7700000, 0x00000000e7700000| Untracked 
| 120|0x00000000e7800000, 0x00000000e7800000, 0x00000000e7900000|  0%| F|  |TAMS 0x00000000e7800000, 0x00000000e7800000| Untracked 
| 121|0x00000000e7900000, 0x00000000e7900000, 0x00000000e7a00000|  0%| F|  |TAMS 0x00000000e7900000, 0x00000000e7900000| Untracked 
| 122|0x00000000e7a00000, 0x00000000e7a00000, 0x00000000e7b00000|  0%| F|  |TAMS 0x00000000e7a00000, 0x00000000e7a00000| Untracked 
| 123|0x00000000e7b00000, 0x00000000e7b00000, 0x00000000e7c00000|  0%| F|  |TAMS 0x00000000e7b00000, 0x00000000e7b00000| Untracked 
| 124|0x00000000e7c00000, 0x00000000e7c00000, 0x00000000e7d00000|  0%| F|  |TAMS 0x00000000e7c00000, 0x00000000e7c00000| Untracked 
| 125|0x00000000e7d00000, 0x00000000e7d00000, 0x00000000e7e00000|  0%| F|  |TAMS 0x00000000e7d00000, 0x00000000e7d00000| Untracked 
| 126|0x00000000e7e00000, 0x00000000e7e00000, 0x00000000e7f00000|  0%| F|  |TAMS 0x00000000e7e00000, 0x00000000e7e00000| Untracked 
| 127|0x00000000e7f00000, 0x00000000e7f00000, 0x00000000e8000000|  0%| F|  |TAMS 0x00000000e7f00000, 0x00000000e7f00000| Untracked 
| 128|0x00000000e8000000, 0x00000000e8000000, 0x00000000e8100000|  0%| F|  |TAMS 0x00000000e8000000, 0x00000000e8000000| Untracked 
| 129|0x00000000e8100000, 0x00000000e8100000, 0x00000000e8200000|  0%| F|  |TAMS 0x00000000e8100000, 0x00000000e8100000| Untracked 
| 130|0x00000000e8200000, 0x00000000e8200000, 0x00000000e8300000|  0%| F|  |TAMS 0x00000000e8200000, 0x00000000e8200000| Untracked 
| 131|0x00000000e8300000, 0x00000000e8300000, 0x00000000e8400000|  0%| F|  |TAMS 0x00000000e8300000, 0x00000000e8300000| Untracked 
| 132|0x00000000e8400000, 0x00000000e8400000, 0x00000000e8500000|  0%| F|  |TAMS 0x00000000e8400000, 0x00000000e8400000| Untracked 
| 133|0x00000000e8500000, 0x00000000e8500000, 0x00000000e8600000|  0%| F|  |TAMS 0x00000000e8500000, 0x00000000e8500000| Untracked 
| 134|0x00000000e8600000, 0x00000000e8600000, 0x00000000e8700000|  0%| F|  |TAMS 0x00000000e8600000, 0x00000000e8600000| Untracked 
| 135|0x00000000e8700000, 0x00000000e8700000, 0x00000000e8800000|  0%| F|  |TAMS 0x00000000e8700000, 0x00000000e8700000| Untracked 
| 136|0x00000000e8800000, 0x00000000e8800000, 0x00000000e8900000|  0%| F|  |TAMS 0x00000000e8800000, 0x00000000e8800000| Untracked 
| 137|0x00000000e8900000, 0x00000000e8900000, 0x00000000e8a00000|  0%| F|  |TAMS 0x00000000e8900000, 0x00000000e8900000| Untracked 
| 138|0x00000000e8a00000, 0x00000000e8a00000, 0x00000000e8b00000|  0%| F|  |TAMS 0x00000000e8a00000, 0x00000000e8a00000| Untracked 
| 139|0x00000000e8b00000, 0x00000000e8b00000, 0x00000000e8c00000|  0%| F|  |TAMS 0x00000000e8b00000, 0x00000000e8b00000| Untracked 
| 140|0x00000000e8c00000, 0x00000000e8c00000, 0x00000000e8d00000|  0%| F|  |TAMS 0x00000000e8c00000, 0x00000000e8c00000| Untracked 
| 141|0x00000000e8d00000, 0x00000000e8d00000, 0x00000000e8e00000|  0%| F|  |TAMS 0x00000000e8d00000, 0x00000000e8d00000| Untracked 
| 142|0x00000000e8e00000, 0x00000000e8e00000, 0x00000000e8f00000|  0%| F|  |TAMS 0x00000000e8e00000, 0x00000000e8e00000| Untracked 
| 143|0x00000000e8f00000, 0x00000000e8f00000, 0x00000000e9000000|  0%| F|  |TAMS 0x00000000e8f00000, 0x00000000e8f00000| Untracked 
| 144|0x00000000e9000000, 0x00000000e9000000, 0x00000000e9100000|  0%| F|  |TAMS 0x00000000e9000000, 0x00000000e9000000| Untracked 
| 145|0x00000000e9100000, 0x00000000e9100000, 0x00000000e9200000|  0%| F|  |TAMS 0x00000000e9100000, 0x00000000e9100000| Untracked 
| 146|0x00000000e9200000, 0x00000000e9200000, 0x00000000e9300000|  0%| F|  |TAMS 0x00000000e9200000, 0x00000000e9200000| Untracked 
| 147|0x00000000e9300000, 0x00000000e9300000, 0x00000000e9400000|  0%| F|  |TAMS 0x00000000e9300000, 0x00000000e9300000| Untracked 
| 148|0x00000000e9400000, 0x00000000e9400000, 0x00000000e9500000|  0%| F|  |TAMS 0x00000000e9400000, 0x00000000e9400000| Untracked 
| 149|0x00000000e9500000, 0x00000000e9500000, 0x00000000e9600000|  0%| F|  |TAMS 0x00000000e9500000, 0x00000000e9500000| Untracked 
| 150|0x00000000e9600000, 0x00000000e9600000, 0x00000000e9700000|  0%| F|  |TAMS 0x00000000e9600000, 0x00000000e9600000| Untracked 
| 151|0x00000000e9700000, 0x00000000e9700000, 0x00000000e9800000|  0%| F|  |TAMS 0x00000000e9700000, 0x00000000e9700000| Untracked 
| 152|0x00000000e9800000, 0x00000000e9800000, 0x00000000e9900000|  0%| F|  |TAMS 0x00000000e9800000, 0x00000000e9800000| Untracked 
| 153|0x00000000e9900000, 0x00000000e9900000, 0x00000000e9a00000|  0%| F|  |TAMS 0x00000000e9900000, 0x00000000e9900000| Untracked 
| 154|0x00000000e9a00000, 0x00000000e9a00000, 0x00000000e9b00000|  0%| F|  |TAMS 0x00000000e9a00000, 0x00000000e9a00000| Untracked 
| 155|0x00000000e9b00000, 0x00000000e9b00000, 0x00000000e9c00000|  0%| F|  |TAMS 0x00000000e9b00000, 0x00000000e9b00000| Untracked 
| 156|0x00000000e9c00000, 0x00000000e9c00000, 0x00000000e9d00000|  0%| F|  |TAMS 0x00000000e9c00000, 0x00000000e9c00000| Untracked 
| 157|0x00000000e9d00000, 0x00000000e9d00000, 0x00000000e9e00000|  0%| F|  |TAMS 0x00000000e9d00000, 0x00000000e9d00000| Untracked 
| 158|0x00000000e9e00000, 0x00000000e9e00000, 0x00000000e9f00000|  0%| F|  |TAMS 0x00000000e9e00000, 0x00000000e9e00000| Untracked 
| 159|0x00000000e9f00000, 0x00000000e9f00000, 0x00000000ea000000|  0%| F|  |TAMS 0x00000000e9f00000, 0x00000000e9f00000| Untracked 
| 160|0x00000000ea000000, 0x00000000ea000000, 0x00000000ea100000|  0%| F|  |TAMS 0x00000000ea000000, 0x00000000ea000000| Untracked 
| 161|0x00000000ea100000, 0x00000000ea100000, 0x00000000ea200000|  0%| F|  |TAMS 0x00000000ea100000, 0x00000000ea100000| Untracked 
| 162|0x00000000ea200000, 0x00000000ea200000, 0x00000000ea300000|  0%| F|  |TAMS 0x00000000ea200000, 0x00000000ea200000| Untracked 
| 163|0x00000000ea300000, 0x00000000ea300000, 0x00000000ea400000|  0%| F|  |TAMS 0x00000000ea300000, 0x00000000ea300000| Untracked 
| 164|0x00000000ea400000, 0x00000000ea400000, 0x00000000ea500000|  0%| F|  |TAMS 0x00000000ea400000, 0x00000000ea400000| Untracked 
| 165|0x00000000ea500000, 0x00000000ea500000, 0x00000000ea600000|  0%| F|  |TAMS 0x00000000ea500000, 0x00000000ea500000| Untracked 
| 166|0x00000000ea600000, 0x00000000ea600000, 0x00000000ea700000|  0%| F|  |TAMS 0x00000000ea600000, 0x00000000ea600000| Untracked 
| 167|0x00000000ea700000, 0x00000000ea700000, 0x00000000ea800000|  0%| F|  |TAMS 0x00000000ea700000, 0x00000000ea700000| Untracked 
| 168|0x00000000ea800000, 0x00000000ea800000, 0x00000000ea900000|  0%| F|  |TAMS 0x00000000ea800000, 0x00000000ea800000| Untracked 
| 169|0x00000000ea900000, 0x00000000ea900000, 0x00000000eaa00000|  0%| F|  |TAMS 0x00000000ea900000, 0x00000000ea900000| Untracked 
| 170|0x00000000eaa00000, 0x00000000eaa00000, 0x00000000eab00000|  0%| F|  |TAMS 0x00000000eaa00000, 0x00000000eaa00000| Untracked 
| 171|0x00000000eab00000, 0x00000000eab00000, 0x00000000eac00000|  0%| F|  |TAMS 0x00000000eab00000, 0x00000000eab00000| Untracked 
| 172|0x00000000eac00000, 0x00000000eac00000, 0x00000000ead00000|  0%| F|  |TAMS 0x00000000eac00000, 0x00000000eac00000| Untracked 
| 173|0x00000000ead00000, 0x00000000ead00000, 0x00000000eae00000|  0%| F|  |TAMS 0x00000000ead00000, 0x00000000ead00000| Untracked 
| 174|0x00000000eae00000, 0x00000000eae00000, 0x00000000eaf00000|  0%| F|  |TAMS 0x00000000eae00000, 0x00000000eae00000| Untracked 
| 175|0x00000000eaf00000, 0x00000000eaf00000, 0x00000000eb000000|  0%| F|  |TAMS 0x00000000eaf00000, 0x00000000eaf00000| Untracked 
| 176|0x00000000eb000000, 0x00000000eb000000, 0x00000000eb100000|  0%| F|  |TAMS 0x00000000eb000000, 0x00000000eb000000| Untracked 
| 177|0x00000000eb100000, 0x00000000eb100000, 0x00000000eb200000|  0%| F|  |TAMS 0x00000000eb100000, 0x00000000eb100000| Untracked 
| 178|0x00000000eb200000, 0x00000000eb200000, 0x00000000eb300000|  0%| F|  |TAMS 0x00000000eb200000, 0x00000000eb200000| Untracked 
| 179|0x00000000eb300000, 0x00000000eb300000, 0x00000000eb400000|  0%| F|  |TAMS 0x00000000eb300000, 0x00000000eb300000| Untracked 
| 180|0x00000000eb400000, 0x00000000eb400000, 0x00000000eb500000|  0%| F|  |TAMS 0x00000000eb400000, 0x00000000eb400000| Untracked 
| 181|0x00000000eb500000, 0x00000000eb500000, 0x00000000eb600000|  0%| F|  |TAMS 0x00000000eb500000, 0x00000000eb500000| Untracked 
| 182|0x00000000eb600000, 0x00000000eb600000, 0x00000000eb700000|  0%| F|  |TAMS 0x00000000eb600000, 0x00000000eb600000| Untracked 
| 183|0x00000000eb700000, 0x00000000eb700000, 0x00000000eb800000|  0%| F|  |TAMS 0x00000000eb700000, 0x00000000eb700000| Untracked 
| 184|0x00000000eb800000, 0x00000000eb800000, 0x00000000eb900000|  0%| F|  |TAMS 0x00000000eb800000, 0x00000000eb800000| Untracked 
| 185|0x00000000eb900000, 0x00000000eb900000, 0x00000000eba00000|  0%| F|  |TAMS 0x00000000eb900000, 0x00000000eb900000| Untracked 
| 186|0x00000000eba00000, 0x00000000eba00000, 0x00000000ebb00000|  0%| F|  |TAMS 0x00000000eba00000, 0x00000000eba00000| Untracked 
| 187|0x00000000ebb00000, 0x00000000ebb00000, 0x00000000ebc00000|  0%| F|  |TAMS 0x00000000ebb00000, 0x00000000ebb00000| Untracked 
| 188|0x00000000ebc00000, 0x00000000ebc00000, 0x00000000ebd00000|  0%| F|  |TAMS 0x00000000ebc00000, 0x00000000ebc00000| Untracked 
| 189|0x00000000ebd00000, 0x00000000ebd00000, 0x00000000ebe00000|  0%| F|  |TAMS 0x00000000ebd00000, 0x00000000ebd00000| Untracked 
| 190|0x00000000ebe00000, 0x00000000ebe00000, 0x00000000ebf00000|  0%| F|  |TAMS 0x00000000ebe00000, 0x00000000ebe00000| Untracked 
| 191|0x00000000ebf00000, 0x00000000ebf00000, 0x00000000ec000000|  0%| F|  |TAMS 0x00000000ebf00000, 0x00000000ebf00000| Untracked 
| 192|0x00000000ec000000, 0x00000000ec000000, 0x00000000ec100000|  0%| F|  |TAMS 0x00000000ec000000, 0x00000000ec000000| Untracked 
| 193|0x00000000ec100000, 0x00000000ec100000, 0x00000000ec200000|  0%| F|  |TAMS 0x00000000ec100000, 0x00000000ec100000| Untracked 
| 194|0x00000000ec200000, 0x00000000ec300000, 0x00000000ec300000|100%| E|  |TAMS 0x00000000ec200000, 0x00000000ec200000| Complete 
| 195|0x00000000ec300000, 0x00000000ec400000, 0x00000000ec400000|100%| E|CS|TAMS 0x00000000ec300000, 0x00000000ec300000| Complete 
| 196|0x00000000ec400000, 0x00000000ec500000, 0x00000000ec500000|100%| E|CS|TAMS 0x00000000ec400000, 0x00000000ec400000| Complete 
| 197|0x00000000ec500000, 0x00000000ec600000, 0x00000000ec600000|100%| E|CS|TAMS 0x00000000ec500000, 0x00000000ec500000| Complete 
| 198|0x00000000ec600000, 0x00000000ec700000, 0x00000000ec700000|100%| E|CS|TAMS 0x00000000ec600000, 0x00000000ec600000| Complete 
| 199|0x00000000ec700000, 0x00000000ec800000, 0x00000000ec800000|100%| E|CS|TAMS 0x00000000ec700000, 0x00000000ec700000| Complete 
| 200|0x00000000ec800000, 0x00000000ec900000, 0x00000000ec900000|100%| E|CS|TAMS 0x00000000ec800000, 0x00000000ec800000| Complete 
| 201|0x00000000ec900000, 0x00000000eca00000, 0x00000000eca00000|100%| E|CS|TAMS 0x00000000ec900000, 0x00000000ec900000| Complete 
| 202|0x00000000eca00000, 0x00000000ecb00000, 0x00000000ecb00000|100%| E|CS|TAMS 0x00000000eca00000, 0x00000000eca00000| Complete 
| 203|0x00000000ecb00000, 0x00000000ecc00000, 0x00000000ecc00000|100%| E|CS|TAMS 0x00000000ecb00000, 0x00000000ecb00000| Complete 
| 204|0x00000000ecc00000, 0x00000000ecd00000, 0x00000000ecd00000|100%| E|CS|TAMS 0x00000000ecc00000, 0x00000000ecc00000| Complete 
| 205|0x00000000ecd00000, 0x00000000ece00000, 0x00000000ece00000|100%| E|CS|TAMS 0x00000000ecd00000, 0x00000000ecd00000| Complete 
| 206|0x00000000ece00000, 0x00000000ecf00000, 0x00000000ecf00000|100%| E|CS|TAMS 0x00000000ece00000, 0x00000000ece00000| Complete 
| 207|0x00000000ecf00000, 0x00000000ed000000, 0x00000000ed000000|100%| E|CS|TAMS 0x00000000ecf00000, 0x00000000ecf00000| Complete 
| 208|0x00000000ed000000, 0x00000000ed100000, 0x00000000ed100000|100%| E|CS|TAMS 0x00000000ed000000, 0x00000000ed000000| Complete 
| 209|0x00000000ed100000, 0x00000000ed200000, 0x00000000ed200000|100%| E|CS|TAMS 0x00000000ed100000, 0x00000000ed100000| Complete 
| 210|0x00000000ed200000, 0x00000000ed300000, 0x00000000ed300000|100%| E|CS|TAMS 0x00000000ed200000, 0x00000000ed200000| Complete 
| 211|0x00000000ed300000, 0x00000000ed400000, 0x00000000ed400000|100%| E|CS|TAMS 0x00000000ed300000, 0x00000000ed300000| Complete 
| 212|0x00000000ed400000, 0x00000000ed500000, 0x00000000ed500000|100%| E|CS|TAMS 0x00000000ed400000, 0x00000000ed400000| Complete 
| 213|0x00000000ed500000, 0x00000000ed600000, 0x00000000ed600000|100%| E|CS|TAMS 0x00000000ed500000, 0x00000000ed500000| Complete 
| 214|0x00000000ed600000, 0x00000000ed700000, 0x00000000ed700000|100%| E|CS|TAMS 0x00000000ed600000, 0x00000000ed600000| Complete 
| 215|0x00000000ed700000, 0x00000000ed800000, 0x00000000ed800000|100%| E|CS|TAMS 0x00000000ed700000, 0x00000000ed700000| Complete 
| 216|0x00000000ed800000, 0x00000000ed900000, 0x00000000ed900000|100%| E|CS|TAMS 0x00000000ed800000, 0x00000000ed800000| Complete 
| 217|0x00000000ed900000, 0x00000000eda00000, 0x00000000eda00000|100%| E|CS|TAMS 0x00000000ed900000, 0x00000000ed900000| Complete 
| 218|0x00000000eda00000, 0x00000000edb00000, 0x00000000edb00000|100%| E|CS|TAMS 0x00000000eda00000, 0x00000000eda00000| Complete 
| 219|0x00000000edb00000, 0x00000000edc00000, 0x00000000edc00000|100%| E|CS|TAMS 0x00000000edb00000, 0x00000000edb00000| Complete 
| 220|0x00000000edc00000, 0x00000000edd00000, 0x00000000edd00000|100%| E|CS|TAMS 0x00000000edc00000, 0x00000000edc00000| Complete 
| 221|0x00000000edd00000, 0x00000000ede00000, 0x00000000ede00000|100%| E|CS|TAMS 0x00000000edd00000, 0x00000000edd00000| Complete 
| 222|0x00000000ede00000, 0x00000000edf00000, 0x00000000edf00000|100%| E|CS|TAMS 0x00000000ede00000, 0x00000000ede00000| Complete 
| 223|0x00000000edf00000, 0x00000000ee000000, 0x00000000ee000000|100%| E|CS|TAMS 0x00000000edf00000, 0x00000000edf00000| Complete 
| 224|0x00000000ee000000, 0x00000000ee100000, 0x00000000ee100000|100%| E|CS|TAMS 0x00000000ee000000, 0x00000000ee000000| Complete 
| 225|0x00000000ee100000, 0x00000000ee200000, 0x00000000ee200000|100%| E|CS|TAMS 0x00000000ee100000, 0x00000000ee100000| Complete 
| 226|0x00000000ee200000, 0x00000000ee300000, 0x00000000ee300000|100%| E|CS|TAMS 0x00000000ee200000, 0x00000000ee200000| Complete 
| 227|0x00000000ee300000, 0x00000000ee400000, 0x00000000ee400000|100%| E|CS|TAMS 0x00000000ee300000, 0x00000000ee300000| Complete 
| 228|0x00000000ee400000, 0x00000000ee500000, 0x00000000ee500000|100%| E|CS|TAMS 0x00000000ee400000, 0x00000000ee400000| Complete 
| 229|0x00000000ee500000, 0x00000000ee600000, 0x00000000ee600000|100%| E|CS|TAMS 0x00000000ee500000, 0x00000000ee500000| Complete 
| 230|0x00000000ee600000, 0x00000000ee700000, 0x00000000ee700000|100%| E|CS|TAMS 0x00000000ee600000, 0x00000000ee600000| Complete 
| 231|0x00000000ee700000, 0x00000000ee800000, 0x00000000ee800000|100%| E|CS|TAMS 0x00000000ee700000, 0x00000000ee700000| Complete 
| 232|0x00000000ee800000, 0x00000000ee900000, 0x00000000ee900000|100%| E|CS|TAMS 0x00000000ee800000, 0x00000000ee800000| Complete 
| 233|0x00000000ee900000, 0x00000000eea00000, 0x00000000eea00000|100%| E|CS|TAMS 0x00000000ee900000, 0x00000000ee900000| Complete 
| 234|0x00000000eea00000, 0x00000000eeb00000, 0x00000000eeb00000|100%| E|CS|TAMS 0x00000000eea00000, 0x00000000eea00000| Complete 
| 235|0x00000000eeb00000, 0x00000000eec00000, 0x00000000eec00000|100%| E|CS|TAMS 0x00000000eeb00000, 0x00000000eeb00000| Complete 
| 236|0x00000000eec00000, 0x00000000eed00000, 0x00000000eed00000|100%| E|CS|TAMS 0x00000000eec00000, 0x00000000eec00000| Complete 
| 237|0x00000000eed00000, 0x00000000eee00000, 0x00000000eee00000|100%| E|CS|TAMS 0x00000000eed00000, 0x00000000eed00000| Complete 
| 238|0x00000000eee00000, 0x00000000eef00000, 0x00000000eef00000|100%| E|CS|TAMS 0x00000000eee00000, 0x00000000eee00000| Complete 
| 239|0x00000000eef00000, 0x00000000ef000000, 0x00000000ef000000|100%| E|CS|TAMS 0x00000000eef00000, 0x00000000eef00000| Complete 
| 240|0x00000000ef000000, 0x00000000ef0abe60, 0x00000000ef100000| 67%| S|CS|TAMS 0x00000000ef000000, 0x00000000ef000000| Complete 
| 241|0x00000000ef100000, 0x00000000ef200000, 0x00000000ef200000|100%| S|CS|TAMS 0x00000000ef100000, 0x00000000ef100000| Complete 
| 242|0x00000000ef200000, 0x00000000ef300000, 0x00000000ef300000|100%| S|CS|TAMS 0x00000000ef200000, 0x00000000ef200000| Complete 
| 243|0x00000000ef300000, 0x00000000ef400000, 0x00000000ef400000|100%| S|CS|TAMS 0x00000000ef300000, 0x00000000ef300000| Complete 
| 244|0x00000000ef400000, 0x00000000ef500000, 0x00000000ef500000|100%| S|CS|TAMS 0x00000000ef400000, 0x00000000ef400000| Complete 
| 245|0x00000000ef500000, 0x00000000ef600000, 0x00000000ef600000|100%| S|CS|TAMS 0x00000000ef500000, 0x00000000ef500000| Complete 
| 246|0x00000000ef600000, 0x00000000ef700000, 0x00000000ef700000|100%| E|CS|TAMS 0x00000000ef600000, 0x00000000ef600000| Complete 
| 247|0x00000000ef700000, 0x00000000ef800000, 0x00000000ef800000|100%| E|CS|TAMS 0x00000000ef700000, 0x00000000ef700000| Complete 
| 248|0x00000000ef800000, 0x00000000ef900000, 0x00000000ef900000|100%| E|CS|TAMS 0x00000000ef800000, 0x00000000ef800000| Complete 
| 249|0x00000000ef900000, 0x00000000efa00000, 0x00000000efa00000|100%| E|CS|TAMS 0x00000000ef900000, 0x00000000ef900000| Complete 
| 250|0x00000000efa00000, 0x00000000efb00000, 0x00000000efb00000|100%| E|CS|TAMS 0x00000000efa00000, 0x00000000efa00000| Complete 
| 251|0x00000000efb00000, 0x00000000efc00000, 0x00000000efc00000|100%| E|CS|TAMS 0x00000000efb00000, 0x00000000efb00000| Complete 
| 252|0x00000000efc00000, 0x00000000efd00000, 0x00000000efd00000|100%| E|CS|TAMS 0x00000000efc00000, 0x00000000efc00000| Complete 
| 253|0x00000000efd00000, 0x00000000efe00000, 0x00000000efe00000|100%| E|CS|TAMS 0x00000000efd00000, 0x00000000efd00000| Complete 
| 254|0x00000000efe00000, 0x00000000eff00000, 0x00000000eff00000|100%| E|CS|TAMS 0x00000000efe00000, 0x00000000efe00000| Complete 
| 255|0x00000000eff00000, 0x00000000f0000000, 0x00000000f0000000|100%| E|CS|TAMS 0x00000000eff00000, 0x00000000eff00000| Complete 

Card table byte_map: [0x000001ce7d6d0000,0x000001ce7d7d0000] _byte_map_base: 0x000001ce7cfd0000

Marking Bits (Prev, Next): (CMBitMap*) 0x000001ce65fd1e78, (CMBitMap*) 0x000001ce65fd1eb0
 Prev Bits: [0x000001ce7d8d0000, 0x000001ce7e0d0000)
 Next Bits: [0x000001ce7e0d0000, 0x000001ce7e8d0000)

Polling page: 0x000001ce63e70000

Metaspace:

Usage:
  Non-class:     34.51 MB capacity,    33.91 MB ( 98%) used,   528.23 KB (  1%) free+waste,    90.63 KB ( <1%) overhead. 
      Class:      5.23 MB capacity,     4.93 MB ( 94%) used,   266.28 KB (  5%) free+waste,    43.44 KB ( <1%) overhead. 
       Both:     39.74 MB capacity,    38.84 MB ( 98%) used,   794.51 KB (  2%) free+waste,   134.06 KB ( <1%) overhead. 

Virtual space:
  Non-class space:       40.00 MB reserved,      34.70 MB ( 87%) committed 
      Class space:      248.00 MB reserved,       5.25 MB (  2%) committed 
             Both:      288.00 MB reserved,      39.95 MB ( 14%) committed 

Chunk freelists:
   Non-Class:  2.00 KB
       Class:  17.00 KB
        Both:  19.00 KB

MaxMetaspaceSize: 256.00 MB
CompressedClassSpaceSize: 248.00 MB
Initial GC threshold: 20.80 MB
Current GC threshold: 58.88 MB
CDS: off

CodeHeap 'non-profiled nmethods': size=120064Kb used=1787Kb max_used=1787Kb free=118276Kb
 bounds [0x000001ce76190000, 0x000001ce76400000, 0x000001ce7d6d0000]
CodeHeap 'profiled nmethods': size=120000Kb used=7848Kb max_used=7848Kb free=112151Kb
 bounds [0x000001ce6ec60000, 0x000001ce6f410000, 0x000001ce76190000]
CodeHeap 'non-nmethods': size=5696Kb used=2268Kb max_used=2292Kb free=3427Kb
 bounds [0x000001ce6e6d0000, 0x000001ce6e940000, 0x000001ce6ec60000]
 total_blobs=4432 nmethods=3670 adapters=674
 compilation: enabled
              stopped_count=0, restarted_count=0
 full_count=0

Compilation events (20 events):
Event: 23.784 Thread 0x000001ce7ef06000 3686       3       com.google.common.collect.LinkedHashMultimap::succeedsInMultimap (11 bytes)
Event: 23.784 Thread 0x000001ce7ef06000 nmethod 3686 0x000001ce6f3ff890 code [0x000001ce6f3ffa40, 0x000001ce6f3ffc18]
Event: 23.785 Thread 0x000001ce7ef06000 3687       1       com.google.common.collect.LinkedHashMultimap$ValueSet::access$000 (5 bytes)
Event: 23.785 Thread 0x000001ce7ef06000 nmethod 3687 0x000001ce7634eb10 code [0x000001ce7634ecc0, 0x000001ce7634ed58]
Event: 23.785 Thread 0x000001ce7ef06000 3688       3       com.google.common.collect.CompactLinkedHashMap::accessEntry (48 bytes)
Event: 23.787 Thread 0x000001ce7ef06000 nmethod 3688 0x000001ce6f3ffd10 code [0x000001ce6f3fff00, 0x000001ce6f400228]
Event: 23.787 Thread 0x000001ce7ef06000 3689       3       org.objectweb.asm.MethodWriter::visitTypeInsn (116 bytes)
Event: 23.788 Thread 0x000001ce7ef06000 nmethod 3689 0x000001ce6f400390 code [0x000001ce6f400580, 0x000001ce6f4009e8]
Event: 23.788 Thread 0x000001ce7ef06000 3690       3       org.objectweb.asm.MethodWriter::visitLdcInsn (215 bytes)
Event: 23.790 Thread 0x000001ce7ef06000 nmethod 3690 0x000001ce6f400c10 code [0x000001ce6f400ea0, 0x000001ce6f4019a8]
Event: 23.790 Thread 0x000001ce7ef06000 3691       3       org.objectweb.asm.SymbolTable::addConstant (330 bytes)
Event: 23.796 Thread 0x000001ce7ef06000 nmethod 3691 0x000001ce6f401e10 code [0x000001ce6f4023e0, 0x000001ce6f4057d8]
Event: 23.796 Thread 0x000001ce7ef06000 3694       3       org.objectweb.asm.Frame::setLocal (65 bytes)
Event: 23.796 Thread 0x000001ce7ef06000 nmethod 3694 0x000001ce6f406410 code [0x000001ce6f406600, 0x000001ce6f406b28]
Event: 23.797 Thread 0x000001ce7ef06000 3692       3       org.objectweb.asm.ClassWriter::visitField (53 bytes)
Event: 23.797 Thread 0x000001ce7ef06000 nmethod 3692 0x000001ce6f406d10 code [0x000001ce6f406ee0, 0x000001ce6f407228]
Event: 23.797 Thread 0x000001ce7ef06000 3693       3       org.objectweb.asm.FieldWriter::<init> (69 bytes)
Event: 23.798 Thread 0x000001ce7ef06000 nmethod 3693 0x000001ce6f407390 code [0x000001ce6f4075a0, 0x000001ce6f407968]
Event: 23.798 Thread 0x000001ce7ef06000 3695       3       com.google.common.collect.ImmutableList$Builder::add (8 bytes)
Event: 23.799 Thread 0x000001ce7ef06000 nmethod 3695 0x000001ce6f407b90 code [0x000001ce6f407d80, 0x000001ce6f408218]

GC Heap History (10 events):
Event: 2.617 GC heap before
{Heap before GC invocations=0 (full 0):
 garbage-first heap   total 262144K, used 16384K [0x00000000e0000000, 0x0000000100000000)
  region size 1024K, 14 young (14336K), 0 survivors (0K)
 Metaspace       used 6778K, capacity 6985K, committed 7168K, reserved 262144K
  class space    used 589K, capacity 650K, committed 768K, reserved 253952K
}
Event: 2.656 GC heap after
{Heap after GC invocations=1 (full 0):
 garbage-first heap   total 262144K, used 3360K [0x00000000e0000000, 0x0000000100000000)
  region size 1024K, 2 young (2048K), 2 survivors (2048K)
 Metaspace       used 6778K, capacity 6985K, committed 7168K, reserved 262144K
  class space    used 589K, capacity 650K, committed 768K, reserved 253952K
}
Event: 13.231 GC heap before
{Heap before GC invocations=1 (full 0):
 garbage-first heap   total 262144K, used 130336K [0x00000000e0000000, 0x0000000100000000)
  region size 1024K, 124 young (126976K), 2 survivors (2048K)
 Metaspace       used 20549K, capacity 21081K, committed 21248K, reserved 272384K
  class space    used 2508K, capacity 2700K, committed 2816K, reserved 253952K
}
Event: 13.255 GC heap after
{Heap after GC invocations=2 (full 0):
 garbage-first heap   total 262144K, used 17321K [0x00000000e0000000, 0x0000000100000000)
  region size 1024K, 13 young (13312K), 13 survivors (13312K)
 Metaspace       used 20549K, capacity 21081K, committed 21248K, reserved 272384K
  class space    used 2508K, capacity 2700K, committed 2816K, reserved 253952K
}
Event: 15.259 GC heap before
{Heap before GC invocations=3 (full 0):
 garbage-first heap   total 262144K, used 56233K [0x00000000e0000000, 0x0000000100000000)
  region size 1024K, 51 young (52224K), 13 survivors (13312K)
 Metaspace       used 24177K, capacity 24786K, committed 24832K, reserved 276480K
  class space    used 3089K, capacity 3298K, committed 3328K, reserved 253952K
}
Event: 15.283 GC heap after
{Heap after GC invocations=4 (full 0):
 garbage-first heap   total 262144K, used 18268K [0x00000000e0000000, 0x0000000100000000)
  region size 1024K, 2 young (2048K), 2 survivors (2048K)
 Metaspace       used 24177K, capacity 24786K, committed 24832K, reserved 276480K
  class space    used 3089K, capacity 3298K, committed 3328K, reserved 253952K
}
Event: 19.020 GC heap before
{Heap before GC invocations=4 (full 0):
 garbage-first heap   total 262144K, used 86876K [0x00000000e0000000, 0x0000000100000000)
  region size 1024K, 69 young (70656K), 2 survivors (2048K)
 Metaspace       used 31539K, capacity 32286K, committed 32512K, reserved 282624K
  class space    used 4240K, capacity 4485K, committed 4608K, reserved 253952K
}
Event: 19.029 GC heap after
{Heap after GC invocations=5 (full 0):
 garbage-first heap   total 262144K, used 20793K [0x00000000e0000000, 0x0000000100000000)
  region size 1024K, 5 young (5120K), 5 survivors (5120K)
 Metaspace       used 31539K, capacity 32286K, committed 32512K, reserved 282624K
  class space    used 4240K, capacity 4485K, committed 4608K, reserved 253952K
}
Event: 20.164 GC heap before
{Heap before GC invocations=5 (full 0):
 garbage-first heap   total 262144K, used 30009K [0x00000000e0000000, 0x0000000100000000)
  region size 1024K, 15 young (15360K), 5 survivors (5120K)
 Metaspace       used 35042K, capacity 35787K, committed 35840K, reserved 286720K
  class space    used 4562K, capacity 4843K, committed 4864K, reserved 253952K
}
Event: 20.178 GC heap after
{Heap after GC invocations=6 (full 0):
 garbage-first heap   total 262144K, used 22403K [0x00000000e0000000, 0x0000000100000000)
  region size 1024K, 6 young (6144K), 6 survivors (6144K)
 Metaspace       used 35042K, capacity 35787K, committed 35840K, reserved 286720K
  class space    used 4562K, capacity 4843K, committed 4864K, reserved 253952K
}

Deoptimization events (20 events):
Event: 23.173 Thread 0x000001ce7f8c0000 DEOPT PACKING pc=0x000001ce762f0694 sp=0x0000009f0fafe750
Event: 23.173 Thread 0x000001ce7f8c0000 DEOPT UNPACKING pc=0x000001ce6e71a1a9 sp=0x0000009f0fafe6f0 mode 2
Event: 23.384 Thread 0x000001ce7f8bf800 Uncommon trap: trap_request=0xffffffbe fr.pc=0x000001ce7622f2c0 relative=0x00000000000006e0
Event: 23.384 Thread 0x000001ce7f8bf800 Uncommon trap: reason=profile_predicate action=maybe_recompile pc=0x000001ce7622f2c0 method=java.net.URI.quote(Ljava/lang/String;JJ)Ljava/lang/String; @ 27 c2
Event: 23.384 Thread 0x000001ce7f8bf800 DEOPT PACKING pc=0x000001ce7622f2c0 sp=0x0000009f100faf60
Event: 23.384 Thread 0x000001ce7f8bf800 DEOPT UNPACKING pc=0x000001ce6e71a1a9 sp=0x0000009f100faed0 mode 2
Event: 23.392 Thread 0x000001ce7f8bf800 Uncommon trap: trap_request=0xffffff4d fr.pc=0x000001ce762e5dd0 relative=0x00000000000001f0
Event: 23.392 Thread 0x000001ce7f8bf800 Uncommon trap: reason=unstable_if action=reinterpret pc=0x000001ce762e5dd0 method=java.util.HashMap.putVal(ILjava/lang/Object;Ljava/lang/Object;ZZ)Ljava/lang/Object; @ 162 c2
Event: 23.392 Thread 0x000001ce7f8bf800 DEOPT PACKING pc=0x000001ce762e5dd0 sp=0x0000009f100fab40
Event: 23.392 Thread 0x000001ce7f8bf800 DEOPT UNPACKING pc=0x000001ce6e71a1a9 sp=0x0000009f100faac0 mode 2
Event: 23.439 Thread 0x000001ce7f8bf800 DEOPT PACKING pc=0x000001ce6f005e68 sp=0x0000009f100fa3f0
Event: 23.439 Thread 0x000001ce7f8bf800 DEOPT UNPACKING pc=0x000001ce6e71a93f sp=0x0000009f100f98f8 mode 0
Event: 23.638 Thread 0x000001ce7f8bf800 Uncommon trap: trap_request=0xffffff4d fr.pc=0x000001ce762e7430 relative=0x0000000000000110
Event: 23.638 Thread 0x000001ce7f8bf800 Uncommon trap: reason=unstable_if action=reinterpret pc=0x000001ce762e7430 method=java.util.Arrays.hashCode([Ljava/lang/Object;)I @ 34 c2
Event: 23.638 Thread 0x000001ce7f8bf800 DEOPT PACKING pc=0x000001ce762e7430 sp=0x0000009f100fb9b0
Event: 23.638 Thread 0x000001ce7f8bf800 DEOPT UNPACKING pc=0x000001ce6e71a1a9 sp=0x0000009f100fb928 mode 2
Event: 23.712 Thread 0x000001ce7f8bf800 Uncommon trap: trap_request=0xffffffbe fr.pc=0x000001ce7622f2c0 relative=0x00000000000006e0
Event: 23.712 Thread 0x000001ce7f8bf800 Uncommon trap: reason=profile_predicate action=maybe_recompile pc=0x000001ce7622f2c0 method=java.net.URI.quote(Ljava/lang/String;JJ)Ljava/lang/String; @ 27 c2
Event: 23.712 Thread 0x000001ce7f8bf800 DEOPT PACKING pc=0x000001ce7622f2c0 sp=0x0000009f100fb2a0
Event: 23.712 Thread 0x000001ce7f8bf800 DEOPT UNPACKING pc=0x000001ce6e71a1a9 sp=0x0000009f100fb210 mode 2

Classes redefined (0 events):
No events

Internal exceptions (20 events):
Event: 23.180 Thread 0x000001ce7f8bf800 Exception <a 'java/lang/NoSuchMethodError'{0x00000000ecea4028}: 'int java.lang.invoke.DirectMethodHandle$Holder.invokeVirtual(java.lang.Object, java.lang.Object)'> (0x00000000ecea4028) thrown at [./src/hotspot/share/interpreter/linkResolver.cpp, line 773]
Event: 23.208 Thread 0x000001ce7f8bf800 Exception <a 'java/lang/ClassNotFoundException'{0x00000000ecd2ac70}: org/gradle/configuration/internal/DefaultListenerBuildOperationDecorator$BuildOperationEmittingClosureBeanInfo> (0x00000000ecd2ac70) thrown at [./src/hotspot/share/classfile/systemDictionary.cpp, line 231]
Event: 23.213 Thread 0x000001ce7f8bf800 Exception <a 'java/lang/ClassNotFoundException'{0x00000000ecd5c628}: org/gradle/configuration/internal/DefaultListenerBuildOperationDecorator$BuildOperationEmittingClosureCustomizer> (0x00000000ecd5c628) thrown at [./src/hotspot/share/classfile/systemDictionary.cpp, line 231]
Event: 23.309 Thread 0x000001ce7f8bf800 Exception <a 'java/lang/ClassNotFoundException'{0x00000000eccadec8}: ijtestinit11_9q32t2xi52bdqwsursz55cn6iBeanInfo> (0x00000000eccadec8) thrown at [./src/hotspot/share/classfile/systemDictionary.cpp, line 231]
Event: 23.310 Thread 0x000001ce7f8bf800 Exception <a 'java/lang/ClassNotFoundException'{0x00000000eccb97b8}: ijtestinit11_9q32t2xi52bdqwsursz55cn6iCustomizer> (0x00000000eccb97b8) thrown at [./src/hotspot/share/classfile/systemDictionary.cpp, line 231]
Event: 23.319 Thread 0x000001ce7f8bf800 Exception <a 'java/lang/ClassNotFoundException'{0x00000000ecb14408}: groovy/lang/ReferenceBeanInfo> (0x00000000ecb14408) thrown at [./src/hotspot/share/classfile/systemDictionary.cpp, line 231]
Event: 23.322 Thread 0x000001ce7f8bf800 Exception <a 'java/lang/ClassNotFoundException'{0x00000000ecb47c98}: groovy/lang/ReferenceCustomizer> (0x00000000ecb47c98) thrown at [./src/hotspot/share/classfile/systemDictionary.cpp, line 231]
Event: 23.491 Thread 0x000001ce7f8bf800 Exception <a 'java/lang/ClassNotFoundException'{0x00000000ec8315c0}: settings_8g3mzzxjv8j70xni777otxkabBeanInfo> (0x00000000ec8315c0) thrown at [./src/hotspot/share/classfile/systemDictionary.cpp, line 231]
Event: 23.492 Thread 0x000001ce7f8bf800 Exception <a 'java/lang/ClassNotFoundException'{0x00000000ec846468}: org/gradle/initialization/SettingsScriptBeanInfo> (0x00000000ec846468) thrown at [./src/hotspot/share/classfile/systemDictionary.cpp, line 231]
Event: 23.493 Thread 0x000001ce7f8bf800 Exception <a 'java/lang/ClassNotFoundException'{0x00000000ec85c690}: org/gradle/plugin/use/internal/PluginsAwareScriptBeanInfo> (0x00000000ec85c690) thrown at [./src/hotspot/share/classfile/systemDictionary.cpp, line 231]
Event: 23.494 Thread 0x000001ce7f8bf800 Exception <a 'java/lang/ClassNotFoundException'{0x00000000ec873890}: org/gradle/plugin/use/internal/PluginsAwareScriptCustomizer> (0x00000000ec873890) thrown at [./src/hotspot/share/classfile/systemDictionary.cpp, line 231]
Event: 23.496 Thread 0x000001ce7f8bf800 Exception <a 'java/lang/ClassNotFoundException'{0x00000000ec891220}: org/gradle/initialization/SettingsScriptCustomizer> (0x00000000ec891220) thrown at [./src/hotspot/share/classfile/systemDictionary.cpp, line 231]
Event: 23.498 Thread 0x000001ce7f8bf800 Exception <a 'java/lang/ClassNotFoundException'{0x00000000ec8a41b0}: settings_8g3mzzxjv8j70xni777otxkabCustomizer> (0x00000000ec8a41b0) thrown at [./src/hotspot/share/classfile/systemDictionary.cpp, line 231]
Event: 23.516 Thread 0x000001ce7f8bf800 Exception <a 'java/lang/ClassNotFoundException'{0x00000000ec72b678}: org/gradle/initialization/DefaultSettings_DecoratedBeanInfo> (0x00000000ec72b678) thrown at [./src/hotspot/share/classfile/systemDictionary.cpp, line 231]
Event: 23.522 Thread 0x000001ce7f8bf800 Exception <a 'java/lang/ClassNotFoundException'{0x00000000ec74dc80}: org/gradle/initialization/DefaultSettingsBeanInfo> (0x00000000ec74dc80) thrown at [./src/hotspot/share/classfile/systemDictionary.cpp, line 231]
Event: 23.527 Thread 0x000001ce7f8bf800 Exception <a 'java/lang/ClassNotFoundException'{0x00000000ec771b60}: org/gradle/initialization/DefaultSettingsCustomizer> (0x00000000ec771b60) thrown at [./src/hotspot/share/classfile/systemDictionary.cpp, line 231]
Event: 23.547 Thread 0x000001ce7f8bf800 Exception <a 'java/lang/ClassNotFoundException'{0x00000000ec7c6160}: org/gradle/initialization/DefaultSettings_DecoratedCustomizer> (0x00000000ec7c6160) thrown at [./src/hotspot/share/classfile/systemDictionary.cpp, line 231]
Event: 23.588 Thread 0x000001ce7f8bf800 Exception <a 'java/lang/ClassNotFoundException'{0x00000000ec64f1c8}: org/gradle/initialization/DefaultProjectDescriptorBeanInfo> (0x00000000ec64f1c8) thrown at [./src/hotspot/share/classfile/systemDictionary.cpp, line 231]
Event: 23.590 Thread 0x000001ce7f8bf800 Exception <a 'java/lang/ClassNotFoundException'{0x00000000ec674b18}: org/gradle/initialization/DefaultProjectDescriptorCustomizer> (0x00000000ec674b18) thrown at [./src/hotspot/share/classfile/systemDictionary.cpp, line 231]
Event: 23.638 Thread 0x000001ce7f8bf800 Implicit null exception at 0x000001ce762e736c to 0x000001ce762e7414

Events (20 events):
Event: 23.705 loading class org/gradle/api/internal/catalog/DefaultVersionCatalog
Event: 23.705 loading class org/gradle/api/internal/catalog/DefaultVersionCatalog done
Event: 23.707 loading class org/gradle/initialization/NotifyingBuildLoader$2
Event: 23.707 loading class org/gradle/initialization/NotifyingBuildLoader$2 done
Event: 23.709 loading class org/gradle/initialization/NotifyingBuildLoader$2$1
Event: 23.709 loading class org/gradle/initialization/NotifyingBuildLoader$2$1 done
Event: 23.709 loading class org/gradle/initialization/LoadProjectsBuildOperationType$Details
Event: 23.709 loading class org/gradle/initialization/LoadProjectsBuildOperationType$Details done
Event: 23.712 loading class org/gradle/api/internal/project/DefaultProject
Event: 23.712 loading class org/gradle/api/internal/project/DefaultProject done
Event: 23.717 loading class org/gradle/internal/service/scopes/GradleScopeServices$1
Event: 23.717 loading class org/gradle/internal/service/scopes/GradleScopeServices$1 done
Event: 23.721 loading class org/gradle/api/internal/file/DefaultProjectLayout
Event: 23.721 loading class org/gradle/api/internal/file/DefaultProjectLayout done
Event: 23.723 loading class org/gradle/api/internal/file/TaskFileVarFactory
Event: 23.723 loading class org/gradle/api/internal/file/TaskFileVarFactory done
Event: 23.725 loading class org/gradle/api/internal/project/DeferredProjectConfiguration
Event: 23.725 loading class org/gradle/api/internal/project/DeferredProjectConfiguration done
Event: 23.800 loading class org/gradle/api/internal/project/ProjectStateInternal$State
Event: 23.800 loading class org/gradle/api/internal/project/ProjectStateInternal$State done


Dynamic libraries:
0x00007ff7b5c10000 - 0x00007ff7b5c1d000 	C:\Program Files\Eclipse Foundation\jdk-11.0.12.7-hotspot\bin\java.exe
0x00007ffed7010000 - 0x00007ffed7205000 	C:\WINDOWS\SYSTEM32\ntdll.dll
0x00007ffed5f50000 - 0x00007ffed600e000 	C:\WINDOWS\System32\KERNEL32.DLL
0x00007ffed4720000 - 0x00007ffed49e8000 	C:\WINDOWS\System32\KERNELBASE.dll
0x00007ffed4b50000 - 0x00007ffed4c50000 	C:\WINDOWS\System32\ucrtbase.dll
0x00007ffece3b0000 - 0x00007ffece3c5000 	C:\Program Files\Eclipse Foundation\jdk-11.0.12.7-hotspot\bin\VCRUNTIME140.dll
0x00007ffecc570000 - 0x00007ffecc587000 	C:\Program Files\Eclipse Foundation\jdk-11.0.12.7-hotspot\bin\jli.dll
0x00007ffed5110000 - 0x00007ffed52b1000 	C:\WINDOWS\System32\USER32.dll
0x00007ffed49f0000 - 0x00007ffed4a12000 	C:\WINDOWS\System32\win32u.dll
0x00007ffed5890000 - 0x00007ffed58bb000 	C:\WINDOWS\System32\GDI32.dll
0x00007ffed4de0000 - 0x00007ffed4eed000 	C:\WINDOWS\System32\gdi32full.dll
0x00007ffed4ab0000 - 0x00007ffed4b4d000 	C:\WINDOWS\System32\msvcp_win.dll
0x00007ffeba4b0000 - 0x00007ffeba74a000 	C:\WINDOWS\WinSxS\amd64_microsoft.windows.common-controls_6595b64144ccf1df_6.0.19041.1110_none_60b5254171f9507e\COMCTL32.dll
0x00007ffed5de0000 - 0x00007ffed5e7e000 	C:\WINDOWS\System32\msvcrt.dll
0x00007ffed6f20000 - 0x00007ffed6f50000 	C:\WINDOWS\System32\IMM32.DLL
0x00007ffeaed00000 - 0x00007ffeaed9b000 	C:\Program Files\Eclipse Foundation\jdk-11.0.12.7-hotspot\bin\msvcp140.dll
0x00007ffe9f460000 - 0x00007ffe9ffb9000 	C:\Program Files\Eclipse Foundation\jdk-11.0.12.7-hotspot\bin\server\jvm.dll
0x00007ffed5770000 - 0x00007ffed581c000 	C:\WINDOWS\System32\ADVAPI32.dll
0x00007ffed58c0000 - 0x00007ffed595b000 	C:\WINDOWS\System32\sechost.dll
0x00007ffed52c0000 - 0x00007ffed53ea000 	C:\WINDOWS\System32\RPCRT4.dll
0x00007ffed5050000 - 0x00007ffed5058000 	C:\WINDOWS\System32\PSAPI.DLL
0x00007ffecf8b0000 - 0x00007ffecf8b9000 	C:\WINDOWS\SYSTEM32\WSOCK32.dll
0x00007ffed5ee0000 - 0x00007ffed5f4b000 	C:\WINDOWS\System32\WS2_32.dll
0x00007ffebce60000 - 0x00007ffebce87000 	C:\WINDOWS\SYSTEM32\WINMM.dll
0x00007ffecd780000 - 0x00007ffecd78a000 	C:\WINDOWS\SYSTEM32\VERSION.dll
0x00007ffed2610000 - 0x00007ffed2622000 	C:\WINDOWS\SYSTEM32\kernel.appcore.dll
0x00007ffecf110000 - 0x00007ffecf120000 	C:\Program Files\Eclipse Foundation\jdk-11.0.12.7-hotspot\bin\verify.dll
0x00007ffed1ef0000 - 0x00007ffed20d4000 	C:\WINDOWS\SYSTEM32\DBGHELP.DLL
0x00007ffec36a0000 - 0x00007ffec36cc000 	C:\WINDOWS\SYSTEM32\dbgcore.DLL
0x00007ffed4a20000 - 0x00007ffed4aa2000 	C:\WINDOWS\System32\bcryptPrimitives.dll
0x00007ffecc310000 - 0x00007ffecc338000 	C:\Program Files\Eclipse Foundation\jdk-11.0.12.7-hotspot\bin\java.dll
0x00007ffecf030000 - 0x00007ffecf03a000 	C:\Program Files\Eclipse Foundation\jdk-11.0.12.7-hotspot\bin\jimage.dll
0x00007ffecc370000 - 0x00007ffecc387000 	C:\Program Files\Eclipse Foundation\jdk-11.0.12.7-hotspot\bin\zip.dll
0x00007ffed6010000 - 0x00007ffed6754000 	C:\WINDOWS\System32\SHELL32.dll
0x00007ffed2810000 - 0x00007ffed2fa4000 	C:\WINDOWS\SYSTEM32\windows.storage.dll
0x00007ffed6980000 - 0x00007ffed6cd5000 	C:\WINDOWS\System32\combase.dll
0x00007ffed4170000 - 0x00007ffed419e000 	C:\WINDOWS\SYSTEM32\Wldp.dll
0x00007ffed5060000 - 0x00007ffed510d000 	C:\WINDOWS\System32\SHCORE.dll
0x00007ffed5830000 - 0x00007ffed5885000 	C:\WINDOWS\System32\shlwapi.dll
0x00007ffed4660000 - 0x00007ffed467f000 	C:\WINDOWS\SYSTEM32\profapi.dll
0x00007ffecc2d0000 - 0x00007ffecc2e9000 	C:\Program Files\Eclipse Foundation\jdk-11.0.12.7-hotspot\bin\net.dll
0x00007ffec9620000 - 0x00007ffec972c000 	C:\WINDOWS\SYSTEM32\WINHTTP.dll
0x00007ffed3ed0000 - 0x00007ffed3f3a000 	C:\WINDOWS\system32\mswsock.dll
0x00007ffecbf10000 - 0x00007ffecbf22000 	C:\Program Files\Eclipse Foundation\jdk-11.0.12.7-hotspot\bin\nio.dll
0x00007ffeb24a0000 - 0x00007ffeb24c7000 	C:\Users\\.gradle\native\8bec1ad78214c89d9ad589b4d07fe93259594b29d510b10fafb7a158f7737e5d\windows-amd64\native-platform.dll
0x00007ffe96ab0000 - 0x00007ffe96bed000 	C:\Users\\.gradle\native\53dbd7edfb1c66fb8903c78663c9afc45aea4f116125fa6feffd364cf09443e8\windows-amd64\native-platform-file-events.dll
0x00007ffecddd0000 - 0x00007ffecddd9000 	C:\Program Files\Eclipse Foundation\jdk-11.0.12.7-hotspot\bin\management.dll
0x00007ffecc4f0000 - 0x00007ffecc4fb000 	C:\Program Files\Eclipse Foundation\jdk-11.0.12.7-hotspot\bin\management_ext.dll
0x00007ffed40d0000 - 0x00007ffed40e8000 	C:\WINDOWS\SYSTEM32\CRYPTSP.dll
0x00007ffed37e0000 - 0x00007ffed3814000 	C:\WINDOWS\system32\rsaenh.dll
0x00007ffed4c50000 - 0x00007ffed4c77000 	C:\WINDOWS\System32\bcrypt.dll
0x00007ffed4620000 - 0x00007ffed464e000 	C:\WINDOWS\SYSTEM32\USERENV.dll
0x00007ffed40c0000 - 0x00007ffed40cc000 	C:\WINDOWS\SYSTEM32\CRYPTBASE.dll
0x00007ffed3b70000 - 0x00007ffed3bab000 	C:\WINDOWS\SYSTEM32\IPHLPAPI.DLL
0x00007ffed6ce0000 - 0x00007ffed6ce8000 	C:\WINDOWS\System32\NSI.dll
0x00007ffecb800000 - 0x00007ffecb817000 	C:\WINDOWS\SYSTEM32\dhcpcsvc6.DLL
0x00007ffecca50000 - 0x00007ffecca6d000 	C:\WINDOWS\SYSTEM32\dhcpcsvc.DLL
0x00007ffed3bc0000 - 0x00007ffed3c8b000 	C:\WINDOWS\SYSTEM32\DNSAPI.dll

dbghelp: loaded successfully - version: 4.0.5 - missing functions: none
symbol engine: initialized successfully - sym options: 0x614 - pdb path: .;C:\Program Files\Eclipse Foundation\jdk-11.0.12.7-hotspot\bin;C:\WINDOWS\SYSTEM32;C:\WINDOWS\WinSxS\amd64_microsoft.windows.common-controls_6595b64144ccf1df_6.0.19041.1110_none_60b5254171f9507e;C:\Program Files\Eclipse Foundation\jdk-11.0.12.7-hotspot\bin\server;C:\Users\\.gradle\native\8bec1ad78214c89d9ad589b4d07fe93259594b29d510b10fafb7a158f7737e5d\windows-amd64;C:\Users\\.gradle\native\53dbd7edfb1c66fb8903c78663c9afc45aea4f116125fa6feffd364cf09443e8\windows-amd64

VM Arguments:
jvm_args: --add-opens=java.base/java.util=ALL-UNNAMED --add-opens=java.base/java.lang=ALL-UNNAMED --add-opens=java.base/java.lang.invoke=ALL-UNNAMED --add-opens=java.base/java.util=ALL-UNNAMED --add-opens=java.prefs/java.util.prefs=ALL-UNNAMED --add-opens=java.prefs/java.util.prefs=ALL-UNNAMED --add-opens=java.base/java.nio.charset=ALL-UNNAMED --add-opens=java.base/java.net=ALL-UNNAMED --add-opens=java.base/java.util.concurrent.atomic=ALL-UNNAMED -XX:MaxMetaspaceSize=256m -XX:+HeapDumpOnOutOfMemoryError -Xms256m -Xmx512m -Dfile.encoding=windows-1251 -Duser.country=RU -Duser.language=ru -Duser.variant 
java_command: org.gradle.launcher.daemon.bootstrap.GradleDaemon 7.1
java_class_path (initial): C:\Users\\.gradle\wrapper\dists\gradle-7.1-bin\4pslxx9lrxt5svtz5wbnb6tkz\gradle-7.1\lib\gradle-launcher-7.1.jar
Launcher Type: SUN_STANDARD

[Global flags]
     intx CICompilerCount                          = 3                                         {product} {ergonomic}
   size_t CompressedClassSpaceSize                 = 260046848                                 {product} {ergonomic}
     uint ConcGCThreads                            = 1                                         {product} {ergonomic}
     uint G1ConcRefinementThreads                  = 4                                         {product} {ergonomic}
   size_t G1HeapRegionSize                         = 1048576                                   {product} {ergonomic}
    uintx GCDrainStackTargetSize                   = 64                                        {product} {ergonomic}
     bool HeapDumpOnOutOfMemoryError               = true                                   {manageable} {command line}
   size_t InitialHeapSize                          = 268435456                                 {product} {command line}
   size_t MarkStackSize                            = 4194304                                   {product} {ergonomic}
   size_t MaxHeapSize                              = 536870912                                 {product} {command line}
   size_t MaxMetaspaceSize                         = 268435456                                 {product} {command line}
   size_t MaxNewSize                               = 321912832                                 {product} {ergonomic}
   size_t MinHeapDeltaBytes                        = 1048576                                   {product} {ergonomic}
    uintx NonNMethodCodeHeapSize                   = 5830732                                {pd product} {ergonomic}
    uintx NonProfiledCodeHeapSize                  = 122913754                              {pd product} {ergonomic}
    uintx ProfiledCodeHeapSize                     = 122913754                              {pd product} {ergonomic}
    uintx ReservedCodeCacheSize                    = 251658240                              {pd product} {ergonomic}
     bool SegmentedCodeCache                       = true                                      {product} {ergonomic}
     bool UseCompressedClassPointers               = true                                 {lp64_product} {ergonomic}
     bool UseCompressedOops                        = true                                 {lp64_product} {ergonomic}
     bool UseG1GC                                  = true                                      {product} {ergonomic}
     bool UseLargePagesIndividualAllocation        = false                                  {pd product} {ergonomic}

Logging:
Log output configuration:
 #0: stdout all=warning uptime,level,tags
 #1: stderr all=off uptime,level,tags

Environment Variables:
PATH=C:\Program Files (x86)\AdoptOpenJDK\jdk-11.0.11.9-hotspot\bin;C:\Program Files\Eclipse Foundation\jdk-11.0.12.7-hotspot\bin;C:\WINDOWS\system32;C:\WINDOWS;C:\WINDOWS\System32\Wbem;C:\WINDOWS\System32\WindowsPowerShell\v1.0\;C:\WINDOWS\System32\OpenSSH\;C:\Program Files\Intel\TXE Components\DAL\;C:\Program Files (x86)\Intel\TXE Components\DAL\;C:\Program Files (x86)\Git\cmd;C:\Users\\AppData\Local\Microsoft\WindowsApps;;C:\Users\\AppData\Local\Programs\Microsoft VS Code\bin;C:\Program Files\JetBrains\IntelliJ IDEA Community Edition 2021.2.3\bin;
USERNAME=
OS=Windows_NT
PROCESSOR_IDENTIFIER=Intel64 Family 6 Model 92 Stepping 9, GenuineIntel



---------------  S Y S T E M  ---------------

OS: Windows 10 , 64 bit Build 19041 (10.0.19041.1348)
OS uptime: 9 days 19:38 hours

CPU:total 4 (initial active 4) (4 cores per cpu, 1 threads per core) family 6 model 92 stepping 9 microcode 0x32, cmov, cx8, fxsr, mmx, sse, sse2, sse3, ssse3, sse4.1, sse4.2, popcnt, aes, clmul, erms, 3dnowpref, tsc, tscinvbit, sha

Memory: 4k page, system-wide physical 3945M (320M free)
TotalPageFile size 11191M (AvailPageFile size 3M)
current process WorkingSet (physical memory assigned to process): 276M, peak: 279M
current process commit charge ("private bytes"): 422M, peak: 423M

vm_info: OpenJDK 64-Bit Server VM (11.0.12+7) for windows-amd64 JRE (11.0.12+7), built on Jul 21 2021 16:23:49 by "" with unknown MS VC++:1916

END.
